<?xml version="1.0" encoding="utf-8"?>
<TestRun id="0cf9039b-4d0b-4d34-80d8-f21f5d17b9fc" name="@AVDC720 2020-06-22 14:17:02" xmlns="http://microsoft.com/schemas/VisualStudio/TeamTest/2010">
  <Times creation="2020-06-22T14:17:02.0764596+02:00" queuing="2020-06-22T14:17:02.0764597+02:00" start="2020-06-22T14:17:00.5715353+02:00" finish="2020-06-22T14:17:03.6761675+02:00" />
  <TestSettings name="default" id="1f43ee88-2890-477f-acb7-44e4fa50db6c">
    <Deployment runDeploymentRoot="_AVDC720_2020-06-22_14_17_02" />
  </TestSettings>
  <Results>
    <UnitTestResult executionId="aafe6420-8614-4a8a-a40c-47f43f93c52e" testId="37281614-9f75-45d7-e1f5-a19213212db8" testName="Serialization_OperationSerialized_DeserializedProperly(JuvoPlayer.Tests.Utils.SeekOperation)" computerName="AVDC720" duration="00:00:00.0010000" startTime="2020-06-22T14:17:02.0000000+02:00" endTime="2020-06-22T14:17:02.0000000+02:00" testType="13cdc9d9-ddb5-4fa4-a97d-d965ccfc6d4b" outcome="Passed" testListId="8c84fa94-04c1-424b-9868-57a2d4851a1d" relativeResultsDirectory="aafe6420-8614-4a8a-a40c-47f43f93c52e" />
    <UnitTestResult executionId="bb0a5740-3843-4d61-bc38-1d6631ae1f1f" testId="c0e373ae-3e15-775d-5f9d-a8c872e8b285" testName="Seek_CalledWhenPaused_DoesntDemuxNextPacket" computerName="AVDC720" duration="00:00:00.0020000" startTime="2020-06-22T14:17:02.0000000+02:00" endTime="2020-06-22T14:17:02.0000000+02:00" testType="13cdc9d9-ddb5-4fa4-a97d-d965ccfc6d4b" outcome="Passed" testListId="8c84fa94-04c1-424b-9868-57a2d4851a1d" relativeResultsDirectory="bb0a5740-3843-4d61-bc38-1d6631ae1f1f" />
    <UnitTestResult executionId="7f552b1e-808a-40fb-85d0-e444e9a99171" testId="ef16af07-a0ec-96c0-1d10-e96fe005892e" testName="Seek_Called_DemuxesNextPacket" computerName="AVDC720" duration="00:00:00.0140000" startTime="2020-06-22T14:17:02.0000000+02:00" endTime="2020-06-22T14:17:02.0000000+02:00" testType="13cdc9d9-ddb5-4fa4-a97d-d965ccfc6d4b" outcome="Passed" testListId="8c84fa94-04c1-424b-9868-57a2d4851a1d" relativeResultsDirectory="7f552b1e-808a-40fb-85d0-e444e9a99171" />
    <UnitTestResult executionId="1e2b8604-531d-44b0-88b4-810866a83a8e" testId="a350e347-16d8-e1df-3789-caee1e50cb04" testName="Parse_DifferentEncodings_ParsesSuccessfully(&quot;JuvoPlayer.Tests.res.subtitles.media_player_subs_big5.srt&quot;,&quot;big5&quot;,&quot;[Chinese Traditional] 3.0: 她有一隻貓。貓有皮毛&quot;)" computerName="AVDC720" duration="00:00:00.0050000" startTime="2020-06-22T14:17:02.0000000+02:00" endTime="2020-06-22T14:17:02.0000000+02:00" testType="13cdc9d9-ddb5-4fa4-a97d-d965ccfc6d4b" outcome="Passed" testListId="8c84fa94-04c1-424b-9868-57a2d4851a1d" relativeResultsDirectory="1e2b8604-531d-44b0-88b4-810866a83a8e" />
    <UnitTestResult executionId="e6b12a49-bbfa-4ffa-ba75-8549acd92377" testId="0965358b-a03e-2e11-275b-12bdaaddc9f6" testName="Take_SizeGreaterThanBufferSize_ReturnsSizeEqualToBufferSize" computerName="AVDC720" duration="00:00:00.0020000" startTime="2020-06-22T14:17:02.0000000+02:00" endTime="2020-06-22T14:17:02.0000000+02:00" testType="13cdc9d9-ddb5-4fa4-a97d-d965ccfc6d4b" outcome="Passed" testListId="8c84fa94-04c1-424b-9868-57a2d4851a1d" relativeResultsDirectory="e6b12a49-bbfa-4ffa-ba75-8549acd92377" />
    <UnitTestResult executionId="91d99d78-842c-4fb1-be07-f7c4acbf29bf" testId="65fdcfa3-e586-80fb-25e9-f3179ce3d17c" testName="Init_ClipDurationAvailable_ReturnsDuration(ForEs)" computerName="AVDC720" duration="00:00:00.0040000" startTime="2020-06-22T14:17:02.0000000+02:00" endTime="2020-06-22T14:17:02.0000000+02:00" testType="13cdc9d9-ddb5-4fa4-a97d-d965ccfc6d4b" outcome="Passed" testListId="8c84fa94-04c1-424b-9868-57a2d4851a1d" relativeResultsDirectory="91d99d78-842c-4fb1-be07-f7c4acbf29bf" />
    <UnitTestResult executionId="b613fa95-d3c5-447e-b7a2-1dab5f51d8b9" testId="3bb9e6bd-fed8-b1b2-1da9-9ab8e55f2013" testName="RegisterDataProviderFactory_ThrowsNull" computerName="AVDC720" duration="00:00:00.0000001" startTime="2020-06-22T14:17:02.0000000+02:00" endTime="2020-06-22T14:17:02.0000000+02:00" testType="13cdc9d9-ddb5-4fa4-a97d-d965ccfc6d4b" outcome="Passed" testListId="8c84fa94-04c1-424b-9868-57a2d4851a1d" relativeResultsDirectory="b613fa95-d3c5-447e-b7a2-1dab5f51d8b9" />
    <UnitTestResult executionId="9fe434c2-8979-4789-bd8a-359555b3a12f" testId="598bfb59-b210-6d51-5dff-24428bdd49a7" testName="RegisterDataProviderFactory_OK" computerName="AVDC720" duration="00:00:00.0000001" startTime="2020-06-22T14:17:02.0000000+02:00" endTime="2020-06-22T14:17:02.0000000+02:00" testType="13cdc9d9-ddb5-4fa4-a97d-d965ccfc6d4b" outcome="Passed" testListId="8c84fa94-04c1-424b-9868-57a2d4851a1d" relativeResultsDirectory="9fe434c2-8979-4789-bd8a-359555b3a12f" />
    <UnitTestResult executionId="3e816015-4705-4364-966e-fdc201cd137e" testId="03900516-35b4-a3f2-ee8e-53c1d537ca19" testName="SupportsSystemId_PlayReadySystemId_ReturnsTrue" computerName="AVDC720" duration="00:00:00.0000001" startTime="2020-06-22T14:17:02.0000000+02:00" endTime="2020-06-22T14:17:02.0000000+02:00" testType="13cdc9d9-ddb5-4fa4-a97d-d965ccfc6d4b" outcome="Passed" testListId="8c84fa94-04c1-424b-9868-57a2d4851a1d" relativeResultsDirectory="3e816015-4705-4364-966e-fdc201cd137e" />
    <UnitTestResult executionId="0ae5233d-2baf-4847-8902-99fb4089545e" testId="8d86425c-9966-faa7-aa49-ad14ec445516" testName="ParseTime_WhenTimeFormatIsInvalid_ThrowsFormatException(&quot;25.02.17.440&quot;)" computerName="AVDC720" duration="00:00:00.0000001" startTime="2020-06-22T14:17:03.0000000+02:00" endTime="2020-06-22T14:17:03.0000000+02:00" testType="13cdc9d9-ddb5-4fa4-a97d-d965ccfc6d4b" outcome="Passed" testListId="8c84fa94-04c1-424b-9868-57a2d4851a1d" relativeResultsDirectory="0ae5233d-2baf-4847-8902-99fb4089545e" />
    <UnitTestResult executionId="6b72e33c-553f-4595-8a1f-8034085dee12" testId="3accf9e4-664b-d25c-8a3f-c716b44b5888" testName="SupportsType_ValidType_ReturnsTrue(&quot;widevine&quot;)" computerName="AVDC720" duration="00:00:00.0000001" startTime="2020-06-22T14:17:02.0000000+02:00" endTime="2020-06-22T14:17:02.0000000+02:00" testType="13cdc9d9-ddb5-4fa4-a97d-d965ccfc6d4b" outcome="Passed" testListId="8c84fa94-04c1-424b-9868-57a2d4851a1d" relativeResultsDirectory="6b72e33c-553f-4595-8a1f-8034085dee12" />
    <UnitTestResult executionId="0ac332dc-8e78-4525-9a84-2dc37a19e9f6" testId="6ec026f1-46c9-6133-cbd4-a87c07ad774c" testName="TestConfigureMultipleTimes" computerName="AVDC720" duration="00:00:00.0020000" startTime="2020-06-22T14:17:02.0000000+02:00" endTime="2020-06-22T14:17:02.0000000+02:00" testType="13cdc9d9-ddb5-4fa4-a97d-d965ccfc6d4b" outcome="Passed" testListId="8c84fa94-04c1-424b-9868-57a2d4851a1d" relativeResultsDirectory="0ac332dc-8e78-4525-9a84-2dc37a19e9f6" />
    <UnitTestResult executionId="3957144b-ab3a-4c65-ac9f-96ec6f525481" testId="cbd08089-7dfa-f39a-6544-f54af436e9b1" testName="Take_MultipleAdds_ProperlyReturnsData" computerName="AVDC720" duration="00:00:00.0030000" startTime="2020-06-22T14:17:02.0000000+02:00" endTime="2020-06-22T14:17:02.0000000+02:00" testType="13cdc9d9-ddb5-4fa4-a97d-d965ccfc6d4b" outcome="Passed" testListId="8c84fa94-04c1-424b-9868-57a2d4851a1d" relativeResultsDirectory="3957144b-ab3a-4c65-ac9f-96ec6f525481" />
    <UnitTestResult executionId="aef8707c-3a82-4031-87a1-6e62d8d1d62a" testId="bf726271-d726-9654-3c3e-7309912ba13e" testName="DeserializeJsonFile_ThrowsEmpty" computerName="AVDC720" duration="00:00:00.0170000" startTime="2020-06-22T14:17:01.0000000+02:00" endTime="2020-06-22T14:17:01.0000000+02:00" testType="13cdc9d9-ddb5-4fa4-a97d-d965ccfc6d4b" outcome="Passed" testListId="8c84fa94-04c1-424b-9868-57a2d4851a1d" relativeResultsDirectory="aef8707c-3a82-4031-87a1-6e62d8d1d62a" />
    <UnitTestResult executionId="76498c84-996a-4d9b-90c6-167427763d1f" testId="a01cf621-ca79-9bae-641f-945046dfdf90" testName="CompleteAdding_AddAsyncCalled_ThrowsInvalidOperationException" computerName="AVDC720" duration="00:00:00.0210000" startTime="2020-06-22T14:17:02.0000000+02:00" endTime="2020-06-22T14:17:02.0000000+02:00" testType="13cdc9d9-ddb5-4fa4-a97d-d965ccfc6d4b" outcome="Passed" testListId="8c84fa94-04c1-424b-9868-57a2d4851a1d" relativeResultsDirectory="76498c84-996a-4d9b-90c6-167427763d1f" />
    <UnitTestResult executionId="a75058a0-eec7-4c01-b1a9-147f3c3bd832" testId="bdd6414d-53bc-cce6-3e9b-7c3b1b2abd5f" testName="ParseTimeLine_TimeLineIsInvalid_ThrowsFormatException(&quot;01:18.171 01:20.171 --&gt;&quot;)" computerName="AVDC720" duration="00:00:00.0000001" startTime="2020-06-22T14:17:03.0000000+02:00" endTime="2020-06-22T14:17:03.0000000+02:00" testType="13cdc9d9-ddb5-4fa4-a97d-d965ccfc6d4b" outcome="Passed" testListId="8c84fa94-04c1-424b-9868-57a2d4851a1d" relativeResultsDirectory="a75058a0-eec7-4c01-b1a9-147f3c3bd832" />
    <UnitTestResult executionId="304fa5ea-f8ec-484a-9fa3-478b750ec022" testId="0a22ca3f-5f04-a30c-0bdf-f2fda48d9002" testName="CreateDataProvider_ThrowsNull" computerName="AVDC720" duration="00:00:00.0010000" startTime="2020-06-22T14:17:02.0000000+02:00" endTime="2020-06-22T14:17:02.0000000+02:00" testType="13cdc9d9-ddb5-4fa4-a97d-d965ccfc6d4b" outcome="Passed" testListId="8c84fa94-04c1-424b-9868-57a2d4851a1d" relativeResultsDirectory="304fa5ea-f8ec-484a-9fa3-478b750ec022" />
    <UnitTestResult executionId="937ed011-51f6-48f1-ad61-89c55b47afd9" testId="3007bb0c-41a6-c578-20f7-6fe2cf8444cb" testName="GetDrmType_ValidType_ReturnsValid(&quot;widevine&quot;,Widevine)" computerName="AVDC720" duration="00:00:00.0000001" startTime="2020-06-22T14:17:02.0000000+02:00" endTime="2020-06-22T14:17:02.0000000+02:00" testType="13cdc9d9-ddb5-4fa4-a97d-d965ccfc6d4b" outcome="Passed" testListId="8c84fa94-04c1-424b-9868-57a2d4851a1d" relativeResultsDirectory="937ed011-51f6-48f1-ad61-89c55b47afd9" />
    <UnitTestResult executionId="d9460391-4ee9-4ba2-93a2-e9c44e456c51" testId="79e155a0-4a41-3695-7dd9-360fb50ae27a" testName="ParseTime_TimeFormatIsInvalid_ThrowsFormatException(&quot;00:00:00:00.0&quot;)" computerName="AVDC720" duration="00:00:00.0000001" startTime="2020-06-22T14:17:03.0000000+02:00" endTime="2020-06-22T14:17:03.0000000+02:00" testType="13cdc9d9-ddb5-4fa4-a97d-d965ccfc6d4b" outcome="Passed" testListId="8c84fa94-04c1-424b-9868-57a2d4851a1d" relativeResultsDirectory="d9460391-4ee9-4ba2-93a2-e9c44e456c51" />
    <UnitTestResult executionId="6af9dcb5-4e88-4df5-bc48-6c6f055b44db" testId="941c0021-a8fe-25b1-de50-c1e94e8c1fd9" testName="Serialization_OperationSerialized_DeserializedProperly(JuvoPlayer.Tests.Utils.RandomDelayOperation)" computerName="AVDC720" duration="00:00:00.0010000" startTime="2020-06-22T14:17:02.0000000+02:00" endTime="2020-06-22T14:17:02.0000000+02:00" testType="13cdc9d9-ddb5-4fa4-a97d-d965ccfc6d4b" outcome="Passed" testListId="8c84fa94-04c1-424b-9868-57a2d4851a1d" relativeResultsDirectory="6af9dcb5-4e88-4df5-bc48-6c6f055b44db" />
    <UnitTestResult executionId="ffb56c68-f692-4f71-8231-d86dfc840955" testId="df372fc8-3c99-3f47-21be-b6b55c400ba1" testName="GetKeySystemName_InvalidSystemId_ReturnsNull" computerName="AVDC720" duration="00:00:00.0030000" startTime="2020-06-22T14:17:02.0000000+02:00" endTime="2020-06-22T14:17:02.0000000+02:00" testType="13cdc9d9-ddb5-4fa4-a97d-d965ccfc6d4b" outcome="Passed" testListId="8c84fa94-04c1-424b-9868-57a2d4851a1d" relativeResultsDirectory="ffb56c68-f692-4f71-8231-d86dfc840955" />
    <UnitTestResult executionId="978d5087-9367-49c8-8ef5-5c983dc010e4" testId="3f8dfde8-2658-03a7-336d-cc519ac91c3e" testName="Pause_Called_DoesntRetrieveNextPacket(StartForEs)" computerName="AVDC720" duration="00:00:00.0090000" startTime="2020-06-22T14:17:02.0000000+02:00" endTime="2020-06-22T14:17:02.0000000+02:00" testType="13cdc9d9-ddb5-4fa4-a97d-d965ccfc6d4b" outcome="Passed" testListId="8c84fa94-04c1-424b-9868-57a2d4851a1d" relativeResultsDirectory="978d5087-9367-49c8-8ef5-5c983dc010e4" />
    <UnitTestResult executionId="1826253f-b06a-4a97-a73f-b549a6e21bc0" testId="c6b41802-25fd-66eb-f1c3-47cfda11148b" testName="Parse_DifferentEncodings_ParsesSuccessfully(&quot;JuvoPlayer.Tests.res.subtitles.media_player_subs_windows-1250.srt&quot;,&quot;windows-1250&quot;,&quot;[Central Europe] 2.5: Ąą Ćć Ęę Łł Ńń Óó Śś Źź Żż&quot;)" computerName="AVDC720" duration="00:00:00.0460000" startTime="2020-06-22T14:17:02.0000000+02:00" endTime="2020-06-22T14:17:02.0000000+02:00" testType="13cdc9d9-ddb5-4fa4-a97d-d965ccfc6d4b" outcome="Passed" testListId="8c84fa94-04c1-424b-9868-57a2d4851a1d" relativeResultsDirectory="1826253f-b06a-4a97-a73f-b549a6e21bc0" />
    <UnitTestResult executionId="a061b158-444c-4ce7-878e-acab54aab9a4" testId="843772ee-7171-937b-ee83-555f894077cb" testName="PacketReady_DemuxerSendsNullPacket_ProducesEOSPackets" computerName="AVDC720" duration="00:00:00.0390000" startTime="2020-06-22T14:17:02.0000000+02:00" endTime="2020-06-22T14:17:02.0000000+02:00" testType="13cdc9d9-ddb5-4fa4-a97d-d965ccfc6d4b" outcome="Passed" testListId="8c84fa94-04c1-424b-9868-57a2d4851a1d" relativeResultsDirectory="a061b158-444c-4ce7-878e-acab54aab9a4" />
    <UnitTestResult executionId="f79f4e90-b4e4-4652-9e85-7d87a6ea29b7" testId="300838be-4f51-a4d3-86e3-26fa36f90ffb" testName="DeserializeJsonFile_ThrowsNull" computerName="AVDC720" duration="00:00:00.0010000" startTime="2020-06-22T14:17:01.0000000+02:00" endTime="2020-06-22T14:17:01.0000000+02:00" testType="13cdc9d9-ddb5-4fa4-a97d-d965ccfc6d4b" outcome="Passed" testListId="8c84fa94-04c1-424b-9868-57a2d4851a1d" relativeResultsDirectory="f79f4e90-b4e4-4652-9e85-7d87a6ea29b7" />
    <UnitTestResult executionId="eac5861f-70ab-43b6-be76-98b4003780a4" testId="f27ecf69-9c6a-7512-245c-df2210246910" testName="AppParser_OK" computerName="AVDC720" duration="00:00:00.1780000" startTime="2020-06-22T14:17:02.0000000+02:00" endTime="2020-06-22T14:17:02.0000000+02:00" testType="13cdc9d9-ddb5-4fa4-a97d-d965ccfc6d4b" outcome="Passed" testListId="8c84fa94-04c1-424b-9868-57a2d4851a1d" relativeResultsDirectory="eac5861f-70ab-43b6-be76-98b4003780a4" />
    <UnitTestResult executionId="e7159568-b5a2-457b-a478-3aa08e527f5f" testId="5086e7e5-6679-888c-406b-de1ba0a5028e" testName="Parse_DifferentEncodings_ParsesSuccessfully(&quot;JuvoPlayer.Tests.res.subtitles.media_player_subs_utf8.srt&quot;,&quot;utf-8&quot;,&quot;[UTF-8] 3.0: 고양이. Чч Щщ Ъъ. Óó Śś Źź. Ýý Ţţ Ł €. 猫.&quot;)" computerName="AVDC720" duration="00:00:00.0010000" startTime="2020-06-22T14:17:02.0000000+02:00" endTime="2020-06-22T14:17:02.0000000+02:00" testType="13cdc9d9-ddb5-4fa4-a97d-d965ccfc6d4b" outcome="Passed" testListId="8c84fa94-04c1-424b-9868-57a2d4851a1d" relativeResultsDirectory="e7159568-b5a2-457b-a478-3aa08e527f5f" />
    <UnitTestResult executionId="2fc22aad-6edb-4e37-99b3-483265644023" testId="87a46580-854b-14e6-9b30-6edf24aae711" testName="Resume_Called_CallsNextPacket(StartForUrl)" computerName="AVDC720" duration="00:00:00.0000001" startTime="2020-06-22T14:17:02.0000000+02:00" endTime="2020-06-22T14:17:02.0000000+02:00" testType="13cdc9d9-ddb5-4fa4-a97d-d965ccfc6d4b" outcome="Passed" testListId="8c84fa94-04c1-424b-9868-57a2d4851a1d" relativeResultsDirectory="2fc22aad-6edb-4e37-99b3-483265644023" />
    <UnitTestResult executionId="0e2b6ac7-6656-4eba-a841-90044fdb8167" testId="66c7aa12-2df2-fe1f-0f30-30b43cfdd6b4" testName="Pause_Called_DoesntRetrieveNextPacket(StartForUrl)" computerName="AVDC720" duration="00:00:00.0020000" startTime="2020-06-22T14:17:02.0000000+02:00" endTime="2020-06-22T14:17:02.0000000+02:00" testType="13cdc9d9-ddb5-4fa4-a97d-d965ccfc6d4b" outcome="Passed" testListId="8c84fa94-04c1-424b-9868-57a2d4851a1d" relativeResultsDirectory="0e2b6ac7-6656-4eba-a841-90044fdb8167" />
    <UnitTestResult executionId="ede4b31a-a960-4c90-9d51-2bd3511841b3" testId="fdaaee40-d5ec-3d57-52e3-ba061dbf8ab8" testName="Parse_DifferentEncodings_ParsesSuccessfully(&quot;JuvoPlayer.Tests.res.subtitles.subtitles_en.vtt&quot;,&quot;utf-8&quot;,&quot;A dangerous quest for a lone hunter.&quot;)" computerName="AVDC720" duration="00:00:00.0020000" startTime="2020-06-22T14:17:02.0000000+02:00" endTime="2020-06-22T14:17:02.0000000+02:00" testType="13cdc9d9-ddb5-4fa4-a97d-d965ccfc6d4b" outcome="Passed" testListId="8c84fa94-04c1-424b-9868-57a2d4851a1d" relativeResultsDirectory="ede4b31a-a960-4c90-9d51-2bd3511841b3" />
    <UnitTestResult executionId="f3fcc8f5-2d1d-4b78-9361-b75144b90112" testId="c78e9722-6d02-3845-ccf5-7d0c55504ab1" testName="DEBUG_MpdParser" computerName="AVDC720" duration="00:00:00.0040000" startTime="2020-06-22T14:17:01.0000000+02:00" endTime="2020-06-22T14:17:01.0000000+02:00" testType="13cdc9d9-ddb5-4fa4-a97d-d965ccfc6d4b" outcome="NotExecuted" testListId="8c84fa94-04c1-424b-9868-57a2d4851a1d" relativeResultsDirectory="f3fcc8f5-2d1d-4b78-9361-b75144b90112">
      <Output>
        <ErrorInfo>
          <Message>Disabled temporarily</Message>
        </ErrorInfo>
      </Output>
    </UnitTestResult>
    <UnitTestResult executionId="dd72fbae-1120-475b-aa1c-e7986ee99ab2" testId="461167f4-f83d-dfb6-f998-4b01ff39fbbb" testName="ParseText_ContainsEscapeSequence_DecodesSuccessfully(&quot;begin &amp;lt; end&quot;,&quot;begin &lt; end&quot;)" computerName="AVDC720" duration="00:00:00.0000001" startTime="2020-06-22T14:17:03.0000000+02:00" endTime="2020-06-22T14:17:03.0000000+02:00" testType="13cdc9d9-ddb5-4fa4-a97d-d965ccfc6d4b" outcome="Passed" testListId="8c84fa94-04c1-424b-9868-57a2d4851a1d" relativeResultsDirectory="dd72fbae-1120-475b-aa1c-e7986ee99ab2" />
    <UnitTestResult executionId="df154433-ce33-47bd-b515-9eb1d32efbce" testId="32a4594b-b1ea-44dc-9f50-e88fff32aca7" testName="LoadAsNetworkResource_UrlIsValid_LoadsResource" computerName="AVDC720" duration="00:00:00.0100000" startTime="2020-06-22T14:17:03.0000000+02:00" endTime="2020-06-22T14:17:03.0000000+02:00" testType="13cdc9d9-ddb5-4fa4-a97d-d965ccfc6d4b" outcome="Passed" testListId="8c84fa94-04c1-424b-9868-57a2d4851a1d" relativeResultsDirectory="df154433-ce33-47bd-b515-9eb1d32efbce" />
    <UnitTestResult executionId="0efeb1b3-2c7f-4b29-a1a8-e5bb0cabf890" testId="30591759-8bfa-94ac-8ed2-5b8e57e7d2b3" testName="Resolve_SrtSubtitleInfo_ReturnsSrtFormat" computerName="AVDC720" duration="00:00:00.0020000" startTime="2020-06-22T14:17:03.0000000+02:00" endTime="2020-06-22T14:17:03.0000000+02:00" testType="13cdc9d9-ddb5-4fa4-a97d-d965ccfc6d4b" outcome="Passed" testListId="8c84fa94-04c1-424b-9868-57a2d4851a1d" relativeResultsDirectory="0efeb1b3-2c7f-4b29-a1a8-e5bb0cabf890" />
    <UnitTestResult executionId="b2b04cf8-71ad-4d2d-9486-1c2fb33e5b45" testId="d92b4795-1b5e-a5e3-4306-d72267a0cfd6" testName="ParseTimeLine_TimeLineIsValid_ParsesSuccessfully(&quot;01:18.171 --&gt; 01:20.171&quot;)" computerName="AVDC720" duration="00:00:00.0100000" startTime="2020-06-22T14:17:03.0000000+02:00" endTime="2020-06-22T14:17:03.0000000+02:00" testType="13cdc9d9-ddb5-4fa4-a97d-d965ccfc6d4b" outcome="Passed" testListId="8c84fa94-04c1-424b-9868-57a2d4851a1d" relativeResultsDirectory="b2b04cf8-71ad-4d2d-9486-1c2fb33e5b45" />
    <UnitTestResult executionId="bb14c25b-5b03-4e96-92cf-875ec9b93781" testId="1456f546-2b4f-74af-fce2-a2145100c175" testName="OnStreamConfigChanged_WhenStreamConfigIsUnsupported_ThrowsArgumentException" computerName="AVDC720" duration="00:00:00.0010000" startTime="2020-06-22T14:17:03.0000000+02:00" endTime="2020-06-22T14:17:03.0000000+02:00" testType="13cdc9d9-ddb5-4fa4-a97d-d965ccfc6d4b" outcome="Passed" testListId="8c84fa94-04c1-424b-9868-57a2d4851a1d" relativeResultsDirectory="bb14c25b-5b03-4e96-92cf-875ec9b93781" />
    <UnitTestResult executionId="aac02468-0a9c-48fd-bdcc-55e76b96c981" testId="635a9c0c-0703-a7fe-f188-0e7aded18217" testName="SetDataSource_DataSourceCompletes_SignalsEos" computerName="AVDC720" duration="00:00:00.0020000" startTime="2020-06-22T14:17:02.0000000+02:00" endTime="2020-06-22T14:17:02.0000000+02:00" testType="13cdc9d9-ddb5-4fa4-a97d-d965ccfc6d4b" outcome="Passed" testListId="8c84fa94-04c1-424b-9868-57a2d4851a1d" relativeResultsDirectory="aac02468-0a9c-48fd-bdcc-55e76b96c981" />
    <UnitTestResult executionId="d551f520-2aaf-4f73-90f1-94c78d2e1dc6" testId="1401be64-9b1a-fe9c-cbe7-91ee817fac69" testName="Serialization_OperationSerialized_DeserializedProperly(JuvoPlayer.Tests.Utils.StopOperation)" computerName="AVDC720" duration="00:00:00.0010000" startTime="2020-06-22T14:17:02.0000000+02:00" endTime="2020-06-22T14:17:02.0000000+02:00" testType="13cdc9d9-ddb5-4fa4-a97d-d965ccfc6d4b" outcome="Passed" testListId="8c84fa94-04c1-424b-9868-57a2d4851a1d" relativeResultsDirectory="d551f520-2aaf-4f73-90f1-94c78d2e1dc6" />
    <UnitTestResult executionId="0f3550d3-8c18-4f99-b3d5-5d4a177c8905" testId="cf536672-6dbb-41a2-84f9-ab59c52d810f" testName="OnAppendPacket_WhenConfigured_CallsContextExtraDataHandler" computerName="AVDC720" duration="00:00:00.0180000" startTime="2020-06-22T14:17:03.0000000+02:00" endTime="2020-06-22T14:17:03.0000000+02:00" testType="13cdc9d9-ddb5-4fa4-a97d-d965ccfc6d4b" outcome="Passed" testListId="8c84fa94-04c1-424b-9868-57a2d4851a1d" relativeResultsDirectory="0f3550d3-8c18-4f99-b3d5-5d4a177c8905" />
    <UnitTestResult executionId="e9c6f73c-0c73-4aad-ac38-a92db1b810b9" testId="520722aa-6a80-b3d5-b800-d9703ed85ffc" testName="ParseTimeLine_TimeLineIsValid_ParsesSuccessfully(&quot;01:18.171  --&gt;   01:20.171&quot;)" computerName="AVDC720" duration="00:00:00.0010000" startTime="2020-06-22T14:17:03.0000000+02:00" endTime="2020-06-22T14:17:03.0000000+02:00" testType="13cdc9d9-ddb5-4fa4-a97d-d965ccfc6d4b" outcome="Passed" testListId="8c84fa94-04c1-424b-9868-57a2d4851a1d" relativeResultsDirectory="e9c6f73c-0c73-4aad-ac38-a92db1b810b9" />
    <UnitTestResult executionId="909b43af-a55c-4632-964f-6b537d9a5ec1" testId="934d902b-af41-a86f-d0cb-6e5ba6785975" testName="ParseTime_TimeFormatIsValid_ParsesSuccessfully(&quot;01:18.171&quot;,0,1,18,171)" computerName="AVDC720" duration="00:00:00.0000001" startTime="2020-06-22T14:17:03.0000000+02:00" endTime="2020-06-22T14:17:03.0000000+02:00" testType="13cdc9d9-ddb5-4fa4-a97d-d965ccfc6d4b" outcome="Passed" testListId="8c84fa94-04c1-424b-9868-57a2d4851a1d" relativeResultsDirectory="909b43af-a55c-4632-964f-6b537d9a5ec1" />
    <UnitTestResult executionId="35e04b33-133d-4d2d-8b6f-87d05aded634" testId="bfa7b9c5-0d1c-484d-ffb4-16f6680e082d" testName="ParseTimeLine_WhenLineIsInvalid_ThrowsFormatException(null)" computerName="AVDC720" duration="00:00:00.0010000" startTime="2020-06-22T14:17:03.0000000+02:00" endTime="2020-06-22T14:17:03.0000000+02:00" testType="13cdc9d9-ddb5-4fa4-a97d-d965ccfc6d4b" outcome="Passed" testListId="8c84fa94-04c1-424b-9868-57a2d4851a1d" relativeResultsDirectory="35e04b33-133d-4d2d-8b6f-87d05aded634" />
    <UnitTestResult executionId="b316ea40-efb6-4983-b48e-5a715e12afc9" testId="29f4eefb-fddf-c444-6e0a-5e03485d543c" testName="TakeAsync_SizeLessThanBufferSize_ReturnsRequestedSize" computerName="AVDC720" duration="00:00:00.0130000" startTime="2020-06-22T14:17:02.0000000+02:00" endTime="2020-06-22T14:17:02.0000000+02:00" testType="13cdc9d9-ddb5-4fa4-a97d-d965ccfc6d4b" outcome="Passed" testListId="8c84fa94-04c1-424b-9868-57a2d4851a1d" relativeResultsDirectory="b316ea40-efb6-4983-b48e-5a715e12afc9" />
    <UnitTestResult executionId="3f68aafb-b36d-4d57-9d8a-ab0b25198f10" testId="53148e8e-938e-3bc8-e604-5f8120442e76" testName="ResolveByPath_SrtPath_ReturnSrtFormat" computerName="AVDC720" duration="00:00:00.0000001" startTime="2020-06-22T14:17:03.0000000+02:00" endTime="2020-06-22T14:17:03.0000000+02:00" testType="13cdc9d9-ddb5-4fa4-a97d-d965ccfc6d4b" outcome="Passed" testListId="8c84fa94-04c1-424b-9868-57a2d4851a1d" relativeResultsDirectory="3f68aafb-b36d-4d57-9d8a-ab0b25198f10" />
    <UnitTestResult executionId="44650b93-3d40-49f1-8a4a-9eeaa9b8ce58" testId="6da6330c-b6fa-01a4-6fe8-ff39b10cad90" testName="Init_ClipDurationAvailable_ReturnsDuration(ForUrl)" computerName="AVDC720" duration="00:00:00.0010000" startTime="2020-06-22T14:17:02.0000000+02:00" endTime="2020-06-22T14:17:02.0000000+02:00" testType="13cdc9d9-ddb5-4fa4-a97d-d965ccfc6d4b" outcome="Passed" testListId="8c84fa94-04c1-424b-9868-57a2d4851a1d" relativeResultsDirectory="44650b93-3d40-49f1-8a4a-9eeaa9b8ce58" />
    <UnitTestResult executionId="05395d3b-4775-446f-aa9b-84a48c504edf" testId="c08a0c23-7b43-812c-9f19-03172b742d8a" testName="SupportsSystemId_InvalidSystemId_ReturnsFalse" computerName="AVDC720" duration="00:00:00.0010000" startTime="2020-06-22T14:17:02.0000000+02:00" endTime="2020-06-22T14:17:02.0000000+02:00" testType="13cdc9d9-ddb5-4fa4-a97d-d965ccfc6d4b" outcome="Passed" testListId="8c84fa94-04c1-424b-9868-57a2d4851a1d" relativeResultsDirectory="05395d3b-4775-446f-aa9b-84a48c504edf" />
    <UnitTestResult executionId="d36a06e4-0a4e-4938-a194-3da16117da68" testId="14b24806-a082-47eb-f4a4-0872c3c59611" testName="Start_DRMInitDataFound_PublishesDRMInitData(StartForEs)" computerName="AVDC720" duration="00:00:00.0030000" startTime="2020-06-22T14:17:02.0000000+02:00" endTime="2020-06-22T14:17:02.0000000+02:00" testType="13cdc9d9-ddb5-4fa4-a97d-d965ccfc6d4b" outcome="Passed" testListId="8c84fa94-04c1-424b-9868-57a2d4851a1d" relativeResultsDirectory="d36a06e4-0a4e-4938-a194-3da16117da68" />
    <UnitTestResult executionId="8f651f81-7ffd-4813-a63a-5cd04f909c2a" testId="91027327-45ed-f0e3-a55e-e86b5bcdf8a3" testName="ParseText_ContainsEscapeSequence_DecodesSuccessfully(&quot;begin &amp;gt; end&quot;,&quot;begin &gt; end&quot;)" computerName="AVDC720" duration="00:00:00.0000001" startTime="2020-06-22T14:17:03.0000000+02:00" endTime="2020-06-22T14:17:03.0000000+02:00" testType="13cdc9d9-ddb5-4fa4-a97d-d965ccfc6d4b" outcome="Passed" testListId="8c84fa94-04c1-424b-9868-57a2d4851a1d" relativeResultsDirectory="8f651f81-7ffd-4813-a63a-5cd04f909c2a" />
    <UnitTestResult executionId="656338f9-2e73-40be-8491-011e0c699230" testId="7d1053d3-3965-5046-05f3-5d8a55de4e4c" testName="Serialization_OperationSerialized_DeserializedProperly(JuvoPlayer.Tests.Utils.StartOperation)" computerName="AVDC720" duration="00:00:00.0010000" startTime="2020-06-22T14:17:02.0000000+02:00" endTime="2020-06-22T14:17:02.0000000+02:00" testType="13cdc9d9-ddb5-4fa4-a97d-d965ccfc6d4b" outcome="Passed" testListId="8c84fa94-04c1-424b-9868-57a2d4851a1d" relativeResultsDirectory="656338f9-2e73-40be-8491-011e0c699230" />
    <UnitTestResult executionId="5906b35f-fc6a-4d50-9d66-70c9b873b4ae" testId="d69bd21c-4887-795d-066d-a5d448489d31" testName="ParseTime_WhenTimeFormatIsInvalid_ThrowsFormatException(&quot;a.b.c.d&quot;)" computerName="AVDC720" duration="00:00:00.0000001" startTime="2020-06-22T14:17:03.0000000+02:00" endTime="2020-06-22T14:17:03.0000000+02:00" testType="13cdc9d9-ddb5-4fa4-a97d-d965ccfc6d4b" outcome="Passed" testListId="8c84fa94-04c1-424b-9868-57a2d4851a1d" relativeResultsDirectory="5906b35f-fc6a-4d50-9d66-70c9b873b4ae" />
    <UnitTestResult executionId="23b64a20-6834-458b-b532-d973bbda6415" testId="d281a02d-385b-cf02-8059-643dcf52507d" testName="ParseTime_WhenTimeFormatIsInvalid_ThrowsFormatException(&quot;25:02:17&quot;)" computerName="AVDC720" duration="00:00:00.0000001" startTime="2020-06-22T14:17:03.0000000+02:00" endTime="2020-06-22T14:17:03.0000000+02:00" testType="13cdc9d9-ddb5-4fa4-a97d-d965ccfc6d4b" outcome="Passed" testListId="8c84fa94-04c1-424b-9868-57a2d4851a1d" relativeResultsDirectory="23b64a20-6834-458b-b532-d973bbda6415" />
    <UnitTestResult executionId="15003c55-3ec5-45ed-bbb9-7a40a787aaf8" testId="f01d921c-ca10-b5d1-27ad-327291be9d87" testName="DeserializeJsonText_ThrowsEmpty" computerName="AVDC720" duration="00:00:00.0010000" startTime="2020-06-22T14:17:01.0000000+02:00" endTime="2020-06-22T14:17:01.0000000+02:00" testType="13cdc9d9-ddb5-4fa4-a97d-d965ccfc6d4b" outcome="Passed" testListId="8c84fa94-04c1-424b-9868-57a2d4851a1d" relativeResultsDirectory="15003c55-3ec5-45ed-bbb9-7a40a787aaf8" />
    <UnitTestResult executionId="1f883294-0e5c-4bf7-8286-7f0a5bd6e50f" testId="5aba6d27-4c6f-ae2f-cf75-baaf7277a3aa" testName="Init_CalledSecondTime_ThrowsInvalidOperationException(ForUrl)" computerName="AVDC720" duration="00:00:00.0040000" startTime="2020-06-22T14:17:02.0000000+02:00" endTime="2020-06-22T14:17:02.0000000+02:00" testType="13cdc9d9-ddb5-4fa4-a97d-d965ccfc6d4b" outcome="Passed" testListId="8c84fa94-04c1-424b-9868-57a2d4851a1d" relativeResultsDirectory="1f883294-0e5c-4bf7-8286-7f0a5bd6e50f" />
    <UnitTestResult executionId="911f081e-fd8e-4634-bc0d-bcc853102d7c" testId="c09a9465-f15f-2431-e3ef-062999b6d76e" testName="GetScheme_PlayReadySystemId_ReturnsValid" computerName="AVDC720" duration="00:00:00.0000001" startTime="2020-06-22T14:17:02.0000000+02:00" endTime="2020-06-22T14:17:02.0000000+02:00" testType="13cdc9d9-ddb5-4fa4-a97d-d965ccfc6d4b" outcome="Passed" testListId="8c84fa94-04c1-424b-9868-57a2d4851a1d" relativeResultsDirectory="911f081e-fd8e-4634-bc0d-bcc853102d7c" />
    <UnitTestResult executionId="b8df5372-dc5d-4398-8f49-37ecc32c26a9" testId="c2da144b-378e-b165-a41b-7b65e6d54970" testName="DeserializeJsonText_OK" computerName="AVDC720" duration="00:00:00.0380000" startTime="2020-06-22T14:17:01.0000000+02:00" endTime="2020-06-22T14:17:01.0000000+02:00" testType="13cdc9d9-ddb5-4fa4-a97d-d965ccfc6d4b" outcome="Passed" testListId="8c84fa94-04c1-424b-9868-57a2d4851a1d" relativeResultsDirectory="b8df5372-dc5d-4398-8f49-37ecc32c26a9" />
    <UnitTestResult executionId="92928d04-e168-4cd9-95c3-e59af8a0d8e4" testId="828833e5-ad1d-39c6-9465-e9a534d931b4" testName="ParseTimeLine_TimeLineIsInvalid_ThrowsFormatException(null)" computerName="AVDC720" duration="00:00:00.0010000" startTime="2020-06-22T14:17:03.0000000+02:00" endTime="2020-06-22T14:17:03.0000000+02:00" testType="13cdc9d9-ddb5-4fa4-a97d-d965ccfc6d4b" outcome="Passed" testListId="8c84fa94-04c1-424b-9868-57a2d4851a1d" relativeResultsDirectory="92928d04-e168-4cd9-95c3-e59af8a0d8e4" />
    <UnitTestResult executionId="78ca31e6-bd70-44b6-a4bb-9de9dfe831a4" testId="1b0e12dd-7d88-c49c-b42d-b67339dc24f6" testName="MoveToTimeLine_WebVttHasAllParts_ReturnsFirstTimeLine" computerName="AVDC720" duration="00:00:00.0010000" startTime="2020-06-22T14:17:03.0000000+02:00" endTime="2020-06-22T14:17:03.0000000+02:00" testType="13cdc9d9-ddb5-4fa4-a97d-d965ccfc6d4b" outcome="Passed" testListId="8c84fa94-04c1-424b-9868-57a2d4851a1d" relativeResultsDirectory="78ca31e6-bd70-44b6-a4bb-9de9dfe831a4" />
    <UnitTestResult executionId="43f7f95c-aac0-4536-9478-8cf06f9dbeba" testId="308c0503-5aa8-3cad-0410-698b5f3745ae" testName="Compare_VariousTimes_ReturnsExpectedValues(20,1)" computerName="AVDC720" duration="00:00:00.0000001" startTime="2020-06-22T14:17:02.0000000+02:00" endTime="2020-06-22T14:17:02.0000000+02:00" testType="13cdc9d9-ddb5-4fa4-a97d-d965ccfc6d4b" outcome="Passed" testListId="8c84fa94-04c1-424b-9868-57a2d4851a1d" relativeResultsDirectory="43f7f95c-aac0-4536-9478-8cf06f9dbeba" />
    <UnitTestResult executionId="8a68d984-6223-40ac-9d37-025bd7001724" testId="eae78d03-0df3-6019-5f3a-2a4efab1df85" testName="ParseTime_TimeFormatIsValid_ParsesSuccessfully(&quot;00:01:18.171&quot;,0,1,18,171)" computerName="AVDC720" duration="00:00:00.0000001" startTime="2020-06-22T14:17:03.0000000+02:00" endTime="2020-06-22T14:17:03.0000000+02:00" testType="13cdc9d9-ddb5-4fa4-a97d-d965ccfc6d4b" outcome="Passed" testListId="8c84fa94-04c1-424b-9868-57a2d4851a1d" relativeResultsDirectory="8a68d984-6223-40ac-9d37-025bd7001724" />
    <UnitTestResult executionId="7fea5949-e46f-45b4-9c5b-dbddbf1c2b4b" testId="0e5a7d31-b50f-e2fa-db2d-75f9677650eb" testName="Reset_Called_NextPacketNotCalledAfter(StartForUrl)" computerName="AVDC720" duration="00:00:00.0000001" startTime="2020-06-22T14:17:02.0000000+02:00" endTime="2020-06-22T14:17:02.0000000+02:00" testType="13cdc9d9-ddb5-4fa4-a97d-d965ccfc6d4b" outcome="Passed" testListId="8c84fa94-04c1-424b-9868-57a2d4851a1d" relativeResultsDirectory="7fea5949-e46f-45b4-9c5b-dbddbf1c2b4b" />
    <UnitTestResult executionId="3f7ba2c6-005d-4e3c-96b6-e07b1a1df139" testId="a16102ef-fcf8-a9c6-d66a-7b006e4ea6c9" testName="Reset_Called_NextPacketNotCalledAfter(StartForEs)" computerName="AVDC720" duration="00:00:00.0040000" startTime="2020-06-22T14:17:02.0000000+02:00" endTime="2020-06-22T14:17:02.0000000+02:00" testType="13cdc9d9-ddb5-4fa4-a97d-d965ccfc6d4b" outcome="Passed" testListId="8c84fa94-04c1-424b-9868-57a2d4851a1d" relativeResultsDirectory="3f7ba2c6-005d-4e3c-96b6-e07b1a1df139" />
    <UnitTestResult executionId="9a534af5-e2d6-4c0f-82b5-6bee17a21906" testId="6d33e4a5-ae74-c82a-5d2b-0a3770f1919a" testName="DeserializeJsonText_ThrowsNull" computerName="AVDC720" duration="00:00:00.0000001" startTime="2020-06-22T14:17:01.0000000+02:00" endTime="2020-06-22T14:17:01.0000000+02:00" testType="13cdc9d9-ddb5-4fa4-a97d-d965ccfc6d4b" outcome="Passed" testListId="8c84fa94-04c1-424b-9868-57a2d4851a1d" relativeResultsDirectory="9a534af5-e2d6-4c0f-82b5-6bee17a21906" />
    <UnitTestResult executionId="7d7c8dc1-2eb7-4b2d-82ea-8c2b990cfae4" testId="0d5e9659-8752-ad65-3659-a1154060e2e0" testName="Start_StreamConfigFound_PublishesStreamConfig(StartForEs)" computerName="AVDC720" duration="00:00:00.0030000" startTime="2020-06-22T14:17:02.0000000+02:00" endTime="2020-06-22T14:17:02.0000000+02:00" testType="13cdc9d9-ddb5-4fa4-a97d-d965ccfc6d4b" outcome="Passed" testListId="8c84fa94-04c1-424b-9868-57a2d4851a1d" relativeResultsDirectory="7d7c8dc1-2eb7-4b2d-82ea-8c2b990cfae4" />
    <UnitTestResult executionId="5341dd4a-e654-4b32-878f-6be6e18b5d58" testId="8e853ee6-04cd-709e-3b10-3f4dc0ff936d" testName="Start_ClipDurationFound_PublishesClipDuration(StartForEs)" computerName="AVDC720" duration="00:00:00.0160000" startTime="2020-06-22T14:17:02.0000000+02:00" endTime="2020-06-22T14:17:02.0000000+02:00" testType="13cdc9d9-ddb5-4fa4-a97d-d965ccfc6d4b" outcome="Passed" testListId="8c84fa94-04c1-424b-9868-57a2d4851a1d" relativeResultsDirectory="5341dd4a-e654-4b32-878f-6be6e18b5d58" />
    <UnitTestResult executionId="085261ac-ceb6-4860-85c5-504eec054886" testId="13dadd02-cded-047c-5edf-08e7f9cf5113" testName="OnAppendPacket_WhenConfigured_CallsPlayerAdapter" computerName="AVDC720" duration="00:00:00.0010000" startTime="2020-06-22T14:17:03.0000000+02:00" endTime="2020-06-22T14:17:03.0000000+02:00" testType="13cdc9d9-ddb5-4fa4-a97d-d965ccfc6d4b" outcome="Passed" testListId="8c84fa94-04c1-424b-9868-57a2d4851a1d" relativeResultsDirectory="085261ac-ceb6-4860-85c5-504eec054886" />
    <UnitTestResult executionId="6d27f0eb-bf82-44fd-89ed-b459db39ea85" testId="3f7ea52d-8fbc-14ce-b76b-689a6ecb938b" testName="ParseTime_WhenTimeFormatIsInvalid_ThrowsFormatException(&quot;&quot;)" computerName="AVDC720" duration="00:00:00.0000001" startTime="2020-06-22T14:17:03.0000000+02:00" endTime="2020-06-22T14:17:03.0000000+02:00" testType="13cdc9d9-ddb5-4fa4-a97d-d965ccfc6d4b" outcome="Passed" testListId="8c84fa94-04c1-424b-9868-57a2d4851a1d" relativeResultsDirectory="6d27f0eb-bf82-44fd-89ed-b459db39ea85" />
    <UnitTestResult executionId="a6a489ff-8480-419f-90a9-8ba29995dd4f" testId="9cc3315d-ab2d-0d5c-5fc9-8503edd24a84" testName="CreateDataProvider_OK" computerName="AVDC720" duration="00:00:00.0370000" startTime="2020-06-22T14:17:02.0000000+02:00" endTime="2020-06-22T14:17:02.0000000+02:00" testType="13cdc9d9-ddb5-4fa4-a97d-d965ccfc6d4b" outcome="Passed" testListId="8c84fa94-04c1-424b-9868-57a2d4851a1d" relativeResultsDirectory="a6a489ff-8480-419f-90a9-8ba29995dd4f" />
    <UnitTestResult executionId="a9603391-e445-492f-8802-7c0aeaad3389" testId="b7eb0c33-690a-f384-4720-26ede54cd459" testName="GetScheme_InvalidSystemId_ReturnsUnknown" computerName="AVDC720" duration="00:00:00.0010000" startTime="2020-06-22T14:17:02.0000000+02:00" endTime="2020-06-22T14:17:02.0000000+02:00" testType="13cdc9d9-ddb5-4fa4-a97d-d965ccfc6d4b" outcome="Passed" testListId="8c84fa94-04c1-424b-9868-57a2d4851a1d" relativeResultsDirectory="a9603391-e445-492f-8802-7c0aeaad3389" />
    <UnitTestResult executionId="697c543a-01cb-4985-a146-139852eb4c1a" testId="ff9a04ff-fa9e-340b-3ecc-b843a9161f2d" testName="ParseTimeLine_TimeLineIsInvalid_ThrowsFormatException(&quot;01:18.171 -&gt; 01:20.171&quot;)" computerName="AVDC720" duration="00:00:00.0000001" startTime="2020-06-22T14:17:03.0000000+02:00" endTime="2020-06-22T14:17:03.0000000+02:00" testType="13cdc9d9-ddb5-4fa4-a97d-d965ccfc6d4b" outcome="Passed" testListId="8c84fa94-04c1-424b-9868-57a2d4851a1d" relativeResultsDirectory="697c543a-01cb-4985-a146-139852eb4c1a" />
    <UnitTestResult executionId="50306128-d4d5-4a09-a8c3-ef52c29a5bb1" testId="27c0e446-fbb2-fa76-7f01-7a27a4208aca" testName="ResolveByMimeType_WebVttMimeType_ReturnsWebVttFormat" computerName="AVDC720" duration="00:00:00.0000001" startTime="2020-06-22T14:17:03.0000000+02:00" endTime="2020-06-22T14:17:03.0000000+02:00" testType="13cdc9d9-ddb5-4fa4-a97d-d965ccfc6d4b" outcome="Passed" testListId="8c84fa94-04c1-424b-9868-57a2d4851a1d" relativeResultsDirectory="50306128-d4d5-4a09-a8c3-ef52c29a5bb1" />
    <UnitTestResult executionId="6022a3eb-be00-4ace-aa44-849bc148634a" testId="10e2acea-9f1a-44dc-fcd2-d1496a18cd1a" testName="SupportsType_ValidType_ReturnsTrue(&quot;playready&quot;)" computerName="AVDC720" duration="00:00:00.0000001" startTime="2020-06-22T14:17:02.0000000+02:00" endTime="2020-06-22T14:17:02.0000000+02:00" testType="13cdc9d9-ddb5-4fa4-a97d-d965ccfc6d4b" outcome="Passed" testListId="8c84fa94-04c1-424b-9868-57a2d4851a1d" relativeResultsDirectory="6022a3eb-be00-4ace-aa44-849bc148634a" />
    <UnitTestResult executionId="9a6d3e99-17a9-403a-b9e3-75c7d060c87b" testId="1d410506-c13a-9a12-e32f-3b0fb711ffd3" testName="Serialization_OperationSerialized_DeserializedProperly(JuvoPlayer.Tests.Utils.PrepareOperation)" computerName="AVDC720" duration="00:00:00.0010000" startTime="2020-06-22T14:17:02.0000000+02:00" endTime="2020-06-22T14:17:02.0000000+02:00" testType="13cdc9d9-ddb5-4fa4-a97d-d965ccfc6d4b" outcome="Passed" testListId="8c84fa94-04c1-424b-9868-57a2d4851a1d" relativeResultsDirectory="9a6d3e99-17a9-403a-b9e3-75c7d060c87b" />
    <UnitTestResult executionId="1a5b4884-ad0d-44d2-96f9-98f0329aa37b" testId="292b8184-3595-15f3-6608-17958c811f3c" testName="Parse_DifferentEncodings_ParsesSuccessfully(&quot;JuvoPlayer.Tests.res.subtitles.media_player_subs_cp-949.srt&quot;,&quot;euc-kr&quot;,&quot;[Korean] 3.5: 그녀는 고양이가. 고양이 모피를 가지고&quot;)" computerName="AVDC720" duration="00:00:00.0020000" startTime="2020-06-22T14:17:02.0000000+02:00" endTime="2020-06-22T14:17:02.0000000+02:00" testType="13cdc9d9-ddb5-4fa4-a97d-d965ccfc6d4b" outcome="Passed" testListId="8c84fa94-04c1-424b-9868-57a2d4851a1d" relativeResultsDirectory="1a5b4884-ad0d-44d2-96f9-98f0329aa37b" />
    <UnitTestResult executionId="2b9852c5-235c-49ed-af4b-cd07c13a566c" testId="082e2fa9-eb0e-43b2-8e14-8ef9bd55403d" testName="OnAppendPacket_WhenPacketTypeIsInvalid_ThrowsArgumentException" computerName="AVDC720" duration="00:00:00.0010000" startTime="2020-06-22T14:17:03.0000000+02:00" endTime="2020-06-22T14:17:03.0000000+02:00" testType="13cdc9d9-ddb5-4fa4-a97d-d965ccfc6d4b" outcome="Passed" testListId="8c84fa94-04c1-424b-9868-57a2d4851a1d" relativeResultsDirectory="2b9852c5-235c-49ed-af4b-cd07c13a566c" />
    <UnitTestResult executionId="86528f15-b54c-451d-bb0f-b9e37d9bba70" testId="546e2195-b0fd-c5a9-fb2f-7840d4c86cb8" testName="LoadAsEmbeddedAssembly_AssemblyContainsExceptedResource_LoadsResource" computerName="AVDC720" duration="00:00:00.0280000" startTime="2020-06-22T14:17:03.0000000+02:00" endTime="2020-06-22T14:17:03.0000000+02:00" testType="13cdc9d9-ddb5-4fa4-a97d-d965ccfc6d4b" outcome="Passed" testListId="8c84fa94-04c1-424b-9868-57a2d4851a1d" relativeResultsDirectory="86528f15-b54c-451d-bb0f-b9e37d9bba70" />
    <UnitTestResult executionId="26b1e769-2826-4a30-8381-98a2d672c347" testId="2451296b-865e-f1ac-6397-248629b7319a" testName="Reset_Called_DeallocsAVFormatContext(ForUrl)" computerName="AVDC720" duration="00:00:00.0010000" startTime="2020-06-22T14:17:02.0000000+02:00" endTime="2020-06-22T14:17:02.0000000+02:00" testType="13cdc9d9-ddb5-4fa4-a97d-d965ccfc6d4b" outcome="Passed" testListId="8c84fa94-04c1-424b-9868-57a2d4851a1d" relativeResultsDirectory="26b1e769-2826-4a30-8381-98a2d672c347" />
    <UnitTestResult executionId="54a6af70-d3a5-4fea-8aaa-d4b7302d6225" testId="fd067bbf-348e-1b3b-3bb2-93d8b6657abe" testName="ParseTimeLine_TimeLineIsValid_ParsesSuccessfully(&quot;01:18.171 --&gt; 01:20.171 position:10%,line-left align:left size:35%&quot;)" computerName="AVDC720" duration="00:00:00.0010000" startTime="2020-06-22T14:17:03.0000000+02:00" endTime="2020-06-22T14:17:03.0000000+02:00" testType="13cdc9d9-ddb5-4fa4-a97d-d965ccfc6d4b" outcome="Passed" testListId="8c84fa94-04c1-424b-9868-57a2d4851a1d" relativeResultsDirectory="54a6af70-d3a5-4fea-8aaa-d4b7302d6225" />
    <UnitTestResult executionId="d156e73b-6507-45dd-8c5c-f00c0aff6ce4" testId="4316b1a0-3df5-84d3-9052-82615cd59e81" testName="PushChunk_CalledAfterReset_ThrowsException" computerName="AVDC720" duration="00:00:00.0030000" startTime="2020-06-22T14:17:02.0000000+02:00" endTime="2020-06-22T14:17:02.0000000+02:00" testType="13cdc9d9-ddb5-4fa4-a97d-d965ccfc6d4b" outcome="Passed" testListId="8c84fa94-04c1-424b-9868-57a2d4851a1d" relativeResultsDirectory="d156e73b-6507-45dd-8c5c-f00c0aff6ce4" />
    <UnitTestResult executionId="532ab6b3-de70-4f77-b7e7-0bf9e77b7c94" testId="d85db656-22e2-d893-8495-ecfd404d4e9f" testName="TestConstructorWithNull" computerName="AVDC720" duration="00:00:00.0010000" startTime="2020-06-22T14:17:02.0000000+02:00" endTime="2020-06-22T14:17:02.0000000+02:00" testType="13cdc9d9-ddb5-4fa4-a97d-d965ccfc6d4b" outcome="Passed" testListId="8c84fa94-04c1-424b-9868-57a2d4851a1d" relativeResultsDirectory="532ab6b3-de70-4f77-b7e7-0bf9e77b7c94" />
    <UnitTestResult executionId="efcfaea3-512c-4bfd-a4e6-4baa6496d907" testId="83e5bca1-3234-f540-991c-2f3a40248a15" testName="ParseTime_WhenTimeIsValid_ParsesSuccessfully" computerName="AVDC720" duration="00:00:00.0000001" startTime="2020-06-22T14:17:03.0000000+02:00" endTime="2020-06-22T14:17:03.0000000+02:00" testType="13cdc9d9-ddb5-4fa4-a97d-d965ccfc6d4b" outcome="Passed" testListId="8c84fa94-04c1-424b-9868-57a2d4851a1d" relativeResultsDirectory="efcfaea3-512c-4bfd-a4e6-4baa6496d907" />
    <UnitTestResult executionId="1c14f92a-0faa-4f86-8dc0-987053bc5631" testId="dc2e53b3-b4b5-d431-a2a2-41dcd332c80c" testName="OnAppendPacket_WhenDrmSessionIsConfigured_CallsPlayerAdapter" computerName="AVDC720" duration="00:00:00.0080000" startTime="2020-06-22T14:17:03.0000000+02:00" endTime="2020-06-22T14:17:03.0000000+02:00" testType="13cdc9d9-ddb5-4fa4-a97d-d965ccfc6d4b" outcome="Passed" testListId="8c84fa94-04c1-424b-9868-57a2d4851a1d" relativeResultsDirectory="1c14f92a-0faa-4f86-8dc0-987053bc5631" />
    <UnitTestResult executionId="29ed21d9-8283-4d48-9e7a-06c06e0f1e41" testId="a659b756-6e9d-b19a-f709-878e64441c5e" testName="ParseTime_TimeFormatIsValid_ParsesSuccessfully(&quot;9999:01:18.171&quot;,9999,1,18,171)" computerName="AVDC720" duration="00:00:00.0000001" startTime="2020-06-22T14:17:03.0000000+02:00" endTime="2020-06-22T14:17:03.0000000+02:00" testType="13cdc9d9-ddb5-4fa4-a97d-d965ccfc6d4b" outcome="Passed" testListId="8c84fa94-04c1-424b-9868-57a2d4851a1d" relativeResultsDirectory="29ed21d9-8283-4d48-9e7a-06c06e0f1e41" />
    <UnitTestResult executionId="52de8ed0-74a1-4e33-859d-8e7f1c27d37e" testId="a7854dd3-8d20-6641-2e3e-29ad46bbb531" testName="ParseTime_WhenTimeExceedsADay_ParsesSuccessfully" computerName="AVDC720" duration="00:00:00.0000001" startTime="2020-06-22T14:17:03.0000000+02:00" endTime="2020-06-22T14:17:03.0000000+02:00" testType="13cdc9d9-ddb5-4fa4-a97d-d965ccfc6d4b" outcome="Passed" testListId="8c84fa94-04c1-424b-9868-57a2d4851a1d" relativeResultsDirectory="52de8ed0-74a1-4e33-859d-8e7f1c27d37e" />
    <UnitTestResult executionId="a24bad54-43a7-4340-b5d1-6877f9265e14" testId="34dfc2c1-12c5-e35a-2da9-15862f421a1f" testName="TestConfigureWithDefaultLevels" computerName="AVDC720" duration="00:00:00.0000001" startTime="2020-06-22T14:17:02.0000000+02:00" endTime="2020-06-22T14:17:02.0000000+02:00" testType="13cdc9d9-ddb5-4fa4-a97d-d965ccfc6d4b" outcome="Passed" testListId="8c84fa94-04c1-424b-9868-57a2d4851a1d" relativeResultsDirectory="a24bad54-43a7-4340-b5d1-6877f9265e14" />
    <UnitTestResult executionId="5952d64a-e619-48cf-8ff1-c85f5a9fa52e" testId="7d5bc078-3ad1-6704-ebfc-1890dbc9df71" testName="TestConfigureWithValidConfigFile" computerName="AVDC720" duration="00:00:00.0000001" startTime="2020-06-22T14:17:02.0000000+02:00" endTime="2020-06-22T14:17:02.0000000+02:00" testType="13cdc9d9-ddb5-4fa4-a97d-d965ccfc6d4b" outcome="Passed" testListId="8c84fa94-04c1-424b-9868-57a2d4851a1d" relativeResultsDirectory="5952d64a-e619-48cf-8ff1-c85f5a9fa52e" />
    <UnitTestResult executionId="2ea8faa3-bb09-4de3-ad49-020f7f7e2ac0" testId="124081ca-aa16-41ac-de1c-68bb2cb38e0b" testName="Parse_DifferentEncodings_ParsesSuccessfully(&quot;JuvoPlayer.Tests.res.subtitles.media_player_subs_windows-1252.srt&quot;,&quot;windows-1252&quot;,&quot;[Western Europe] 4.5: Àà Áá Ââ Ææ Çç Èè Ïï Ðð Ññ Õõ Øø Ýý Þþ £ €&quot;)" computerName="AVDC720" duration="00:00:00.0010000" startTime="2020-06-22T14:17:02.0000000+02:00" endTime="2020-06-22T14:17:02.0000000+02:00" testType="13cdc9d9-ddb5-4fa4-a97d-d965ccfc6d4b" outcome="Passed" testListId="8c84fa94-04c1-424b-9868-57a2d4851a1d" relativeResultsDirectory="2ea8faa3-bb09-4de3-ad49-020f7f7e2ac0" />
    <UnitTestResult executionId="276b9c31-9489-47b7-8678-d5ef7adb2041" testId="0df30c92-10e5-04f8-7ba8-ad81df080036" testName="Init_DrmInitDataAvailable_ReturnsDrmInitData(ForEs)" computerName="AVDC720" duration="00:00:00.0030000" startTime="2020-06-22T14:17:02.0000000+02:00" endTime="2020-06-22T14:17:02.0000000+02:00" testType="13cdc9d9-ddb5-4fa4-a97d-d965ccfc6d4b" outcome="Passed" testListId="8c84fa94-04c1-424b-9868-57a2d4851a1d" relativeResultsDirectory="276b9c31-9489-47b7-8678-d5ef7adb2041" />
    <UnitTestResult executionId="a89500ca-3989-47d4-90ff-d26a17ee2286" testId="cca65208-0adf-48f2-82bf-43699d9e9051" testName="PushChunk_CalledBeforeInitForEs_ThrowsException" computerName="AVDC720" duration="00:00:00.0010000" startTime="2020-06-22T14:17:02.0000000+02:00" endTime="2020-06-22T14:17:02.0000000+02:00" testType="13cdc9d9-ddb5-4fa4-a97d-d965ccfc6d4b" outcome="Passed" testListId="8c84fa94-04c1-424b-9868-57a2d4851a1d" relativeResultsDirectory="a89500ca-3989-47d4-90ff-d26a17ee2286" />
    <UnitTestResult executionId="0bd451d2-4588-4356-8e3d-9b5f0b8a4c9e" testId="cb66aab4-74da-9d22-4f63-1827d111c973" testName="TimeToNextFrame_CalledBeforeFirstPacket_ThrowsInvalidOperationException" computerName="AVDC720" duration="00:00:00.0010000" startTime="2020-06-22T14:17:03.0000000+02:00" endTime="2020-06-22T14:17:03.0000000+02:00" testType="13cdc9d9-ddb5-4fa4-a97d-d965ccfc6d4b" outcome="Passed" testListId="8c84fa94-04c1-424b-9868-57a2d4851a1d" relativeResultsDirectory="0bd451d2-4588-4356-8e3d-9b5f0b8a4c9e" />
    <UnitTestResult executionId="7c78ba5a-48c8-45c2-8b05-04ac5b4c40e0" testId="d0f6acef-cfad-0d05-742a-6ff2e1b06efb" testName="GetStreamsDescription_ClipWithNoSubtitles_ReturnsEmptyList" computerName="AVDC720" duration="00:00:00.0080000" startTime="2020-06-22T14:17:02.0000000+02:00" endTime="2020-06-22T14:17:02.0000000+02:00" testType="13cdc9d9-ddb5-4fa4-a97d-d965ccfc6d4b" outcome="Passed" testListId="8c84fa94-04c1-424b-9868-57a2d4851a1d" relativeResultsDirectory="7c78ba5a-48c8-45c2-8b05-04ac5b4c40e0" />
    <UnitTestResult executionId="fcc4bd9d-e95b-4053-a3a2-aa8ba6be371a" testId="ba867f1f-710b-a6f5-4ace-b54486edaddc" testName="TestConstructorWithNull" computerName="AVDC720" duration="00:00:00.0010000" startTime="2020-06-22T14:17:02.0000000+02:00" endTime="2020-06-22T14:17:02.0000000+02:00" testType="13cdc9d9-ddb5-4fa4-a97d-d965ccfc6d4b" outcome="Passed" testListId="8c84fa94-04c1-424b-9868-57a2d4851a1d" relativeResultsDirectory="fcc4bd9d-e95b-4053-a3a2-aa8ba6be371a" />
    <UnitTestResult executionId="c5240cf6-bb1f-41d9-a51c-654f07f03830" testId="e8822ed9-c52a-6461-1cf0-248853538bf9" testName="Start_PacketDemuxed_PublishesPacket(StartForEs)" computerName="AVDC720" duration="00:00:00.0020000" startTime="2020-06-22T14:17:02.0000000+02:00" endTime="2020-06-22T14:17:02.0000000+02:00" testType="13cdc9d9-ddb5-4fa4-a97d-d965ccfc6d4b" outcome="Passed" testListId="8c84fa94-04c1-424b-9868-57a2d4851a1d" relativeResultsDirectory="c5240cf6-bb1f-41d9-a51c-654f07f03830" />
    <UnitTestResult executionId="2114504d-6160-48c8-9d9b-85b7e108bb1a" testId="e1d59afc-ceae-0c1b-0769-05528c3d5bcc" testName="ParseTime_TimeFormatIsInvalid_ThrowsFormatException(&quot;&quot;)" computerName="AVDC720" duration="00:00:00.0000001" startTime="2020-06-22T14:17:03.0000000+02:00" endTime="2020-06-22T14:17:03.0000000+02:00" testType="13cdc9d9-ddb5-4fa4-a97d-d965ccfc6d4b" outcome="Passed" testListId="8c84fa94-04c1-424b-9868-57a2d4851a1d" relativeResultsDirectory="2114504d-6160-48c8-9d9b-85b7e108bb1a" />
    <UnitTestResult executionId="f7cc39d7-4db6-4bdf-88a5-5a5a74102dfc" testId="d344b394-6cc8-3bd8-7dae-88c5607a157d" testName="Parse_DifferentEncodings_ParsesSuccessfully(&quot;JuvoPlayer.Tests.res.subtitles.media_player_subs_windows-1258.srt&quot;,&quot;windows-1258&quot;,&quot;[Vietnamese] 0.5: Àà Áá Ââ Ææ Çç Đđ Èè Ïï Ăă Ññ Ơơ Øø Ưư ₫ £ €&quot;)" computerName="AVDC720" duration="00:00:00.0010000" startTime="2020-06-22T14:17:02.0000000+02:00" endTime="2020-06-22T14:17:02.0000000+02:00" testType="13cdc9d9-ddb5-4fa4-a97d-d965ccfc6d4b" outcome="Passed" testListId="8c84fa94-04c1-424b-9868-57a2d4851a1d" relativeResultsDirectory="f7cc39d7-4db6-4bdf-88a5-5a5a74102dfc" />
    <UnitTestResult executionId="789d93ff-3bff-4dbe-81b6-966206ef213b" testId="02fb1555-b786-4aa2-7007-ec43c1c9fbe1" testName="ParseTime_WhenTimeFormatIsInvalid_ThrowsFormatException(null)" computerName="AVDC720" duration="00:00:00.0010000" startTime="2020-06-22T14:17:03.0000000+02:00" endTime="2020-06-22T14:17:03.0000000+02:00" testType="13cdc9d9-ddb5-4fa4-a97d-d965ccfc6d4b" outcome="Passed" testListId="8c84fa94-04c1-424b-9868-57a2d4851a1d" relativeResultsDirectory="789d93ff-3bff-4dbe-81b6-966206ef213b" />
    <UnitTestResult executionId="c8881b92-3ec1-406e-94b5-c24990f869cb" testId="d7ac1929-9b02-b83c-c131-e7b03e1000aa" testName="Start_DRMInitDataFound_PublishesDRMInitData(StartForUrl)" computerName="AVDC720" duration="00:00:00.0000001" startTime="2020-06-22T14:17:02.0000000+02:00" endTime="2020-06-22T14:17:02.0000000+02:00" testType="13cdc9d9-ddb5-4fa4-a97d-d965ccfc6d4b" outcome="Passed" testListId="8c84fa94-04c1-424b-9868-57a2d4851a1d" relativeResultsDirectory="c8881b92-3ec1-406e-94b5-c24990f869cb" />
    <UnitTestResult executionId="42a357f3-b741-4473-91d1-1e7b2418e53b" testId="3e643ea4-f7b6-f967-c41d-29aace04110b" testName="OnAppendPacket_WhenNotConfigured_ThrowsInvalidOperationException" computerName="AVDC720" duration="00:00:00.0010000" startTime="2020-06-22T14:17:03.0000000+02:00" endTime="2020-06-22T14:17:03.0000000+02:00" testType="13cdc9d9-ddb5-4fa4-a97d-d965ccfc6d4b" outcome="Passed" testListId="8c84fa94-04c1-424b-9868-57a2d4851a1d" relativeResultsDirectory="42a357f3-b741-4473-91d1-1e7b2418e53b" />
    <UnitTestResult executionId="219de0c9-a6ff-40ae-981c-3abd5838c234" testId="433c7d56-6fb5-d8f0-a9cc-eacc667c0a6b" testName="Get_KeyForSecondCue_ReturnsSecondCue" computerName="AVDC720" duration="00:00:00.0010000" startTime="2020-06-22T14:17:02.0000000+02:00" endTime="2020-06-22T14:17:02.0000000+02:00" testType="13cdc9d9-ddb5-4fa4-a97d-d965ccfc6d4b" outcome="Passed" testListId="8c84fa94-04c1-424b-9868-57a2d4851a1d" relativeResultsDirectory="219de0c9-a6ff-40ae-981c-3abd5838c234" />
    <UnitTestResult executionId="9ff2eba8-2e49-4d79-addc-7838c925e98e" testId="82d4c515-f9fe-5c04-4ba8-723b5ff21f55" testName="SchemeIdUriToSystemId_InvalidSchemeId_ReturnsNull" computerName="AVDC720" duration="00:00:00.0010000" startTime="2020-06-22T14:17:02.0000000+02:00" endTime="2020-06-22T14:17:02.0000000+02:00" testType="13cdc9d9-ddb5-4fa4-a97d-d965ccfc6d4b" outcome="Passed" testListId="8c84fa94-04c1-424b-9868-57a2d4851a1d" relativeResultsDirectory="9ff2eba8-2e49-4d79-addc-7838c925e98e" />
    <UnitTestResult executionId="11a817de-3570-4cbf-9dd6-027ff373360a" testId="852b5e0e-9762-784e-5557-e2cf4ea73784" testName="Reached_SecondPacketReachesBarrier_BarrierIsReached" computerName="AVDC720" duration="00:00:00.0000001" startTime="2020-06-22T14:17:03.0000000+02:00" endTime="2020-06-22T14:17:03.0000000+02:00" testType="13cdc9d9-ddb5-4fa4-a97d-d965ccfc6d4b" outcome="Passed" testListId="8c84fa94-04c1-424b-9868-57a2d4851a1d" relativeResultsDirectory="11a817de-3570-4cbf-9dd6-027ff373360a" />
    <UnitTestResult executionId="c0f9c53f-1dce-48c0-adba-2e771345104a" testId="c0cf0641-dce5-3e52-e867-94fa19192895" testName="Start_DemuxerInitFails_PublishesDemuxerError(StartForEs)" computerName="AVDC720" duration="00:00:00.0040000" startTime="2020-06-22T14:17:02.0000000+02:00" endTime="2020-06-22T14:17:02.0000000+02:00" testType="13cdc9d9-ddb5-4fa4-a97d-d965ccfc6d4b" outcome="Passed" testListId="8c84fa94-04c1-424b-9868-57a2d4851a1d" relativeResultsDirectory="c0f9c53f-1dce-48c0-adba-2e771345104a" />
    <UnitTestResult executionId="57809634-c688-4c72-b511-60009730031f" testId="bd93227b-c515-27be-ca4c-f543b843cc7e" testName="Parse_DifferentEncodings_ParsesSuccessfully(&quot;JuvoPlayer.Tests.res.subtitles.media_player_subs_windows-1254.srt&quot;,&quot;windows-1254&quot;,&quot;[Turkish] 3.5: Çç Ğğ Öö Üü Şş ¡ ¿ § µ ¾&quot;)" computerName="AVDC720" duration="00:00:00.0010000" startTime="2020-06-22T14:17:02.0000000+02:00" endTime="2020-06-22T14:17:02.0000000+02:00" testType="13cdc9d9-ddb5-4fa4-a97d-d965ccfc6d4b" outcome="Passed" testListId="8c84fa94-04c1-424b-9868-57a2d4851a1d" relativeResultsDirectory="57809634-c688-4c72-b511-60009730031f" />
    <UnitTestResult executionId="1ae26a38-3f50-4532-8f4a-d7370e0738d4" testId="c04c0fe5-1f6b-bd7f-47e1-2cbe0022b400" testName="Begin_EqualsEnd_ThrowsArgumentException" computerName="AVDC720" duration="00:00:00.0010000" startTime="2020-06-22T14:17:02.0000000+02:00" endTime="2020-06-22T14:17:02.0000000+02:00" testType="13cdc9d9-ddb5-4fa4-a97d-d965ccfc6d4b" outcome="Passed" testListId="8c84fa94-04c1-424b-9868-57a2d4851a1d" relativeResultsDirectory="1ae26a38-3f50-4532-8f4a-d7370e0738d4" />
    <UnitTestResult executionId="028eb3c6-0fce-4d25-9e16-dc0fdddd3d01" testId="90bdca97-8eb4-c877-3c7b-3164b6f624b6" testName="TimeToNextFrame_CalledWhenBarrierIsReached_ReturnsPositiveTime" computerName="AVDC720" duration="00:00:00.0030000" startTime="2020-06-22T14:17:03.0000000+02:00" endTime="2020-06-22T14:17:03.0000000+02:00" testType="13cdc9d9-ddb5-4fa4-a97d-d965ccfc6d4b" outcome="Passed" testListId="8c84fa94-04c1-424b-9868-57a2d4851a1d" relativeResultsDirectory="028eb3c6-0fce-4d25-9e16-dc0fdddd3d01" />
    <UnitTestResult executionId="fff998d6-eaf4-42a3-838e-9960bcf99db8" testId="c2ca0d7d-68c1-9a10-64d5-38b811f1c187" testName="Resume_Called_CallsNextPacket(StartForEs)" computerName="AVDC720" duration="00:00:00.0020000" startTime="2020-06-22T14:17:02.0000000+02:00" endTime="2020-06-22T14:17:02.0000000+02:00" testType="13cdc9d9-ddb5-4fa4-a97d-d965ccfc6d4b" outcome="Passed" testListId="8c84fa94-04c1-424b-9868-57a2d4851a1d" relativeResultsDirectory="fff998d6-eaf4-42a3-838e-9960bcf99db8" />
    <UnitTestResult executionId="de77652c-0ea4-476d-8860-2cf21a30bd6c" testId="f1c5443e-e0a7-e961-fdae-6f316e6bdffa" testName="CompleteAdding_TakeAsyncCalled_ThrowsInvalidOperationException" computerName="AVDC720" duration="00:00:00.0160000" startTime="2020-06-22T14:17:02.0000000+02:00" endTime="2020-06-22T14:17:02.0000000+02:00" testType="13cdc9d9-ddb5-4fa4-a97d-d965ccfc6d4b" outcome="Passed" testListId="8c84fa94-04c1-424b-9868-57a2d4851a1d" relativeResultsDirectory="de77652c-0ea4-476d-8860-2cf21a30bd6c" />
    <UnitTestResult executionId="47b6fd3a-b49d-497f-ad89-5198d3810748" testId="9681c4d5-bb9b-2329-b528-bc4805c08192" testName="ParseTimeLine_TimeLineIsInvalid_ThrowsFormatException(&quot;01:18.171 01:20.171&quot;)" computerName="AVDC720" duration="00:00:00.0000001" startTime="2020-06-22T14:17:03.0000000+02:00" endTime="2020-06-22T14:17:03.0000000+02:00" testType="13cdc9d9-ddb5-4fa4-a97d-d965ccfc6d4b" outcome="Passed" testListId="8c84fa94-04c1-424b-9868-57a2d4851a1d" relativeResultsDirectory="47b6fd3a-b49d-497f-ad89-5198d3810748" />
    <UnitTestResult executionId="f684a57c-e55c-4a6e-8fb1-6b80161f9f94" testId="24b81133-6183-4881-a72c-c0d4de113274" testName="ParseTime_TimeFormatIsInvalid_ThrowsFormatException(null)" computerName="AVDC720" duration="00:00:00.0010000" startTime="2020-06-22T14:17:03.0000000+02:00" endTime="2020-06-22T14:17:03.0000000+02:00" testType="13cdc9d9-ddb5-4fa4-a97d-d965ccfc6d4b" outcome="Passed" testListId="8c84fa94-04c1-424b-9868-57a2d4851a1d" relativeResultsDirectory="f684a57c-e55c-4a6e-8fb1-6b80161f9f94" />
    <UnitTestResult executionId="461063fc-f426-4814-8312-b2a7e81964f5" testId="cdaa95b4-0c6d-1e27-93cc-3d0e0a68a8ea" testName="Start_ClipDurationFound_PublishesClipDuration(StartForUrl)" computerName="AVDC720" duration="00:00:00.0010000" startTime="2020-06-22T14:17:02.0000000+02:00" endTime="2020-06-22T14:17:02.0000000+02:00" testType="13cdc9d9-ddb5-4fa4-a97d-d965ccfc6d4b" outcome="Passed" testListId="8c84fa94-04c1-424b-9868-57a2d4851a1d" relativeResultsDirectory="461063fc-f426-4814-8312-b2a7e81964f5" />
    <UnitTestResult executionId="01b870fe-0ecd-4289-a8e0-a9061ee19baa" testId="88dd71ef-8824-feb9-a45c-d465619740f7" testName="Serialization_OperationSerialized_DeserializedProperly(JuvoPlayer.Tests.Utils.DelayOperation)" computerName="AVDC720" duration="00:00:00.0010000" startTime="2020-06-22T14:17:01.0000000+02:00" endTime="2020-06-22T14:17:01.0000000+02:00" testType="13cdc9d9-ddb5-4fa4-a97d-d965ccfc6d4b" outcome="Passed" testListId="8c84fa94-04c1-424b-9868-57a2d4851a1d" relativeResultsDirectory="01b870fe-0ecd-4289-a8e0-a9061ee19baa" />
    <UnitTestResult executionId="76088f16-c385-4106-81ff-2666105528e9" testId="09021642-119b-2b6e-4751-93eb7ddbf929" testName="GetDrmType_InvalidType_ReturnsUnknown" computerName="AVDC720" duration="00:00:00.0040000" startTime="2020-06-22T14:17:02.0000000+02:00" endTime="2020-06-22T14:17:02.0000000+02:00" testType="13cdc9d9-ddb5-4fa4-a97d-d965ccfc6d4b" outcome="Passed" testListId="8c84fa94-04c1-424b-9868-57a2d4851a1d" relativeResultsDirectory="76088f16-c385-4106-81ff-2666105528e9" />
    <UnitTestResult executionId="4a3abf52-3f9d-49da-be56-8901c1bede91" testId="718f5161-c183-d605-d2c2-6292afd3ca09" testName="End_GreaterThanBegin_SetsSuccessfully" computerName="AVDC720" duration="00:00:00.0000001" startTime="2020-06-22T14:17:02.0000000+02:00" endTime="2020-06-22T14:17:02.0000000+02:00" testType="13cdc9d9-ddb5-4fa4-a97d-d965ccfc6d4b" outcome="Passed" testListId="8c84fa94-04c1-424b-9868-57a2d4851a1d" relativeResultsDirectory="4a3abf52-3f9d-49da-be56-8901c1bede91" />
    <UnitTestResult executionId="c1d8ad53-f01a-4f30-888a-1e1ee301ec35" testId="dcf10506-16c1-f65b-62cc-54c81f3d69fc" testName="Load_PathPointsToNetworkResource_LoadsAsNetworkResource(&quot;https://valid_https_uri&quot;)" computerName="AVDC720" duration="00:00:00.0000001" startTime="2020-06-22T14:17:03.0000000+02:00" endTime="2020-06-22T14:17:03.0000000+02:00" testType="13cdc9d9-ddb5-4fa4-a97d-d965ccfc6d4b" outcome="Passed" testListId="8c84fa94-04c1-424b-9868-57a2d4851a1d" relativeResultsDirectory="c1d8ad53-f01a-4f30-888a-1e1ee301ec35" />
    <UnitTestResult executionId="14f785dd-e761-4ad7-b7aa-83b9295eabf9" testId="db9e6235-a824-dde8-0052-9868cf8e7d1a" testName="Reached_FirstPacketPushed_BarrierIsNotReached" computerName="AVDC720" duration="00:00:00.0010000" startTime="2020-06-22T14:17:03.0000000+02:00" endTime="2020-06-22T14:17:03.0000000+02:00" testType="13cdc9d9-ddb5-4fa4-a97d-d965ccfc6d4b" outcome="Passed" testListId="8c84fa94-04c1-424b-9868-57a2d4851a1d" relativeResultsDirectory="14f785dd-e761-4ad7-b7aa-83b9295eabf9" />
    <UnitTestResult executionId="3287fb94-82d6-496e-83b5-2245ab899097" testId="b65dd040-cffc-7925-78a1-ceba0c7979b8" testName="Init_DrmInitDataAvailable_ReturnsDrmInitData(ForUrl)" computerName="AVDC720" duration="00:00:00.0010000" startTime="2020-06-22T14:17:02.0000000+02:00" endTime="2020-06-22T14:17:02.0000000+02:00" testType="13cdc9d9-ddb5-4fa4-a97d-d965ccfc6d4b" outcome="Passed" testListId="8c84fa94-04c1-424b-9868-57a2d4851a1d" relativeResultsDirectory="3287fb94-82d6-496e-83b5-2245ab899097" />
    <UnitTestResult executionId="0f5315fa-f73b-4b51-85c9-e20f1303976b" testId="800df5e6-2778-4289-fb38-2692d926e438" testName="Take_MultipleTakes_ProperlyReturnsData" computerName="AVDC720" duration="00:00:00.0000001" startTime="2020-06-22T14:17:02.0000000+02:00" endTime="2020-06-22T14:17:02.0000000+02:00" testType="13cdc9d9-ddb5-4fa4-a97d-d965ccfc6d4b" outcome="Passed" testListId="8c84fa94-04c1-424b-9868-57a2d4851a1d" relativeResultsDirectory="0f5315fa-f73b-4b51-85c9-e20f1303976b" />
    <UnitTestResult executionId="cb38441e-271d-4868-b02c-4ea1125cdb8d" testId="757b9a3e-991f-064f-0f95-6721183441ff" testName="Get_ValidKey_ReturnsCue" computerName="AVDC720" duration="00:00:00.0000001" startTime="2020-06-22T14:17:02.0000000+02:00" endTime="2020-06-22T14:17:02.0000000+02:00" testType="13cdc9d9-ddb5-4fa4-a97d-d965ccfc6d4b" outcome="Passed" testListId="8c84fa94-04c1-424b-9868-57a2d4851a1d" relativeResultsDirectory="cb38441e-271d-4868-b02c-4ea1125cdb8d" />
    <UnitTestResult executionId="55bf4b1b-2f1e-4a94-8412-02aab7c7e1c2" testId="6fac98b9-fc8f-ded6-86b3-b3150632ee5f" testName="Load_PathPointsToNetworkResource_LoadsAsNetworkResource(&quot;http://valid_http_uri&quot;)" computerName="AVDC720" duration="00:00:00.0130000" startTime="2020-06-22T14:17:03.0000000+02:00" endTime="2020-06-22T14:17:03.0000000+02:00" testType="13cdc9d9-ddb5-4fa4-a97d-d965ccfc6d4b" outcome="Passed" testListId="8c84fa94-04c1-424b-9868-57a2d4851a1d" relativeResultsDirectory="55bf4b1b-2f1e-4a94-8412-02aab7c7e1c2" />
    <UnitTestResult executionId="1ee84008-c6bc-465a-8326-1462213083f0" testId="094b11a6-0532-7a03-8d14-df586e014bf7" testName="SupportsType_InvalidType_ReturnsFalse" computerName="AVDC720" duration="00:00:00.0010000" startTime="2020-06-22T14:17:02.0000000+02:00" endTime="2020-06-22T14:17:02.0000000+02:00" testType="13cdc9d9-ddb5-4fa4-a97d-d965ccfc6d4b" outcome="Passed" testListId="8c84fa94-04c1-424b-9868-57a2d4851a1d" relativeResultsDirectory="1ee84008-c6bc-465a-8326-1462213083f0" />
    <UnitTestResult executionId="c6fd7f28-7d3f-4341-92a4-009a33f7b2c2" testId="22652439-3c67-dfff-4ce3-b173308c9356" testName="Get_TwoAdjacentCuesAndGetInBetween_ReturnsSecondOne" computerName="AVDC720" duration="00:00:00.0010000" startTime="2020-06-22T14:17:02.0000000+02:00" endTime="2020-06-22T14:17:02.0000000+02:00" testType="13cdc9d9-ddb5-4fa4-a97d-d965ccfc6d4b" outcome="Passed" testListId="8c84fa94-04c1-424b-9868-57a2d4851a1d" relativeResultsDirectory="c6fd7f28-7d3f-4341-92a4-009a33f7b2c2" />
    <UnitTestResult executionId="2a00d29f-6959-4ecc-a052-9cd29463a744" testId="231edfdb-78fe-7971-98f1-f1ed15c7b9ce" testName="Parse_DifferentEncodings_ParsesSuccessfully(&quot;JuvoPlayer.Tests.res.subtitles.media_player_subs_windows-1255.srt&quot;,&quot;windows-1255&quot;,&quot;[Herbrew] 3.0: ₪ װױ  אבג דהוז חטיכ ל ר ¡ ¿ § µ ¾ ¥&quot;)" computerName="AVDC720" duration="00:00:00.0010000" startTime="2020-06-22T14:17:02.0000000+02:00" endTime="2020-06-22T14:17:02.0000000+02:00" testType="13cdc9d9-ddb5-4fa4-a97d-d965ccfc6d4b" outcome="Passed" testListId="8c84fa94-04c1-424b-9868-57a2d4851a1d" relativeResultsDirectory="2a00d29f-6959-4ecc-a052-9cd29463a744" />
    <UnitTestResult executionId="f2763de6-0857-49cf-ac66-e7423324cd96" testId="387dafbc-f6b1-0e58-56ab-e371f4acda38" testName="Start_PacketDemuxed_PublishesPacket(StartForUrl)" computerName="AVDC720" duration="00:00:00.0010000" startTime="2020-06-22T14:17:02.0000000+02:00" endTime="2020-06-22T14:17:02.0000000+02:00" testType="13cdc9d9-ddb5-4fa4-a97d-d965ccfc6d4b" outcome="Passed" testListId="8c84fa94-04c1-424b-9868-57a2d4851a1d" relativeResultsDirectory="f2763de6-0857-49cf-ac66-e7423324cd96" />
    <UnitTestResult executionId="baafeb6f-e7f8-47a9-a27d-1fda53ba8f39" testId="ec81a422-56dc-8438-8278-26703789eecf" testName="ReadPacket_InvokedWithSizeLessThanBufferSize_ReturnsTrimmedData" computerName="AVDC720" duration="00:00:00.0030000" startTime="2020-06-22T14:17:02.0000000+02:00" endTime="2020-06-22T14:17:02.0000000+02:00" testType="13cdc9d9-ddb5-4fa4-a97d-d965ccfc6d4b" outcome="Passed" testListId="8c84fa94-04c1-424b-9868-57a2d4851a1d" relativeResultsDirectory="baafeb6f-e7f8-47a9-a27d-1fda53ba8f39" />
    <UnitTestResult executionId="a9cd1460-aa04-438b-b347-34f0f0fcc551" testId="40b95933-2c83-039d-2a88-0479b1ded531" testName="Compare_VariousTimes_ReturnsExpectedValues(15,0)" computerName="AVDC720" duration="00:00:00.0000001" startTime="2020-06-22T14:17:02.0000000+02:00" endTime="2020-06-22T14:17:02.0000000+02:00" testType="13cdc9d9-ddb5-4fa4-a97d-d965ccfc6d4b" outcome="Passed" testListId="8c84fa94-04c1-424b-9868-57a2d4851a1d" relativeResultsDirectory="a9cd1460-aa04-438b-b347-34f0f0fcc551" />
    <UnitTestResult executionId="5919249c-5e4f-4797-9010-a40fba66715f" testId="18ddabc1-b1c8-c549-5717-a273d4ac0a3e" testName="Reset_Called_DeallocsAVFormatContext(ForEs)" computerName="AVDC720" duration="00:00:00.0020000" startTime="2020-06-22T14:17:02.0000000+02:00" endTime="2020-06-22T14:17:02.0000000+02:00" testType="13cdc9d9-ddb5-4fa4-a97d-d965ccfc6d4b" outcome="Passed" testListId="8c84fa94-04c1-424b-9868-57a2d4851a1d" relativeResultsDirectory="5919249c-5e4f-4797-9010-a40fba66715f" />
    <UnitTestResult executionId="13fbc7dd-3ff4-4d86-95d9-afeb87cb91b8" testId="8b7b35e7-42f3-7119-a9bd-fd9bc70bdd46" testName="Flush_Called_ResetsDemuxer" computerName="AVDC720" duration="00:00:00.0350000" startTime="2020-06-22T14:17:02.0000000+02:00" endTime="2020-06-22T14:17:02.0000000+02:00" testType="13cdc9d9-ddb5-4fa4-a97d-d965ccfc6d4b" outcome="Passed" testListId="8c84fa94-04c1-424b-9868-57a2d4851a1d" relativeResultsDirectory="13fbc7dd-3ff4-4d86-95d9-afeb87cb91b8" />
    <UnitTestResult executionId="d67782e5-a3cf-4a64-93a1-1ce732bd3805" testId="d77ecc1e-9bc2-799a-79b3-b2ffe8608f4b" testName="ParseTime_TimeFormatIsInvalid_ThrowsFormatException(&quot;00.0&quot;)" computerName="AVDC720" duration="00:00:00.0020000" startTime="2020-06-22T14:17:03.0000000+02:00" endTime="2020-06-22T14:17:03.0000000+02:00" testType="13cdc9d9-ddb5-4fa4-a97d-d965ccfc6d4b" outcome="Passed" testListId="8c84fa94-04c1-424b-9868-57a2d4851a1d" relativeResultsDirectory="d67782e5-a3cf-4a64-93a1-1ce732bd3805" />
    <UnitTestResult executionId="387da024-162e-459a-b195-da7e11f1d0cb" testId="e63e97dd-9e6c-4645-bf1f-6cbc1114526d" testName="Reset_CalledWhileFlushIsInProgress_CancelsFlush" computerName="AVDC720" duration="00:00:00.0020000" startTime="2020-06-22T14:17:02.0000000+02:00" endTime="2020-06-22T14:17:02.0000000+02:00" testType="13cdc9d9-ddb5-4fa4-a97d-d965ccfc6d4b" outcome="Passed" testListId="8c84fa94-04c1-424b-9868-57a2d4851a1d" relativeResultsDirectory="387da024-162e-459a-b195-da7e11f1d0cb" />
    <UnitTestResult executionId="e0223a4a-3bcd-44c5-abf5-3eb939dc4ad1" testId="7ac342f5-d941-880c-3a41-9a214f71d826" testName="Parse_DifferentEncodings_ParsesSuccessfully(&quot;JuvoPlayer.Tests.res.subtitles.media_player_subs_windows-1257.srt&quot;,&quot;windows-1257&quot;,&quot;[Baltic] 1.5: Ąą Įį Āā Ćć Čč Ģģ Ķķ Ļļ Ńń Ņņ Õõ Ųų Øø Ææ µ ß&quot;)" computerName="AVDC720" duration="00:00:00.0010000" startTime="2020-06-22T14:17:02.0000000+02:00" endTime="2020-06-22T14:17:02.0000000+02:00" testType="13cdc9d9-ddb5-4fa4-a97d-d965ccfc6d4b" outcome="Passed" testListId="8c84fa94-04c1-424b-9868-57a2d4851a1d" relativeResultsDirectory="e0223a4a-3bcd-44c5-abf5-3eb939dc4ad1" />
    <UnitTestResult executionId="2327a4ff-e076-4cd5-871c-685394126e03" testId="cbc3900a-27ac-f663-84c1-2e81fe605582" testName="Parse_DifferentEncodings_ParsesSuccessfully(&quot;JuvoPlayer.Tests.res.subtitles.subtitles_fr.vtt&quot;,&quot;utf-8&quot;,&quot;C'est bientôt fini. Chut...&quot;)" computerName="AVDC720" duration="00:00:00.0010000" startTime="2020-06-22T14:17:02.0000000+02:00" endTime="2020-06-22T14:17:02.0000000+02:00" testType="13cdc9d9-ddb5-4fa4-a97d-d965ccfc6d4b" outcome="Passed" testListId="8c84fa94-04c1-424b-9868-57a2d4851a1d" relativeResultsDirectory="2327a4ff-e076-4cd5-871c-685394126e03" />
    <UnitTestResult executionId="a52538d5-ec36-4c5e-a9c2-45907aa993d6" testId="a696fe85-6892-5787-2988-b6dc32a7eaae" testName="Parse_DifferentEncodings_ParsesSuccessfully(&quot;JuvoPlayer.Tests.res.subtitles.media_player_subs_windows-1251.srt&quot;,&quot;windows-1251&quot;,&quot;[Cyrylic] 5.0: Жж Зз Кк Лл Ыы Чч Щщ Ъъ Ыы Юю Яя&quot;)" computerName="AVDC720" duration="00:00:00.0010000" startTime="2020-06-22T14:17:02.0000000+02:00" endTime="2020-06-22T14:17:02.0000000+02:00" testType="13cdc9d9-ddb5-4fa4-a97d-d965ccfc6d4b" outcome="Passed" testListId="8c84fa94-04c1-424b-9868-57a2d4851a1d" relativeResultsDirectory="a52538d5-ec36-4c5e-a9c2-45907aa993d6" />
    <UnitTestResult executionId="867c7950-0479-4a89-879a-3a2ca46823e2" testId="94d95040-3698-185d-5d6f-562ab37711a4" testName="Init_CalledSecondTime_ThrowsInvalidOperationException(ForEs)" computerName="AVDC720" duration="00:00:00.0600000" startTime="2020-06-22T14:17:02.0000000+02:00" endTime="2020-06-22T14:17:02.0000000+02:00" testType="13cdc9d9-ddb5-4fa4-a97d-d965ccfc6d4b" outcome="Passed" testListId="8c84fa94-04c1-424b-9868-57a2d4851a1d" relativeResultsDirectory="867c7950-0479-4a89-879a-3a2ca46823e2" />
    <UnitTestResult executionId="9f43b260-527e-49f5-9924-2c0e45aad236" testId="af40adc3-6ce4-fbdb-f50c-26697781469d" testName="Start_PacketsDemuxed_PublishesPackets(StartForEs)" computerName="AVDC720" duration="00:00:00.0140000" startTime="2020-06-22T14:17:02.0000000+02:00" endTime="2020-06-22T14:17:02.0000000+02:00" testType="13cdc9d9-ddb5-4fa4-a97d-d965ccfc6d4b" outcome="Passed" testListId="8c84fa94-04c1-424b-9868-57a2d4851a1d" relativeResultsDirectory="9f43b260-527e-49f5-9924-2c0e45aad236" />
    <UnitTestResult executionId="23c5839b-8f5e-4719-9385-92c69b257284" testId="897e23d8-e677-fcfc-c803-4657c2ba83e9" testName="Parse_DifferentEncodings_ParsesSuccessfully(&quot;JuvoPlayer.Tests.res.subtitles.subtitles_de.vtt&quot;,&quot;utf-8&quot;,&quot;Stellen Sie beste Streaming Performance zur Verfügung,&quot;)" computerName="AVDC720" duration="00:00:00.0040000" startTime="2020-06-22T14:17:02.0000000+02:00" endTime="2020-06-22T14:17:02.0000000+02:00" testType="13cdc9d9-ddb5-4fa4-a97d-d965ccfc6d4b" outcome="Passed" testListId="8c84fa94-04c1-424b-9868-57a2d4851a1d" relativeResultsDirectory="23c5839b-8f5e-4719-9385-92c69b257284" />
    <UnitTestResult executionId="29ee3e7f-23e9-4095-9ca9-7206724364e9" testId="9a9661dd-36b6-16db-2f09-bd73c6ac6d68" testName="ParseText_TextHasTwoLines_ReturnsTextWithTwoSeparatedLines" computerName="AVDC720" duration="00:00:00.0000001" startTime="2020-06-22T14:17:03.0000000+02:00" endTime="2020-06-22T14:17:03.0000000+02:00" testType="13cdc9d9-ddb5-4fa4-a97d-d965ccfc6d4b" outcome="Passed" testListId="8c84fa94-04c1-424b-9868-57a2d4851a1d" relativeResultsDirectory="29ee3e7f-23e9-4095-9ca9-7206724364e9" />
    <UnitTestResult executionId="979ee9ca-53c0-4ba9-bd55-b4c45fb63b1e" testId="29bfe808-3bba-cdc2-53ed-a6509a64d330" testName="Start_DemuxerInitFails_PublishesDemuxerError(StartForUrl)" computerName="AVDC720" duration="00:00:00.0000001" startTime="2020-06-22T14:17:02.0000000+02:00" endTime="2020-06-22T14:17:02.0000000+02:00" testType="13cdc9d9-ddb5-4fa4-a97d-d965ccfc6d4b" outcome="Passed" testListId="8c84fa94-04c1-424b-9868-57a2d4851a1d" relativeResultsDirectory="979ee9ca-53c0-4ba9-bd55-b4c45fb63b1e" />
    <UnitTestResult executionId="384289b2-8117-4e81-8118-3989ef8a3d2d" testId="c1b0f31a-ea5a-298b-bdf9-e1d1cecd60bb" testName="ReadPacket_InvokedWithSizeGreaterThanBufferSize_ReturnsAllData" computerName="AVDC720" duration="00:00:00.0050000" startTime="2020-06-22T14:17:02.0000000+02:00" endTime="2020-06-22T14:17:02.0000000+02:00" testType="13cdc9d9-ddb5-4fa4-a97d-d965ccfc6d4b" outcome="Passed" testListId="8c84fa94-04c1-424b-9868-57a2d4851a1d" relativeResultsDirectory="384289b2-8117-4e81-8118-3989ef8a3d2d" />
    <UnitTestResult executionId="c83d6d5a-f31d-4017-a3a5-1fe89cdf5dd4" testId="f3e08194-d050-86f4-49c6-9c623a6c25ea" testName="ParseTimeLine_WhenLineIsInvalid_ThrowsFormatException(&quot;&quot;)" computerName="AVDC720" duration="00:00:00.0000001" startTime="2020-06-22T14:17:03.0000000+02:00" endTime="2020-06-22T14:17:03.0000000+02:00" testType="13cdc9d9-ddb5-4fa4-a97d-d965ccfc6d4b" outcome="Passed" testListId="8c84fa94-04c1-424b-9868-57a2d4851a1d" relativeResultsDirectory="c83d6d5a-f31d-4017-a3a5-1fe89cdf5dd4" />
    <UnitTestResult executionId="88afab6f-cfb3-4427-b948-11144d0fd15e" testId="aa4e9518-8a0d-c4b5-88b9-4da429c58985" testName="Parse_DifferentEncodings_ParsesSuccessfully(&quot;JuvoPlayer.Tests.res.subtitles.subtitles_es.vtt&quot;,&quot;utf-8&quot;,&quot;Éstas son tierras de dragones, Sintel.&quot;)" computerName="AVDC720" duration="00:00:00.0010000" startTime="2020-06-22T14:17:02.0000000+02:00" endTime="2020-06-22T14:17:02.0000000+02:00" testType="13cdc9d9-ddb5-4fa4-a97d-d965ccfc6d4b" outcome="Passed" testListId="8c84fa94-04c1-424b-9868-57a2d4851a1d" relativeResultsDirectory="88afab6f-cfb3-4427-b948-11144d0fd15e" />
    <UnitTestResult executionId="e786083b-c5a2-4592-ae57-ecbe8bfd2236" testId="5ca64586-df96-c4e0-6cbd-c37e2176547b" testName="DeserializeJsonText_ThrowsInvalid" computerName="AVDC720" duration="00:00:00.0040000" startTime="2020-06-22T14:17:01.0000000+02:00" endTime="2020-06-22T14:17:01.0000000+02:00" testType="13cdc9d9-ddb5-4fa4-a97d-d965ccfc6d4b" outcome="Passed" testListId="8c84fa94-04c1-424b-9868-57a2d4851a1d" relativeResultsDirectory="e786083b-c5a2-4592-ae57-ecbe8bfd2236" />
    <UnitTestResult executionId="dbd7a32a-12d4-460d-8888-e0e9c8dfa1e0" testId="9d43c9dd-9ed0-37ad-3810-cd0fa27c1b3a" testName="Compare_VariousTimes_ReturnsExpectedValues(25,1)" computerName="AVDC720" duration="00:00:00.0000001" startTime="2020-06-22T14:17:02.0000000+02:00" endTime="2020-06-22T14:17:02.0000000+02:00" testType="13cdc9d9-ddb5-4fa4-a97d-d965ccfc6d4b" outcome="Passed" testListId="8c84fa94-04c1-424b-9868-57a2d4851a1d" relativeResultsDirectory="dbd7a32a-12d4-460d-8888-e0e9c8dfa1e0" />
    <UnitTestResult executionId="38b71cb0-2a50-4edb-ae56-d6e6ce3eb235" testId="f81baf0f-ead9-5f35-fa39-b734665fe9b1" testName="Reached_SecondPacketDoesntReachBarrier_BarrierIsNotReached" computerName="AVDC720" duration="00:00:00.0000001" startTime="2020-06-22T14:17:03.0000000+02:00" endTime="2020-06-22T14:17:03.0000000+02:00" testType="13cdc9d9-ddb5-4fa4-a97d-d965ccfc6d4b" outcome="Passed" testListId="8c84fa94-04c1-424b-9868-57a2d4851a1d" relativeResultsDirectory="38b71cb0-2a50-4edb-ae56-d6e6ce3eb235" />
    <UnitTestResult executionId="30e0c13f-11d6-4c02-aee9-85579b0acf49" testId="f87db683-3a8e-4544-d4a4-bec956bf3b3f" testName="ParseTimeLine_WhenTimeIsValid_ReturnsExpectedBeginAndEnd" computerName="AVDC720" duration="00:00:00.0010000" startTime="2020-06-22T14:17:03.0000000+02:00" endTime="2020-06-22T14:17:03.0000000+02:00" testType="13cdc9d9-ddb5-4fa4-a97d-d965ccfc6d4b" outcome="Passed" testListId="8c84fa94-04c1-424b-9868-57a2d4851a1d" relativeResultsDirectory="30e0c13f-11d6-4c02-aee9-85579b0acf49" />
    <UnitTestResult executionId="5d893df4-cb31-4bc6-b32d-e32a91baae91" testId="b6c7b137-6c12-aa0e-37c0-885b1840aaf2" testName="Reset_CalledWhileDataSourcePublishedChunk_SkipsPublishedChunk" computerName="AVDC720" duration="00:00:00.0020000" startTime="2020-06-22T14:17:02.0000000+02:00" endTime="2020-06-22T14:17:02.0000000+02:00" testType="13cdc9d9-ddb5-4fa4-a97d-d965ccfc6d4b" outcome="Passed" testListId="8c84fa94-04c1-424b-9868-57a2d4851a1d" relativeResultsDirectory="5d893df4-cb31-4bc6-b32d-e32a91baae91" />
    <UnitTestResult executionId="5c6c70d3-560d-49b6-9ca1-298a3b8abca9" testId="7f654377-f7ad-ac97-076c-9956054067df" testName="Compare_VariousTimes_ReturnsExpectedValues(5,-1)" computerName="AVDC720" duration="00:00:00.0000001" startTime="2020-06-22T14:17:02.0000000+02:00" endTime="2020-06-22T14:17:02.0000000+02:00" testType="13cdc9d9-ddb5-4fa4-a97d-d965ccfc6d4b" outcome="Passed" testListId="8c84fa94-04c1-424b-9868-57a2d4851a1d" relativeResultsDirectory="5c6c70d3-560d-49b6-9ca1-298a3b8abca9" />
    <UnitTestResult executionId="1b04e181-a8dc-45cb-917d-3f1bd8a301d4" testId="97595e50-425c-1bd9-270d-ac32868fdf2d" testName="Init_StreamConfigAvailable_ReturnsStreamConfig(ForEs)" computerName="AVDC720" duration="00:00:00.0040000" startTime="2020-06-22T14:17:02.0000000+02:00" endTime="2020-06-22T14:17:02.0000000+02:00" testType="13cdc9d9-ddb5-4fa4-a97d-d965ccfc6d4b" outcome="Passed" testListId="8c84fa94-04c1-424b-9868-57a2d4851a1d" relativeResultsDirectory="1b04e181-a8dc-45cb-917d-3f1bd8a301d4" />
    <UnitTestResult executionId="4e4995eb-fd20-4681-b2f0-405cf7b547a9" testId="0bc18307-cfdc-0782-2c49-73e26dab37df" testName="Seek_Called_ResumesDemuxer" computerName="AVDC720" duration="00:00:00.0040000" startTime="2020-06-22T14:17:02.0000000+02:00" endTime="2020-06-22T14:17:02.0000000+02:00" testType="13cdc9d9-ddb5-4fa4-a97d-d965ccfc6d4b" outcome="Passed" testListId="8c84fa94-04c1-424b-9868-57a2d4851a1d" relativeResultsDirectory="4e4995eb-fd20-4681-b2f0-405cf7b547a9" />
    <UnitTestResult executionId="c7fbd4d4-af7a-47ae-b123-21c07754ac14" testId="6edbc781-4e0b-a9f7-1870-a384b19f1879" testName="ParseTime_TimeFormatIsInvalid_ThrowsFormatException(&quot;0.0.0.0&quot;)" computerName="AVDC720" duration="00:00:00.0000001" startTime="2020-06-22T14:17:03.0000000+02:00" endTime="2020-06-22T14:17:03.0000000+02:00" testType="13cdc9d9-ddb5-4fa4-a97d-d965ccfc6d4b" outcome="Passed" testListId="8c84fa94-04c1-424b-9868-57a2d4851a1d" relativeResultsDirectory="c7fbd4d4-af7a-47ae-b123-21c07754ac14" />
    <UnitTestResult executionId="6992d9ce-da9d-4dfb-b9de-84cb6dffac94" testId="b514154e-fcf9-e8b7-b0ab-c1233ec7970b" testName="End_EqualsBegin_ThrowsArgumentException" computerName="AVDC720" duration="00:00:00.0010000" startTime="2020-06-22T14:17:02.0000000+02:00" endTime="2020-06-22T14:17:02.0000000+02:00" testType="13cdc9d9-ddb5-4fa4-a97d-d965ccfc6d4b" outcome="Passed" testListId="8c84fa94-04c1-424b-9868-57a2d4851a1d" relativeResultsDirectory="6992d9ce-da9d-4dfb-b9de-84cb6dffac94" />
    <UnitTestResult executionId="f7d81606-8dcc-4676-826c-6c610532813c" testId="2fcfa690-0061-2be9-893e-b95e28348722" testName="TestGetInstanceBeforeConfigure" computerName="AVDC720" duration="00:00:00.0000001" startTime="2020-06-22T14:17:02.0000000+02:00" endTime="2020-06-22T14:17:02.0000000+02:00" testType="13cdc9d9-ddb5-4fa4-a97d-d965ccfc6d4b" outcome="Passed" testListId="8c84fa94-04c1-424b-9868-57a2d4851a1d" relativeResultsDirectory="f7d81606-8dcc-4676-826c-6c610532813c" />
    <UnitTestResult executionId="d8b407e9-43a3-48e4-8530-ab32e41ef48c" testId="188b81ef-d6d5-d5db-9dda-ab27251848f9" testName="Parse_DifferentEncodings_ParsesSuccessfully(&quot;JuvoPlayer.Tests.res.subtitles.media_player_subs_windows-1253.srt&quot;,&quot;windows-1253&quot;,&quot;[Greek] 3.5: Άά Αα Ββ Γγ Δδ Εε Ζζ Ηη Θθ Ιι Κκ Λλ Ξξ Ψψ Ωω ώ&quot;)" computerName="AVDC720" duration="00:00:00.0010000" startTime="2020-06-22T14:17:02.0000000+02:00" endTime="2020-06-22T14:17:02.0000000+02:00" testType="13cdc9d9-ddb5-4fa4-a97d-d965ccfc6d4b" outcome="Passed" testListId="8c84fa94-04c1-424b-9868-57a2d4851a1d" relativeResultsDirectory="d8b407e9-43a3-48e4-8530-ab32e41ef48c" />
    <UnitTestResult executionId="cb53b77e-2bf4-4c98-9142-b15ef65d0651" testId="8c69b9b6-1758-6875-02cf-0ad701b0c4d3" testName="ParseTimeLine_WhenLineIsInvalid_ThrowsFormatException(&quot;00:02:17,440 - 00:02:20,375&quot;)" computerName="AVDC720" duration="00:00:00.0000001" startTime="2020-06-22T14:17:03.0000000+02:00" endTime="2020-06-22T14:17:03.0000000+02:00" testType="13cdc9d9-ddb5-4fa4-a97d-d965ccfc6d4b" outcome="Passed" testListId="8c84fa94-04c1-424b-9868-57a2d4851a1d" relativeResultsDirectory="cb53b77e-2bf4-4c98-9142-b15ef65d0651" />
    <UnitTestResult executionId="7f73c719-dd6d-4bb8-bc84-518c0882b05e" testId="4974b841-fe50-bc17-3fa6-12c238970853" testName="MoveToTimeLine_WebVttHasNoTimeLine_ReturnsNull" computerName="AVDC720" duration="00:00:00.0000001" startTime="2020-06-22T14:17:03.0000000+02:00" endTime="2020-06-22T14:17:03.0000000+02:00" testType="13cdc9d9-ddb5-4fa4-a97d-d965ccfc6d4b" outcome="Passed" testListId="8c84fa94-04c1-424b-9868-57a2d4851a1d" relativeResultsDirectory="7f73c719-dd6d-4bb8-bc84-518c0882b05e" />
    <UnitTestResult executionId="9bdef5a9-6dbb-4014-8565-122902d16939" testId="639b760f-d73b-dd9e-184b-d4fba82810a2" testName="Get_TwoAdjacentCuesAndGetForFirst_ReturnsFirstOne" computerName="AVDC720" duration="00:00:00.0010000" startTime="2020-06-22T14:17:02.0000000+02:00" endTime="2020-06-22T14:17:02.0000000+02:00" testType="13cdc9d9-ddb5-4fa4-a97d-d965ccfc6d4b" outcome="Passed" testListId="8c84fa94-04c1-424b-9868-57a2d4851a1d" relativeResultsDirectory="9bdef5a9-6dbb-4014-8565-122902d16939" />
    <UnitTestResult executionId="1a690a24-7224-423e-8658-086e5fd9bc34" testId="88bc5129-e7aa-8963-c140-f3fd33a92044" testName="Parse_DifferentEncodings_ParsesSuccessfully(&quot;JuvoPlayer.Tests.res.subtitles.media_player_subs_windows-1256.srt&quot;,&quot;windows-1256&quot;,&quot;[Arabic] 3.0: علاء ديه القط، والقط هو علاء&quot;)" computerName="AVDC720" duration="00:00:00.0010000" startTime="2020-06-22T14:17:02.0000000+02:00" endTime="2020-06-22T14:17:02.0000000+02:00" testType="13cdc9d9-ddb5-4fa4-a97d-d965ccfc6d4b" outcome="Passed" testListId="8c84fa94-04c1-424b-9868-57a2d4851a1d" relativeResultsDirectory="1a690a24-7224-423e-8658-086e5fd9bc34" />
    <UnitTestResult executionId="bc0729dc-8609-48a8-8135-9d3171fc2fc1" testId="ecb58899-c328-f985-2c0b-ed632069fc86" testName="ParseTime_TimeFormatIsInvalid_ThrowsFormatException(&quot;0,0,0.0&quot;)" computerName="AVDC720" duration="00:00:00.0000001" startTime="2020-06-22T14:17:03.0000000+02:00" endTime="2020-06-22T14:17:03.0000000+02:00" testType="13cdc9d9-ddb5-4fa4-a97d-d965ccfc6d4b" outcome="Passed" testListId="8c84fa94-04c1-424b-9868-57a2d4851a1d" relativeResultsDirectory="bc0729dc-8609-48a8-8135-9d3171fc2fc1" />
    <UnitTestResult executionId="82173cad-05a4-486a-9778-b96fd5a5ad53" testId="e5d47529-6859-840c-851a-4907cc409f71" testName="Begin_GreaterThanEnd_ThrowsArgumentException" computerName="AVDC720" duration="00:00:00.0010000" startTime="2020-06-22T14:17:02.0000000+02:00" endTime="2020-06-22T14:17:02.0000000+02:00" testType="13cdc9d9-ddb5-4fa4-a97d-d965ccfc6d4b" outcome="Passed" testListId="8c84fa94-04c1-424b-9868-57a2d4851a1d" relativeResultsDirectory="82173cad-05a4-486a-9778-b96fd5a5ad53" />
    <UnitTestResult executionId="5267d49b-7775-4ad9-9dd0-cb214dd97779" testId="7a04701a-199d-8dcd-efe9-bb7e5f52c2c3" testName="Parse_DifferentEncodings_ParsesSuccessfully(&quot;JuvoPlayer.Tests.res.subtitles.media_player_subs_gb2312.srt&quot;,&quot;gb2312&quot;,&quot;[Chinese Simplified] 4.5: 她有一只猫.猫的皮毛有&quot;)" computerName="AVDC720" duration="00:00:00.0030000" startTime="2020-06-22T14:17:02.0000000+02:00" endTime="2020-06-22T14:17:02.0000000+02:00" testType="13cdc9d9-ddb5-4fa4-a97d-d965ccfc6d4b" outcome="Passed" testListId="8c84fa94-04c1-424b-9868-57a2d4851a1d" relativeResultsDirectory="5267d49b-7775-4ad9-9dd0-cb214dd97779" />
    <UnitTestResult executionId="ea3b297a-401f-4290-9219-fa096b79ac87" testId="2d85f549-8828-c240-c852-fbc1c3d942b1" testName="OnStreamConfigChanged_WhenStreamConfigIsValid_CallsContextExtraDataHandler" computerName="AVDC720" duration="00:00:00.0010000" startTime="2020-06-22T14:17:03.0000000+02:00" endTime="2020-06-22T14:17:03.0000000+02:00" testType="13cdc9d9-ddb5-4fa4-a97d-d965ccfc6d4b" outcome="Passed" testListId="8c84fa94-04c1-424b-9868-57a2d4851a1d" relativeResultsDirectory="ea3b297a-401f-4290-9219-fa096b79ac87" />
    <UnitTestResult executionId="6e4585eb-cb6c-416c-aa37-b41200c1d6c1" testId="e7c41882-0f2b-10a3-a41f-5cb13aefcf02" testName="Get_MapIsEmpty_ReturnsNull" computerName="AVDC720" duration="00:00:00.0000001" startTime="2020-06-22T14:17:02.0000000+02:00" endTime="2020-06-22T14:17:02.0000000+02:00" testType="13cdc9d9-ddb5-4fa4-a97d-d965ccfc6d4b" outcome="Passed" testListId="8c84fa94-04c1-424b-9868-57a2d4851a1d" relativeResultsDirectory="6e4585eb-cb6c-416c-aa37-b41200c1d6c1" />
    <UnitTestResult executionId="53ff671f-bbe9-4695-9f66-5135ad4b5a92" testId="a4113738-4c26-f7ce-6619-a550a359b6d4" testName="ResolveByMimeType_InvalidMimeType_ReturnsInvalidFormat" computerName="AVDC720" duration="00:00:00.0000001" startTime="2020-06-22T14:17:03.0000000+02:00" endTime="2020-06-22T14:17:03.0000000+02:00" testType="13cdc9d9-ddb5-4fa4-a97d-d965ccfc6d4b" outcome="Passed" testListId="8c84fa94-04c1-424b-9868-57a2d4851a1d" relativeResultsDirectory="53ff671f-bbe9-4695-9f66-5135ad4b5a92" />
    <UnitTestResult executionId="7be95d29-136f-4187-8252-9ad01963c3e7" testId="13c9576e-1060-3a96-db24-b3da48519d05" testName="Reset_Called_ResetsDemuxer" computerName="AVDC720" duration="00:00:00.0000001" startTime="2020-06-22T14:17:02.0000000+02:00" endTime="2020-06-22T14:17:02.0000000+02:00" testType="13cdc9d9-ddb5-4fa4-a97d-d965ccfc6d4b" outcome="Passed" testListId="8c84fa94-04c1-424b-9868-57a2d4851a1d" relativeResultsDirectory="7be95d29-136f-4187-8252-9ad01963c3e7" />
    <UnitTestResult executionId="c2cafa6b-d04e-4de4-ad77-e024764dc800" testId="320b5630-864f-a352-1987-972112f06fc2" testName="XMLData_AppParserSysParser_same_OK" computerName="AVDC720" duration="00:00:00.4240000" startTime="2020-06-22T14:17:02.0000000+02:00" endTime="2020-06-22T14:17:03.0000000+02:00" testType="13cdc9d9-ddb5-4fa4-a97d-d965ccfc6d4b" outcome="Passed" testListId="8c84fa94-04c1-424b-9868-57a2d4851a1d" relativeResultsDirectory="c2cafa6b-d04e-4de4-ad77-e024764dc800" />
    <UnitTestResult executionId="e9579795-ec72-4452-b38f-60f071edf459" testId="8783796f-a651-a81b-ada6-5919643ee00e" testName="Reset_CalledAfterBarrierIsReached_ResetsBarrier" computerName="AVDC720" duration="00:00:00.0000001" startTime="2020-06-22T14:17:03.0000000+02:00" endTime="2020-06-22T14:17:03.0000000+02:00" testType="13cdc9d9-ddb5-4fa4-a97d-d965ccfc6d4b" outcome="Passed" testListId="8c84fa94-04c1-424b-9868-57a2d4851a1d" relativeResultsDirectory="e9579795-ec72-4452-b38f-60f071edf459" />
    <UnitTestResult executionId="b17a80f0-0a1d-40b0-b4bf-3f90c08b3764" testId="63887502-2290-59ec-06c5-74675818419c" testName="OnStreamConfigChanged_WhenStreamConfigIsNull_ThrowsArgumentNullException" computerName="AVDC720" duration="00:00:00.0010000" startTime="2020-06-22T14:17:03.0000000+02:00" endTime="2020-06-22T14:17:03.0000000+02:00" testType="13cdc9d9-ddb5-4fa4-a97d-d965ccfc6d4b" outcome="Passed" testListId="8c84fa94-04c1-424b-9868-57a2d4851a1d" relativeResultsDirectory="b17a80f0-0a1d-40b0-b4bf-3f90c08b3764" />
    <UnitTestResult executionId="7a59517b-1e19-432b-8645-d7b82062fc2a" testId="c417f526-f617-d89a-9e27-2a222a15bac0" testName="TestConfigureWithNull" computerName="AVDC720" duration="00:00:00.0020000" startTime="2020-06-22T14:17:02.0000000+02:00" endTime="2020-06-22T14:17:02.0000000+02:00" testType="13cdc9d9-ddb5-4fa4-a97d-d965ccfc6d4b" outcome="Passed" testListId="8c84fa94-04c1-424b-9868-57a2d4851a1d" relativeResultsDirectory="7a59517b-1e19-432b-8645-d7b82062fc2a" />
    <UnitTestResult executionId="a31b7ba1-cdc1-4ab1-942c-5e42cab079cf" testId="5ab273b4-d5f1-2abf-3a88-3bfeef20ebf5" testName="TestInvalidConfig" computerName="AVDC720" duration="00:00:00.0040000" startTime="2020-06-22T14:17:02.0000000+02:00" endTime="2020-06-22T14:17:02.0000000+02:00" testType="13cdc9d9-ddb5-4fa4-a97d-d965ccfc6d4b" outcome="Passed" testListId="8c84fa94-04c1-424b-9868-57a2d4851a1d" relativeResultsDirectory="a31b7ba1-cdc1-4ab1-942c-5e42cab079cf" />
    <UnitTestResult executionId="10c9ce69-1963-4cf3-a8fb-b9ad965cd903" testId="5da37516-dacb-d422-fbee-12efa0638ad9" testName="TestValidConfig" computerName="AVDC720" duration="00:00:00.0060000" startTime="2020-06-22T14:17:02.0000000+02:00" endTime="2020-06-22T14:17:02.0000000+02:00" testType="13cdc9d9-ddb5-4fa4-a97d-d965ccfc6d4b" outcome="Passed" testListId="8c84fa94-04c1-424b-9868-57a2d4851a1d" relativeResultsDirectory="10c9ce69-1963-4cf3-a8fb-b9ad965cd903" />
    <UnitTestResult executionId="2f74158a-1c70-4dce-a328-35bc24097363" testId="913bcb3f-29bc-fd1f-7c98-c387d71227d4" testName="Start_StreamConfigFound_PublishesStreamConfig(StartForUrl)" computerName="AVDC720" duration="00:00:00.0010000" startTime="2020-06-22T14:17:02.0000000+02:00" endTime="2020-06-22T14:17:02.0000000+02:00" testType="13cdc9d9-ddb5-4fa4-a97d-d965ccfc6d4b" outcome="Passed" testListId="8c84fa94-04c1-424b-9868-57a2d4851a1d" relativeResultsDirectory="2f74158a-1c70-4dce-a328-35bc24097363" />
    <UnitTestResult executionId="479b6b9b-6845-49b8-a746-222aff6fb3a4" testId="a6d0eb97-9095-37a6-7ebf-53f8881d60f0" testName="GetDrmType_ValidType_ReturnsValid(&quot;playready&quot;,PlayReady)" computerName="AVDC720" duration="00:00:00.0010000" startTime="2020-06-22T14:17:02.0000000+02:00" endTime="2020-06-22T14:17:02.0000000+02:00" testType="13cdc9d9-ddb5-4fa4-a97d-d965ccfc6d4b" outcome="Passed" testListId="8c84fa94-04c1-424b-9868-57a2d4851a1d" relativeResultsDirectory="479b6b9b-6845-49b8-a746-222aff6fb3a4" />
    <UnitTestResult executionId="9d78bf9e-38b7-4c26-9b42-5665eb1deea2" testId="b7fd9400-1bb5-081c-d5a3-25a6c282dcbe" testName="HasRepresentation_OK" computerName="AVDC720" duration="00:00:00.0010000" startTime="2020-06-22T14:17:02.0000000+02:00" endTime="2020-06-22T14:17:02.0000000+02:00" testType="13cdc9d9-ddb5-4fa4-a97d-d965ccfc6d4b" outcome="Passed" testListId="8c84fa94-04c1-424b-9868-57a2d4851a1d" relativeResultsDirectory="9d78bf9e-38b7-4c26-9b42-5665eb1deea2" />
    <UnitTestResult executionId="b8ffc3a1-8be9-4633-b937-15be1cf992f0" testId="6682c8f3-9c28-94a7-d656-217500880b94" testName="SchemeIdUriToSystemId_PlayReadySchemeId_ReturnsSystemId" computerName="AVDC720" duration="00:00:00.0010000" startTime="2020-06-22T14:17:02.0000000+02:00" endTime="2020-06-22T14:17:02.0000000+02:00" testType="13cdc9d9-ddb5-4fa4-a97d-d965ccfc6d4b" outcome="Passed" testListId="8c84fa94-04c1-424b-9868-57a2d4851a1d" relativeResultsDirectory="b8ffc3a1-8be9-4633-b937-15be1cf992f0" />
    <UnitTestResult executionId="ab6799f3-249d-4a58-abe9-8ee6b33292fe" testId="8d0615a4-0a37-112e-879e-4003daa62f87" testName="GetKeySystemName_PlayReadySystemId_ReturnsValid" computerName="AVDC720" duration="00:00:00.0010000" startTime="2020-06-22T14:17:02.0000000+02:00" endTime="2020-06-22T14:17:02.0000000+02:00" testType="13cdc9d9-ddb5-4fa4-a97d-d965ccfc6d4b" outcome="Passed" testListId="8c84fa94-04c1-424b-9868-57a2d4851a1d" relativeResultsDirectory="ab6799f3-249d-4a58-abe9-8ee6b33292fe" />
    <UnitTestResult executionId="c36bab08-57a4-4cd3-b35c-125bf97f8f4e" testId="0b3f14e6-954c-5a2d-85d5-9644a0e349e2" testName="TestConsoleLogger" computerName="AVDC720" duration="00:00:00.0020000" startTime="2020-06-22T14:17:02.0000000+02:00" endTime="2020-06-22T14:17:02.0000000+02:00" testType="13cdc9d9-ddb5-4fa4-a97d-d965ccfc6d4b" outcome="Passed" testListId="8c84fa94-04c1-424b-9868-57a2d4851a1d" relativeResultsDirectory="c36bab08-57a4-4cd3-b35c-125bf97f8f4e">
      <Output>
        <StdOut>[Fatal] LoggerClient.cs: Func:40 &gt; message
[Error] LoggerClient.cs: Func:41 &gt; message
[Warn] LoggerClient.cs: Func:42 &gt; message
[Info] LoggerClient.cs: Func:43 &gt; message
[Debug] LoggerClient.cs: Func:44 &gt; message
[Verbose] LoggerClient.cs: Func:45 &gt; message</StdOut>
      </Output>
    </UnitTestResult>
    <UnitTestResult executionId="a3520eaf-629b-43ed-afd6-29d838df4631" testId="0e065e73-d47f-3a00-98d6-e8eb7ca6357c" testName="Init_StreamConfigAvailable_ReturnsStreamConfig(ForUrl)" computerName="AVDC720" duration="00:00:00.0030000" startTime="2020-06-22T14:17:02.0000000+02:00" endTime="2020-06-22T14:17:02.0000000+02:00" testType="13cdc9d9-ddb5-4fa4-a97d-d965ccfc6d4b" outcome="Passed" testListId="8c84fa94-04c1-424b-9868-57a2d4851a1d" relativeResultsDirectory="a3520eaf-629b-43ed-afd6-29d838df4631" />
    <UnitTestResult executionId="75f1d6b2-f2f5-4141-bae2-a774b9641b92" testId="297e934f-7145-7b72-115d-3787b6d62aa4" testName="ParseTimeLine_WhenLineIsInvalid_ThrowsFormatException(&quot;--&gt;  00:02:17,440&quot;)" computerName="AVDC720" duration="00:00:00.0000001" startTime="2020-06-22T14:17:03.0000000+02:00" endTime="2020-06-22T14:17:03.0000000+02:00" testType="13cdc9d9-ddb5-4fa4-a97d-d965ccfc6d4b" outcome="Passed" testListId="8c84fa94-04c1-424b-9868-57a2d4851a1d" relativeResultsDirectory="75f1d6b2-f2f5-4141-bae2-a774b9641b92" />
    <UnitTestResult executionId="d4df6788-c45e-4a2b-bfb5-53cc6d4de535" testId="39d5ff9a-2a80-e32f-8c48-31ef5543d04d" testName="Get_KeyBetweenTwoCues_ReturnsNull" computerName="AVDC720" duration="00:00:00.0010000" startTime="2020-06-22T14:17:02.0000000+02:00" endTime="2020-06-22T14:17:02.0000000+02:00" testType="13cdc9d9-ddb5-4fa4-a97d-d965ccfc6d4b" outcome="Passed" testListId="8c84fa94-04c1-424b-9868-57a2d4851a1d" relativeResultsDirectory="d4df6788-c45e-4a2b-bfb5-53cc6d4de535" />
    <UnitTestResult executionId="1d97a6c6-c42b-4f75-ad10-51755ec1333f" testId="82c42f6e-956e-b76d-5149-62245c80f145" testName="Flush_CalledWhileChunkIsPending_ChunkIsDeliveredToDemuxer" computerName="AVDC720" duration="00:00:00.0430000" startTime="2020-06-22T14:17:02.0000000+02:00" endTime="2020-06-22T14:17:02.0000000+02:00" testType="13cdc9d9-ddb5-4fa4-a97d-d965ccfc6d4b" outcome="Passed" testListId="8c84fa94-04c1-424b-9868-57a2d4851a1d" relativeResultsDirectory="1d97a6c6-c42b-4f75-ad10-51755ec1333f" />
    <UnitTestResult executionId="72901475-7fa3-447d-a624-f4a376e24f3c" testId="dc96a1db-064c-82c9-b5a0-e3b7d110c702" testName="ParseTimeLine_TimeLineIsInvalid_ThrowsFormatException(&quot;&quot;)" computerName="AVDC720" duration="00:00:00.0000001" startTime="2020-06-22T14:17:03.0000000+02:00" endTime="2020-06-22T14:17:03.0000000+02:00" testType="13cdc9d9-ddb5-4fa4-a97d-d965ccfc6d4b" outcome="Passed" testListId="8c84fa94-04c1-424b-9868-57a2d4851a1d" relativeResultsDirectory="72901475-7fa3-447d-a624-f4a376e24f3c" />
    <UnitTestResult executionId="94a1a037-b73e-4ef5-a10b-0d6685bb6f0a" testId="0d59dc87-668a-e439-20c3-2f6fcc18afb6" testName="Reached_SecondPacketIsNonDataPacket_BarrierIsNotReached" computerName="AVDC720" duration="00:00:00.0000001" startTime="2020-06-22T14:17:03.0000000+02:00" endTime="2020-06-22T14:17:03.0000000+02:00" testType="13cdc9d9-ddb5-4fa4-a97d-d965ccfc6d4b" outcome="Passed" testListId="8c84fa94-04c1-424b-9868-57a2d4851a1d" relativeResultsDirectory="94a1a037-b73e-4ef5-a10b-0d6685bb6f0a" />
    <UnitTestResult executionId="026732aa-203d-4942-aab5-5f1e147b90c1" testId="b5d74e53-26e8-fd8a-6e3c-c86cfe8ea12c" testName="Seek_Called_ListensForEos" computerName="AVDC720" duration="00:00:00.0020000" startTime="2020-06-22T14:17:02.0000000+02:00" endTime="2020-06-22T14:17:02.0000000+02:00" testType="13cdc9d9-ddb5-4fa4-a97d-d965ccfc6d4b" outcome="Passed" testListId="8c84fa94-04c1-424b-9868-57a2d4851a1d" relativeResultsDirectory="026732aa-203d-4942-aab5-5f1e147b90c1" />
    <UnitTestResult executionId="c53c629d-94bd-41d1-b234-826647352ff2" testId="14bf11d8-cd56-b03e-b93b-91e02f6e5782" testName="ParseTimeLine_WhenLineIsInvalid_ThrowsFormatException(&quot;00:02:17,440 --&gt;&quot;)" computerName="AVDC720" duration="00:00:00.0000001" startTime="2020-06-22T14:17:03.0000000+02:00" endTime="2020-06-22T14:17:03.0000000+02:00" testType="13cdc9d9-ddb5-4fa4-a97d-d965ccfc6d4b" outcome="Passed" testListId="8c84fa94-04c1-424b-9868-57a2d4851a1d" relativeResultsDirectory="c53c629d-94bd-41d1-b234-826647352ff2" />
    <UnitTestResult executionId="76530f6c-af09-4ca2-876a-4e66f100d74d" testId="57c0ae3c-c55a-4a36-bc50-46b8e916c8ec" testName="Compare_VariousTimes_ReturnsExpectedValues(10,0)" computerName="AVDC720" duration="00:00:00.0000001" startTime="2020-06-22T14:17:02.0000000+02:00" endTime="2020-06-22T14:17:02.0000000+02:00" testType="13cdc9d9-ddb5-4fa4-a97d-d965ccfc6d4b" outcome="Passed" testListId="8c84fa94-04c1-424b-9868-57a2d4851a1d" relativeResultsDirectory="76530f6c-af09-4ca2-876a-4e66f100d74d" />
    <UnitTestResult executionId="27e55cd8-3f17-4eb1-bbcc-c81aebda34fc" testId="5652ce59-b2d8-d716-cc63-db9d5225d1de" testName="Start_PacketsDemuxed_PublishesPackets(StartForUrl)" computerName="AVDC720" duration="00:00:00.0010000" startTime="2020-06-22T14:17:02.0000000+02:00" endTime="2020-06-22T14:17:02.0000000+02:00" testType="13cdc9d9-ddb5-4fa4-a97d-d965ccfc6d4b" outcome="Passed" testListId="8c84fa94-04c1-424b-9868-57a2d4851a1d" relativeResultsDirectory="27e55cd8-3f17-4eb1-bbcc-c81aebda34fc" />
    <UnitTestResult executionId="25f15d64-b926-4e27-b004-c4997dd6216a" testId="277f52da-2282-9c65-51fe-2a9bdc6748b7" testName="Begin_LessThanEnd_SetsSuccessfully" computerName="AVDC720" duration="00:00:00.0030000" startTime="2020-06-22T14:17:02.0000000+02:00" endTime="2020-06-22T14:17:02.0000000+02:00" testType="13cdc9d9-ddb5-4fa4-a97d-d965ccfc6d4b" outcome="Passed" testListId="8c84fa94-04c1-424b-9868-57a2d4851a1d" relativeResultsDirectory="25f15d64-b926-4e27-b004-c4997dd6216a" />
    <UnitTestResult executionId="1962b54d-618f-4c4b-a72a-d98d487bbac7" testId="da5a75b7-aa19-0293-49b5-3bd5a004ec15" testName="Reset_Called_DeallocsAVIOFormatContext" computerName="AVDC720" duration="00:00:00.0030000" startTime="2020-06-22T14:17:02.0000000+02:00" endTime="2020-06-22T14:17:02.0000000+02:00" testType="13cdc9d9-ddb5-4fa4-a97d-d965ccfc6d4b" outcome="Passed" testListId="8c84fa94-04c1-424b-9868-57a2d4851a1d" relativeResultsDirectory="1962b54d-618f-4c4b-a72a-d98d487bbac7" />
    <UnitTestResult executionId="a7ac8831-0427-455d-bfeb-3feb7461a763" testId="2a5400f7-59f9-282c-1900-944ef8ecb847" testName="SupportsSchemeIdUri_PlayReadySchemeIdUri_ReturnsTrue" computerName="AVDC720" duration="00:00:00.0000001" startTime="2020-06-22T14:17:02.0000000+02:00" endTime="2020-06-22T14:17:02.0000000+02:00" testType="13cdc9d9-ddb5-4fa4-a97d-d965ccfc6d4b" outcome="Passed" testListId="8c84fa94-04c1-424b-9868-57a2d4851a1d" relativeResultsDirectory="a7ac8831-0427-455d-bfeb-3feb7461a763" />
    <UnitTestResult executionId="f0c491c8-780d-450a-b18b-006140aa7356" testId="864940c8-b53d-5e0a-9ab8-2ad580ee97c1" testName="Serialization_OperationSerialized_DeserializedProperly(JuvoPlayer.Tests.Utils.PauseOperation)" computerName="AVDC720" duration="00:00:00.0010000" startTime="2020-06-22T14:17:01.0000000+02:00" endTime="2020-06-22T14:17:02.0000000+02:00" testType="13cdc9d9-ddb5-4fa4-a97d-d965ccfc6d4b" outcome="Passed" testListId="8c84fa94-04c1-424b-9868-57a2d4851a1d" relativeResultsDirectory="f0c491c8-780d-450a-b18b-006140aa7356" />
    <UnitTestResult executionId="11587155-a04f-429c-b19c-d067805c1880" testId="e627cd52-2378-d6fc-2ff2-c4c49c512a76" testName="SupportsSchemeIdUri_InvalidSchemeIdUri_ReturnsFalse" computerName="AVDC720" duration="00:00:00.0030000" startTime="2020-06-22T14:17:02.0000000+02:00" endTime="2020-06-22T14:17:02.0000000+02:00" testType="13cdc9d9-ddb5-4fa4-a97d-d965ccfc6d4b" outcome="Passed" testListId="8c84fa94-04c1-424b-9868-57a2d4851a1d" relativeResultsDirectory="11587155-a04f-429c-b19c-d067805c1880" />
    <UnitTestResult executionId="cf2f5512-8a1c-4c68-8683-8656caee8abf" testId="372c9fce-3145-adc3-8977-856762fa7aac" testName="CreateDataProvider_NotSupported" computerName="AVDC720" duration="00:00:00.1650000" startTime="2020-06-22T14:17:02.0000000+02:00" endTime="2020-06-22T14:17:02.0000000+02:00" testType="13cdc9d9-ddb5-4fa4-a97d-d965ccfc6d4b" outcome="Passed" testListId="8c84fa94-04c1-424b-9868-57a2d4851a1d" relativeResultsDirectory="cf2f5512-8a1c-4c68-8683-8656caee8abf" />
    <UnitTestResult executionId="4044f753-348e-43b7-b8e9-bc5a77b2e20a" testId="8b5ade29-f79f-4071-809a-b5dffc281389" testName="ParseTimeLine_TimeLineIsInvalid_ThrowsFormatException(&quot;01:18.171 -- 01:20.171&quot;)" computerName="AVDC720" duration="00:00:00.0000001" startTime="2020-06-22T14:17:03.0000000+02:00" endTime="2020-06-22T14:17:03.0000000+02:00" testType="13cdc9d9-ddb5-4fa4-a97d-d965ccfc6d4b" outcome="Passed" testListId="8c84fa94-04c1-424b-9868-57a2d4851a1d" relativeResultsDirectory="4044f753-348e-43b7-b8e9-bc5a77b2e20a" />
    <UnitTestResult executionId="f9c0871e-22cd-4527-a4be-21ac1c884cd3" testId="b4eee26d-24ec-582f-e097-1f57b7e85dcb" testName="ParseText_ContainsEscapeSequence_DecodesSuccessfully(&quot;begin &amp;amp; end&quot;,&quot;begin &amp; end&quot;)" computerName="AVDC720" duration="00:00:00.0010000" startTime="2020-06-22T14:17:03.0000000+02:00" endTime="2020-06-22T14:17:03.0000000+02:00" testType="13cdc9d9-ddb5-4fa4-a97d-d965ccfc6d4b" outcome="Passed" testListId="8c84fa94-04c1-424b-9868-57a2d4851a1d" relativeResultsDirectory="f9c0871e-22cd-4527-a4be-21ac1c884cd3" />
    <UnitTestResult executionId="f939bd0d-6855-477f-8a23-a828b1e692bf" testId="4f7bdc50-58ea-1837-577f-74ef6cb0ffb7" testName="TestInvalidLogLevel" computerName="AVDC720" duration="00:00:00.0010000" startTime="2020-06-22T14:17:02.0000000+02:00" endTime="2020-06-22T14:17:02.0000000+02:00" testType="13cdc9d9-ddb5-4fa4-a97d-d965ccfc6d4b" outcome="Passed" testListId="8c84fa94-04c1-424b-9868-57a2d4851a1d" relativeResultsDirectory="f939bd0d-6855-477f-8a23-a828b1e692bf" />
    <UnitTestResult executionId="5b112ccd-1570-421c-b4c8-a5f4a16b4803" testId="08fa8c0b-a89b-568b-783e-bb49d811f5cb" testName="HasAVMedia_OK" computerName="AVDC720" duration="00:00:00.0020000" startTime="2020-06-22T14:17:02.0000000+02:00" endTime="2020-06-22T14:17:02.0000000+02:00" testType="13cdc9d9-ddb5-4fa4-a97d-d965ccfc6d4b" outcome="Passed" testListId="8c84fa94-04c1-424b-9868-57a2d4851a1d" relativeResultsDirectory="5b112ccd-1570-421c-b4c8-a5f4a16b4803" />
    <UnitTestResult executionId="ef78fb3d-1fe1-4bd2-a6ac-eb1c8aa62857" testId="31911a88-751c-bf36-b733-4c5fb543e8b3" testName="Serialization_OperationSerialized_DeserializedProperly(JuvoPlayer.Tests.Utils.ChangeRepresentationOperation)" computerName="AVDC720" duration="00:00:00.0040000" startTime="2020-06-22T14:17:01.0000000+02:00" endTime="2020-06-22T14:17:01.0000000+02:00" testType="13cdc9d9-ddb5-4fa4-a97d-d965ccfc6d4b" outcome="Passed" testListId="8c84fa94-04c1-424b-9868-57a2d4851a1d" relativeResultsDirectory="ef78fb3d-1fe1-4bd2-a6ac-eb1c8aa62857" />
    <UnitTestResult executionId="72d958dc-cab4-43d8-b8ec-4b2dad3a57ce" testId="5b212d48-3586-21cd-2d5d-74feb2deb816" testName="MoveToTimeLine_WebVttHasTwoTimeLines_ReturnsBoth" computerName="AVDC720" duration="00:00:00.0000001" startTime="2020-06-22T14:17:03.0000000+02:00" endTime="2020-06-22T14:17:03.0000000+02:00" testType="13cdc9d9-ddb5-4fa4-a97d-d965ccfc6d4b" outcome="Passed" testListId="8c84fa94-04c1-424b-9868-57a2d4851a1d" relativeResultsDirectory="72d958dc-cab4-43d8-b8ec-4b2dad3a57ce" />
    <UnitTestResult executionId="35cb2b4f-9f5a-4c2d-801f-5b36ffc9bdb0" testId="1f7bba7b-44c7-d415-228c-13d53a0e097d" testName="ResolveByPath_InvalidPath_ReturnInvalidFormat" computerName="AVDC720" duration="00:00:00.0000001" startTime="2020-06-22T14:17:03.0000000+02:00" endTime="2020-06-22T14:17:03.0000000+02:00" testType="13cdc9d9-ddb5-4fa4-a97d-d965ccfc6d4b" outcome="Passed" testListId="8c84fa94-04c1-424b-9868-57a2d4851a1d" relativeResultsDirectory="35cb2b4f-9f5a-4c2d-801f-5b36ffc9bdb0" />
    <UnitTestResult executionId="6182aad7-2d9e-424c-acf3-36fb04a6327a" testId="3a15d223-5377-905d-8b73-e96a8942d8f8" testName="OnChangeActiveStream_UnknownSubtitles_ThrowsArgumentException" computerName="AVDC720" duration="00:00:00.0010000" startTime="2020-06-22T14:17:02.0000000+02:00" endTime="2020-06-22T14:17:02.0000000+02:00" testType="13cdc9d9-ddb5-4fa4-a97d-d965ccfc6d4b" outcome="Passed" testListId="8c84fa94-04c1-424b-9868-57a2d4851a1d" relativeResultsDirectory="6182aad7-2d9e-424c-acf3-36fb04a6327a" />
    <UnitTestResult executionId="1af0e7f9-f13f-4628-b8cb-32877d7a5834" testId="6c6cc584-dae2-c9a7-15dc-6a0756b39c6c" testName="NextPacket_CalledBeforeInit_ThrowsInvalidOperationException" computerName="AVDC720" duration="00:00:00.0030000" startTime="2020-06-22T14:17:02.0000000+02:00" endTime="2020-06-22T14:17:02.0000000+02:00" testType="13cdc9d9-ddb5-4fa4-a97d-d965ccfc6d4b" outcome="Passed" testListId="8c84fa94-04c1-424b-9868-57a2d4851a1d" relativeResultsDirectory="1af0e7f9-f13f-4628-b8cb-32877d7a5834" />
    <UnitTestResult executionId="14781aaa-df12-470a-b2da-4cc408e1fe90" testId="17fa2bb9-6058-ffa9-3803-d58553ec74eb" testName="End_LessThanBegin_ThrowsArgumentException" computerName="AVDC720" duration="00:00:00.0010000" startTime="2020-06-22T14:17:02.0000000+02:00" endTime="2020-06-22T14:17:02.0000000+02:00" testType="13cdc9d9-ddb5-4fa4-a97d-d965ccfc6d4b" outcome="Passed" testListId="8c84fa94-04c1-424b-9868-57a2d4851a1d" relativeResultsDirectory="14781aaa-df12-470a-b2da-4cc408e1fe90" />
    <UnitTestResult executionId="5f4d6fe9-3f48-4e58-b295-82fd50e8a282" testId="4131df9f-9d50-eb51-fb6f-119ab1926039" testName="TakeAsync_TokenCancelled_ThrowsTaskCanceledException" computerName="AVDC720" duration="00:00:00.0040000" startTime="2020-06-22T14:17:02.0000000+02:00" endTime="2020-06-22T14:17:02.0000000+02:00" testType="13cdc9d9-ddb5-4fa4-a97d-d965ccfc6d4b" outcome="Passed" testListId="8c84fa94-04c1-424b-9868-57a2d4851a1d" relativeResultsDirectory="5f4d6fe9-3f48-4e58-b295-82fd50e8a282" />
    <UnitTestResult executionId="cc1b3b94-aa14-465f-b92a-c13a286b8635" testId="ce01ebcc-a3b9-cf57-b548-3aec0795ebd5" testName="Reached_CalledBeforeFirstPacket_ThrowsInvalidOperationException" computerName="AVDC720" duration="00:00:00.0010000" startTime="2020-06-22T14:17:03.0000000+02:00" endTime="2020-06-22T14:17:03.0000000+02:00" testType="13cdc9d9-ddb5-4fa4-a97d-d965ccfc6d4b" outcome="Passed" testListId="8c84fa94-04c1-424b-9868-57a2d4851a1d" relativeResultsDirectory="cc1b3b94-aa14-465f-b92a-c13a286b8635" />
    <UnitTestResult executionId="7ea11356-9f9a-4f50-bc7f-ecccd3c8c53b" testId="f7156c87-b8b9-0e61-1608-47647affb3d9" testName="Serialization_AllOperationsSerialized_DeserializedProperly" computerName="AVDC720" duration="00:00:00.0970000" startTime="2020-06-22T14:17:01.0000000+02:00" endTime="2020-06-22T14:17:01.0000000+02:00" testType="13cdc9d9-ddb5-4fa4-a97d-d965ccfc6d4b" outcome="Passed" testListId="8c84fa94-04c1-424b-9868-57a2d4851a1d" relativeResultsDirectory="7ea11356-9f9a-4f50-bc7f-ecccd3c8c53b" />
    <UnitTestResult executionId="404316d5-afdd-419a-ab6b-2d1dd250d6ef" testId="06962d28-4767-08b4-f374-8a5f6998b67f" testName="RegisterDataProviderFactory_Unsupported" computerName="AVDC720" duration="00:00:00.0010000" startTime="2020-06-22T14:17:02.0000000+02:00" endTime="2020-06-22T14:17:02.0000000+02:00" testType="13cdc9d9-ddb5-4fa4-a97d-d965ccfc6d4b" outcome="Passed" testListId="8c84fa94-04c1-424b-9868-57a2d4851a1d" relativeResultsDirectory="404316d5-afdd-419a-ab6b-2d1dd250d6ef" />
    <UnitTestResult executionId="fd6136b2-dbb6-4865-8572-530d5966c888" testId="9bf965f4-b07a-9f83-7d3c-04862d018a76" testName="TestLoggerBase" computerName="AVDC720" duration="00:00:00.0030000" startTime="2020-06-22T14:17:02.0000000+02:00" endTime="2020-06-22T14:17:02.0000000+02:00" testType="13cdc9d9-ddb5-4fa4-a97d-d965ccfc6d4b" outcome="Passed" testListId="8c84fa94-04c1-424b-9868-57a2d4851a1d" relativeResultsDirectory="fd6136b2-dbb6-4865-8572-530d5966c888" />
    <UnitTestResult executionId="0d08075b-a9b4-4200-97fb-a6cafacbb5ff" testId="8eee559b-f88d-5f49-738c-7ba028df49b7" testName="ParseText_TextHasOneLine_ParsesSuccessfullyWithoutNewLine" computerName="AVDC720" duration="00:00:00.0010000" startTime="2020-06-22T14:17:03.0000000+02:00" endTime="2020-06-22T14:17:03.0000000+02:00" testType="13cdc9d9-ddb5-4fa4-a97d-d965ccfc6d4b" outcome="Passed" testListId="8c84fa94-04c1-424b-9868-57a2d4851a1d" relativeResultsDirectory="0d08075b-a9b4-4200-97fb-a6cafacbb5ff" />
  </Results>
  <TestDefinitions>
    <UnitTest name="NextPacket_CalledBeforeInit_ThrowsInvalidOperationException" storage="/home/p.buczynski/git/code/juvo-player/juvoplayer.tests/bin/debug/netcoreapp2.0/juvoplayer.tests.dll" id="6c6cc584-dae2-c9a7-15dc-6a0756b39c6c">
      <Execution id="1af0e7f9-f13f-4628-b8cb-32877d7a5834" />
      <TestMethod codeBase="/home/p.buczynski/git/code/juvo-player/JuvoPlayer.Tests/bin/Debug/netcoreapp2.0/JuvoPlayer.Tests.dll" adapterTypeName="executor://nunit3testexecutor/" className="JuvoPlayer.Tests.UnitTests.TSFFmpegDemuxer" name="NextPacket_CalledBeforeInit_ThrowsInvalidOperationException" />
    </UnitTest>
    <UnitTest name="OnAppendPacket_WhenPacketTypeIsInvalid_ThrowsArgumentException" storage="/home/p.buczynski/git/code/juvo-player/juvoplayer.tests/bin/debug/netcoreapp2.0/juvoplayer.tests.dll" id="082e2fa9-eb0e-43b2-8e14-8ef9bd55403d">
      <Execution id="2b9852c5-235c-49ed-af4b-cd07c13a566c" />
      <TestMethod codeBase="/home/p.buczynski/git/code/juvo-player/JuvoPlayer.Tests/bin/Debug/netcoreapp2.0/JuvoPlayer.Tests.dll" adapterTypeName="executor://nunit3testexecutor/" className="JuvoPlayer.Tests.UnitTests.TSPacketStream" name="OnAppendPacket_WhenPacketTypeIsInvalid_ThrowsArgumentException" />
    </UnitTest>
    <UnitTest name="CreateDataProvider_OK" storage="/home/p.buczynski/git/code/juvo-player/juvoplayer.tests/bin/debug/netcoreapp2.0/juvoplayer.tests.dll" id="9cc3315d-ab2d-0d5c-5fc9-8503edd24a84">
      <Execution id="a6a489ff-8480-419f-90a9-8ba29995dd4f" />
      <TestMethod codeBase="/home/p.buczynski/git/code/juvo-player/JuvoPlayer.Tests/bin/Debug/netcoreapp2.0/JuvoPlayer.Tests.dll" adapterTypeName="executor://nunit3testexecutor/" className="JuvoPlayer.Tests.UnitTests.DataProviderFactoryManagerTests" name="CreateDataProvider_OK" />
    </UnitTest>
    <UnitTest name="Parse_DifferentEncodings_ParsesSuccessfully(&quot;JuvoPlayer.Tests.res.subtitles.media_player_subs_windows-1252.srt&quot;,&quot;windows-1252&quot;,&quot;[Western Europe] 4.5: Àà Áá Ââ Ææ Çç Èè Ïï Ðð Ññ Õõ Øø Ýý Þþ £ €&quot;)" storage="/home/p.buczynski/git/code/juvo-player/juvoplayer.tests/bin/debug/netcoreapp2.0/juvoplayer.tests.dll" id="124081ca-aa16-41ac-de1c-68bb2cb38e0b">
      <Execution id="2ea8faa3-bb09-4de3-ad49-020f7f7e2ac0" />
      <TestMethod codeBase="/home/p.buczynski/git/code/juvo-player/JuvoPlayer.Tests/bin/Debug/netcoreapp2.0/JuvoPlayer.Tests.dll" adapterTypeName="executor://nunit3testexecutor/" className="JuvoPlayer.Tests.IntegrationTests.TSSubtitleFacade" name="Parse_DifferentEncodings_ParsesSuccessfully(&quot;JuvoPlayer.Tests.res.subtitles.media_player_subs_windows-1252.srt&quot;,&quot;windows-1252&quot;,&quot;[Western Europe] 4.5: Àà Áá Ââ Ææ Çç Èè Ïï Ðð Ññ Õõ Øø Ýý Þþ £ €&quot;)" />
    </UnitTest>
    <UnitTest name="Load_PathPointsToNetworkResource_LoadsAsNetworkResource(&quot;https://valid_https_uri&quot;)" storage="/home/p.buczynski/git/code/juvo-player/juvoplayer.tests/bin/debug/netcoreapp2.0/juvoplayer.tests.dll" id="dcf10506-16c1-f65b-62cc-54c81f3d69fc">
      <Execution id="c1d8ad53-f01a-4f30-888a-1e1ee301ec35" />
      <TestMethod codeBase="/home/p.buczynski/git/code/juvo-player/JuvoPlayer.Tests/bin/Debug/netcoreapp2.0/JuvoPlayer.Tests.dll" adapterTypeName="executor://nunit3testexecutor/" className="JuvoPlayer.Tests.UnitTests.TSResourceLoader" name="Load_PathPointsToNetworkResource_LoadsAsNetworkResource(&quot;https://valid_https_uri&quot;)" />
    </UnitTest>
    <UnitTest name="ReadPacket_InvokedWithSizeGreaterThanBufferSize_ReturnsAllData" storage="/home/p.buczynski/git/code/juvo-player/juvoplayer.tests/bin/debug/netcoreapp2.0/juvoplayer.tests.dll" id="c1b0f31a-ea5a-298b-bdf9-e1d1cecd60bb">
      <Execution id="384289b2-8117-4e81-8118-3989ef8a3d2d" />
      <TestMethod codeBase="/home/p.buczynski/git/code/juvo-player/JuvoPlayer.Tests/bin/Debug/netcoreapp2.0/JuvoPlayer.Tests.dll" adapterTypeName="executor://nunit3testexecutor/" className="JuvoPlayer.Tests.UnitTests.TSFFmpegDemuxer" name="ReadPacket_InvokedWithSizeGreaterThanBufferSize_ReturnsAllData" />
    </UnitTest>
    <UnitTest name="Seek_Called_ListensForEos" storage="/home/p.buczynski/git/code/juvo-player/juvoplayer.tests/bin/debug/netcoreapp2.0/juvoplayer.tests.dll" id="b5d74e53-26e8-fd8a-6e3c-c86cfe8ea12c">
      <Execution id="026732aa-203d-4942-aab5-5f1e147b90c1" />
      <TestMethod codeBase="/home/p.buczynski/git/code/juvo-player/JuvoPlayer.Tests/bin/Debug/netcoreapp2.0/JuvoPlayer.Tests.dll" adapterTypeName="executor://nunit3testexecutor/" className="JuvoPlayer.Tests.UnitTests.TSDemuxerController" name="Seek_Called_ListensForEos" />
    </UnitTest>
    <UnitTest name="PushChunk_CalledAfterReset_ThrowsException" storage="/home/p.buczynski/git/code/juvo-player/juvoplayer.tests/bin/debug/netcoreapp2.0/juvoplayer.tests.dll" id="4316b1a0-3df5-84d3-9052-82615cd59e81">
      <Execution id="d156e73b-6507-45dd-8c5c-f00c0aff6ce4" />
      <TestMethod codeBase="/home/p.buczynski/git/code/juvo-player/JuvoPlayer.Tests/bin/Debug/netcoreapp2.0/JuvoPlayer.Tests.dll" adapterTypeName="executor://nunit3testexecutor/" className="JuvoPlayer.Tests.UnitTests.TSFFmpegDemuxer" name="PushChunk_CalledAfterReset_ThrowsException" />
    </UnitTest>
    <UnitTest name="ParseTimeLine_TimeLineIsInvalid_ThrowsFormatException(&quot;01:18.171 01:20.171 --&gt;&quot;)" storage="/home/p.buczynski/git/code/juvo-player/juvoplayer.tests/bin/debug/netcoreapp2.0/juvoplayer.tests.dll" id="bdd6414d-53bc-cce6-3e9b-7c3b1b2abd5f">
      <Execution id="a75058a0-eec7-4c01-b1a9-147f3c3bd832" />
      <TestMethod codeBase="/home/p.buczynski/git/code/juvo-player/JuvoPlayer.Tests/bin/Debug/netcoreapp2.0/JuvoPlayer.Tests.dll" adapterTypeName="executor://nunit3testexecutor/" className="JuvoPlayer.Tests.UnitTests.TSWebVttSubtitleParser" name="ParseTimeLine_TimeLineIsInvalid_ThrowsFormatException(&quot;01:18.171 01:20.171 --&gt;&quot;)" />
    </UnitTest>
    <UnitTest name="ResolveByMimeType_InvalidMimeType_ReturnsInvalidFormat" storage="/home/p.buczynski/git/code/juvo-player/juvoplayer.tests/bin/debug/netcoreapp2.0/juvoplayer.tests.dll" id="a4113738-4c26-f7ce-6619-a550a359b6d4">
      <Execution id="53ff671f-bbe9-4695-9f66-5135ad4b5a92" />
      <TestMethod codeBase="/home/p.buczynski/git/code/juvo-player/JuvoPlayer.Tests/bin/Debug/netcoreapp2.0/JuvoPlayer.Tests.dll" adapterTypeName="executor://nunit3testexecutor/" className="JuvoPlayer.Tests.UnitTests.TSSubtitleFormatResolver" name="ResolveByMimeType_InvalidMimeType_ReturnsInvalidFormat" />
    </UnitTest>
    <UnitTest name="Resume_Called_CallsNextPacket(StartForUrl)" storage="/home/p.buczynski/git/code/juvo-player/juvoplayer.tests/bin/debug/netcoreapp2.0/juvoplayer.tests.dll" id="87a46580-854b-14e6-9b30-6edf24aae711">
      <Execution id="2fc22aad-6edb-4e37-99b3-483265644023" />
      <TestMethod codeBase="/home/p.buczynski/git/code/juvo-player/JuvoPlayer.Tests/bin/Debug/netcoreapp2.0/JuvoPlayer.Tests.dll" adapterTypeName="executor://nunit3testexecutor/" className="JuvoPlayer.Tests.UnitTests.TSDemuxerController" name="Resume_Called_CallsNextPacket(StartForUrl)" />
    </UnitTest>
    <UnitTest name="Start_ClipDurationFound_PublishesClipDuration(StartForUrl)" storage="/home/p.buczynski/git/code/juvo-player/juvoplayer.tests/bin/debug/netcoreapp2.0/juvoplayer.tests.dll" id="cdaa95b4-0c6d-1e27-93cc-3d0e0a68a8ea">
      <Execution id="461063fc-f426-4814-8312-b2a7e81964f5" />
      <TestMethod codeBase="/home/p.buczynski/git/code/juvo-player/JuvoPlayer.Tests/bin/Debug/netcoreapp2.0/JuvoPlayer.Tests.dll" adapterTypeName="executor://nunit3testexecutor/" className="JuvoPlayer.Tests.UnitTests.TSDemuxerController" name="Start_ClipDurationFound_PublishesClipDuration(StartForUrl)" />
    </UnitTest>
    <UnitTest name="End_EqualsBegin_ThrowsArgumentException" storage="/home/p.buczynski/git/code/juvo-player/juvoplayer.tests/bin/debug/netcoreapp2.0/juvoplayer.tests.dll" id="b514154e-fcf9-e8b7-b0ab-c1233ec7970b">
      <Execution id="6992d9ce-da9d-4dfb-b9de-84cb6dffac94" />
      <TestMethod codeBase="/home/p.buczynski/git/code/juvo-player/JuvoPlayer.Tests/bin/Debug/netcoreapp2.0/JuvoPlayer.Tests.dll" adapterTypeName="executor://nunit3testexecutor/" className="JuvoPlayer.Tests.UnitTests.TSCue" name="End_EqualsBegin_ThrowsArgumentException" />
    </UnitTest>
    <UnitTest name="Parse_DifferentEncodings_ParsesSuccessfully(&quot;JuvoPlayer.Tests.res.subtitles.media_player_subs_windows-1257.srt&quot;,&quot;windows-1257&quot;,&quot;[Baltic] 1.5: Ąą Įį Āā Ćć Čč Ģģ Ķķ Ļļ Ńń Ņņ Õõ Ųų Øø Ææ µ ß&quot;)" storage="/home/p.buczynski/git/code/juvo-player/juvoplayer.tests/bin/debug/netcoreapp2.0/juvoplayer.tests.dll" id="7ac342f5-d941-880c-3a41-9a214f71d826">
      <Execution id="e0223a4a-3bcd-44c5-abf5-3eb939dc4ad1" />
      <TestMethod codeBase="/home/p.buczynski/git/code/juvo-player/JuvoPlayer.Tests/bin/Debug/netcoreapp2.0/JuvoPlayer.Tests.dll" adapterTypeName="executor://nunit3testexecutor/" className="JuvoPlayer.Tests.IntegrationTests.TSSubtitleFacade" name="Parse_DifferentEncodings_ParsesSuccessfully(&quot;JuvoPlayer.Tests.res.subtitles.media_player_subs_windows-1257.srt&quot;,&quot;windows-1257&quot;,&quot;[Baltic] 1.5: Ąą Įį Āā Ćć Čč Ģģ Ķķ Ļļ Ńń Ņņ Õõ Ųų Øø Ææ µ ß&quot;)" />
    </UnitTest>
    <UnitTest name="Get_KeyForSecondCue_ReturnsSecondCue" storage="/home/p.buczynski/git/code/juvo-player/juvoplayer.tests/bin/debug/netcoreapp2.0/juvoplayer.tests.dll" id="433c7d56-6fb5-d8f0-a9cc-eacc667c0a6b">
      <Execution id="219de0c9-a6ff-40ae-981c-3abd5838c234" />
      <TestMethod codeBase="/home/p.buczynski/git/code/juvo-player/JuvoPlayer.Tests/bin/Debug/netcoreapp2.0/JuvoPlayer.Tests.dll" adapterTypeName="executor://nunit3testexecutor/" className="JuvoPlayer.Tests.UnitTests.TSCuesMap" name="Get_KeyForSecondCue_ReturnsSecondCue" />
    </UnitTest>
    <UnitTest name="Reached_FirstPacketPushed_BarrierIsNotReached" storage="/home/p.buczynski/git/code/juvo-player/juvoplayer.tests/bin/debug/netcoreapp2.0/juvoplayer.tests.dll" id="db9e6235-a824-dde8-0052-9868cf8e7d1a">
      <Execution id="14f785dd-e761-4ad7-b7aa-83b9295eabf9" />
      <TestMethod codeBase="/home/p.buczynski/git/code/juvo-player/JuvoPlayer.Tests/bin/Debug/netcoreapp2.0/JuvoPlayer.Tests.dll" adapterTypeName="executor://nunit3testexecutor/" className="JuvoPlayer.Tests.UnitTests.TSPacketBarrier" name="Reached_FirstPacketPushed_BarrierIsNotReached" />
    </UnitTest>
    <UnitTest name="TestInvalidConfig" storage="/home/p.buczynski/git/code/juvo-player/juvoplayer.tests/bin/debug/netcoreapp2.0/juvoplayer.tests.dll" id="5ab273b4-d5f1-2abf-3a88-3bfeef20ebf5">
      <Execution id="a31b7ba1-cdc1-4ab1-942c-5e42cab079cf" />
      <TestMethod codeBase="/home/p.buczynski/git/code/juvo-player/JuvoPlayer.Tests/bin/Debug/netcoreapp2.0/JuvoPlayer.Tests.dll" adapterTypeName="executor://nunit3testexecutor/" className="JuvoPlayer.Tests.UnitTests.TSConfigParser" name="TestInvalidConfig" />
    </UnitTest>
    <UnitTest name="Get_TwoAdjacentCuesAndGetInBetween_ReturnsSecondOne" storage="/home/p.buczynski/git/code/juvo-player/juvoplayer.tests/bin/debug/netcoreapp2.0/juvoplayer.tests.dll" id="22652439-3c67-dfff-4ce3-b173308c9356">
      <Execution id="c6fd7f28-7d3f-4341-92a4-009a33f7b2c2" />
      <TestMethod codeBase="/home/p.buczynski/git/code/juvo-player/JuvoPlayer.Tests/bin/Debug/netcoreapp2.0/JuvoPlayer.Tests.dll" adapterTypeName="executor://nunit3testexecutor/" className="JuvoPlayer.Tests.UnitTests.TSCuesMap" name="Get_TwoAdjacentCuesAndGetInBetween_ReturnsSecondOne" />
    </UnitTest>
    <UnitTest name="MoveToTimeLine_WebVttHasTwoTimeLines_ReturnsBoth" storage="/home/p.buczynski/git/code/juvo-player/juvoplayer.tests/bin/debug/netcoreapp2.0/juvoplayer.tests.dll" id="5b212d48-3586-21cd-2d5d-74feb2deb816">
      <Execution id="72d958dc-cab4-43d8-b8ec-4b2dad3a57ce" />
      <TestMethod codeBase="/home/p.buczynski/git/code/juvo-player/JuvoPlayer.Tests/bin/Debug/netcoreapp2.0/JuvoPlayer.Tests.dll" adapterTypeName="executor://nunit3testexecutor/" className="JuvoPlayer.Tests.UnitTests.TSWebVttSubtitleParser" name="MoveToTimeLine_WebVttHasTwoTimeLines_ReturnsBoth" />
    </UnitTest>
    <UnitTest name="ParseTimeLine_WhenLineIsInvalid_ThrowsFormatException(&quot;--&gt;  00:02:17,440&quot;)" storage="/home/p.buczynski/git/code/juvo-player/juvoplayer.tests/bin/debug/netcoreapp2.0/juvoplayer.tests.dll" id="297e934f-7145-7b72-115d-3787b6d62aa4">
      <Execution id="75f1d6b2-f2f5-4141-bae2-a774b9641b92" />
      <TestMethod codeBase="/home/p.buczynski/git/code/juvo-player/JuvoPlayer.Tests/bin/Debug/netcoreapp2.0/JuvoPlayer.Tests.dll" adapterTypeName="executor://nunit3testexecutor/" className="JuvoPlayer.Tests.UnitTests.TSSrtSubtitleParser" name="ParseTimeLine_WhenLineIsInvalid_ThrowsFormatException(&quot;--&gt;  00:02:17,440&quot;)" />
    </UnitTest>
    <UnitTest name="Init_ClipDurationAvailable_ReturnsDuration(ForEs)" storage="/home/p.buczynski/git/code/juvo-player/juvoplayer.tests/bin/debug/netcoreapp2.0/juvoplayer.tests.dll" id="65fdcfa3-e586-80fb-25e9-f3179ce3d17c">
      <Execution id="91d99d78-842c-4fb1-be07-f7c4acbf29bf" />
      <TestMethod codeBase="/home/p.buczynski/git/code/juvo-player/JuvoPlayer.Tests/bin/Debug/netcoreapp2.0/JuvoPlayer.Tests.dll" adapterTypeName="executor://nunit3testexecutor/" className="JuvoPlayer.Tests.UnitTests.TSFFmpegDemuxer" name="Init_ClipDurationAvailable_ReturnsDuration(ForEs)" />
    </UnitTest>
    <UnitTest name="Compare_VariousTimes_ReturnsExpectedValues(5,-1)" storage="/home/p.buczynski/git/code/juvo-player/juvoplayer.tests/bin/debug/netcoreapp2.0/juvoplayer.tests.dll" id="7f654377-f7ad-ac97-076c-9956054067df">
      <Execution id="5c6c70d3-560d-49b6-9ca1-298a3b8abca9" />
      <TestMethod codeBase="/home/p.buczynski/git/code/juvo-player/JuvoPlayer.Tests/bin/Debug/netcoreapp2.0/JuvoPlayer.Tests.dll" adapterTypeName="executor://nunit3testexecutor/" className="JuvoPlayer.Tests.UnitTests.TSCue" name="Compare_VariousTimes_ReturnsExpectedValues(5,-1)" />
    </UnitTest>
    <UnitTest name="Pause_Called_DoesntRetrieveNextPacket(StartForUrl)" storage="/home/p.buczynski/git/code/juvo-player/juvoplayer.tests/bin/debug/netcoreapp2.0/juvoplayer.tests.dll" id="66c7aa12-2df2-fe1f-0f30-30b43cfdd6b4">
      <Execution id="0e2b6ac7-6656-4eba-a841-90044fdb8167" />
      <TestMethod codeBase="/home/p.buczynski/git/code/juvo-player/JuvoPlayer.Tests/bin/Debug/netcoreapp2.0/JuvoPlayer.Tests.dll" adapterTypeName="executor://nunit3testexecutor/" className="JuvoPlayer.Tests.UnitTests.TSDemuxerController" name="Pause_Called_DoesntRetrieveNextPacket(StartForUrl)" />
    </UnitTest>
    <UnitTest name="ParseTime_TimeFormatIsInvalid_ThrowsFormatException(&quot;&quot;)" storage="/home/p.buczynski/git/code/juvo-player/juvoplayer.tests/bin/debug/netcoreapp2.0/juvoplayer.tests.dll" id="e1d59afc-ceae-0c1b-0769-05528c3d5bcc">
      <Execution id="2114504d-6160-48c8-9d9b-85b7e108bb1a" />
      <TestMethod codeBase="/home/p.buczynski/git/code/juvo-player/JuvoPlayer.Tests/bin/Debug/netcoreapp2.0/JuvoPlayer.Tests.dll" adapterTypeName="executor://nunit3testexecutor/" className="JuvoPlayer.Tests.UnitTests.TSWebVttSubtitleParser" name="ParseTime_TimeFormatIsInvalid_ThrowsFormatException(&quot;&quot;)" />
    </UnitTest>
    <UnitTest name="ParseText_ContainsEscapeSequence_DecodesSuccessfully(&quot;begin &amp;amp; end&quot;,&quot;begin &amp; end&quot;)" storage="/home/p.buczynski/git/code/juvo-player/juvoplayer.tests/bin/debug/netcoreapp2.0/juvoplayer.tests.dll" id="b4eee26d-24ec-582f-e097-1f57b7e85dcb">
      <Execution id="f9c0871e-22cd-4527-a4be-21ac1c884cd3" />
      <TestMethod codeBase="/home/p.buczynski/git/code/juvo-player/JuvoPlayer.Tests/bin/Debug/netcoreapp2.0/JuvoPlayer.Tests.dll" adapterTypeName="executor://nunit3testexecutor/" className="JuvoPlayer.Tests.UnitTests.TSWebVttSubtitleParser" name="ParseText_ContainsEscapeSequence_DecodesSuccessfully(&quot;begin &amp;amp; end&quot;,&quot;begin &amp; end&quot;)" />
    </UnitTest>
    <UnitTest name="Reset_Called_NextPacketNotCalledAfter(StartForUrl)" storage="/home/p.buczynski/git/code/juvo-player/juvoplayer.tests/bin/debug/netcoreapp2.0/juvoplayer.tests.dll" id="0e5a7d31-b50f-e2fa-db2d-75f9677650eb">
      <Execution id="7fea5949-e46f-45b4-9c5b-dbddbf1c2b4b" />
      <TestMethod codeBase="/home/p.buczynski/git/code/juvo-player/JuvoPlayer.Tests/bin/Debug/netcoreapp2.0/JuvoPlayer.Tests.dll" adapterTypeName="executor://nunit3testexecutor/" className="JuvoPlayer.Tests.UnitTests.TSDemuxerController" name="Reset_Called_NextPacketNotCalledAfter(StartForUrl)" />
    </UnitTest>
    <UnitTest name="GetKeySystemName_InvalidSystemId_ReturnsNull" storage="/home/p.buczynski/git/code/juvo-player/juvoplayer.tests/bin/debug/netcoreapp2.0/juvoplayer.tests.dll" id="df372fc8-3c99-3f47-21be-b6b55c400ba1">
      <Execution id="ffb56c68-f692-4f71-8231-d86dfc840955" />
      <TestMethod codeBase="/home/p.buczynski/git/code/juvo-player/JuvoPlayer.Tests/bin/Debug/netcoreapp2.0/JuvoPlayer.Tests.dll" adapterTypeName="executor://nunit3testexecutor/" className="JuvoPlayer.Tests.UnitTests.TSCencUtils" name="GetKeySystemName_InvalidSystemId_ReturnsNull" />
    </UnitTest>
    <UnitTest name="LoadAsEmbeddedAssembly_AssemblyContainsExceptedResource_LoadsResource" storage="/home/p.buczynski/git/code/juvo-player/juvoplayer.tests/bin/debug/netcoreapp2.0/juvoplayer.tests.dll" id="546e2195-b0fd-c5a9-fb2f-7840d4c86cb8">
      <Execution id="86528f15-b54c-451d-bb0f-b9e37d9bba70" />
      <TestMethod codeBase="/home/p.buczynski/git/code/juvo-player/JuvoPlayer.Tests/bin/Debug/netcoreapp2.0/JuvoPlayer.Tests.dll" adapterTypeName="executor://nunit3testexecutor/" className="JuvoPlayer.Tests.UnitTests.TSResourceLoader" name="LoadAsEmbeddedAssembly_AssemblyContainsExceptedResource_LoadsResource" />
    </UnitTest>
    <UnitTest name="ParseText_ContainsEscapeSequence_DecodesSuccessfully(&quot;begin &amp;gt; end&quot;,&quot;begin &gt; end&quot;)" storage="/home/p.buczynski/git/code/juvo-player/juvoplayer.tests/bin/debug/netcoreapp2.0/juvoplayer.tests.dll" id="91027327-45ed-f0e3-a55e-e86b5bcdf8a3">
      <Execution id="8f651f81-7ffd-4813-a63a-5cd04f909c2a" />
      <TestMethod codeBase="/home/p.buczynski/git/code/juvo-player/JuvoPlayer.Tests/bin/Debug/netcoreapp2.0/JuvoPlayer.Tests.dll" adapterTypeName="executor://nunit3testexecutor/" className="JuvoPlayer.Tests.UnitTests.TSWebVttSubtitleParser" name="ParseText_ContainsEscapeSequence_DecodesSuccessfully(&quot;begin &amp;gt; end&quot;,&quot;begin &gt; end&quot;)" />
    </UnitTest>
    <UnitTest name="GetKeySystemName_PlayReadySystemId_ReturnsValid" storage="/home/p.buczynski/git/code/juvo-player/juvoplayer.tests/bin/debug/netcoreapp2.0/juvoplayer.tests.dll" id="8d0615a4-0a37-112e-879e-4003daa62f87">
      <Execution id="ab6799f3-249d-4a58-abe9-8ee6b33292fe" />
      <TestMethod codeBase="/home/p.buczynski/git/code/juvo-player/JuvoPlayer.Tests/bin/Debug/netcoreapp2.0/JuvoPlayer.Tests.dll" adapterTypeName="executor://nunit3testexecutor/" className="JuvoPlayer.Tests.UnitTests.TSCencUtils" name="GetKeySystemName_PlayReadySystemId_ReturnsValid" />
    </UnitTest>
    <UnitTest name="Parse_DifferentEncodings_ParsesSuccessfully(&quot;JuvoPlayer.Tests.res.subtitles.media_player_subs_windows-1255.srt&quot;,&quot;windows-1255&quot;,&quot;[Herbrew] 3.0: ₪ װױ  אבג דהוז חטיכ ל ר ¡ ¿ § µ ¾ ¥&quot;)" storage="/home/p.buczynski/git/code/juvo-player/juvoplayer.tests/bin/debug/netcoreapp2.0/juvoplayer.tests.dll" id="231edfdb-78fe-7971-98f1-f1ed15c7b9ce">
      <Execution id="2a00d29f-6959-4ecc-a052-9cd29463a744" />
      <TestMethod codeBase="/home/p.buczynski/git/code/juvo-player/JuvoPlayer.Tests/bin/Debug/netcoreapp2.0/JuvoPlayer.Tests.dll" adapterTypeName="executor://nunit3testexecutor/" className="JuvoPlayer.Tests.IntegrationTests.TSSubtitleFacade" name="Parse_DifferentEncodings_ParsesSuccessfully(&quot;JuvoPlayer.Tests.res.subtitles.media_player_subs_windows-1255.srt&quot;,&quot;windows-1255&quot;,&quot;[Herbrew] 3.0: ₪ װױ  אבג דהוז חטיכ ל ר ¡ ¿ § µ ¾ ¥&quot;)" />
    </UnitTest>
    <UnitTest name="Parse_DifferentEncodings_ParsesSuccessfully(&quot;JuvoPlayer.Tests.res.subtitles.media_player_subs_gb2312.srt&quot;,&quot;gb2312&quot;,&quot;[Chinese Simplified] 4.5: 她有一只猫.猫的皮毛有&quot;)" storage="/home/p.buczynski/git/code/juvo-player/juvoplayer.tests/bin/debug/netcoreapp2.0/juvoplayer.tests.dll" id="7a04701a-199d-8dcd-efe9-bb7e5f52c2c3">
      <Execution id="5267d49b-7775-4ad9-9dd0-cb214dd97779" />
      <TestMethod codeBase="/home/p.buczynski/git/code/juvo-player/JuvoPlayer.Tests/bin/Debug/netcoreapp2.0/JuvoPlayer.Tests.dll" adapterTypeName="executor://nunit3testexecutor/" className="JuvoPlayer.Tests.IntegrationTests.TSSubtitleFacade" name="Parse_DifferentEncodings_ParsesSuccessfully(&quot;JuvoPlayer.Tests.res.subtitles.media_player_subs_gb2312.srt&quot;,&quot;gb2312&quot;,&quot;[Chinese Simplified] 4.5: 她有一只猫.猫的皮毛有&quot;)" />
    </UnitTest>
    <UnitTest name="ParseTime_TimeFormatIsInvalid_ThrowsFormatException(&quot;00.0&quot;)" storage="/home/p.buczynski/git/code/juvo-player/juvoplayer.tests/bin/debug/netcoreapp2.0/juvoplayer.tests.dll" id="d77ecc1e-9bc2-799a-79b3-b2ffe8608f4b">
      <Execution id="d67782e5-a3cf-4a64-93a1-1ce732bd3805" />
      <TestMethod codeBase="/home/p.buczynski/git/code/juvo-player/JuvoPlayer.Tests/bin/Debug/netcoreapp2.0/JuvoPlayer.Tests.dll" adapterTypeName="executor://nunit3testexecutor/" className="JuvoPlayer.Tests.UnitTests.TSWebVttSubtitleParser" name="ParseTime_TimeFormatIsInvalid_ThrowsFormatException(&quot;00.0&quot;)" />
    </UnitTest>
    <UnitTest name="Resume_Called_CallsNextPacket(StartForEs)" storage="/home/p.buczynski/git/code/juvo-player/juvoplayer.tests/bin/debug/netcoreapp2.0/juvoplayer.tests.dll" id="c2ca0d7d-68c1-9a10-64d5-38b811f1c187">
      <Execution id="fff998d6-eaf4-42a3-838e-9960bcf99db8" />
      <TestMethod codeBase="/home/p.buczynski/git/code/juvo-player/JuvoPlayer.Tests/bin/Debug/netcoreapp2.0/JuvoPlayer.Tests.dll" adapterTypeName="executor://nunit3testexecutor/" className="JuvoPlayer.Tests.UnitTests.TSDemuxerController" name="Resume_Called_CallsNextPacket(StartForEs)" />
    </UnitTest>
    <UnitTest name="SupportsSchemeIdUri_InvalidSchemeIdUri_ReturnsFalse" storage="/home/p.buczynski/git/code/juvo-player/juvoplayer.tests/bin/debug/netcoreapp2.0/juvoplayer.tests.dll" id="e627cd52-2378-d6fc-2ff2-c4c49c512a76">
      <Execution id="11587155-a04f-429c-b19c-d067805c1880" />
      <TestMethod codeBase="/home/p.buczynski/git/code/juvo-player/JuvoPlayer.Tests/bin/Debug/netcoreapp2.0/JuvoPlayer.Tests.dll" adapterTypeName="executor://nunit3testexecutor/" className="JuvoPlayer.Tests.UnitTests.TSCencUtils" name="SupportsSchemeIdUri_InvalidSchemeIdUri_ReturnsFalse" />
    </UnitTest>
    <UnitTest name="Parse_DifferentEncodings_ParsesSuccessfully(&quot;JuvoPlayer.Tests.res.subtitles.media_player_subs_big5.srt&quot;,&quot;big5&quot;,&quot;[Chinese Traditional] 3.0: 她有一隻貓。貓有皮毛&quot;)" storage="/home/p.buczynski/git/code/juvo-player/juvoplayer.tests/bin/debug/netcoreapp2.0/juvoplayer.tests.dll" id="a350e347-16d8-e1df-3789-caee1e50cb04">
      <Execution id="1e2b8604-531d-44b0-88b4-810866a83a8e" />
      <TestMethod codeBase="/home/p.buczynski/git/code/juvo-player/JuvoPlayer.Tests/bin/Debug/netcoreapp2.0/JuvoPlayer.Tests.dll" adapterTypeName="executor://nunit3testexecutor/" className="JuvoPlayer.Tests.IntegrationTests.TSSubtitleFacade" name="Parse_DifferentEncodings_ParsesSuccessfully(&quot;JuvoPlayer.Tests.res.subtitles.media_player_subs_big5.srt&quot;,&quot;big5&quot;,&quot;[Chinese Traditional] 3.0: 她有一隻貓。貓有皮毛&quot;)" />
    </UnitTest>
    <UnitTest name="TestConstructorWithNull" storage="/home/p.buczynski/git/code/juvo-player/juvoplayer.tests/bin/debug/netcoreapp2.0/juvoplayer.tests.dll" id="d85db656-22e2-d893-8495-ecfd404d4e9f">
      <Execution id="532ab6b3-de70-4f77-b7e7-0bf9e77b7c94" />
      <TestMethod codeBase="/home/p.buczynski/git/code/juvo-player/JuvoPlayer.Tests/bin/Debug/netcoreapp2.0/JuvoPlayer.Tests.dll" adapterTypeName="executor://nunit3testexecutor/" className="JuvoPlayer.Tests.UnitTests.TSConfigParser" name="TestConstructorWithNull" />
    </UnitTest>
    <UnitTest name="ParseTimeLine_TimeLineIsInvalid_ThrowsFormatException(&quot;01:18.171 -- 01:20.171&quot;)" storage="/home/p.buczynski/git/code/juvo-player/juvoplayer.tests/bin/debug/netcoreapp2.0/juvoplayer.tests.dll" id="8b5ade29-f79f-4071-809a-b5dffc281389">
      <Execution id="4044f753-348e-43b7-b8e9-bc5a77b2e20a" />
      <TestMethod codeBase="/home/p.buczynski/git/code/juvo-player/JuvoPlayer.Tests/bin/Debug/netcoreapp2.0/JuvoPlayer.Tests.dll" adapterTypeName="executor://nunit3testexecutor/" className="JuvoPlayer.Tests.UnitTests.TSWebVttSubtitleParser" name="ParseTimeLine_TimeLineIsInvalid_ThrowsFormatException(&quot;01:18.171 -- 01:20.171&quot;)" />
    </UnitTest>
    <UnitTest name="Begin_GreaterThanEnd_ThrowsArgumentException" storage="/home/p.buczynski/git/code/juvo-player/juvoplayer.tests/bin/debug/netcoreapp2.0/juvoplayer.tests.dll" id="e5d47529-6859-840c-851a-4907cc409f71">
      <Execution id="82173cad-05a4-486a-9778-b96fd5a5ad53" />
      <TestMethod codeBase="/home/p.buczynski/git/code/juvo-player/JuvoPlayer.Tests/bin/Debug/netcoreapp2.0/JuvoPlayer.Tests.dll" adapterTypeName="executor://nunit3testexecutor/" className="JuvoPlayer.Tests.UnitTests.TSCue" name="Begin_GreaterThanEnd_ThrowsArgumentException" />
    </UnitTest>
    <UnitTest name="Load_PathPointsToNetworkResource_LoadsAsNetworkResource(&quot;http://valid_http_uri&quot;)" storage="/home/p.buczynski/git/code/juvo-player/juvoplayer.tests/bin/debug/netcoreapp2.0/juvoplayer.tests.dll" id="6fac98b9-fc8f-ded6-86b3-b3150632ee5f">
      <Execution id="55bf4b1b-2f1e-4a94-8412-02aab7c7e1c2" />
      <TestMethod codeBase="/home/p.buczynski/git/code/juvo-player/JuvoPlayer.Tests/bin/Debug/netcoreapp2.0/JuvoPlayer.Tests.dll" adapterTypeName="executor://nunit3testexecutor/" className="JuvoPlayer.Tests.UnitTests.TSResourceLoader" name="Load_PathPointsToNetworkResource_LoadsAsNetworkResource(&quot;http://valid_http_uri&quot;)" />
    </UnitTest>
    <UnitTest name="SchemeIdUriToSystemId_InvalidSchemeId_ReturnsNull" storage="/home/p.buczynski/git/code/juvo-player/juvoplayer.tests/bin/debug/netcoreapp2.0/juvoplayer.tests.dll" id="82d4c515-f9fe-5c04-4ba8-723b5ff21f55">
      <Execution id="9ff2eba8-2e49-4d79-addc-7838c925e98e" />
      <TestMethod codeBase="/home/p.buczynski/git/code/juvo-player/JuvoPlayer.Tests/bin/Debug/netcoreapp2.0/JuvoPlayer.Tests.dll" adapterTypeName="executor://nunit3testexecutor/" className="JuvoPlayer.Tests.UnitTests.TSCencUtils" name="SchemeIdUriToSystemId_InvalidSchemeId_ReturnsNull" />
    </UnitTest>
    <UnitTest name="GetScheme_InvalidSystemId_ReturnsUnknown" storage="/home/p.buczynski/git/code/juvo-player/juvoplayer.tests/bin/debug/netcoreapp2.0/juvoplayer.tests.dll" id="b7eb0c33-690a-f384-4720-26ede54cd459">
      <Execution id="a9603391-e445-492f-8802-7c0aeaad3389" />
      <TestMethod codeBase="/home/p.buczynski/git/code/juvo-player/JuvoPlayer.Tests/bin/Debug/netcoreapp2.0/JuvoPlayer.Tests.dll" adapterTypeName="executor://nunit3testexecutor/" className="JuvoPlayer.Tests.UnitTests.TSCencUtils" name="GetScheme_InvalidSystemId_ReturnsUnknown" />
    </UnitTest>
    <UnitTest name="OnStreamConfigChanged_WhenStreamConfigIsUnsupported_ThrowsArgumentException" storage="/home/p.buczynski/git/code/juvo-player/juvoplayer.tests/bin/debug/netcoreapp2.0/juvoplayer.tests.dll" id="1456f546-2b4f-74af-fce2-a2145100c175">
      <Execution id="bb14c25b-5b03-4e96-92cf-875ec9b93781" />
      <TestMethod codeBase="/home/p.buczynski/git/code/juvo-player/JuvoPlayer.Tests/bin/Debug/netcoreapp2.0/JuvoPlayer.Tests.dll" adapterTypeName="executor://nunit3testexecutor/" className="JuvoPlayer.Tests.UnitTests.TSPacketStream" name="OnStreamConfigChanged_WhenStreamConfigIsUnsupported_ThrowsArgumentException" />
    </UnitTest>
    <UnitTest name="ParseTimeLine_TimeLineIsInvalid_ThrowsFormatException(&quot;&quot;)" storage="/home/p.buczynski/git/code/juvo-player/juvoplayer.tests/bin/debug/netcoreapp2.0/juvoplayer.tests.dll" id="dc96a1db-064c-82c9-b5a0-e3b7d110c702">
      <Execution id="72901475-7fa3-447d-a624-f4a376e24f3c" />
      <TestMethod codeBase="/home/p.buczynski/git/code/juvo-player/JuvoPlayer.Tests/bin/Debug/netcoreapp2.0/JuvoPlayer.Tests.dll" adapterTypeName="executor://nunit3testexecutor/" className="JuvoPlayer.Tests.UnitTests.TSWebVttSubtitleParser" name="ParseTimeLine_TimeLineIsInvalid_ThrowsFormatException(&quot;&quot;)" />
    </UnitTest>
    <UnitTest name="ParseTime_TimeFormatIsValid_ParsesSuccessfully(&quot;9999:01:18.171&quot;,9999,1,18,171)" storage="/home/p.buczynski/git/code/juvo-player/juvoplayer.tests/bin/debug/netcoreapp2.0/juvoplayer.tests.dll" id="a659b756-6e9d-b19a-f709-878e64441c5e">
      <Execution id="29ed21d9-8283-4d48-9e7a-06c06e0f1e41" />
      <TestMethod codeBase="/home/p.buczynski/git/code/juvo-player/JuvoPlayer.Tests/bin/Debug/netcoreapp2.0/JuvoPlayer.Tests.dll" adapterTypeName="executor://nunit3testexecutor/" className="JuvoPlayer.Tests.UnitTests.TSWebVttSubtitleParser" name="ParseTime_TimeFormatIsValid_ParsesSuccessfully(&quot;9999:01:18.171&quot;,9999,1,18,171)" />
    </UnitTest>
    <UnitTest name="ResolveByPath_SrtPath_ReturnSrtFormat" storage="/home/p.buczynski/git/code/juvo-player/juvoplayer.tests/bin/debug/netcoreapp2.0/juvoplayer.tests.dll" id="53148e8e-938e-3bc8-e604-5f8120442e76">
      <Execution id="3f68aafb-b36d-4d57-9d8a-ab0b25198f10" />
      <TestMethod codeBase="/home/p.buczynski/git/code/juvo-player/JuvoPlayer.Tests/bin/Debug/netcoreapp2.0/JuvoPlayer.Tests.dll" adapterTypeName="executor://nunit3testexecutor/" className="JuvoPlayer.Tests.UnitTests.TSSubtitleFormatResolver" name="ResolveByPath_SrtPath_ReturnSrtFormat" />
    </UnitTest>
    <UnitTest name="SupportsType_ValidType_ReturnsTrue(&quot;playready&quot;)" storage="/home/p.buczynski/git/code/juvo-player/juvoplayer.tests/bin/debug/netcoreapp2.0/juvoplayer.tests.dll" id="10e2acea-9f1a-44dc-fcd2-d1496a18cd1a">
      <Execution id="6022a3eb-be00-4ace-aa44-849bc148634a" />
      <TestMethod codeBase="/home/p.buczynski/git/code/juvo-player/JuvoPlayer.Tests/bin/Debug/netcoreapp2.0/JuvoPlayer.Tests.dll" adapterTypeName="executor://nunit3testexecutor/" className="JuvoPlayer.Tests.UnitTests.TSCencUtils" name="SupportsType_ValidType_ReturnsTrue(&quot;playready&quot;)" />
    </UnitTest>
    <UnitTest name="CreateDataProvider_ThrowsNull" storage="/home/p.buczynski/git/code/juvo-player/juvoplayer.tests/bin/debug/netcoreapp2.0/juvoplayer.tests.dll" id="0a22ca3f-5f04-a30c-0bdf-f2fda48d9002">
      <Execution id="304fa5ea-f8ec-484a-9fa3-478b750ec022" />
      <TestMethod codeBase="/home/p.buczynski/git/code/juvo-player/JuvoPlayer.Tests/bin/Debug/netcoreapp2.0/JuvoPlayer.Tests.dll" adapterTypeName="executor://nunit3testexecutor/" className="JuvoPlayer.Tests.UnitTests.DataProviderFactoryManagerTests" name="CreateDataProvider_ThrowsNull" />
    </UnitTest>
    <UnitTest name="DeserializeJsonFile_ThrowsNull" storage="/home/p.buczynski/git/code/juvo-player/juvoplayer.tests/bin/debug/netcoreapp2.0/juvoplayer.tests.dll" id="300838be-4f51-a4d3-86e3-26fa36f90ffb">
      <Execution id="f79f4e90-b4e4-4652-9e85-7d87a6ea29b7" />
      <TestMethod codeBase="/home/p.buczynski/git/code/juvo-player/JuvoPlayer.Tests/bin/Debug/netcoreapp2.0/JuvoPlayer.Tests.dll" adapterTypeName="executor://nunit3testexecutor/" className="JuvoPlayer.Tests.IntegrationTests.JSONFileReaderTests" name="DeserializeJsonFile_ThrowsNull" />
    </UnitTest>
    <UnitTest name="ParseTimeLine_WhenLineIsInvalid_ThrowsFormatException(null)" storage="/home/p.buczynski/git/code/juvo-player/juvoplayer.tests/bin/debug/netcoreapp2.0/juvoplayer.tests.dll" id="bfa7b9c5-0d1c-484d-ffb4-16f6680e082d">
      <Execution id="35e04b33-133d-4d2d-8b6f-87d05aded634" />
      <TestMethod codeBase="/home/p.buczynski/git/code/juvo-player/JuvoPlayer.Tests/bin/Debug/netcoreapp2.0/JuvoPlayer.Tests.dll" adapterTypeName="executor://nunit3testexecutor/" className="JuvoPlayer.Tests.UnitTests.TSSrtSubtitleParser" name="ParseTimeLine_WhenLineIsInvalid_ThrowsFormatException(null)" />
    </UnitTest>
    <UnitTest name="Init_DrmInitDataAvailable_ReturnsDrmInitData(ForUrl)" storage="/home/p.buczynski/git/code/juvo-player/juvoplayer.tests/bin/debug/netcoreapp2.0/juvoplayer.tests.dll" id="b65dd040-cffc-7925-78a1-ceba0c7979b8">
      <Execution id="3287fb94-82d6-496e-83b5-2245ab899097" />
      <TestMethod codeBase="/home/p.buczynski/git/code/juvo-player/JuvoPlayer.Tests/bin/Debug/netcoreapp2.0/JuvoPlayer.Tests.dll" adapterTypeName="executor://nunit3testexecutor/" className="JuvoPlayer.Tests.UnitTests.TSFFmpegDemuxer" name="Init_DrmInitDataAvailable_ReturnsDrmInitData(ForUrl)" />
    </UnitTest>
    <UnitTest name="Reset_CalledWhileDataSourcePublishedChunk_SkipsPublishedChunk" storage="/home/p.buczynski/git/code/juvo-player/juvoplayer.tests/bin/debug/netcoreapp2.0/juvoplayer.tests.dll" id="b6c7b137-6c12-aa0e-37c0-885b1840aaf2">
      <Execution id="5d893df4-cb31-4bc6-b32d-e32a91baae91" />
      <TestMethod codeBase="/home/p.buczynski/git/code/juvo-player/JuvoPlayer.Tests/bin/Debug/netcoreapp2.0/JuvoPlayer.Tests.dll" adapterTypeName="executor://nunit3testexecutor/" className="JuvoPlayer.Tests.UnitTests.TSDemuxerController" name="Reset_CalledWhileDataSourcePublishedChunk_SkipsPublishedChunk" />
    </UnitTest>
    <UnitTest name="SupportsSystemId_InvalidSystemId_ReturnsFalse" storage="/home/p.buczynski/git/code/juvo-player/juvoplayer.tests/bin/debug/netcoreapp2.0/juvoplayer.tests.dll" id="c08a0c23-7b43-812c-9f19-03172b742d8a">
      <Execution id="05395d3b-4775-446f-aa9b-84a48c504edf" />
      <TestMethod codeBase="/home/p.buczynski/git/code/juvo-player/JuvoPlayer.Tests/bin/Debug/netcoreapp2.0/JuvoPlayer.Tests.dll" adapterTypeName="executor://nunit3testexecutor/" className="JuvoPlayer.Tests.UnitTests.TSCencUtils" name="SupportsSystemId_InvalidSystemId_ReturnsFalse" />
    </UnitTest>
    <UnitTest name="TestInvalidLogLevel" storage="/home/p.buczynski/git/code/juvo-player/juvoplayer.tests/bin/debug/netcoreapp2.0/juvoplayer.tests.dll" id="4f7bdc50-58ea-1837-577f-74ef6cb0ffb7">
      <Execution id="f939bd0d-6855-477f-8a23-a828b1e692bf" />
      <TestMethod codeBase="/home/p.buczynski/git/code/juvo-player/JuvoPlayer.Tests/bin/Debug/netcoreapp2.0/JuvoPlayer.Tests.dll" adapterTypeName="executor://nunit3testexecutor/" className="JuvoPlayer.Tests.UnitTests.TSLoggerBase" name="TestInvalidLogLevel" />
    </UnitTest>
    <UnitTest name="Get_ValidKey_ReturnsCue" storage="/home/p.buczynski/git/code/juvo-player/juvoplayer.tests/bin/debug/netcoreapp2.0/juvoplayer.tests.dll" id="757b9a3e-991f-064f-0f95-6721183441ff">
      <Execution id="cb38441e-271d-4868-b02c-4ea1125cdb8d" />
      <TestMethod codeBase="/home/p.buczynski/git/code/juvo-player/JuvoPlayer.Tests/bin/Debug/netcoreapp2.0/JuvoPlayer.Tests.dll" adapterTypeName="executor://nunit3testexecutor/" className="JuvoPlayer.Tests.UnitTests.TSCuesMap" name="Get_ValidKey_ReturnsCue" />
    </UnitTest>
    <UnitTest name="Reset_CalledWhileFlushIsInProgress_CancelsFlush" storage="/home/p.buczynski/git/code/juvo-player/juvoplayer.tests/bin/debug/netcoreapp2.0/juvoplayer.tests.dll" id="e63e97dd-9e6c-4645-bf1f-6cbc1114526d">
      <Execution id="387da024-162e-459a-b195-da7e11f1d0cb" />
      <TestMethod codeBase="/home/p.buczynski/git/code/juvo-player/JuvoPlayer.Tests/bin/Debug/netcoreapp2.0/JuvoPlayer.Tests.dll" adapterTypeName="executor://nunit3testexecutor/" className="JuvoPlayer.Tests.UnitTests.TSDemuxerController" name="Reset_CalledWhileFlushIsInProgress_CancelsFlush" />
    </UnitTest>
    <UnitTest name="Get_MapIsEmpty_ReturnsNull" storage="/home/p.buczynski/git/code/juvo-player/juvoplayer.tests/bin/debug/netcoreapp2.0/juvoplayer.tests.dll" id="e7c41882-0f2b-10a3-a41f-5cb13aefcf02">
      <Execution id="6e4585eb-cb6c-416c-aa37-b41200c1d6c1" />
      <TestMethod codeBase="/home/p.buczynski/git/code/juvo-player/JuvoPlayer.Tests/bin/Debug/netcoreapp2.0/JuvoPlayer.Tests.dll" adapterTypeName="executor://nunit3testexecutor/" className="JuvoPlayer.Tests.UnitTests.TSCuesMap" name="Get_MapIsEmpty_ReturnsNull" />
    </UnitTest>
    <UnitTest name="Seek_Called_ResumesDemuxer" storage="/home/p.buczynski/git/code/juvo-player/juvoplayer.tests/bin/debug/netcoreapp2.0/juvoplayer.tests.dll" id="0bc18307-cfdc-0782-2c49-73e26dab37df">
      <Execution id="4e4995eb-fd20-4681-b2f0-405cf7b547a9" />
      <TestMethod codeBase="/home/p.buczynski/git/code/juvo-player/JuvoPlayer.Tests/bin/Debug/netcoreapp2.0/JuvoPlayer.Tests.dll" adapterTypeName="executor://nunit3testexecutor/" className="JuvoPlayer.Tests.UnitTests.TSHLSDataProvider" name="Seek_Called_ResumesDemuxer" />
    </UnitTest>
    <UnitTest name="ParseTimeLine_TimeLineIsValid_ParsesSuccessfully(&quot;01:18.171 --&gt; 01:20.171&quot;)" storage="/home/p.buczynski/git/code/juvo-player/juvoplayer.tests/bin/debug/netcoreapp2.0/juvoplayer.tests.dll" id="d92b4795-1b5e-a5e3-4306-d72267a0cfd6">
      <Execution id="b2b04cf8-71ad-4d2d-9486-1c2fb33e5b45" />
      <TestMethod codeBase="/home/p.buczynski/git/code/juvo-player/JuvoPlayer.Tests/bin/Debug/netcoreapp2.0/JuvoPlayer.Tests.dll" adapterTypeName="executor://nunit3testexecutor/" className="JuvoPlayer.Tests.UnitTests.TSWebVttSubtitleParser" name="ParseTimeLine_TimeLineIsValid_ParsesSuccessfully(&quot;01:18.171 --&gt; 01:20.171&quot;)" />
    </UnitTest>
    <UnitTest name="Take_MultipleAdds_ProperlyReturnsData" storage="/home/p.buczynski/git/code/juvo-player/juvoplayer.tests/bin/debug/netcoreapp2.0/juvoplayer.tests.dll" id="cbd08089-7dfa-f39a-6544-f54af436e9b1">
      <Execution id="3957144b-ab3a-4c65-ac9f-96ec6f525481" />
      <TestMethod codeBase="/home/p.buczynski/git/code/juvo-player/JuvoPlayer.Tests/bin/Debug/netcoreapp2.0/JuvoPlayer.Tests.dll" adapterTypeName="executor://nunit3testexecutor/" className="JuvoPlayer.Tests.UnitTests.TSChunksBuffer" name="Take_MultipleAdds_ProperlyReturnsData" />
    </UnitTest>
    <UnitTest name="TestGetInstanceBeforeConfigure" storage="/home/p.buczynski/git/code/juvo-player/juvoplayer.tests/bin/debug/netcoreapp2.0/juvoplayer.tests.dll" id="2fcfa690-0061-2be9-893e-b95e28348722">
      <Execution id="f7d81606-8dcc-4676-826c-6c610532813c" />
      <TestMethod codeBase="/home/p.buczynski/git/code/juvo-player/JuvoPlayer.Tests/bin/Debug/netcoreapp2.0/JuvoPlayer.Tests.dll" adapterTypeName="executor://nunit3testexecutor/" className="JuvoPlayer.Tests.UnitTests.TSLoggerManager" name="TestGetInstanceBeforeConfigure" />
    </UnitTest>
    <UnitTest name="ParseTime_TimeFormatIsInvalid_ThrowsFormatException(&quot;0,0,0.0&quot;)" storage="/home/p.buczynski/git/code/juvo-player/juvoplayer.tests/bin/debug/netcoreapp2.0/juvoplayer.tests.dll" id="ecb58899-c328-f985-2c0b-ed632069fc86">
      <Execution id="bc0729dc-8609-48a8-8135-9d3171fc2fc1" />
      <TestMethod codeBase="/home/p.buczynski/git/code/juvo-player/JuvoPlayer.Tests/bin/Debug/netcoreapp2.0/JuvoPlayer.Tests.dll" adapterTypeName="executor://nunit3testexecutor/" className="JuvoPlayer.Tests.UnitTests.TSWebVttSubtitleParser" name="ParseTime_TimeFormatIsInvalid_ThrowsFormatException(&quot;0,0,0.0&quot;)" />
    </UnitTest>
    <UnitTest name="ParseTime_WhenTimeFormatIsInvalid_ThrowsFormatException(&quot;25:02:17&quot;)" storage="/home/p.buczynski/git/code/juvo-player/juvoplayer.tests/bin/debug/netcoreapp2.0/juvoplayer.tests.dll" id="d281a02d-385b-cf02-8059-643dcf52507d">
      <Execution id="23b64a20-6834-458b-b532-d973bbda6415" />
      <TestMethod codeBase="/home/p.buczynski/git/code/juvo-player/JuvoPlayer.Tests/bin/Debug/netcoreapp2.0/JuvoPlayer.Tests.dll" adapterTypeName="executor://nunit3testexecutor/" className="JuvoPlayer.Tests.UnitTests.TSSrtSubtitleParser" name="ParseTime_WhenTimeFormatIsInvalid_ThrowsFormatException(&quot;25:02:17&quot;)" />
    </UnitTest>
    <UnitTest name="OnStreamConfigChanged_WhenStreamConfigIsValid_CallsContextExtraDataHandler" storage="/home/p.buczynski/git/code/juvo-player/juvoplayer.tests/bin/debug/netcoreapp2.0/juvoplayer.tests.dll" id="2d85f549-8828-c240-c852-fbc1c3d942b1">
      <Execution id="ea3b297a-401f-4290-9219-fa096b79ac87" />
      <TestMethod codeBase="/home/p.buczynski/git/code/juvo-player/JuvoPlayer.Tests/bin/Debug/netcoreapp2.0/JuvoPlayer.Tests.dll" adapterTypeName="executor://nunit3testexecutor/" className="JuvoPlayer.Tests.UnitTests.TSPacketStream" name="OnStreamConfigChanged_WhenStreamConfigIsValid_CallsContextExtraDataHandler" />
    </UnitTest>
    <UnitTest name="OnAppendPacket_WhenConfigured_CallsPlayerAdapter" storage="/home/p.buczynski/git/code/juvo-player/juvoplayer.tests/bin/debug/netcoreapp2.0/juvoplayer.tests.dll" id="13dadd02-cded-047c-5edf-08e7f9cf5113">
      <Execution id="085261ac-ceb6-4860-85c5-504eec054886" />
      <TestMethod codeBase="/home/p.buczynski/git/code/juvo-player/JuvoPlayer.Tests/bin/Debug/netcoreapp2.0/JuvoPlayer.Tests.dll" adapterTypeName="executor://nunit3testexecutor/" className="JuvoPlayer.Tests.UnitTests.TSPacketStream" name="OnAppendPacket_WhenConfigured_CallsPlayerAdapter" />
    </UnitTest>
    <UnitTest name="Parse_DifferentEncodings_ParsesSuccessfully(&quot;JuvoPlayer.Tests.res.subtitles.media_player_subs_windows-1254.srt&quot;,&quot;windows-1254&quot;,&quot;[Turkish] 3.5: Çç Ğğ Öö Üü Şş ¡ ¿ § µ ¾&quot;)" storage="/home/p.buczynski/git/code/juvo-player/juvoplayer.tests/bin/debug/netcoreapp2.0/juvoplayer.tests.dll" id="bd93227b-c515-27be-ca4c-f543b843cc7e">
      <Execution id="57809634-c688-4c72-b511-60009730031f" />
      <TestMethod codeBase="/home/p.buczynski/git/code/juvo-player/JuvoPlayer.Tests/bin/Debug/netcoreapp2.0/JuvoPlayer.Tests.dll" adapterTypeName="executor://nunit3testexecutor/" className="JuvoPlayer.Tests.IntegrationTests.TSSubtitleFacade" name="Parse_DifferentEncodings_ParsesSuccessfully(&quot;JuvoPlayer.Tests.res.subtitles.media_player_subs_windows-1254.srt&quot;,&quot;windows-1254&quot;,&quot;[Turkish] 3.5: Çç Ğğ Öö Üü Şş ¡ ¿ § µ ¾&quot;)" />
    </UnitTest>
    <UnitTest name="ParseTime_WhenTimeFormatIsInvalid_ThrowsFormatException(&quot;a.b.c.d&quot;)" storage="/home/p.buczynski/git/code/juvo-player/juvoplayer.tests/bin/debug/netcoreapp2.0/juvoplayer.tests.dll" id="d69bd21c-4887-795d-066d-a5d448489d31">
      <Execution id="5906b35f-fc6a-4d50-9d66-70c9b873b4ae" />
      <TestMethod codeBase="/home/p.buczynski/git/code/juvo-player/JuvoPlayer.Tests/bin/Debug/netcoreapp2.0/JuvoPlayer.Tests.dll" adapterTypeName="executor://nunit3testexecutor/" className="JuvoPlayer.Tests.UnitTests.TSSrtSubtitleParser" name="ParseTime_WhenTimeFormatIsInvalid_ThrowsFormatException(&quot;a.b.c.d&quot;)" />
    </UnitTest>
    <UnitTest name="TakeAsync_TokenCancelled_ThrowsTaskCanceledException" storage="/home/p.buczynski/git/code/juvo-player/juvoplayer.tests/bin/debug/netcoreapp2.0/juvoplayer.tests.dll" id="4131df9f-9d50-eb51-fb6f-119ab1926039">
      <Execution id="5f4d6fe9-3f48-4e58-b295-82fd50e8a282" />
      <TestMethod codeBase="/home/p.buczynski/git/code/juvo-player/JuvoPlayer.Tests/bin/Debug/netcoreapp2.0/JuvoPlayer.Tests.dll" adapterTypeName="executor://nunit3testexecutor/" className="JuvoPlayer.Tests.UnitTests.TSChunksBuffer" name="TakeAsync_TokenCancelled_ThrowsTaskCanceledException" />
    </UnitTest>
    <UnitTest name="ParseTimeLine_WhenLineIsInvalid_ThrowsFormatException(&quot;00:02:17,440 --&gt;&quot;)" storage="/home/p.buczynski/git/code/juvo-player/juvoplayer.tests/bin/debug/netcoreapp2.0/juvoplayer.tests.dll" id="14bf11d8-cd56-b03e-b93b-91e02f6e5782">
      <Execution id="c53c629d-94bd-41d1-b234-826647352ff2" />
      <TestMethod codeBase="/home/p.buczynski/git/code/juvo-player/JuvoPlayer.Tests/bin/Debug/netcoreapp2.0/JuvoPlayer.Tests.dll" adapterTypeName="executor://nunit3testexecutor/" className="JuvoPlayer.Tests.UnitTests.TSSrtSubtitleParser" name="ParseTimeLine_WhenLineIsInvalid_ThrowsFormatException(&quot;00:02:17,440 --&gt;&quot;)" />
    </UnitTest>
    <UnitTest name="Init_ClipDurationAvailable_ReturnsDuration(ForUrl)" storage="/home/p.buczynski/git/code/juvo-player/juvoplayer.tests/bin/debug/netcoreapp2.0/juvoplayer.tests.dll" id="6da6330c-b6fa-01a4-6fe8-ff39b10cad90">
      <Execution id="44650b93-3d40-49f1-8a4a-9eeaa9b8ce58" />
      <TestMethod codeBase="/home/p.buczynski/git/code/juvo-player/JuvoPlayer.Tests/bin/Debug/netcoreapp2.0/JuvoPlayer.Tests.dll" adapterTypeName="executor://nunit3testexecutor/" className="JuvoPlayer.Tests.UnitTests.TSFFmpegDemuxer" name="Init_ClipDurationAvailable_ReturnsDuration(ForUrl)" />
    </UnitTest>
    <UnitTest name="TestLoggerBase" storage="/home/p.buczynski/git/code/juvo-player/juvoplayer.tests/bin/debug/netcoreapp2.0/juvoplayer.tests.dll" id="9bf965f4-b07a-9f83-7d3c-04862d018a76">
      <Execution id="fd6136b2-dbb6-4865-8572-530d5966c888" />
      <TestMethod codeBase="/home/p.buczynski/git/code/juvo-player/JuvoPlayer.Tests/bin/Debug/netcoreapp2.0/JuvoPlayer.Tests.dll" adapterTypeName="executor://nunit3testexecutor/" className="JuvoPlayer.Tests.UnitTests.TSLoggerBase" name="TestLoggerBase" />
    </UnitTest>
    <UnitTest name="Resolve_SrtSubtitleInfo_ReturnsSrtFormat" storage="/home/p.buczynski/git/code/juvo-player/juvoplayer.tests/bin/debug/netcoreapp2.0/juvoplayer.tests.dll" id="30591759-8bfa-94ac-8ed2-5b8e57e7d2b3">
      <Execution id="0efeb1b3-2c7f-4b29-a1a8-e5bb0cabf890" />
      <TestMethod codeBase="/home/p.buczynski/git/code/juvo-player/JuvoPlayer.Tests/bin/Debug/netcoreapp2.0/JuvoPlayer.Tests.dll" adapterTypeName="executor://nunit3testexecutor/" className="JuvoPlayer.Tests.UnitTests.TSSubtitleFormatResolver" name="Resolve_SrtSubtitleInfo_ReturnsSrtFormat" />
    </UnitTest>
    <UnitTest name="OnAppendPacket_WhenDrmSessionIsConfigured_CallsPlayerAdapter" storage="/home/p.buczynski/git/code/juvo-player/juvoplayer.tests/bin/debug/netcoreapp2.0/juvoplayer.tests.dll" id="dc2e53b3-b4b5-d431-a2a2-41dcd332c80c">
      <Execution id="1c14f92a-0faa-4f86-8dc0-987053bc5631" />
      <TestMethod codeBase="/home/p.buczynski/git/code/juvo-player/JuvoPlayer.Tests/bin/Debug/netcoreapp2.0/JuvoPlayer.Tests.dll" adapterTypeName="executor://nunit3testexecutor/" className="JuvoPlayer.Tests.UnitTests.TSPacketStream" name="OnAppendPacket_WhenDrmSessionIsConfigured_CallsPlayerAdapter" />
    </UnitTest>
    <UnitTest name="Flush_Called_ResetsDemuxer" storage="/home/p.buczynski/git/code/juvo-player/juvoplayer.tests/bin/debug/netcoreapp2.0/juvoplayer.tests.dll" id="8b7b35e7-42f3-7119-a9bd-fd9bc70bdd46">
      <Execution id="13fbc7dd-3ff4-4d86-95d9-afeb87cb91b8" />
      <TestMethod codeBase="/home/p.buczynski/git/code/juvo-player/JuvoPlayer.Tests/bin/Debug/netcoreapp2.0/JuvoPlayer.Tests.dll" adapterTypeName="executor://nunit3testexecutor/" className="JuvoPlayer.Tests.UnitTests.TSDemuxerController" name="Flush_Called_ResetsDemuxer" />
    </UnitTest>
    <UnitTest name="Compare_VariousTimes_ReturnsExpectedValues(15,0)" storage="/home/p.buczynski/git/code/juvo-player/juvoplayer.tests/bin/debug/netcoreapp2.0/juvoplayer.tests.dll" id="40b95933-2c83-039d-2a88-0479b1ded531">
      <Execution id="a9cd1460-aa04-438b-b347-34f0f0fcc551" />
      <TestMethod codeBase="/home/p.buczynski/git/code/juvo-player/JuvoPlayer.Tests/bin/Debug/netcoreapp2.0/JuvoPlayer.Tests.dll" adapterTypeName="executor://nunit3testexecutor/" className="JuvoPlayer.Tests.UnitTests.TSCue" name="Compare_VariousTimes_ReturnsExpectedValues(15,0)" />
    </UnitTest>
    <UnitTest name="Parse_DifferentEncodings_ParsesSuccessfully(&quot;JuvoPlayer.Tests.res.subtitles.media_player_subs_windows-1253.srt&quot;,&quot;windows-1253&quot;,&quot;[Greek] 3.5: Άά Αα Ββ Γγ Δδ Εε Ζζ Ηη Θθ Ιι Κκ Λλ Ξξ Ψψ Ωω ώ&quot;)" storage="/home/p.buczynski/git/code/juvo-player/juvoplayer.tests/bin/debug/netcoreapp2.0/juvoplayer.tests.dll" id="188b81ef-d6d5-d5db-9dda-ab27251848f9">
      <Execution id="d8b407e9-43a3-48e4-8530-ab32e41ef48c" />
      <TestMethod codeBase="/home/p.buczynski/git/code/juvo-player/JuvoPlayer.Tests/bin/Debug/netcoreapp2.0/JuvoPlayer.Tests.dll" adapterTypeName="executor://nunit3testexecutor/" className="JuvoPlayer.Tests.IntegrationTests.TSSubtitleFacade" name="Parse_DifferentEncodings_ParsesSuccessfully(&quot;JuvoPlayer.Tests.res.subtitles.media_player_subs_windows-1253.srt&quot;,&quot;windows-1253&quot;,&quot;[Greek] 3.5: Άά Αα Ββ Γγ Δδ Εε Ζζ Ηη Θθ Ιι Κκ Λλ Ξξ Ψψ Ωω ώ&quot;)" />
    </UnitTest>
    <UnitTest name="Reached_SecondPacketReachesBarrier_BarrierIsReached" storage="/home/p.buczynski/git/code/juvo-player/juvoplayer.tests/bin/debug/netcoreapp2.0/juvoplayer.tests.dll" id="852b5e0e-9762-784e-5557-e2cf4ea73784">
      <Execution id="11a817de-3570-4cbf-9dd6-027ff373360a" />
      <TestMethod codeBase="/home/p.buczynski/git/code/juvo-player/JuvoPlayer.Tests/bin/Debug/netcoreapp2.0/JuvoPlayer.Tests.dll" adapterTypeName="executor://nunit3testexecutor/" className="JuvoPlayer.Tests.UnitTests.TSPacketBarrier" name="Reached_SecondPacketReachesBarrier_BarrierIsReached" />
    </UnitTest>
    <UnitTest name="ParseTimeLine_TimeLineIsValid_ParsesSuccessfully(&quot;01:18.171 --&gt; 01:20.171 position:10%,line-left align:left size:35%&quot;)" storage="/home/p.buczynski/git/code/juvo-player/juvoplayer.tests/bin/debug/netcoreapp2.0/juvoplayer.tests.dll" id="fd067bbf-348e-1b3b-3bb2-93d8b6657abe">
      <Execution id="54a6af70-d3a5-4fea-8aaa-d4b7302d6225" />
      <TestMethod codeBase="/home/p.buczynski/git/code/juvo-player/JuvoPlayer.Tests/bin/Debug/netcoreapp2.0/JuvoPlayer.Tests.dll" adapterTypeName="executor://nunit3testexecutor/" className="JuvoPlayer.Tests.UnitTests.TSWebVttSubtitleParser" name="ParseTimeLine_TimeLineIsValid_ParsesSuccessfully(&quot;01:18.171 --&gt; 01:20.171 position:10%,line-left align:left size:35%&quot;)" />
    </UnitTest>
    <UnitTest name="ParseTime_TimeFormatIsInvalid_ThrowsFormatException(&quot;0.0.0.0&quot;)" storage="/home/p.buczynski/git/code/juvo-player/juvoplayer.tests/bin/debug/netcoreapp2.0/juvoplayer.tests.dll" id="6edbc781-4e0b-a9f7-1870-a384b19f1879">
      <Execution id="c7fbd4d4-af7a-47ae-b123-21c07754ac14" />
      <TestMethod codeBase="/home/p.buczynski/git/code/juvo-player/JuvoPlayer.Tests/bin/Debug/netcoreapp2.0/JuvoPlayer.Tests.dll" adapterTypeName="executor://nunit3testexecutor/" className="JuvoPlayer.Tests.UnitTests.TSWebVttSubtitleParser" name="ParseTime_TimeFormatIsInvalid_ThrowsFormatException(&quot;0.0.0.0&quot;)" />
    </UnitTest>
    <UnitTest name="Parse_DifferentEncodings_ParsesSuccessfully(&quot;JuvoPlayer.Tests.res.subtitles.media_player_subs_utf8.srt&quot;,&quot;utf-8&quot;,&quot;[UTF-8] 3.0: 고양이. Чч Щщ Ъъ. Óó Śś Źź. Ýý Ţţ Ł €. 猫.&quot;)" storage="/home/p.buczynski/git/code/juvo-player/juvoplayer.tests/bin/debug/netcoreapp2.0/juvoplayer.tests.dll" id="5086e7e5-6679-888c-406b-de1ba0a5028e">
      <Execution id="e7159568-b5a2-457b-a478-3aa08e527f5f" />
      <TestMethod codeBase="/home/p.buczynski/git/code/juvo-player/JuvoPlayer.Tests/bin/Debug/netcoreapp2.0/JuvoPlayer.Tests.dll" adapterTypeName="executor://nunit3testexecutor/" className="JuvoPlayer.Tests.IntegrationTests.TSSubtitleFacade" name="Parse_DifferentEncodings_ParsesSuccessfully(&quot;JuvoPlayer.Tests.res.subtitles.media_player_subs_utf8.srt&quot;,&quot;utf-8&quot;,&quot;[UTF-8] 3.0: 고양이. Чч Щщ Ъъ. Óó Śś Źź. Ýý Ţţ Ł €. 猫.&quot;)" />
    </UnitTest>
    <UnitTest name="Start_PacketsDemuxed_PublishesPackets(StartForUrl)" storage="/home/p.buczynski/git/code/juvo-player/juvoplayer.tests/bin/debug/netcoreapp2.0/juvoplayer.tests.dll" id="5652ce59-b2d8-d716-cc63-db9d5225d1de">
      <Execution id="27e55cd8-3f17-4eb1-bbcc-c81aebda34fc" />
      <TestMethod codeBase="/home/p.buczynski/git/code/juvo-player/JuvoPlayer.Tests/bin/Debug/netcoreapp2.0/JuvoPlayer.Tests.dll" adapterTypeName="executor://nunit3testexecutor/" className="JuvoPlayer.Tests.UnitTests.TSDemuxerController" name="Start_PacketsDemuxed_PublishesPackets(StartForUrl)" />
    </UnitTest>
    <UnitTest name="Parse_DifferentEncodings_ParsesSuccessfully(&quot;JuvoPlayer.Tests.res.subtitles.media_player_subs_windows-1258.srt&quot;,&quot;windows-1258&quot;,&quot;[Vietnamese] 0.5: Àà Áá Ââ Ææ Çç Đđ Èè Ïï Ăă Ññ Ơơ Øø Ưư ₫ £ €&quot;)" storage="/home/p.buczynski/git/code/juvo-player/juvoplayer.tests/bin/debug/netcoreapp2.0/juvoplayer.tests.dll" id="d344b394-6cc8-3bd8-7dae-88c5607a157d">
      <Execution id="f7cc39d7-4db6-4bdf-88a5-5a5a74102dfc" />
      <TestMethod codeBase="/home/p.buczynski/git/code/juvo-player/JuvoPlayer.Tests/bin/Debug/netcoreapp2.0/JuvoPlayer.Tests.dll" adapterTypeName="executor://nunit3testexecutor/" className="JuvoPlayer.Tests.IntegrationTests.TSSubtitleFacade" name="Parse_DifferentEncodings_ParsesSuccessfully(&quot;JuvoPlayer.Tests.res.subtitles.media_player_subs_windows-1258.srt&quot;,&quot;windows-1258&quot;,&quot;[Vietnamese] 0.5: Àà Áá Ââ Ææ Çç Đđ Èè Ïï Ăă Ññ Ơơ Øø Ưư ₫ £ €&quot;)" />
    </UnitTest>
    <UnitTest name="TakeAsync_SizeLessThanBufferSize_ReturnsRequestedSize" storage="/home/p.buczynski/git/code/juvo-player/juvoplayer.tests/bin/debug/netcoreapp2.0/juvoplayer.tests.dll" id="29f4eefb-fddf-c444-6e0a-5e03485d543c">
      <Execution id="b316ea40-efb6-4983-b48e-5a715e12afc9" />
      <TestMethod codeBase="/home/p.buczynski/git/code/juvo-player/JuvoPlayer.Tests/bin/Debug/netcoreapp2.0/JuvoPlayer.Tests.dll" adapterTypeName="executor://nunit3testexecutor/" className="JuvoPlayer.Tests.UnitTests.TSChunksBuffer" name="TakeAsync_SizeLessThanBufferSize_ReturnsRequestedSize" />
    </UnitTest>
    <UnitTest name="Reset_Called_ResetsDemuxer" storage="/home/p.buczynski/git/code/juvo-player/juvoplayer.tests/bin/debug/netcoreapp2.0/juvoplayer.tests.dll" id="13c9576e-1060-3a96-db24-b3da48519d05">
      <Execution id="7be95d29-136f-4187-8252-9ad01963c3e7" />
      <TestMethod codeBase="/home/p.buczynski/git/code/juvo-player/JuvoPlayer.Tests/bin/Debug/netcoreapp2.0/JuvoPlayer.Tests.dll" adapterTypeName="executor://nunit3testexecutor/" className="JuvoPlayer.Tests.UnitTests.TSDemuxerController" name="Reset_Called_ResetsDemuxer" />
    </UnitTest>
    <UnitTest name="Serialization_OperationSerialized_DeserializedProperly(JuvoPlayer.Tests.Utils.ChangeRepresentationOperation)" storage="/home/p.buczynski/git/code/juvo-player/juvoplayer.tests/bin/debug/netcoreapp2.0/juvoplayer.tests.dll" id="31911a88-751c-bf36-b733-4c5fb543e8b3">
      <Execution id="ef78fb3d-1fe1-4bd2-a6ac-eb1c8aa62857" />
      <TestMethod codeBase="/home/p.buczynski/git/code/juvo-player/JuvoPlayer.Tests/bin/Debug/netcoreapp2.0/JuvoPlayer.Tests.dll" adapterTypeName="executor://nunit3testexecutor/" className="JuvoPlayer.Tests.IntegrationTests.TSOperationSerializer" name="Serialization_OperationSerialized_DeserializedProperly(JuvoPlayer.Tests.Utils.ChangeRepresentationOperation)" />
    </UnitTest>
    <UnitTest name="Take_MultipleTakes_ProperlyReturnsData" storage="/home/p.buczynski/git/code/juvo-player/juvoplayer.tests/bin/debug/netcoreapp2.0/juvoplayer.tests.dll" id="800df5e6-2778-4289-fb38-2692d926e438">
      <Execution id="0f5315fa-f73b-4b51-85c9-e20f1303976b" />
      <TestMethod codeBase="/home/p.buczynski/git/code/juvo-player/JuvoPlayer.Tests/bin/Debug/netcoreapp2.0/JuvoPlayer.Tests.dll" adapterTypeName="executor://nunit3testexecutor/" className="JuvoPlayer.Tests.UnitTests.TSChunksBuffer" name="Take_MultipleTakes_ProperlyReturnsData" />
    </UnitTest>
    <UnitTest name="Parse_DifferentEncodings_ParsesSuccessfully(&quot;JuvoPlayer.Tests.res.subtitles.subtitles_es.vtt&quot;,&quot;utf-8&quot;,&quot;Éstas son tierras de dragones, Sintel.&quot;)" storage="/home/p.buczynski/git/code/juvo-player/juvoplayer.tests/bin/debug/netcoreapp2.0/juvoplayer.tests.dll" id="aa4e9518-8a0d-c4b5-88b9-4da429c58985">
      <Execution id="88afab6f-cfb3-4427-b948-11144d0fd15e" />
      <TestMethod codeBase="/home/p.buczynski/git/code/juvo-player/JuvoPlayer.Tests/bin/Debug/netcoreapp2.0/JuvoPlayer.Tests.dll" adapterTypeName="executor://nunit3testexecutor/" className="JuvoPlayer.Tests.IntegrationTests.TSSubtitleFacade" name="Parse_DifferentEncodings_ParsesSuccessfully(&quot;JuvoPlayer.Tests.res.subtitles.subtitles_es.vtt&quot;,&quot;utf-8&quot;,&quot;Éstas son tierras de dragones, Sintel.&quot;)" />
    </UnitTest>
    <UnitTest name="AppParser_OK" storage="/home/p.buczynski/git/code/juvo-player/juvoplayer.tests/bin/debug/netcoreapp2.0/juvoplayer.tests.dll" id="f27ecf69-9c6a-7512-245c-df2210246910">
      <Execution id="eac5861f-70ab-43b6-be76-98b4003780a4" />
      <TestMethod codeBase="/home/p.buczynski/git/code/juvo-player/JuvoPlayer.Tests/bin/Debug/netcoreapp2.0/JuvoPlayer.Tests.dll" adapterTypeName="executor://nunit3testexecutor/" className="JuvoPlayer.Tests.UnitTests.TSMPDParser" name="AppParser_OK" />
    </UnitTest>
    <UnitTest name="DeserializeJsonFile_ThrowsEmpty" storage="/home/p.buczynski/git/code/juvo-player/juvoplayer.tests/bin/debug/netcoreapp2.0/juvoplayer.tests.dll" id="bf726271-d726-9654-3c3e-7309912ba13e">
      <Execution id="aef8707c-3a82-4031-87a1-6e62d8d1d62a" />
      <TestMethod codeBase="/home/p.buczynski/git/code/juvo-player/JuvoPlayer.Tests/bin/Debug/netcoreapp2.0/JuvoPlayer.Tests.dll" adapterTypeName="executor://nunit3testexecutor/" className="JuvoPlayer.Tests.IntegrationTests.JSONFileReaderTests" name="DeserializeJsonFile_ThrowsEmpty" />
    </UnitTest>
    <UnitTest name="CompleteAdding_AddAsyncCalled_ThrowsInvalidOperationException" storage="/home/p.buczynski/git/code/juvo-player/juvoplayer.tests/bin/debug/netcoreapp2.0/juvoplayer.tests.dll" id="a01cf621-ca79-9bae-641f-945046dfdf90">
      <Execution id="76498c84-996a-4d9b-90c6-167427763d1f" />
      <TestMethod codeBase="/home/p.buczynski/git/code/juvo-player/JuvoPlayer.Tests/bin/Debug/netcoreapp2.0/JuvoPlayer.Tests.dll" adapterTypeName="executor://nunit3testexecutor/" className="JuvoPlayer.Tests.UnitTests.TSChunksBuffer" name="CompleteAdding_AddAsyncCalled_ThrowsInvalidOperationException" />
    </UnitTest>
    <UnitTest name="Start_PacketDemuxed_PublishesPacket(StartForUrl)" storage="/home/p.buczynski/git/code/juvo-player/juvoplayer.tests/bin/debug/netcoreapp2.0/juvoplayer.tests.dll" id="387dafbc-f6b1-0e58-56ab-e371f4acda38">
      <Execution id="f2763de6-0857-49cf-ac66-e7423324cd96" />
      <TestMethod codeBase="/home/p.buczynski/git/code/juvo-player/JuvoPlayer.Tests/bin/Debug/netcoreapp2.0/JuvoPlayer.Tests.dll" adapterTypeName="executor://nunit3testexecutor/" className="JuvoPlayer.Tests.UnitTests.TSDemuxerController" name="Start_PacketDemuxed_PublishesPacket(StartForUrl)" />
    </UnitTest>
    <UnitTest name="Parse_DifferentEncodings_ParsesSuccessfully(&quot;JuvoPlayer.Tests.res.subtitles.subtitles_fr.vtt&quot;,&quot;utf-8&quot;,&quot;C'est bientôt fini. Chut...&quot;)" storage="/home/p.buczynski/git/code/juvo-player/juvoplayer.tests/bin/debug/netcoreapp2.0/juvoplayer.tests.dll" id="cbc3900a-27ac-f663-84c1-2e81fe605582">
      <Execution id="2327a4ff-e076-4cd5-871c-685394126e03" />
      <TestMethod codeBase="/home/p.buczynski/git/code/juvo-player/JuvoPlayer.Tests/bin/Debug/netcoreapp2.0/JuvoPlayer.Tests.dll" adapterTypeName="executor://nunit3testexecutor/" className="JuvoPlayer.Tests.IntegrationTests.TSSubtitleFacade" name="Parse_DifferentEncodings_ParsesSuccessfully(&quot;JuvoPlayer.Tests.res.subtitles.subtitles_fr.vtt&quot;,&quot;utf-8&quot;,&quot;C'est bientôt fini. Chut...&quot;)" />
    </UnitTest>
    <UnitTest name="MoveToTimeLine_WebVttHasAllParts_ReturnsFirstTimeLine" storage="/home/p.buczynski/git/code/juvo-player/juvoplayer.tests/bin/debug/netcoreapp2.0/juvoplayer.tests.dll" id="1b0e12dd-7d88-c49c-b42d-b67339dc24f6">
      <Execution id="78ca31e6-bd70-44b6-a4bb-9de9dfe831a4" />
      <TestMethod codeBase="/home/p.buczynski/git/code/juvo-player/JuvoPlayer.Tests/bin/Debug/netcoreapp2.0/JuvoPlayer.Tests.dll" adapterTypeName="executor://nunit3testexecutor/" className="JuvoPlayer.Tests.UnitTests.TSWebVttSubtitleParser" name="MoveToTimeLine_WebVttHasAllParts_ReturnsFirstTimeLine" />
    </UnitTest>
    <UnitTest name="Start_StreamConfigFound_PublishesStreamConfig(StartForEs)" storage="/home/p.buczynski/git/code/juvo-player/juvoplayer.tests/bin/debug/netcoreapp2.0/juvoplayer.tests.dll" id="0d5e9659-8752-ad65-3659-a1154060e2e0">
      <Execution id="7d7c8dc1-2eb7-4b2d-82ea-8c2b990cfae4" />
      <TestMethod codeBase="/home/p.buczynski/git/code/juvo-player/JuvoPlayer.Tests/bin/Debug/netcoreapp2.0/JuvoPlayer.Tests.dll" adapterTypeName="executor://nunit3testexecutor/" className="JuvoPlayer.Tests.UnitTests.TSDemuxerController" name="Start_StreamConfigFound_PublishesStreamConfig(StartForEs)" />
    </UnitTest>
    <UnitTest name="Init_StreamConfigAvailable_ReturnsStreamConfig(ForEs)" storage="/home/p.buczynski/git/code/juvo-player/juvoplayer.tests/bin/debug/netcoreapp2.0/juvoplayer.tests.dll" id="97595e50-425c-1bd9-270d-ac32868fdf2d">
      <Execution id="1b04e181-a8dc-45cb-917d-3f1bd8a301d4" />
      <TestMethod codeBase="/home/p.buczynski/git/code/juvo-player/JuvoPlayer.Tests/bin/Debug/netcoreapp2.0/JuvoPlayer.Tests.dll" adapterTypeName="executor://nunit3testexecutor/" className="JuvoPlayer.Tests.UnitTests.TSFFmpegDemuxer" name="Init_StreamConfigAvailable_ReturnsStreamConfig(ForEs)" />
    </UnitTest>
    <UnitTest name="GetStreamsDescription_ClipWithNoSubtitles_ReturnsEmptyList" storage="/home/p.buczynski/git/code/juvo-player/juvoplayer.tests/bin/debug/netcoreapp2.0/juvoplayer.tests.dll" id="d0f6acef-cfad-0d05-742a-6ff2e1b06efb">
      <Execution id="7c78ba5a-48c8-45c2-8b05-04ac5b4c40e0" />
      <TestMethod codeBase="/home/p.buczynski/git/code/juvo-player/JuvoPlayer.Tests/bin/Debug/netcoreapp2.0/JuvoPlayer.Tests.dll" adapterTypeName="executor://nunit3testexecutor/" className="JuvoPlayer.Tests.UnitTests.TSHLSDataProvider" name="GetStreamsDescription_ClipWithNoSubtitles_ReturnsEmptyList" />
    </UnitTest>
    <UnitTest name="Reset_CalledAfterBarrierIsReached_ResetsBarrier" storage="/home/p.buczynski/git/code/juvo-player/juvoplayer.tests/bin/debug/netcoreapp2.0/juvoplayer.tests.dll" id="8783796f-a651-a81b-ada6-5919643ee00e">
      <Execution id="e9579795-ec72-4452-b38f-60f071edf459" />
      <TestMethod codeBase="/home/p.buczynski/git/code/juvo-player/JuvoPlayer.Tests/bin/Debug/netcoreapp2.0/JuvoPlayer.Tests.dll" adapterTypeName="executor://nunit3testexecutor/" className="JuvoPlayer.Tests.UnitTests.TSPacketBarrier" name="Reset_CalledAfterBarrierIsReached_ResetsBarrier" />
    </UnitTest>
    <UnitTest name="MoveToTimeLine_WebVttHasNoTimeLine_ReturnsNull" storage="/home/p.buczynski/git/code/juvo-player/juvoplayer.tests/bin/debug/netcoreapp2.0/juvoplayer.tests.dll" id="4974b841-fe50-bc17-3fa6-12c238970853">
      <Execution id="7f73c719-dd6d-4bb8-bc84-518c0882b05e" />
      <TestMethod codeBase="/home/p.buczynski/git/code/juvo-player/JuvoPlayer.Tests/bin/Debug/netcoreapp2.0/JuvoPlayer.Tests.dll" adapterTypeName="executor://nunit3testexecutor/" className="JuvoPlayer.Tests.UnitTests.TSWebVttSubtitleParser" name="MoveToTimeLine_WebVttHasNoTimeLine_ReturnsNull" />
    </UnitTest>
    <UnitTest name="OnChangeActiveStream_UnknownSubtitles_ThrowsArgumentException" storage="/home/p.buczynski/git/code/juvo-player/juvoplayer.tests/bin/debug/netcoreapp2.0/juvoplayer.tests.dll" id="3a15d223-5377-905d-8b73-e96a8942d8f8">
      <Execution id="6182aad7-2d9e-424c-acf3-36fb04a6327a" />
      <TestMethod codeBase="/home/p.buczynski/git/code/juvo-player/JuvoPlayer.Tests/bin/Debug/netcoreapp2.0/JuvoPlayer.Tests.dll" adapterTypeName="executor://nunit3testexecutor/" className="JuvoPlayer.Tests.UnitTests.TSHLSDataProvider" name="OnChangeActiveStream_UnknownSubtitles_ThrowsArgumentException" />
    </UnitTest>
    <UnitTest name="Start_ClipDurationFound_PublishesClipDuration(StartForEs)" storage="/home/p.buczynski/git/code/juvo-player/juvoplayer.tests/bin/debug/netcoreapp2.0/juvoplayer.tests.dll" id="8e853ee6-04cd-709e-3b10-3f4dc0ff936d">
      <Execution id="5341dd4a-e654-4b32-878f-6be6e18b5d58" />
      <TestMethod codeBase="/home/p.buczynski/git/code/juvo-player/JuvoPlayer.Tests/bin/Debug/netcoreapp2.0/JuvoPlayer.Tests.dll" adapterTypeName="executor://nunit3testexecutor/" className="JuvoPlayer.Tests.UnitTests.TSDemuxerController" name="Start_ClipDurationFound_PublishesClipDuration(StartForEs)" />
    </UnitTest>
    <UnitTest name="ParseText_TextHasTwoLines_ReturnsTextWithTwoSeparatedLines" storage="/home/p.buczynski/git/code/juvo-player/juvoplayer.tests/bin/debug/netcoreapp2.0/juvoplayer.tests.dll" id="9a9661dd-36b6-16db-2f09-bd73c6ac6d68">
      <Execution id="29ee3e7f-23e9-4095-9ca9-7206724364e9" />
      <TestMethod codeBase="/home/p.buczynski/git/code/juvo-player/JuvoPlayer.Tests/bin/Debug/netcoreapp2.0/JuvoPlayer.Tests.dll" adapterTypeName="executor://nunit3testexecutor/" className="JuvoPlayer.Tests.UnitTests.TSParserUtils" name="ParseText_TextHasTwoLines_ReturnsTextWithTwoSeparatedLines" />
    </UnitTest>
    <UnitTest name="ParseTime_WhenTimeFormatIsInvalid_ThrowsFormatException(null)" storage="/home/p.buczynski/git/code/juvo-player/juvoplayer.tests/bin/debug/netcoreapp2.0/juvoplayer.tests.dll" id="02fb1555-b786-4aa2-7007-ec43c1c9fbe1">
      <Execution id="789d93ff-3bff-4dbe-81b6-966206ef213b" />
      <TestMethod codeBase="/home/p.buczynski/git/code/juvo-player/JuvoPlayer.Tests/bin/Debug/netcoreapp2.0/JuvoPlayer.Tests.dll" adapterTypeName="executor://nunit3testexecutor/" className="JuvoPlayer.Tests.UnitTests.TSSrtSubtitleParser" name="ParseTime_WhenTimeFormatIsInvalid_ThrowsFormatException(null)" />
    </UnitTest>
    <UnitTest name="CompleteAdding_TakeAsyncCalled_ThrowsInvalidOperationException" storage="/home/p.buczynski/git/code/juvo-player/juvoplayer.tests/bin/debug/netcoreapp2.0/juvoplayer.tests.dll" id="f1c5443e-e0a7-e961-fdae-6f316e6bdffa">
      <Execution id="de77652c-0ea4-476d-8860-2cf21a30bd6c" />
      <TestMethod codeBase="/home/p.buczynski/git/code/juvo-player/JuvoPlayer.Tests/bin/Debug/netcoreapp2.0/JuvoPlayer.Tests.dll" adapterTypeName="executor://nunit3testexecutor/" className="JuvoPlayer.Tests.UnitTests.TSChunksBuffer" name="CompleteAdding_TakeAsyncCalled_ThrowsInvalidOperationException" />
    </UnitTest>
    <UnitTest name="ParseTimeLine_TimeLineIsValid_ParsesSuccessfully(&quot;01:18.171  --&gt;   01:20.171&quot;)" storage="/home/p.buczynski/git/code/juvo-player/juvoplayer.tests/bin/debug/netcoreapp2.0/juvoplayer.tests.dll" id="520722aa-6a80-b3d5-b800-d9703ed85ffc">
      <Execution id="e9c6f73c-0c73-4aad-ac38-a92db1b810b9" />
      <TestMethod codeBase="/home/p.buczynski/git/code/juvo-player/JuvoPlayer.Tests/bin/Debug/netcoreapp2.0/JuvoPlayer.Tests.dll" adapterTypeName="executor://nunit3testexecutor/" className="JuvoPlayer.Tests.UnitTests.TSWebVttSubtitleParser" name="ParseTimeLine_TimeLineIsValid_ParsesSuccessfully(&quot;01:18.171  --&gt;   01:20.171&quot;)" />
    </UnitTest>
    <UnitTest name="ParseTimeLine_WhenLineIsInvalid_ThrowsFormatException(&quot;00:02:17,440 - 00:02:20,375&quot;)" storage="/home/p.buczynski/git/code/juvo-player/juvoplayer.tests/bin/debug/netcoreapp2.0/juvoplayer.tests.dll" id="8c69b9b6-1758-6875-02cf-0ad701b0c4d3">
      <Execution id="cb53b77e-2bf4-4c98-9142-b15ef65d0651" />
      <TestMethod codeBase="/home/p.buczynski/git/code/juvo-player/JuvoPlayer.Tests/bin/Debug/netcoreapp2.0/JuvoPlayer.Tests.dll" adapterTypeName="executor://nunit3testexecutor/" className="JuvoPlayer.Tests.UnitTests.TSSrtSubtitleParser" name="ParseTimeLine_WhenLineIsInvalid_ThrowsFormatException(&quot;00:02:17,440 - 00:02:20,375&quot;)" />
    </UnitTest>
    <UnitTest name="TimeToNextFrame_CalledBeforeFirstPacket_ThrowsInvalidOperationException" storage="/home/p.buczynski/git/code/juvo-player/juvoplayer.tests/bin/debug/netcoreapp2.0/juvoplayer.tests.dll" id="cb66aab4-74da-9d22-4f63-1827d111c973">
      <Execution id="0bd451d2-4588-4356-8e3d-9b5f0b8a4c9e" />
      <TestMethod codeBase="/home/p.buczynski/git/code/juvo-player/JuvoPlayer.Tests/bin/Debug/netcoreapp2.0/JuvoPlayer.Tests.dll" adapterTypeName="executor://nunit3testexecutor/" className="JuvoPlayer.Tests.UnitTests.TSPacketBarrier" name="TimeToNextFrame_CalledBeforeFirstPacket_ThrowsInvalidOperationException" />
    </UnitTest>
    <UnitTest name="Start_DRMInitDataFound_PublishesDRMInitData(StartForUrl)" storage="/home/p.buczynski/git/code/juvo-player/juvoplayer.tests/bin/debug/netcoreapp2.0/juvoplayer.tests.dll" id="d7ac1929-9b02-b83c-c131-e7b03e1000aa">
      <Execution id="c8881b92-3ec1-406e-94b5-c24990f869cb" />
      <TestMethod codeBase="/home/p.buczynski/git/code/juvo-player/JuvoPlayer.Tests/bin/Debug/netcoreapp2.0/JuvoPlayer.Tests.dll" adapterTypeName="executor://nunit3testexecutor/" className="JuvoPlayer.Tests.UnitTests.TSDemuxerController" name="Start_DRMInitDataFound_PublishesDRMInitData(StartForUrl)" />
    </UnitTest>
    <UnitTest name="ResolveByPath_InvalidPath_ReturnInvalidFormat" storage="/home/p.buczynski/git/code/juvo-player/juvoplayer.tests/bin/debug/netcoreapp2.0/juvoplayer.tests.dll" id="1f7bba7b-44c7-d415-228c-13d53a0e097d">
      <Execution id="35cb2b4f-9f5a-4c2d-801f-5b36ffc9bdb0" />
      <TestMethod codeBase="/home/p.buczynski/git/code/juvo-player/JuvoPlayer.Tests/bin/Debug/netcoreapp2.0/JuvoPlayer.Tests.dll" adapterTypeName="executor://nunit3testexecutor/" className="JuvoPlayer.Tests.UnitTests.TSSubtitleFormatResolver" name="ResolveByPath_InvalidPath_ReturnInvalidFormat" />
    </UnitTest>
    <UnitTest name="Parse_DifferentEncodings_ParsesSuccessfully(&quot;JuvoPlayer.Tests.res.subtitles.subtitles_en.vtt&quot;,&quot;utf-8&quot;,&quot;A dangerous quest for a lone hunter.&quot;)" storage="/home/p.buczynski/git/code/juvo-player/juvoplayer.tests/bin/debug/netcoreapp2.0/juvoplayer.tests.dll" id="fdaaee40-d5ec-3d57-52e3-ba061dbf8ab8">
      <Execution id="ede4b31a-a960-4c90-9d51-2bd3511841b3" />
      <TestMethod codeBase="/home/p.buczynski/git/code/juvo-player/JuvoPlayer.Tests/bin/Debug/netcoreapp2.0/JuvoPlayer.Tests.dll" adapterTypeName="executor://nunit3testexecutor/" className="JuvoPlayer.Tests.IntegrationTests.TSSubtitleFacade" name="Parse_DifferentEncodings_ParsesSuccessfully(&quot;JuvoPlayer.Tests.res.subtitles.subtitles_en.vtt&quot;,&quot;utf-8&quot;,&quot;A dangerous quest for a lone hunter.&quot;)" />
    </UnitTest>
    <UnitTest name="Serialization_AllOperationsSerialized_DeserializedProperly" storage="/home/p.buczynski/git/code/juvo-player/juvoplayer.tests/bin/debug/netcoreapp2.0/juvoplayer.tests.dll" id="f7156c87-b8b9-0e61-1608-47647affb3d9">
      <Execution id="7ea11356-9f9a-4f50-bc7f-ecccd3c8c53b" />
      <TestMethod codeBase="/home/p.buczynski/git/code/juvo-player/JuvoPlayer.Tests/bin/Debug/netcoreapp2.0/JuvoPlayer.Tests.dll" adapterTypeName="executor://nunit3testexecutor/" className="JuvoPlayer.Tests.IntegrationTests.TSOperationSerializer" name="Serialization_AllOperationsSerialized_DeserializedProperly" />
    </UnitTest>
    <UnitTest name="TestConfigureMultipleTimes" storage="/home/p.buczynski/git/code/juvo-player/juvoplayer.tests/bin/debug/netcoreapp2.0/juvoplayer.tests.dll" id="6ec026f1-46c9-6133-cbd4-a87c07ad774c">
      <Execution id="0ac332dc-8e78-4525-9a84-2dc37a19e9f6" />
      <TestMethod codeBase="/home/p.buczynski/git/code/juvo-player/JuvoPlayer.Tests/bin/Debug/netcoreapp2.0/JuvoPlayer.Tests.dll" adapterTypeName="executor://nunit3testexecutor/" className="JuvoPlayer.Tests.UnitTests.TSLoggerManager" name="TestConfigureMultipleTimes" />
    </UnitTest>
    <UnitTest name="DeserializeJsonText_ThrowsEmpty" storage="/home/p.buczynski/git/code/juvo-player/juvoplayer.tests/bin/debug/netcoreapp2.0/juvoplayer.tests.dll" id="f01d921c-ca10-b5d1-27ad-327291be9d87">
      <Execution id="15003c55-3ec5-45ed-bbb9-7a40a787aaf8" />
      <TestMethod codeBase="/home/p.buczynski/git/code/juvo-player/JuvoPlayer.Tests/bin/Debug/netcoreapp2.0/JuvoPlayer.Tests.dll" adapterTypeName="executor://nunit3testexecutor/" className="JuvoPlayer.Tests.IntegrationTests.JSONFileReaderTests" name="DeserializeJsonText_ThrowsEmpty" />
    </UnitTest>
    <UnitTest name="TestConsoleLogger" storage="/home/p.buczynski/git/code/juvo-player/juvoplayer.tests/bin/debug/netcoreapp2.0/juvoplayer.tests.dll" id="0b3f14e6-954c-5a2d-85d5-9644a0e349e2">
      <Execution id="c36bab08-57a4-4cd3-b35c-125bf97f8f4e" />
      <TestMethod codeBase="/home/p.buczynski/git/code/juvo-player/JuvoPlayer.Tests/bin/Debug/netcoreapp2.0/JuvoPlayer.Tests.dll" adapterTypeName="executor://nunit3testexecutor/" className="JuvoPlayer.Tests.UnitTests.TSLoggerBase" name="TestConsoleLogger" />
    </UnitTest>
    <UnitTest name="GetDrmType_ValidType_ReturnsValid(&quot;playready&quot;,PlayReady)" storage="/home/p.buczynski/git/code/juvo-player/juvoplayer.tests/bin/debug/netcoreapp2.0/juvoplayer.tests.dll" id="a6d0eb97-9095-37a6-7ebf-53f8881d60f0">
      <Execution id="479b6b9b-6845-49b8-a746-222aff6fb3a4" />
      <TestMethod codeBase="/home/p.buczynski/git/code/juvo-player/JuvoPlayer.Tests/bin/Debug/netcoreapp2.0/JuvoPlayer.Tests.dll" adapterTypeName="executor://nunit3testexecutor/" className="JuvoPlayer.Tests.UnitTests.TSCencUtils" name="GetDrmType_ValidType_ReturnsValid(&quot;playready&quot;,PlayReady)" />
    </UnitTest>
    <UnitTest name="OnAppendPacket_WhenConfigured_CallsContextExtraDataHandler" storage="/home/p.buczynski/git/code/juvo-player/juvoplayer.tests/bin/debug/netcoreapp2.0/juvoplayer.tests.dll" id="cf536672-6dbb-41a2-84f9-ab59c52d810f">
      <Execution id="0f3550d3-8c18-4f99-b3d5-5d4a177c8905" />
      <TestMethod codeBase="/home/p.buczynski/git/code/juvo-player/JuvoPlayer.Tests/bin/Debug/netcoreapp2.0/JuvoPlayer.Tests.dll" adapterTypeName="executor://nunit3testexecutor/" className="JuvoPlayer.Tests.UnitTests.TSPacketStream" name="OnAppendPacket_WhenConfigured_CallsContextExtraDataHandler" />
    </UnitTest>
    <UnitTest name="Reached_SecondPacketIsNonDataPacket_BarrierIsNotReached" storage="/home/p.buczynski/git/code/juvo-player/juvoplayer.tests/bin/debug/netcoreapp2.0/juvoplayer.tests.dll" id="0d59dc87-668a-e439-20c3-2f6fcc18afb6">
      <Execution id="94a1a037-b73e-4ef5-a10b-0d6685bb6f0a" />
      <TestMethod codeBase="/home/p.buczynski/git/code/juvo-player/JuvoPlayer.Tests/bin/Debug/netcoreapp2.0/JuvoPlayer.Tests.dll" adapterTypeName="executor://nunit3testexecutor/" className="JuvoPlayer.Tests.UnitTests.TSPacketBarrier" name="Reached_SecondPacketIsNonDataPacket_BarrierIsNotReached" />
    </UnitTest>
    <UnitTest name="Reached_SecondPacketDoesntReachBarrier_BarrierIsNotReached" storage="/home/p.buczynski/git/code/juvo-player/juvoplayer.tests/bin/debug/netcoreapp2.0/juvoplayer.tests.dll" id="f81baf0f-ead9-5f35-fa39-b734665fe9b1">
      <Execution id="38b71cb0-2a50-4edb-ae56-d6e6ce3eb235" />
      <TestMethod codeBase="/home/p.buczynski/git/code/juvo-player/JuvoPlayer.Tests/bin/Debug/netcoreapp2.0/JuvoPlayer.Tests.dll" adapterTypeName="executor://nunit3testexecutor/" className="JuvoPlayer.Tests.UnitTests.TSPacketBarrier" name="Reached_SecondPacketDoesntReachBarrier_BarrierIsNotReached" />
    </UnitTest>
    <UnitTest name="Serialization_OperationSerialized_DeserializedProperly(JuvoPlayer.Tests.Utils.DelayOperation)" storage="/home/p.buczynski/git/code/juvo-player/juvoplayer.tests/bin/debug/netcoreapp2.0/juvoplayer.tests.dll" id="88dd71ef-8824-feb9-a45c-d465619740f7">
      <Execution id="01b870fe-0ecd-4289-a8e0-a9061ee19baa" />
      <TestMethod codeBase="/home/p.buczynski/git/code/juvo-player/JuvoPlayer.Tests/bin/Debug/netcoreapp2.0/JuvoPlayer.Tests.dll" adapterTypeName="executor://nunit3testexecutor/" className="JuvoPlayer.Tests.IntegrationTests.TSOperationSerializer" name="Serialization_OperationSerialized_DeserializedProperly(JuvoPlayer.Tests.Utils.DelayOperation)" />
    </UnitTest>
    <UnitTest name="TestConfigureWithDefaultLevels" storage="/home/p.buczynski/git/code/juvo-player/juvoplayer.tests/bin/debug/netcoreapp2.0/juvoplayer.tests.dll" id="34dfc2c1-12c5-e35a-2da9-15862f421a1f">
      <Execution id="a24bad54-43a7-4340-b5d1-6877f9265e14" />
      <TestMethod codeBase="/home/p.buczynski/git/code/juvo-player/JuvoPlayer.Tests/bin/Debug/netcoreapp2.0/JuvoPlayer.Tests.dll" adapterTypeName="executor://nunit3testexecutor/" className="JuvoPlayer.Tests.UnitTests.TSLoggerManager" name="TestConfigureWithDefaultLevels" />
    </UnitTest>
    <UnitTest name="Reset_Called_DeallocsAVFormatContext(ForEs)" storage="/home/p.buczynski/git/code/juvo-player/juvoplayer.tests/bin/debug/netcoreapp2.0/juvoplayer.tests.dll" id="18ddabc1-b1c8-c549-5717-a273d4ac0a3e">
      <Execution id="5919249c-5e4f-4797-9010-a40fba66715f" />
      <TestMethod codeBase="/home/p.buczynski/git/code/juvo-player/JuvoPlayer.Tests/bin/Debug/netcoreapp2.0/JuvoPlayer.Tests.dll" adapterTypeName="executor://nunit3testexecutor/" className="JuvoPlayer.Tests.UnitTests.TSFFmpegDemuxer" name="Reset_Called_DeallocsAVFormatContext(ForEs)" />
    </UnitTest>
    <UnitTest name="End_LessThanBegin_ThrowsArgumentException" storage="/home/p.buczynski/git/code/juvo-player/juvoplayer.tests/bin/debug/netcoreapp2.0/juvoplayer.tests.dll" id="17fa2bb9-6058-ffa9-3803-d58553ec74eb">
      <Execution id="14781aaa-df12-470a-b2da-4cc408e1fe90" />
      <TestMethod codeBase="/home/p.buczynski/git/code/juvo-player/JuvoPlayer.Tests/bin/Debug/netcoreapp2.0/JuvoPlayer.Tests.dll" adapterTypeName="executor://nunit3testexecutor/" className="JuvoPlayer.Tests.UnitTests.TSCue" name="End_LessThanBegin_ThrowsArgumentException" />
    </UnitTest>
    <UnitTest name="Parse_DifferentEncodings_ParsesSuccessfully(&quot;JuvoPlayer.Tests.res.subtitles.media_player_subs_cp-949.srt&quot;,&quot;euc-kr&quot;,&quot;[Korean] 3.5: 그녀는 고양이가. 고양이 모피를 가지고&quot;)" storage="/home/p.buczynski/git/code/juvo-player/juvoplayer.tests/bin/debug/netcoreapp2.0/juvoplayer.tests.dll" id="292b8184-3595-15f3-6608-17958c811f3c">
      <Execution id="1a5b4884-ad0d-44d2-96f9-98f0329aa37b" />
      <TestMethod codeBase="/home/p.buczynski/git/code/juvo-player/JuvoPlayer.Tests/bin/Debug/netcoreapp2.0/JuvoPlayer.Tests.dll" adapterTypeName="executor://nunit3testexecutor/" className="JuvoPlayer.Tests.IntegrationTests.TSSubtitleFacade" name="Parse_DifferentEncodings_ParsesSuccessfully(&quot;JuvoPlayer.Tests.res.subtitles.media_player_subs_cp-949.srt&quot;,&quot;euc-kr&quot;,&quot;[Korean] 3.5: 그녀는 고양이가. 고양이 모피를 가지고&quot;)" />
    </UnitTest>
    <UnitTest name="Seek_CalledWhenPaused_DoesntDemuxNextPacket" storage="/home/p.buczynski/git/code/juvo-player/juvoplayer.tests/bin/debug/netcoreapp2.0/juvoplayer.tests.dll" id="c0e373ae-3e15-775d-5f9d-a8c872e8b285">
      <Execution id="bb0a5740-3843-4d61-bc38-1d6631ae1f1f" />
      <TestMethod codeBase="/home/p.buczynski/git/code/juvo-player/JuvoPlayer.Tests/bin/Debug/netcoreapp2.0/JuvoPlayer.Tests.dll" adapterTypeName="executor://nunit3testexecutor/" className="JuvoPlayer.Tests.UnitTests.TSDemuxerController" name="Seek_CalledWhenPaused_DoesntDemuxNextPacket" />
    </UnitTest>
    <UnitTest name="Start_PacketsDemuxed_PublishesPackets(StartForEs)" storage="/home/p.buczynski/git/code/juvo-player/juvoplayer.tests/bin/debug/netcoreapp2.0/juvoplayer.tests.dll" id="af40adc3-6ce4-fbdb-f50c-26697781469d">
      <Execution id="9f43b260-527e-49f5-9924-2c0e45aad236" />
      <TestMethod codeBase="/home/p.buczynski/git/code/juvo-player/JuvoPlayer.Tests/bin/Debug/netcoreapp2.0/JuvoPlayer.Tests.dll" adapterTypeName="executor://nunit3testexecutor/" className="JuvoPlayer.Tests.UnitTests.TSDemuxerController" name="Start_PacketsDemuxed_PublishesPackets(StartForEs)" />
    </UnitTest>
    <UnitTest name="RegisterDataProviderFactory_OK" storage="/home/p.buczynski/git/code/juvo-player/juvoplayer.tests/bin/debug/netcoreapp2.0/juvoplayer.tests.dll" id="598bfb59-b210-6d51-5dff-24428bdd49a7">
      <Execution id="9fe434c2-8979-4789-bd8a-359555b3a12f" />
      <TestMethod codeBase="/home/p.buczynski/git/code/juvo-player/JuvoPlayer.Tests/bin/Debug/netcoreapp2.0/JuvoPlayer.Tests.dll" adapterTypeName="executor://nunit3testexecutor/" className="JuvoPlayer.Tests.UnitTests.DataProviderFactoryManagerTests" name="RegisterDataProviderFactory_OK" />
    </UnitTest>
    <UnitTest name="ParseText_TextHasOneLine_ParsesSuccessfullyWithoutNewLine" storage="/home/p.buczynski/git/code/juvo-player/juvoplayer.tests/bin/debug/netcoreapp2.0/juvoplayer.tests.dll" id="8eee559b-f88d-5f49-738c-7ba028df49b7">
      <Execution id="0d08075b-a9b4-4200-97fb-a6cafacbb5ff" />
      <TestMethod codeBase="/home/p.buczynski/git/code/juvo-player/JuvoPlayer.Tests/bin/Debug/netcoreapp2.0/JuvoPlayer.Tests.dll" adapterTypeName="executor://nunit3testexecutor/" className="JuvoPlayer.Tests.UnitTests.TSParserUtils" name="ParseText_TextHasOneLine_ParsesSuccessfullyWithoutNewLine" />
    </UnitTest>
    <UnitTest name="ParseTimeLine_TimeLineIsInvalid_ThrowsFormatException(&quot;01:18.171 01:20.171&quot;)" storage="/home/p.buczynski/git/code/juvo-player/juvoplayer.tests/bin/debug/netcoreapp2.0/juvoplayer.tests.dll" id="9681c4d5-bb9b-2329-b528-bc4805c08192">
      <Execution id="47b6fd3a-b49d-497f-ad89-5198d3810748" />
      <TestMethod codeBase="/home/p.buczynski/git/code/juvo-player/JuvoPlayer.Tests/bin/Debug/netcoreapp2.0/JuvoPlayer.Tests.dll" adapterTypeName="executor://nunit3testexecutor/" className="JuvoPlayer.Tests.UnitTests.TSWebVttSubtitleParser" name="ParseTimeLine_TimeLineIsInvalid_ThrowsFormatException(&quot;01:18.171 01:20.171&quot;)" />
    </UnitTest>
    <UnitTest name="Reset_Called_DeallocsAVFormatContext(ForUrl)" storage="/home/p.buczynski/git/code/juvo-player/juvoplayer.tests/bin/debug/netcoreapp2.0/juvoplayer.tests.dll" id="2451296b-865e-f1ac-6397-248629b7319a">
      <Execution id="26b1e769-2826-4a30-8381-98a2d672c347" />
      <TestMethod codeBase="/home/p.buczynski/git/code/juvo-player/JuvoPlayer.Tests/bin/Debug/netcoreapp2.0/JuvoPlayer.Tests.dll" adapterTypeName="executor://nunit3testexecutor/" className="JuvoPlayer.Tests.UnitTests.TSFFmpegDemuxer" name="Reset_Called_DeallocsAVFormatContext(ForUrl)" />
    </UnitTest>
    <UnitTest name="SchemeIdUriToSystemId_PlayReadySchemeId_ReturnsSystemId" storage="/home/p.buczynski/git/code/juvo-player/juvoplayer.tests/bin/debug/netcoreapp2.0/juvoplayer.tests.dll" id="6682c8f3-9c28-94a7-d656-217500880b94">
      <Execution id="b8ffc3a1-8be9-4633-b937-15be1cf992f0" />
      <TestMethod codeBase="/home/p.buczynski/git/code/juvo-player/JuvoPlayer.Tests/bin/Debug/netcoreapp2.0/JuvoPlayer.Tests.dll" adapterTypeName="executor://nunit3testexecutor/" className="JuvoPlayer.Tests.UnitTests.TSCencUtils" name="SchemeIdUriToSystemId_PlayReadySchemeId_ReturnsSystemId" />
    </UnitTest>
    <UnitTest name="Begin_LessThanEnd_SetsSuccessfully" storage="/home/p.buczynski/git/code/juvo-player/juvoplayer.tests/bin/debug/netcoreapp2.0/juvoplayer.tests.dll" id="277f52da-2282-9c65-51fe-2a9bdc6748b7">
      <Execution id="25f15d64-b926-4e27-b004-c4997dd6216a" />
      <TestMethod codeBase="/home/p.buczynski/git/code/juvo-player/JuvoPlayer.Tests/bin/Debug/netcoreapp2.0/JuvoPlayer.Tests.dll" adapterTypeName="executor://nunit3testexecutor/" className="JuvoPlayer.Tests.UnitTests.TSCue" name="Begin_LessThanEnd_SetsSuccessfully" />
    </UnitTest>
    <UnitTest name="ParseTime_WhenTimeFormatIsInvalid_ThrowsFormatException(&quot;&quot;)" storage="/home/p.buczynski/git/code/juvo-player/juvoplayer.tests/bin/debug/netcoreapp2.0/juvoplayer.tests.dll" id="3f7ea52d-8fbc-14ce-b76b-689a6ecb938b">
      <Execution id="6d27f0eb-bf82-44fd-89ed-b459db39ea85" />
      <TestMethod codeBase="/home/p.buczynski/git/code/juvo-player/JuvoPlayer.Tests/bin/Debug/netcoreapp2.0/JuvoPlayer.Tests.dll" adapterTypeName="executor://nunit3testexecutor/" className="JuvoPlayer.Tests.UnitTests.TSSrtSubtitleParser" name="ParseTime_WhenTimeFormatIsInvalid_ThrowsFormatException(&quot;&quot;)" />
    </UnitTest>
    <UnitTest name="ParseTimeLine_TimeLineIsInvalid_ThrowsFormatException(&quot;01:18.171 -&gt; 01:20.171&quot;)" storage="/home/p.buczynski/git/code/juvo-player/juvoplayer.tests/bin/debug/netcoreapp2.0/juvoplayer.tests.dll" id="ff9a04ff-fa9e-340b-3ecc-b843a9161f2d">
      <Execution id="697c543a-01cb-4985-a146-139852eb4c1a" />
      <TestMethod codeBase="/home/p.buczynski/git/code/juvo-player/JuvoPlayer.Tests/bin/Debug/netcoreapp2.0/JuvoPlayer.Tests.dll" adapterTypeName="executor://nunit3testexecutor/" className="JuvoPlayer.Tests.UnitTests.TSWebVttSubtitleParser" name="ParseTimeLine_TimeLineIsInvalid_ThrowsFormatException(&quot;01:18.171 -&gt; 01:20.171&quot;)" />
    </UnitTest>
    <UnitTest name="DeserializeJsonText_ThrowsNull" storage="/home/p.buczynski/git/code/juvo-player/juvoplayer.tests/bin/debug/netcoreapp2.0/juvoplayer.tests.dll" id="6d33e4a5-ae74-c82a-5d2b-0a3770f1919a">
      <Execution id="9a534af5-e2d6-4c0f-82b5-6bee17a21906" />
      <TestMethod codeBase="/home/p.buczynski/git/code/juvo-player/JuvoPlayer.Tests/bin/Debug/netcoreapp2.0/JuvoPlayer.Tests.dll" adapterTypeName="executor://nunit3testexecutor/" className="JuvoPlayer.Tests.IntegrationTests.JSONFileReaderTests" name="DeserializeJsonText_ThrowsNull" />
    </UnitTest>
    <UnitTest name="Init_CalledSecondTime_ThrowsInvalidOperationException(ForEs)" storage="/home/p.buczynski/git/code/juvo-player/juvoplayer.tests/bin/debug/netcoreapp2.0/juvoplayer.tests.dll" id="94d95040-3698-185d-5d6f-562ab37711a4">
      <Execution id="867c7950-0479-4a89-879a-3a2ca46823e2" />
      <TestMethod codeBase="/home/p.buczynski/git/code/juvo-player/JuvoPlayer.Tests/bin/Debug/netcoreapp2.0/JuvoPlayer.Tests.dll" adapterTypeName="executor://nunit3testexecutor/" className="JuvoPlayer.Tests.UnitTests.TSFFmpegDemuxer" name="Init_CalledSecondTime_ThrowsInvalidOperationException(ForEs)" />
    </UnitTest>
    <UnitTest name="ParseTimeLine_WhenTimeIsValid_ReturnsExpectedBeginAndEnd" storage="/home/p.buczynski/git/code/juvo-player/juvoplayer.tests/bin/debug/netcoreapp2.0/juvoplayer.tests.dll" id="f87db683-3a8e-4544-d4a4-bec956bf3b3f">
      <Execution id="30e0c13f-11d6-4c02-aee9-85579b0acf49" />
      <TestMethod codeBase="/home/p.buczynski/git/code/juvo-player/JuvoPlayer.Tests/bin/Debug/netcoreapp2.0/JuvoPlayer.Tests.dll" adapterTypeName="executor://nunit3testexecutor/" className="JuvoPlayer.Tests.UnitTests.TSSrtSubtitleParser" name="ParseTimeLine_WhenTimeIsValid_ReturnsExpectedBeginAndEnd" />
    </UnitTest>
    <UnitTest name="GetDrmType_ValidType_ReturnsValid(&quot;widevine&quot;,Widevine)" storage="/home/p.buczynski/git/code/juvo-player/juvoplayer.tests/bin/debug/netcoreapp2.0/juvoplayer.tests.dll" id="3007bb0c-41a6-c578-20f7-6fe2cf8444cb">
      <Execution id="937ed011-51f6-48f1-ad61-89c55b47afd9" />
      <TestMethod codeBase="/home/p.buczynski/git/code/juvo-player/JuvoPlayer.Tests/bin/Debug/netcoreapp2.0/JuvoPlayer.Tests.dll" adapterTypeName="executor://nunit3testexecutor/" className="JuvoPlayer.Tests.UnitTests.TSCencUtils" name="GetDrmType_ValidType_ReturnsValid(&quot;widevine&quot;,Widevine)" />
    </UnitTest>
    <UnitTest name="LoadAsNetworkResource_UrlIsValid_LoadsResource" storage="/home/p.buczynski/git/code/juvo-player/juvoplayer.tests/bin/debug/netcoreapp2.0/juvoplayer.tests.dll" id="32a4594b-b1ea-44dc-9f50-e88fff32aca7">
      <Execution id="df154433-ce33-47bd-b515-9eb1d32efbce" />
      <TestMethod codeBase="/home/p.buczynski/git/code/juvo-player/JuvoPlayer.Tests/bin/Debug/netcoreapp2.0/JuvoPlayer.Tests.dll" adapterTypeName="executor://nunit3testexecutor/" className="JuvoPlayer.Tests.UnitTests.TSResourceLoader" name="LoadAsNetworkResource_UrlIsValid_LoadsResource" />
    </UnitTest>
    <UnitTest name="HasAVMedia_OK" storage="/home/p.buczynski/git/code/juvo-player/juvoplayer.tests/bin/debug/netcoreapp2.0/juvoplayer.tests.dll" id="08fa8c0b-a89b-568b-783e-bb49d811f5cb">
      <Execution id="5b112ccd-1570-421c-b4c8-a5f4a16b4803" />
      <TestMethod codeBase="/home/p.buczynski/git/code/juvo-player/JuvoPlayer.Tests/bin/Debug/netcoreapp2.0/JuvoPlayer.Tests.dll" adapterTypeName="executor://nunit3testexecutor/" className="JuvoPlayer.Tests.UnitTests.TSMPDParser" name="HasAVMedia_OK" />
    </UnitTest>
    <UnitTest name="Start_DemuxerInitFails_PublishesDemuxerError(StartForUrl)" storage="/home/p.buczynski/git/code/juvo-player/juvoplayer.tests/bin/debug/netcoreapp2.0/juvoplayer.tests.dll" id="29bfe808-3bba-cdc2-53ed-a6509a64d330">
      <Execution id="979ee9ca-53c0-4ba9-bd55-b4c45fb63b1e" />
      <TestMethod codeBase="/home/p.buczynski/git/code/juvo-player/JuvoPlayer.Tests/bin/Debug/netcoreapp2.0/JuvoPlayer.Tests.dll" adapterTypeName="executor://nunit3testexecutor/" className="JuvoPlayer.Tests.UnitTests.TSDemuxerController" name="Start_DemuxerInitFails_PublishesDemuxerError(StartForUrl)" />
    </UnitTest>
    <UnitTest name="Init_StreamConfigAvailable_ReturnsStreamConfig(ForUrl)" storage="/home/p.buczynski/git/code/juvo-player/juvoplayer.tests/bin/debug/netcoreapp2.0/juvoplayer.tests.dll" id="0e065e73-d47f-3a00-98d6-e8eb7ca6357c">
      <Execution id="a3520eaf-629b-43ed-afd6-29d838df4631" />
      <TestMethod codeBase="/home/p.buczynski/git/code/juvo-player/JuvoPlayer.Tests/bin/Debug/netcoreapp2.0/JuvoPlayer.Tests.dll" adapterTypeName="executor://nunit3testexecutor/" className="JuvoPlayer.Tests.UnitTests.TSFFmpegDemuxer" name="Init_StreamConfigAvailable_ReturnsStreamConfig(ForUrl)" />
    </UnitTest>
    <UnitTest name="Serialization_OperationSerialized_DeserializedProperly(JuvoPlayer.Tests.Utils.PrepareOperation)" storage="/home/p.buczynski/git/code/juvo-player/juvoplayer.tests/bin/debug/netcoreapp2.0/juvoplayer.tests.dll" id="1d410506-c13a-9a12-e32f-3b0fb711ffd3">
      <Execution id="9a6d3e99-17a9-403a-b9e3-75c7d060c87b" />
      <TestMethod codeBase="/home/p.buczynski/git/code/juvo-player/JuvoPlayer.Tests/bin/Debug/netcoreapp2.0/JuvoPlayer.Tests.dll" adapterTypeName="executor://nunit3testexecutor/" className="JuvoPlayer.Tests.IntegrationTests.TSOperationSerializer" name="Serialization_OperationSerialized_DeserializedProperly(JuvoPlayer.Tests.Utils.PrepareOperation)" />
    </UnitTest>
    <UnitTest name="Serialization_OperationSerialized_DeserializedProperly(JuvoPlayer.Tests.Utils.PauseOperation)" storage="/home/p.buczynski/git/code/juvo-player/juvoplayer.tests/bin/debug/netcoreapp2.0/juvoplayer.tests.dll" id="864940c8-b53d-5e0a-9ab8-2ad580ee97c1">
      <Execution id="f0c491c8-780d-450a-b18b-006140aa7356" />
      <TestMethod codeBase="/home/p.buczynski/git/code/juvo-player/JuvoPlayer.Tests/bin/Debug/netcoreapp2.0/JuvoPlayer.Tests.dll" adapterTypeName="executor://nunit3testexecutor/" className="JuvoPlayer.Tests.IntegrationTests.TSOperationSerializer" name="Serialization_OperationSerialized_DeserializedProperly(JuvoPlayer.Tests.Utils.PauseOperation)" />
    </UnitTest>
    <UnitTest name="ParseTime_TimeFormatIsInvalid_ThrowsFormatException(null)" storage="/home/p.buczynski/git/code/juvo-player/juvoplayer.tests/bin/debug/netcoreapp2.0/juvoplayer.tests.dll" id="24b81133-6183-4881-a72c-c0d4de113274">
      <Execution id="f684a57c-e55c-4a6e-8fb1-6b80161f9f94" />
      <TestMethod codeBase="/home/p.buczynski/git/code/juvo-player/JuvoPlayer.Tests/bin/Debug/netcoreapp2.0/JuvoPlayer.Tests.dll" adapterTypeName="executor://nunit3testexecutor/" className="JuvoPlayer.Tests.UnitTests.TSWebVttSubtitleParser" name="ParseTime_TimeFormatIsInvalid_ThrowsFormatException(null)" />
    </UnitTest>
    <UnitTest name="Serialization_OperationSerialized_DeserializedProperly(JuvoPlayer.Tests.Utils.StopOperation)" storage="/home/p.buczynski/git/code/juvo-player/juvoplayer.tests/bin/debug/netcoreapp2.0/juvoplayer.tests.dll" id="1401be64-9b1a-fe9c-cbe7-91ee817fac69">
      <Execution id="d551f520-2aaf-4f73-90f1-94c78d2e1dc6" />
      <TestMethod codeBase="/home/p.buczynski/git/code/juvo-player/JuvoPlayer.Tests/bin/Debug/netcoreapp2.0/JuvoPlayer.Tests.dll" adapterTypeName="executor://nunit3testexecutor/" className="JuvoPlayer.Tests.IntegrationTests.TSOperationSerializer" name="Serialization_OperationSerialized_DeserializedProperly(JuvoPlayer.Tests.Utils.StopOperation)" />
    </UnitTest>
    <UnitTest name="Init_CalledSecondTime_ThrowsInvalidOperationException(ForUrl)" storage="/home/p.buczynski/git/code/juvo-player/juvoplayer.tests/bin/debug/netcoreapp2.0/juvoplayer.tests.dll" id="5aba6d27-4c6f-ae2f-cf75-baaf7277a3aa">
      <Execution id="1f883294-0e5c-4bf7-8286-7f0a5bd6e50f" />
      <TestMethod codeBase="/home/p.buczynski/git/code/juvo-player/JuvoPlayer.Tests/bin/Debug/netcoreapp2.0/JuvoPlayer.Tests.dll" adapterTypeName="executor://nunit3testexecutor/" className="JuvoPlayer.Tests.UnitTests.TSFFmpegDemuxer" name="Init_CalledSecondTime_ThrowsInvalidOperationException(ForUrl)" />
    </UnitTest>
    <UnitTest name="TestValidConfig" storage="/home/p.buczynski/git/code/juvo-player/juvoplayer.tests/bin/debug/netcoreapp2.0/juvoplayer.tests.dll" id="5da37516-dacb-d422-fbee-12efa0638ad9">
      <Execution id="10c9ce69-1963-4cf3-a8fb-b9ad965cd903" />
      <TestMethod codeBase="/home/p.buczynski/git/code/juvo-player/JuvoPlayer.Tests/bin/Debug/netcoreapp2.0/JuvoPlayer.Tests.dll" adapterTypeName="executor://nunit3testexecutor/" className="JuvoPlayer.Tests.UnitTests.TSConfigParser" name="TestValidConfig" />
    </UnitTest>
    <UnitTest name="Parse_DifferentEncodings_ParsesSuccessfully(&quot;JuvoPlayer.Tests.res.subtitles.media_player_subs_windows-1256.srt&quot;,&quot;windows-1256&quot;,&quot;[Arabic] 3.0: علاء ديه القط، والقط هو علاء&quot;)" storage="/home/p.buczynski/git/code/juvo-player/juvoplayer.tests/bin/debug/netcoreapp2.0/juvoplayer.tests.dll" id="88bc5129-e7aa-8963-c140-f3fd33a92044">
      <Execution id="1a690a24-7224-423e-8658-086e5fd9bc34" />
      <TestMethod codeBase="/home/p.buczynski/git/code/juvo-player/JuvoPlayer.Tests/bin/Debug/netcoreapp2.0/JuvoPlayer.Tests.dll" adapterTypeName="executor://nunit3testexecutor/" className="JuvoPlayer.Tests.IntegrationTests.TSSubtitleFacade" name="Parse_DifferentEncodings_ParsesSuccessfully(&quot;JuvoPlayer.Tests.res.subtitles.media_player_subs_windows-1256.srt&quot;,&quot;windows-1256&quot;,&quot;[Arabic] 3.0: علاء ديه القط، والقط هو علاء&quot;)" />
    </UnitTest>
    <UnitTest name="ParseTime_WhenTimeExceedsADay_ParsesSuccessfully" storage="/home/p.buczynski/git/code/juvo-player/juvoplayer.tests/bin/debug/netcoreapp2.0/juvoplayer.tests.dll" id="a7854dd3-8d20-6641-2e3e-29ad46bbb531">
      <Execution id="52de8ed0-74a1-4e33-859d-8e7f1c27d37e" />
      <TestMethod codeBase="/home/p.buczynski/git/code/juvo-player/JuvoPlayer.Tests/bin/Debug/netcoreapp2.0/JuvoPlayer.Tests.dll" adapterTypeName="executor://nunit3testexecutor/" className="JuvoPlayer.Tests.UnitTests.TSSrtSubtitleParser" name="ParseTime_WhenTimeExceedsADay_ParsesSuccessfully" />
    </UnitTest>
    <UnitTest name="Get_TwoAdjacentCuesAndGetForFirst_ReturnsFirstOne" storage="/home/p.buczynski/git/code/juvo-player/juvoplayer.tests/bin/debug/netcoreapp2.0/juvoplayer.tests.dll" id="639b760f-d73b-dd9e-184b-d4fba82810a2">
      <Execution id="9bdef5a9-6dbb-4014-8565-122902d16939" />
      <TestMethod codeBase="/home/p.buczynski/git/code/juvo-player/JuvoPlayer.Tests/bin/Debug/netcoreapp2.0/JuvoPlayer.Tests.dll" adapterTypeName="executor://nunit3testexecutor/" className="JuvoPlayer.Tests.UnitTests.TSCuesMap" name="Get_TwoAdjacentCuesAndGetForFirst_ReturnsFirstOne" />
    </UnitTest>
    <UnitTest name="SupportsSystemId_PlayReadySystemId_ReturnsTrue" storage="/home/p.buczynski/git/code/juvo-player/juvoplayer.tests/bin/debug/netcoreapp2.0/juvoplayer.tests.dll" id="03900516-35b4-a3f2-ee8e-53c1d537ca19">
      <Execution id="3e816015-4705-4364-966e-fdc201cd137e" />
      <TestMethod codeBase="/home/p.buczynski/git/code/juvo-player/JuvoPlayer.Tests/bin/Debug/netcoreapp2.0/JuvoPlayer.Tests.dll" adapterTypeName="executor://nunit3testexecutor/" className="JuvoPlayer.Tests.UnitTests.TSCencUtils" name="SupportsSystemId_PlayReadySystemId_ReturnsTrue" />
    </UnitTest>
    <UnitTest name="PacketReady_DemuxerSendsNullPacket_ProducesEOSPackets" storage="/home/p.buczynski/git/code/juvo-player/juvoplayer.tests/bin/debug/netcoreapp2.0/juvoplayer.tests.dll" id="843772ee-7171-937b-ee83-555f894077cb">
      <Execution id="a061b158-444c-4ce7-878e-acab54aab9a4" />
      <TestMethod codeBase="/home/p.buczynski/git/code/juvo-player/JuvoPlayer.Tests/bin/Debug/netcoreapp2.0/JuvoPlayer.Tests.dll" adapterTypeName="executor://nunit3testexecutor/" className="JuvoPlayer.Tests.UnitTests.TSHLSDataProvider" name="PacketReady_DemuxerSendsNullPacket_ProducesEOSPackets" />
    </UnitTest>
    <UnitTest name="Reset_Called_DeallocsAVIOFormatContext" storage="/home/p.buczynski/git/code/juvo-player/juvoplayer.tests/bin/debug/netcoreapp2.0/juvoplayer.tests.dll" id="da5a75b7-aa19-0293-49b5-3bd5a004ec15">
      <Execution id="1962b54d-618f-4c4b-a72a-d98d487bbac7" />
      <TestMethod codeBase="/home/p.buczynski/git/code/juvo-player/JuvoPlayer.Tests/bin/Debug/netcoreapp2.0/JuvoPlayer.Tests.dll" adapterTypeName="executor://nunit3testexecutor/" className="JuvoPlayer.Tests.UnitTests.TSFFmpegDemuxer" name="Reset_Called_DeallocsAVIOFormatContext" />
    </UnitTest>
    <UnitTest name="Reached_CalledBeforeFirstPacket_ThrowsInvalidOperationException" storage="/home/p.buczynski/git/code/juvo-player/juvoplayer.tests/bin/debug/netcoreapp2.0/juvoplayer.tests.dll" id="ce01ebcc-a3b9-cf57-b548-3aec0795ebd5">
      <Execution id="cc1b3b94-aa14-465f-b92a-c13a286b8635" />
      <TestMethod codeBase="/home/p.buczynski/git/code/juvo-player/JuvoPlayer.Tests/bin/Debug/netcoreapp2.0/JuvoPlayer.Tests.dll" adapterTypeName="executor://nunit3testexecutor/" className="JuvoPlayer.Tests.UnitTests.TSPacketBarrier" name="Reached_CalledBeforeFirstPacket_ThrowsInvalidOperationException" />
    </UnitTest>
    <UnitTest name="DeserializeJsonText_ThrowsInvalid" storage="/home/p.buczynski/git/code/juvo-player/juvoplayer.tests/bin/debug/netcoreapp2.0/juvoplayer.tests.dll" id="5ca64586-df96-c4e0-6cbd-c37e2176547b">
      <Execution id="e786083b-c5a2-4592-ae57-ecbe8bfd2236" />
      <TestMethod codeBase="/home/p.buczynski/git/code/juvo-player/JuvoPlayer.Tests/bin/Debug/netcoreapp2.0/JuvoPlayer.Tests.dll" adapterTypeName="executor://nunit3testexecutor/" className="JuvoPlayer.Tests.IntegrationTests.JSONFileReaderTests" name="DeserializeJsonText_ThrowsInvalid" />
    </UnitTest>
    <UnitTest name="Serialization_OperationSerialized_DeserializedProperly(JuvoPlayer.Tests.Utils.RandomDelayOperation)" storage="/home/p.buczynski/git/code/juvo-player/juvoplayer.tests/bin/debug/netcoreapp2.0/juvoplayer.tests.dll" id="941c0021-a8fe-25b1-de50-c1e94e8c1fd9">
      <Execution id="6af9dcb5-4e88-4df5-bc48-6c6f055b44db" />
      <TestMethod codeBase="/home/p.buczynski/git/code/juvo-player/JuvoPlayer.Tests/bin/Debug/netcoreapp2.0/JuvoPlayer.Tests.dll" adapterTypeName="executor://nunit3testexecutor/" className="JuvoPlayer.Tests.IntegrationTests.TSOperationSerializer" name="Serialization_OperationSerialized_DeserializedProperly(JuvoPlayer.Tests.Utils.RandomDelayOperation)" />
    </UnitTest>
    <UnitTest name="ParseTime_TimeFormatIsValid_ParsesSuccessfully(&quot;00:01:18.171&quot;,0,1,18,171)" storage="/home/p.buczynski/git/code/juvo-player/juvoplayer.tests/bin/debug/netcoreapp2.0/juvoplayer.tests.dll" id="eae78d03-0df3-6019-5f3a-2a4efab1df85">
      <Execution id="8a68d984-6223-40ac-9d37-025bd7001724" />
      <TestMethod codeBase="/home/p.buczynski/git/code/juvo-player/JuvoPlayer.Tests/bin/Debug/netcoreapp2.0/JuvoPlayer.Tests.dll" adapterTypeName="executor://nunit3testexecutor/" className="JuvoPlayer.Tests.UnitTests.TSWebVttSubtitleParser" name="ParseTime_TimeFormatIsValid_ParsesSuccessfully(&quot;00:01:18.171&quot;,0,1,18,171)" />
    </UnitTest>
    <UnitTest name="Pause_Called_DoesntRetrieveNextPacket(StartForEs)" storage="/home/p.buczynski/git/code/juvo-player/juvoplayer.tests/bin/debug/netcoreapp2.0/juvoplayer.tests.dll" id="3f8dfde8-2658-03a7-336d-cc519ac91c3e">
      <Execution id="978d5087-9367-49c8-8ef5-5c983dc010e4" />
      <TestMethod codeBase="/home/p.buczynski/git/code/juvo-player/JuvoPlayer.Tests/bin/Debug/netcoreapp2.0/JuvoPlayer.Tests.dll" adapterTypeName="executor://nunit3testexecutor/" className="JuvoPlayer.Tests.UnitTests.TSDemuxerController" name="Pause_Called_DoesntRetrieveNextPacket(StartForEs)" />
    </UnitTest>
    <UnitTest name="Parse_DifferentEncodings_ParsesSuccessfully(&quot;JuvoPlayer.Tests.res.subtitles.media_player_subs_windows-1251.srt&quot;,&quot;windows-1251&quot;,&quot;[Cyrylic] 5.0: Жж Зз Кк Лл Ыы Чч Щщ Ъъ Ыы Юю Яя&quot;)" storage="/home/p.buczynski/git/code/juvo-player/juvoplayer.tests/bin/debug/netcoreapp2.0/juvoplayer.tests.dll" id="a696fe85-6892-5787-2988-b6dc32a7eaae">
      <Execution id="a52538d5-ec36-4c5e-a9c2-45907aa993d6" />
      <TestMethod codeBase="/home/p.buczynski/git/code/juvo-player/JuvoPlayer.Tests/bin/Debug/netcoreapp2.0/JuvoPlayer.Tests.dll" adapterTypeName="executor://nunit3testexecutor/" className="JuvoPlayer.Tests.IntegrationTests.TSSubtitleFacade" name="Parse_DifferentEncodings_ParsesSuccessfully(&quot;JuvoPlayer.Tests.res.subtitles.media_player_subs_windows-1251.srt&quot;,&quot;windows-1251&quot;,&quot;[Cyrylic] 5.0: Жж Зз Кк Лл Ыы Чч Щщ Ъъ Ыы Юю Яя&quot;)" />
    </UnitTest>
    <UnitTest name="ParseTime_TimeFormatIsInvalid_ThrowsFormatException(&quot;00:00:00:00.0&quot;)" storage="/home/p.buczynski/git/code/juvo-player/juvoplayer.tests/bin/debug/netcoreapp2.0/juvoplayer.tests.dll" id="79e155a0-4a41-3695-7dd9-360fb50ae27a">
      <Execution id="d9460391-4ee9-4ba2-93a2-e9c44e456c51" />
      <TestMethod codeBase="/home/p.buczynski/git/code/juvo-player/JuvoPlayer.Tests/bin/Debug/netcoreapp2.0/JuvoPlayer.Tests.dll" adapterTypeName="executor://nunit3testexecutor/" className="JuvoPlayer.Tests.UnitTests.TSWebVttSubtitleParser" name="ParseTime_TimeFormatIsInvalid_ThrowsFormatException(&quot;00:00:00:00.0&quot;)" />
    </UnitTest>
    <UnitTest name="DeserializeJsonText_OK" storage="/home/p.buczynski/git/code/juvo-player/juvoplayer.tests/bin/debug/netcoreapp2.0/juvoplayer.tests.dll" id="c2da144b-378e-b165-a41b-7b65e6d54970">
      <Execution id="b8df5372-dc5d-4398-8f49-37ecc32c26a9" />
      <TestMethod codeBase="/home/p.buczynski/git/code/juvo-player/JuvoPlayer.Tests/bin/Debug/netcoreapp2.0/JuvoPlayer.Tests.dll" adapterTypeName="executor://nunit3testexecutor/" className="JuvoPlayer.Tests.IntegrationTests.JSONFileReaderTests" name="DeserializeJsonText_OK" />
    </UnitTest>
    <UnitTest name="Start_StreamConfigFound_PublishesStreamConfig(StartForUrl)" storage="/home/p.buczynski/git/code/juvo-player/juvoplayer.tests/bin/debug/netcoreapp2.0/juvoplayer.tests.dll" id="913bcb3f-29bc-fd1f-7c98-c387d71227d4">
      <Execution id="2f74158a-1c70-4dce-a328-35bc24097363" />
      <TestMethod codeBase="/home/p.buczynski/git/code/juvo-player/JuvoPlayer.Tests/bin/Debug/netcoreapp2.0/JuvoPlayer.Tests.dll" adapterTypeName="executor://nunit3testexecutor/" className="JuvoPlayer.Tests.UnitTests.TSDemuxerController" name="Start_StreamConfigFound_PublishesStreamConfig(StartForUrl)" />
    </UnitTest>
    <UnitTest name="SetDataSource_DataSourceCompletes_SignalsEos" storage="/home/p.buczynski/git/code/juvo-player/juvoplayer.tests/bin/debug/netcoreapp2.0/juvoplayer.tests.dll" id="635a9c0c-0703-a7fe-f188-0e7aded18217">
      <Execution id="aac02468-0a9c-48fd-bdcc-55e76b96c981" />
      <TestMethod codeBase="/home/p.buczynski/git/code/juvo-player/JuvoPlayer.Tests/bin/Debug/netcoreapp2.0/JuvoPlayer.Tests.dll" adapterTypeName="executor://nunit3testexecutor/" className="JuvoPlayer.Tests.UnitTests.TSDemuxerController" name="SetDataSource_DataSourceCompletes_SignalsEos" />
    </UnitTest>
    <UnitTest name="HasRepresentation_OK" storage="/home/p.buczynski/git/code/juvo-player/juvoplayer.tests/bin/debug/netcoreapp2.0/juvoplayer.tests.dll" id="b7fd9400-1bb5-081c-d5a3-25a6c282dcbe">
      <Execution id="9d78bf9e-38b7-4c26-9b42-5665eb1deea2" />
      <TestMethod codeBase="/home/p.buczynski/git/code/juvo-player/JuvoPlayer.Tests/bin/Debug/netcoreapp2.0/JuvoPlayer.Tests.dll" adapterTypeName="executor://nunit3testexecutor/" className="JuvoPlayer.Tests.UnitTests.TSMPDParser" name="HasRepresentation_OK" />
    </UnitTest>
    <UnitTest name="DEBUG_MpdParser" storage="/home/p.buczynski/git/code/juvo-player/juvoplayer.tests/bin/debug/netcoreapp2.0/juvoplayer.tests.dll" id="c78e9722-6d02-3845-ccf5-7d0c55504ab1">
      <Execution id="f3fcc8f5-2d1d-4b78-9361-b75144b90112" />
      <TestMethod codeBase="/home/p.buczynski/git/code/juvo-player/JuvoPlayer.Tests/bin/Debug/netcoreapp2.0/JuvoPlayer.Tests.dll" adapterTypeName="executor://nunit3testexecutor/" className="JuvoPlayer.Tests.DebugCode.MpdParserDebug" name="DEBUG_MpdParser" />
    </UnitTest>
    <UnitTest name="Compare_VariousTimes_ReturnsExpectedValues(25,1)" storage="/home/p.buczynski/git/code/juvo-player/juvoplayer.tests/bin/debug/netcoreapp2.0/juvoplayer.tests.dll" id="9d43c9dd-9ed0-37ad-3810-cd0fa27c1b3a">
      <Execution id="dbd7a32a-12d4-460d-8888-e0e9c8dfa1e0" />
      <TestMethod codeBase="/home/p.buczynski/git/code/juvo-player/JuvoPlayer.Tests/bin/Debug/netcoreapp2.0/JuvoPlayer.Tests.dll" adapterTypeName="executor://nunit3testexecutor/" className="JuvoPlayer.Tests.UnitTests.TSCue" name="Compare_VariousTimes_ReturnsExpectedValues(25,1)" />
    </UnitTest>
    <UnitTest name="Reset_Called_NextPacketNotCalledAfter(StartForEs)" storage="/home/p.buczynski/git/code/juvo-player/juvoplayer.tests/bin/debug/netcoreapp2.0/juvoplayer.tests.dll" id="a16102ef-fcf8-a9c6-d66a-7b006e4ea6c9">
      <Execution id="3f7ba2c6-005d-4e3c-96b6-e07b1a1df139" />
      <TestMethod codeBase="/home/p.buczynski/git/code/juvo-player/JuvoPlayer.Tests/bin/Debug/netcoreapp2.0/JuvoPlayer.Tests.dll" adapterTypeName="executor://nunit3testexecutor/" className="JuvoPlayer.Tests.UnitTests.TSDemuxerController" name="Reset_Called_NextPacketNotCalledAfter(StartForEs)" />
    </UnitTest>
    <UnitTest name="Start_PacketDemuxed_PublishesPacket(StartForEs)" storage="/home/p.buczynski/git/code/juvo-player/juvoplayer.tests/bin/debug/netcoreapp2.0/juvoplayer.tests.dll" id="e8822ed9-c52a-6461-1cf0-248853538bf9">
      <Execution id="c5240cf6-bb1f-41d9-a51c-654f07f03830" />
      <TestMethod codeBase="/home/p.buczynski/git/code/juvo-player/JuvoPlayer.Tests/bin/Debug/netcoreapp2.0/JuvoPlayer.Tests.dll" adapterTypeName="executor://nunit3testexecutor/" className="JuvoPlayer.Tests.UnitTests.TSDemuxerController" name="Start_PacketDemuxed_PublishesPacket(StartForEs)" />
    </UnitTest>
    <UnitTest name="XMLData_AppParserSysParser_same_OK" storage="/home/p.buczynski/git/code/juvo-player/juvoplayer.tests/bin/debug/netcoreapp2.0/juvoplayer.tests.dll" id="320b5630-864f-a352-1987-972112f06fc2">
      <Execution id="c2cafa6b-d04e-4de4-ad77-e024764dc800" />
      <TestMethod codeBase="/home/p.buczynski/git/code/juvo-player/JuvoPlayer.Tests/bin/Debug/netcoreapp2.0/JuvoPlayer.Tests.dll" adapterTypeName="executor://nunit3testexecutor/" className="JuvoPlayer.Tests.UnitTests.TSMPDParser" name="XMLData_AppParserSysParser_same_OK" />
    </UnitTest>
    <UnitTest name="Compare_VariousTimes_ReturnsExpectedValues(10,0)" storage="/home/p.buczynski/git/code/juvo-player/juvoplayer.tests/bin/debug/netcoreapp2.0/juvoplayer.tests.dll" id="57c0ae3c-c55a-4a36-bc50-46b8e916c8ec">
      <Execution id="76530f6c-af09-4ca2-876a-4e66f100d74d" />
      <TestMethod codeBase="/home/p.buczynski/git/code/juvo-player/JuvoPlayer.Tests/bin/Debug/netcoreapp2.0/JuvoPlayer.Tests.dll" adapterTypeName="executor://nunit3testexecutor/" className="JuvoPlayer.Tests.UnitTests.TSCue" name="Compare_VariousTimes_ReturnsExpectedValues(10,0)" />
    </UnitTest>
    <UnitTest name="TestConfigureWithNull" storage="/home/p.buczynski/git/code/juvo-player/juvoplayer.tests/bin/debug/netcoreapp2.0/juvoplayer.tests.dll" id="c417f526-f617-d89a-9e27-2a222a15bac0">
      <Execution id="7a59517b-1e19-432b-8645-d7b82062fc2a" />
      <TestMethod codeBase="/home/p.buczynski/git/code/juvo-player/JuvoPlayer.Tests/bin/Debug/netcoreapp2.0/JuvoPlayer.Tests.dll" adapterTypeName="executor://nunit3testexecutor/" className="JuvoPlayer.Tests.UnitTests.TSLoggerManager" name="TestConfigureWithNull" />
    </UnitTest>
    <UnitTest name="TimeToNextFrame_CalledWhenBarrierIsReached_ReturnsPositiveTime" storage="/home/p.buczynski/git/code/juvo-player/juvoplayer.tests/bin/debug/netcoreapp2.0/juvoplayer.tests.dll" id="90bdca97-8eb4-c877-3c7b-3164b6f624b6">
      <Execution id="028eb3c6-0fce-4d25-9e16-dc0fdddd3d01" />
      <TestMethod codeBase="/home/p.buczynski/git/code/juvo-player/JuvoPlayer.Tests/bin/Debug/netcoreapp2.0/JuvoPlayer.Tests.dll" adapterTypeName="executor://nunit3testexecutor/" className="JuvoPlayer.Tests.UnitTests.TSPacketBarrier" name="TimeToNextFrame_CalledWhenBarrierIsReached_ReturnsPositiveTime" />
    </UnitTest>
    <UnitTest name="GetScheme_PlayReadySystemId_ReturnsValid" storage="/home/p.buczynski/git/code/juvo-player/juvoplayer.tests/bin/debug/netcoreapp2.0/juvoplayer.tests.dll" id="c09a9465-f15f-2431-e3ef-062999b6d76e">
      <Execution id="911f081e-fd8e-4634-bc0d-bcc853102d7c" />
      <TestMethod codeBase="/home/p.buczynski/git/code/juvo-player/JuvoPlayer.Tests/bin/Debug/netcoreapp2.0/JuvoPlayer.Tests.dll" adapterTypeName="executor://nunit3testexecutor/" className="JuvoPlayer.Tests.UnitTests.TSCencUtils" name="GetScheme_PlayReadySystemId_ReturnsValid" />
    </UnitTest>
    <UnitTest name="SupportsType_InvalidType_ReturnsFalse" storage="/home/p.buczynski/git/code/juvo-player/juvoplayer.tests/bin/debug/netcoreapp2.0/juvoplayer.tests.dll" id="094b11a6-0532-7a03-8d14-df586e014bf7">
      <Execution id="1ee84008-c6bc-465a-8326-1462213083f0" />
      <TestMethod codeBase="/home/p.buczynski/git/code/juvo-player/JuvoPlayer.Tests/bin/Debug/netcoreapp2.0/JuvoPlayer.Tests.dll" adapterTypeName="executor://nunit3testexecutor/" className="JuvoPlayer.Tests.UnitTests.TSCencUtils" name="SupportsType_InvalidType_ReturnsFalse" />
    </UnitTest>
    <UnitTest name="Start_DRMInitDataFound_PublishesDRMInitData(StartForEs)" storage="/home/p.buczynski/git/code/juvo-player/juvoplayer.tests/bin/debug/netcoreapp2.0/juvoplayer.tests.dll" id="14b24806-a082-47eb-f4a4-0872c3c59611">
      <Execution id="d36a06e4-0a4e-4938-a194-3da16117da68" />
      <TestMethod codeBase="/home/p.buczynski/git/code/juvo-player/JuvoPlayer.Tests/bin/Debug/netcoreapp2.0/JuvoPlayer.Tests.dll" adapterTypeName="executor://nunit3testexecutor/" className="JuvoPlayer.Tests.UnitTests.TSDemuxerController" name="Start_DRMInitDataFound_PublishesDRMInitData(StartForEs)" />
    </UnitTest>
    <UnitTest name="Init_DrmInitDataAvailable_ReturnsDrmInitData(ForEs)" storage="/home/p.buczynski/git/code/juvo-player/juvoplayer.tests/bin/debug/netcoreapp2.0/juvoplayer.tests.dll" id="0df30c92-10e5-04f8-7ba8-ad81df080036">
      <Execution id="276b9c31-9489-47b7-8678-d5ef7adb2041" />
      <TestMethod codeBase="/home/p.buczynski/git/code/juvo-player/JuvoPlayer.Tests/bin/Debug/netcoreapp2.0/JuvoPlayer.Tests.dll" adapterTypeName="executor://nunit3testexecutor/" className="JuvoPlayer.Tests.UnitTests.TSFFmpegDemuxer" name="Init_DrmInitDataAvailable_ReturnsDrmInitData(ForEs)" />
    </UnitTest>
    <UnitTest name="CreateDataProvider_NotSupported" storage="/home/p.buczynski/git/code/juvo-player/juvoplayer.tests/bin/debug/netcoreapp2.0/juvoplayer.tests.dll" id="372c9fce-3145-adc3-8977-856762fa7aac">
      <Execution id="cf2f5512-8a1c-4c68-8683-8656caee8abf" />
      <TestMethod codeBase="/home/p.buczynski/git/code/juvo-player/JuvoPlayer.Tests/bin/Debug/netcoreapp2.0/JuvoPlayer.Tests.dll" adapterTypeName="executor://nunit3testexecutor/" className="JuvoPlayer.Tests.UnitTests.DataProviderFactoryManagerTests" name="CreateDataProvider_NotSupported" />
    </UnitTest>
    <UnitTest name="Get_KeyBetweenTwoCues_ReturnsNull" storage="/home/p.buczynski/git/code/juvo-player/juvoplayer.tests/bin/debug/netcoreapp2.0/juvoplayer.tests.dll" id="39d5ff9a-2a80-e32f-8c48-31ef5543d04d">
      <Execution id="d4df6788-c45e-4a2b-bfb5-53cc6d4de535" />
      <TestMethod codeBase="/home/p.buczynski/git/code/juvo-player/JuvoPlayer.Tests/bin/Debug/netcoreapp2.0/JuvoPlayer.Tests.dll" adapterTypeName="executor://nunit3testexecutor/" className="JuvoPlayer.Tests.UnitTests.TSCuesMap" name="Get_KeyBetweenTwoCues_ReturnsNull" />
    </UnitTest>
    <UnitTest name="RegisterDataProviderFactory_ThrowsNull" storage="/home/p.buczynski/git/code/juvo-player/juvoplayer.tests/bin/debug/netcoreapp2.0/juvoplayer.tests.dll" id="3bb9e6bd-fed8-b1b2-1da9-9ab8e55f2013">
      <Execution id="b613fa95-d3c5-447e-b7a2-1dab5f51d8b9" />
      <TestMethod codeBase="/home/p.buczynski/git/code/juvo-player/JuvoPlayer.Tests/bin/Debug/netcoreapp2.0/JuvoPlayer.Tests.dll" adapterTypeName="executor://nunit3testexecutor/" className="JuvoPlayer.Tests.UnitTests.DataProviderFactoryManagerTests" name="RegisterDataProviderFactory_ThrowsNull" />
    </UnitTest>
    <UnitTest name="ParseTime_WhenTimeFormatIsInvalid_ThrowsFormatException(&quot;25.02.17.440&quot;)" storage="/home/p.buczynski/git/code/juvo-player/juvoplayer.tests/bin/debug/netcoreapp2.0/juvoplayer.tests.dll" id="8d86425c-9966-faa7-aa49-ad14ec445516">
      <Execution id="0ae5233d-2baf-4847-8902-99fb4089545e" />
      <TestMethod codeBase="/home/p.buczynski/git/code/juvo-player/JuvoPlayer.Tests/bin/Debug/netcoreapp2.0/JuvoPlayer.Tests.dll" adapterTypeName="executor://nunit3testexecutor/" className="JuvoPlayer.Tests.UnitTests.TSSrtSubtitleParser" name="ParseTime_WhenTimeFormatIsInvalid_ThrowsFormatException(&quot;25.02.17.440&quot;)" />
    </UnitTest>
    <UnitTest name="End_GreaterThanBegin_SetsSuccessfully" storage="/home/p.buczynski/git/code/juvo-player/juvoplayer.tests/bin/debug/netcoreapp2.0/juvoplayer.tests.dll" id="718f5161-c183-d605-d2c2-6292afd3ca09">
      <Execution id="4a3abf52-3f9d-49da-be56-8901c1bede91" />
      <TestMethod codeBase="/home/p.buczynski/git/code/juvo-player/JuvoPlayer.Tests/bin/Debug/netcoreapp2.0/JuvoPlayer.Tests.dll" adapterTypeName="executor://nunit3testexecutor/" className="JuvoPlayer.Tests.UnitTests.TSCue" name="End_GreaterThanBegin_SetsSuccessfully" />
    </UnitTest>
    <UnitTest name="SupportsSchemeIdUri_PlayReadySchemeIdUri_ReturnsTrue" storage="/home/p.buczynski/git/code/juvo-player/juvoplayer.tests/bin/debug/netcoreapp2.0/juvoplayer.tests.dll" id="2a5400f7-59f9-282c-1900-944ef8ecb847">
      <Execution id="a7ac8831-0427-455d-bfeb-3feb7461a763" />
      <TestMethod codeBase="/home/p.buczynski/git/code/juvo-player/JuvoPlayer.Tests/bin/Debug/netcoreapp2.0/JuvoPlayer.Tests.dll" adapterTypeName="executor://nunit3testexecutor/" className="JuvoPlayer.Tests.UnitTests.TSCencUtils" name="SupportsSchemeIdUri_PlayReadySchemeIdUri_ReturnsTrue" />
    </UnitTest>
    <UnitTest name="ParseTime_TimeFormatIsValid_ParsesSuccessfully(&quot;01:18.171&quot;,0,1,18,171)" storage="/home/p.buczynski/git/code/juvo-player/juvoplayer.tests/bin/debug/netcoreapp2.0/juvoplayer.tests.dll" id="934d902b-af41-a86f-d0cb-6e5ba6785975">
      <Execution id="909b43af-a55c-4632-964f-6b537d9a5ec1" />
      <TestMethod codeBase="/home/p.buczynski/git/code/juvo-player/JuvoPlayer.Tests/bin/Debug/netcoreapp2.0/JuvoPlayer.Tests.dll" adapterTypeName="executor://nunit3testexecutor/" className="JuvoPlayer.Tests.UnitTests.TSWebVttSubtitleParser" name="ParseTime_TimeFormatIsValid_ParsesSuccessfully(&quot;01:18.171&quot;,0,1,18,171)" />
    </UnitTest>
    <UnitTest name="GetDrmType_InvalidType_ReturnsUnknown" storage="/home/p.buczynski/git/code/juvo-player/juvoplayer.tests/bin/debug/netcoreapp2.0/juvoplayer.tests.dll" id="09021642-119b-2b6e-4751-93eb7ddbf929">
      <Execution id="76088f16-c385-4106-81ff-2666105528e9" />
      <TestMethod codeBase="/home/p.buczynski/git/code/juvo-player/JuvoPlayer.Tests/bin/Debug/netcoreapp2.0/JuvoPlayer.Tests.dll" adapterTypeName="executor://nunit3testexecutor/" className="JuvoPlayer.Tests.UnitTests.TSCencUtils" name="GetDrmType_InvalidType_ReturnsUnknown" />
    </UnitTest>
    <UnitTest name="Serialization_OperationSerialized_DeserializedProperly(JuvoPlayer.Tests.Utils.SeekOperation)" storage="/home/p.buczynski/git/code/juvo-player/juvoplayer.tests/bin/debug/netcoreapp2.0/juvoplayer.tests.dll" id="37281614-9f75-45d7-e1f5-a19213212db8">
      <Execution id="aafe6420-8614-4a8a-a40c-47f43f93c52e" />
      <TestMethod codeBase="/home/p.buczynski/git/code/juvo-player/JuvoPlayer.Tests/bin/Debug/netcoreapp2.0/JuvoPlayer.Tests.dll" adapterTypeName="executor://nunit3testexecutor/" className="JuvoPlayer.Tests.IntegrationTests.TSOperationSerializer" name="Serialization_OperationSerialized_DeserializedProperly(JuvoPlayer.Tests.Utils.SeekOperation)" />
    </UnitTest>
    <UnitTest name="Compare_VariousTimes_ReturnsExpectedValues(20,1)" storage="/home/p.buczynski/git/code/juvo-player/juvoplayer.tests/bin/debug/netcoreapp2.0/juvoplayer.tests.dll" id="308c0503-5aa8-3cad-0410-698b5f3745ae">
      <Execution id="43f7f95c-aac0-4536-9478-8cf06f9dbeba" />
      <TestMethod codeBase="/home/p.buczynski/git/code/juvo-player/JuvoPlayer.Tests/bin/Debug/netcoreapp2.0/JuvoPlayer.Tests.dll" adapterTypeName="executor://nunit3testexecutor/" className="JuvoPlayer.Tests.UnitTests.TSCue" name="Compare_VariousTimes_ReturnsExpectedValues(20,1)" />
    </UnitTest>
    <UnitTest name="PushChunk_CalledBeforeInitForEs_ThrowsException" storage="/home/p.buczynski/git/code/juvo-player/juvoplayer.tests/bin/debug/netcoreapp2.0/juvoplayer.tests.dll" id="cca65208-0adf-48f2-82bf-43699d9e9051">
      <Execution id="a89500ca-3989-47d4-90ff-d26a17ee2286" />
      <TestMethod codeBase="/home/p.buczynski/git/code/juvo-player/JuvoPlayer.Tests/bin/Debug/netcoreapp2.0/JuvoPlayer.Tests.dll" adapterTypeName="executor://nunit3testexecutor/" className="JuvoPlayer.Tests.UnitTests.TSFFmpegDemuxer" name="PushChunk_CalledBeforeInitForEs_ThrowsException" />
    </UnitTest>
    <UnitTest name="ParseTime_WhenTimeIsValid_ParsesSuccessfully" storage="/home/p.buczynski/git/code/juvo-player/juvoplayer.tests/bin/debug/netcoreapp2.0/juvoplayer.tests.dll" id="83e5bca1-3234-f540-991c-2f3a40248a15">
      <Execution id="efcfaea3-512c-4bfd-a4e6-4baa6496d907" />
      <TestMethod codeBase="/home/p.buczynski/git/code/juvo-player/JuvoPlayer.Tests/bin/Debug/netcoreapp2.0/JuvoPlayer.Tests.dll" adapterTypeName="executor://nunit3testexecutor/" className="JuvoPlayer.Tests.UnitTests.TSSrtSubtitleParser" name="ParseTime_WhenTimeIsValid_ParsesSuccessfully" />
    </UnitTest>
    <UnitTest name="TestConstructorWithNull" storage="/home/p.buczynski/git/code/juvo-player/juvoplayer.tests/bin/debug/netcoreapp2.0/juvoplayer.tests.dll" id="ba867f1f-710b-a6f5-4ace-b54486edaddc">
      <Execution id="fcc4bd9d-e95b-4053-a3a2-aa8ba6be371a" />
      <TestMethod codeBase="/home/p.buczynski/git/code/juvo-player/JuvoPlayer.Tests/bin/Debug/netcoreapp2.0/JuvoPlayer.Tests.dll" adapterTypeName="executor://nunit3testexecutor/" className="JuvoPlayer.Tests.UnitTests.TSLoggerBase" name="TestConstructorWithNull" />
    </UnitTest>
    <UnitTest name="Parse_DifferentEncodings_ParsesSuccessfully(&quot;JuvoPlayer.Tests.res.subtitles.subtitles_de.vtt&quot;,&quot;utf-8&quot;,&quot;Stellen Sie beste Streaming Performance zur Verfügung,&quot;)" storage="/home/p.buczynski/git/code/juvo-player/juvoplayer.tests/bin/debug/netcoreapp2.0/juvoplayer.tests.dll" id="897e23d8-e677-fcfc-c803-4657c2ba83e9">
      <Execution id="23c5839b-8f5e-4719-9385-92c69b257284" />
      <TestMethod codeBase="/home/p.buczynski/git/code/juvo-player/JuvoPlayer.Tests/bin/Debug/netcoreapp2.0/JuvoPlayer.Tests.dll" adapterTypeName="executor://nunit3testexecutor/" className="JuvoPlayer.Tests.IntegrationTests.TSSubtitleFacade" name="Parse_DifferentEncodings_ParsesSuccessfully(&quot;JuvoPlayer.Tests.res.subtitles.subtitles_de.vtt&quot;,&quot;utf-8&quot;,&quot;Stellen Sie beste Streaming Performance zur Verfügung,&quot;)" />
    </UnitTest>
    <UnitTest name="Begin_EqualsEnd_ThrowsArgumentException" storage="/home/p.buczynski/git/code/juvo-player/juvoplayer.tests/bin/debug/netcoreapp2.0/juvoplayer.tests.dll" id="c04c0fe5-1f6b-bd7f-47e1-2cbe0022b400">
      <Execution id="1ae26a38-3f50-4532-8f4a-d7370e0738d4" />
      <TestMethod codeBase="/home/p.buczynski/git/code/juvo-player/JuvoPlayer.Tests/bin/Debug/netcoreapp2.0/JuvoPlayer.Tests.dll" adapterTypeName="executor://nunit3testexecutor/" className="JuvoPlayer.Tests.UnitTests.TSCue" name="Begin_EqualsEnd_ThrowsArgumentException" />
    </UnitTest>
    <UnitTest name="Take_SizeGreaterThanBufferSize_ReturnsSizeEqualToBufferSize" storage="/home/p.buczynski/git/code/juvo-player/juvoplayer.tests/bin/debug/netcoreapp2.0/juvoplayer.tests.dll" id="0965358b-a03e-2e11-275b-12bdaaddc9f6">
      <Execution id="e6b12a49-bbfa-4ffa-ba75-8549acd92377" />
      <TestMethod codeBase="/home/p.buczynski/git/code/juvo-player/JuvoPlayer.Tests/bin/Debug/netcoreapp2.0/JuvoPlayer.Tests.dll" adapterTypeName="executor://nunit3testexecutor/" className="JuvoPlayer.Tests.UnitTests.TSChunksBuffer" name="Take_SizeGreaterThanBufferSize_ReturnsSizeEqualToBufferSize" />
    </UnitTest>
    <UnitTest name="Parse_DifferentEncodings_ParsesSuccessfully(&quot;JuvoPlayer.Tests.res.subtitles.media_player_subs_windows-1250.srt&quot;,&quot;windows-1250&quot;,&quot;[Central Europe] 2.5: Ąą Ćć Ęę Łł Ńń Óó Śś Źź Żż&quot;)" storage="/home/p.buczynski/git/code/juvo-player/juvoplayer.tests/bin/debug/netcoreapp2.0/juvoplayer.tests.dll" id="c6b41802-25fd-66eb-f1c3-47cfda11148b">
      <Execution id="1826253f-b06a-4a97-a73f-b549a6e21bc0" />
      <TestMethod codeBase="/home/p.buczynski/git/code/juvo-player/JuvoPlayer.Tests/bin/Debug/netcoreapp2.0/JuvoPlayer.Tests.dll" adapterTypeName="executor://nunit3testexecutor/" className="JuvoPlayer.Tests.IntegrationTests.TSSubtitleFacade" name="Parse_DifferentEncodings_ParsesSuccessfully(&quot;JuvoPlayer.Tests.res.subtitles.media_player_subs_windows-1250.srt&quot;,&quot;windows-1250&quot;,&quot;[Central Europe] 2.5: Ąą Ćć Ęę Łł Ńń Óó Śś Źź Żż&quot;)" />
    </UnitTest>
    <UnitTest name="ResolveByMimeType_WebVttMimeType_ReturnsWebVttFormat" storage="/home/p.buczynski/git/code/juvo-player/juvoplayer.tests/bin/debug/netcoreapp2.0/juvoplayer.tests.dll" id="27c0e446-fbb2-fa76-7f01-7a27a4208aca">
      <Execution id="50306128-d4d5-4a09-a8c3-ef52c29a5bb1" />
      <TestMethod codeBase="/home/p.buczynski/git/code/juvo-player/JuvoPlayer.Tests/bin/Debug/netcoreapp2.0/JuvoPlayer.Tests.dll" adapterTypeName="executor://nunit3testexecutor/" className="JuvoPlayer.Tests.UnitTests.TSSubtitleFormatResolver" name="ResolveByMimeType_WebVttMimeType_ReturnsWebVttFormat" />
    </UnitTest>
    <UnitTest name="ParseTimeLine_TimeLineIsInvalid_ThrowsFormatException(null)" storage="/home/p.buczynski/git/code/juvo-player/juvoplayer.tests/bin/debug/netcoreapp2.0/juvoplayer.tests.dll" id="828833e5-ad1d-39c6-9465-e9a534d931b4">
      <Execution id="92928d04-e168-4cd9-95c3-e59af8a0d8e4" />
      <TestMethod codeBase="/home/p.buczynski/git/code/juvo-player/JuvoPlayer.Tests/bin/Debug/netcoreapp2.0/JuvoPlayer.Tests.dll" adapterTypeName="executor://nunit3testexecutor/" className="JuvoPlayer.Tests.UnitTests.TSWebVttSubtitleParser" name="ParseTimeLine_TimeLineIsInvalid_ThrowsFormatException(null)" />
    </UnitTest>
    <UnitTest name="Serialization_OperationSerialized_DeserializedProperly(JuvoPlayer.Tests.Utils.StartOperation)" storage="/home/p.buczynski/git/code/juvo-player/juvoplayer.tests/bin/debug/netcoreapp2.0/juvoplayer.tests.dll" id="7d1053d3-3965-5046-05f3-5d8a55de4e4c">
      <Execution id="656338f9-2e73-40be-8491-011e0c699230" />
      <TestMethod codeBase="/home/p.buczynski/git/code/juvo-player/JuvoPlayer.Tests/bin/Debug/netcoreapp2.0/JuvoPlayer.Tests.dll" adapterTypeName="executor://nunit3testexecutor/" className="JuvoPlayer.Tests.IntegrationTests.TSOperationSerializer" name="Serialization_OperationSerialized_DeserializedProperly(JuvoPlayer.Tests.Utils.StartOperation)" />
    </UnitTest>
    <UnitTest name="Start_DemuxerInitFails_PublishesDemuxerError(StartForEs)" storage="/home/p.buczynski/git/code/juvo-player/juvoplayer.tests/bin/debug/netcoreapp2.0/juvoplayer.tests.dll" id="c0cf0641-dce5-3e52-e867-94fa19192895">
      <Execution id="c0f9c53f-1dce-48c0-adba-2e771345104a" />
      <TestMethod codeBase="/home/p.buczynski/git/code/juvo-player/JuvoPlayer.Tests/bin/Debug/netcoreapp2.0/JuvoPlayer.Tests.dll" adapterTypeName="executor://nunit3testexecutor/" className="JuvoPlayer.Tests.UnitTests.TSDemuxerController" name="Start_DemuxerInitFails_PublishesDemuxerError(StartForEs)" />
    </UnitTest>
    <UnitTest name="RegisterDataProviderFactory_Unsupported" storage="/home/p.buczynski/git/code/juvo-player/juvoplayer.tests/bin/debug/netcoreapp2.0/juvoplayer.tests.dll" id="06962d28-4767-08b4-f374-8a5f6998b67f">
      <Execution id="404316d5-afdd-419a-ab6b-2d1dd250d6ef" />
      <TestMethod codeBase="/home/p.buczynski/git/code/juvo-player/JuvoPlayer.Tests/bin/Debug/netcoreapp2.0/JuvoPlayer.Tests.dll" adapterTypeName="executor://nunit3testexecutor/" className="JuvoPlayer.Tests.UnitTests.DataProviderFactoryManagerTests" name="RegisterDataProviderFactory_Unsupported" />
    </UnitTest>
    <UnitTest name="ParseText_ContainsEscapeSequence_DecodesSuccessfully(&quot;begin &amp;lt; end&quot;,&quot;begin &lt; end&quot;)" storage="/home/p.buczynski/git/code/juvo-player/juvoplayer.tests/bin/debug/netcoreapp2.0/juvoplayer.tests.dll" id="461167f4-f83d-dfb6-f998-4b01ff39fbbb">
      <Execution id="dd72fbae-1120-475b-aa1c-e7986ee99ab2" />
      <TestMethod codeBase="/home/p.buczynski/git/code/juvo-player/JuvoPlayer.Tests/bin/Debug/netcoreapp2.0/JuvoPlayer.Tests.dll" adapterTypeName="executor://nunit3testexecutor/" className="JuvoPlayer.Tests.UnitTests.TSWebVttSubtitleParser" name="ParseText_ContainsEscapeSequence_DecodesSuccessfully(&quot;begin &amp;lt; end&quot;,&quot;begin &lt; end&quot;)" />
    </UnitTest>
    <UnitTest name="SupportsType_ValidType_ReturnsTrue(&quot;widevine&quot;)" storage="/home/p.buczynski/git/code/juvo-player/juvoplayer.tests/bin/debug/netcoreapp2.0/juvoplayer.tests.dll" id="3accf9e4-664b-d25c-8a3f-c716b44b5888">
      <Execution id="6b72e33c-553f-4595-8a1f-8034085dee12" />
      <TestMethod codeBase="/home/p.buczynski/git/code/juvo-player/JuvoPlayer.Tests/bin/Debug/netcoreapp2.0/JuvoPlayer.Tests.dll" adapterTypeName="executor://nunit3testexecutor/" className="JuvoPlayer.Tests.UnitTests.TSCencUtils" name="SupportsType_ValidType_ReturnsTrue(&quot;widevine&quot;)" />
    </UnitTest>
    <UnitTest name="Seek_Called_DemuxesNextPacket" storage="/home/p.buczynski/git/code/juvo-player/juvoplayer.tests/bin/debug/netcoreapp2.0/juvoplayer.tests.dll" id="ef16af07-a0ec-96c0-1d10-e96fe005892e">
      <Execution id="7f552b1e-808a-40fb-85d0-e444e9a99171" />
      <TestMethod codeBase="/home/p.buczynski/git/code/juvo-player/JuvoPlayer.Tests/bin/Debug/netcoreapp2.0/JuvoPlayer.Tests.dll" adapterTypeName="executor://nunit3testexecutor/" className="JuvoPlayer.Tests.UnitTests.TSDemuxerController" name="Seek_Called_DemuxesNextPacket" />
    </UnitTest>
    <UnitTest name="ReadPacket_InvokedWithSizeLessThanBufferSize_ReturnsTrimmedData" storage="/home/p.buczynski/git/code/juvo-player/juvoplayer.tests/bin/debug/netcoreapp2.0/juvoplayer.tests.dll" id="ec81a422-56dc-8438-8278-26703789eecf">
      <Execution id="baafeb6f-e7f8-47a9-a27d-1fda53ba8f39" />
      <TestMethod codeBase="/home/p.buczynski/git/code/juvo-player/JuvoPlayer.Tests/bin/Debug/netcoreapp2.0/JuvoPlayer.Tests.dll" adapterTypeName="executor://nunit3testexecutor/" className="JuvoPlayer.Tests.UnitTests.TSFFmpegDemuxer" name="ReadPacket_InvokedWithSizeLessThanBufferSize_ReturnsTrimmedData" />
    </UnitTest>
    <UnitTest name="ParseTimeLine_WhenLineIsInvalid_ThrowsFormatException(&quot;&quot;)" storage="/home/p.buczynski/git/code/juvo-player/juvoplayer.tests/bin/debug/netcoreapp2.0/juvoplayer.tests.dll" id="f3e08194-d050-86f4-49c6-9c623a6c25ea">
      <Execution id="c83d6d5a-f31d-4017-a3a5-1fe89cdf5dd4" />
      <TestMethod codeBase="/home/p.buczynski/git/code/juvo-player/JuvoPlayer.Tests/bin/Debug/netcoreapp2.0/JuvoPlayer.Tests.dll" adapterTypeName="executor://nunit3testexecutor/" className="JuvoPlayer.Tests.UnitTests.TSSrtSubtitleParser" name="ParseTimeLine_WhenLineIsInvalid_ThrowsFormatException(&quot;&quot;)" />
    </UnitTest>
    <UnitTest name="OnStreamConfigChanged_WhenStreamConfigIsNull_ThrowsArgumentNullException" storage="/home/p.buczynski/git/code/juvo-player/juvoplayer.tests/bin/debug/netcoreapp2.0/juvoplayer.tests.dll" id="63887502-2290-59ec-06c5-74675818419c">
      <Execution id="b17a80f0-0a1d-40b0-b4bf-3f90c08b3764" />
      <TestMethod codeBase="/home/p.buczynski/git/code/juvo-player/JuvoPlayer.Tests/bin/Debug/netcoreapp2.0/JuvoPlayer.Tests.dll" adapterTypeName="executor://nunit3testexecutor/" className="JuvoPlayer.Tests.UnitTests.TSPacketStream" name="OnStreamConfigChanged_WhenStreamConfigIsNull_ThrowsArgumentNullException" />
    </UnitTest>
    <UnitTest name="TestConfigureWithValidConfigFile" storage="/home/p.buczynski/git/code/juvo-player/juvoplayer.tests/bin/debug/netcoreapp2.0/juvoplayer.tests.dll" id="7d5bc078-3ad1-6704-ebfc-1890dbc9df71">
      <Execution id="5952d64a-e619-48cf-8ff1-c85f5a9fa52e" />
      <TestMethod codeBase="/home/p.buczynski/git/code/juvo-player/JuvoPlayer.Tests/bin/Debug/netcoreapp2.0/JuvoPlayer.Tests.dll" adapterTypeName="executor://nunit3testexecutor/" className="JuvoPlayer.Tests.UnitTests.TSLoggerManager" name="TestConfigureWithValidConfigFile" />
    </UnitTest>
    <UnitTest name="OnAppendPacket_WhenNotConfigured_ThrowsInvalidOperationException" storage="/home/p.buczynski/git/code/juvo-player/juvoplayer.tests/bin/debug/netcoreapp2.0/juvoplayer.tests.dll" id="3e643ea4-f7b6-f967-c41d-29aace04110b">
      <Execution id="42a357f3-b741-4473-91d1-1e7b2418e53b" />
      <TestMethod codeBase="/home/p.buczynski/git/code/juvo-player/JuvoPlayer.Tests/bin/Debug/netcoreapp2.0/JuvoPlayer.Tests.dll" adapterTypeName="executor://nunit3testexecutor/" className="JuvoPlayer.Tests.UnitTests.TSPacketStream" name="OnAppendPacket_WhenNotConfigured_ThrowsInvalidOperationException" />
    </UnitTest>
    <UnitTest name="Flush_CalledWhileChunkIsPending_ChunkIsDeliveredToDemuxer" storage="/home/p.buczynski/git/code/juvo-player/juvoplayer.tests/bin/debug/netcoreapp2.0/juvoplayer.tests.dll" id="82c42f6e-956e-b76d-5149-62245c80f145">
      <Execution id="1d97a6c6-c42b-4f75-ad10-51755ec1333f" />
      <TestMethod codeBase="/home/p.buczynski/git/code/juvo-player/JuvoPlayer.Tests/bin/Debug/netcoreapp2.0/JuvoPlayer.Tests.dll" adapterTypeName="executor://nunit3testexecutor/" className="JuvoPlayer.Tests.UnitTests.TSDemuxerController" name="Flush_CalledWhileChunkIsPending_ChunkIsDeliveredToDemuxer" />
    </UnitTest>
  </TestDefinitions>
  <TestEntries>
    <TestEntry testId="37281614-9f75-45d7-e1f5-a19213212db8" executionId="aafe6420-8614-4a8a-a40c-47f43f93c52e" testListId="8c84fa94-04c1-424b-9868-57a2d4851a1d" />
    <TestEntry testId="c0e373ae-3e15-775d-5f9d-a8c872e8b285" executionId="bb0a5740-3843-4d61-bc38-1d6631ae1f1f" testListId="8c84fa94-04c1-424b-9868-57a2d4851a1d" />
    <TestEntry testId="ef16af07-a0ec-96c0-1d10-e96fe005892e" executionId="7f552b1e-808a-40fb-85d0-e444e9a99171" testListId="8c84fa94-04c1-424b-9868-57a2d4851a1d" />
    <TestEntry testId="a350e347-16d8-e1df-3789-caee1e50cb04" executionId="1e2b8604-531d-44b0-88b4-810866a83a8e" testListId="8c84fa94-04c1-424b-9868-57a2d4851a1d" />
    <TestEntry testId="0965358b-a03e-2e11-275b-12bdaaddc9f6" executionId="e6b12a49-bbfa-4ffa-ba75-8549acd92377" testListId="8c84fa94-04c1-424b-9868-57a2d4851a1d" />
    <TestEntry testId="65fdcfa3-e586-80fb-25e9-f3179ce3d17c" executionId="91d99d78-842c-4fb1-be07-f7c4acbf29bf" testListId="8c84fa94-04c1-424b-9868-57a2d4851a1d" />
    <TestEntry testId="3bb9e6bd-fed8-b1b2-1da9-9ab8e55f2013" executionId="b613fa95-d3c5-447e-b7a2-1dab5f51d8b9" testListId="8c84fa94-04c1-424b-9868-57a2d4851a1d" />
    <TestEntry testId="598bfb59-b210-6d51-5dff-24428bdd49a7" executionId="9fe434c2-8979-4789-bd8a-359555b3a12f" testListId="8c84fa94-04c1-424b-9868-57a2d4851a1d" />
    <TestEntry testId="03900516-35b4-a3f2-ee8e-53c1d537ca19" executionId="3e816015-4705-4364-966e-fdc201cd137e" testListId="8c84fa94-04c1-424b-9868-57a2d4851a1d" />
    <TestEntry testId="8d86425c-9966-faa7-aa49-ad14ec445516" executionId="0ae5233d-2baf-4847-8902-99fb4089545e" testListId="8c84fa94-04c1-424b-9868-57a2d4851a1d" />
    <TestEntry testId="3accf9e4-664b-d25c-8a3f-c716b44b5888" executionId="6b72e33c-553f-4595-8a1f-8034085dee12" testListId="8c84fa94-04c1-424b-9868-57a2d4851a1d" />
    <TestEntry testId="6ec026f1-46c9-6133-cbd4-a87c07ad774c" executionId="0ac332dc-8e78-4525-9a84-2dc37a19e9f6" testListId="8c84fa94-04c1-424b-9868-57a2d4851a1d" />
    <TestEntry testId="cbd08089-7dfa-f39a-6544-f54af436e9b1" executionId="3957144b-ab3a-4c65-ac9f-96ec6f525481" testListId="8c84fa94-04c1-424b-9868-57a2d4851a1d" />
    <TestEntry testId="bf726271-d726-9654-3c3e-7309912ba13e" executionId="aef8707c-3a82-4031-87a1-6e62d8d1d62a" testListId="8c84fa94-04c1-424b-9868-57a2d4851a1d" />
    <TestEntry testId="a01cf621-ca79-9bae-641f-945046dfdf90" executionId="76498c84-996a-4d9b-90c6-167427763d1f" testListId="8c84fa94-04c1-424b-9868-57a2d4851a1d" />
    <TestEntry testId="bdd6414d-53bc-cce6-3e9b-7c3b1b2abd5f" executionId="a75058a0-eec7-4c01-b1a9-147f3c3bd832" testListId="8c84fa94-04c1-424b-9868-57a2d4851a1d" />
    <TestEntry testId="0a22ca3f-5f04-a30c-0bdf-f2fda48d9002" executionId="304fa5ea-f8ec-484a-9fa3-478b750ec022" testListId="8c84fa94-04c1-424b-9868-57a2d4851a1d" />
    <TestEntry testId="3007bb0c-41a6-c578-20f7-6fe2cf8444cb" executionId="937ed011-51f6-48f1-ad61-89c55b47afd9" testListId="8c84fa94-04c1-424b-9868-57a2d4851a1d" />
    <TestEntry testId="79e155a0-4a41-3695-7dd9-360fb50ae27a" executionId="d9460391-4ee9-4ba2-93a2-e9c44e456c51" testListId="8c84fa94-04c1-424b-9868-57a2d4851a1d" />
    <TestEntry testId="941c0021-a8fe-25b1-de50-c1e94e8c1fd9" executionId="6af9dcb5-4e88-4df5-bc48-6c6f055b44db" testListId="8c84fa94-04c1-424b-9868-57a2d4851a1d" />
    <TestEntry testId="df372fc8-3c99-3f47-21be-b6b55c400ba1" executionId="ffb56c68-f692-4f71-8231-d86dfc840955" testListId="8c84fa94-04c1-424b-9868-57a2d4851a1d" />
    <TestEntry testId="3f8dfde8-2658-03a7-336d-cc519ac91c3e" executionId="978d5087-9367-49c8-8ef5-5c983dc010e4" testListId="8c84fa94-04c1-424b-9868-57a2d4851a1d" />
    <TestEntry testId="c6b41802-25fd-66eb-f1c3-47cfda11148b" executionId="1826253f-b06a-4a97-a73f-b549a6e21bc0" testListId="8c84fa94-04c1-424b-9868-57a2d4851a1d" />
    <TestEntry testId="843772ee-7171-937b-ee83-555f894077cb" executionId="a061b158-444c-4ce7-878e-acab54aab9a4" testListId="8c84fa94-04c1-424b-9868-57a2d4851a1d" />
    <TestEntry testId="300838be-4f51-a4d3-86e3-26fa36f90ffb" executionId="f79f4e90-b4e4-4652-9e85-7d87a6ea29b7" testListId="8c84fa94-04c1-424b-9868-57a2d4851a1d" />
    <TestEntry testId="f27ecf69-9c6a-7512-245c-df2210246910" executionId="eac5861f-70ab-43b6-be76-98b4003780a4" testListId="8c84fa94-04c1-424b-9868-57a2d4851a1d" />
    <TestEntry testId="5086e7e5-6679-888c-406b-de1ba0a5028e" executionId="e7159568-b5a2-457b-a478-3aa08e527f5f" testListId="8c84fa94-04c1-424b-9868-57a2d4851a1d" />
    <TestEntry testId="87a46580-854b-14e6-9b30-6edf24aae711" executionId="2fc22aad-6edb-4e37-99b3-483265644023" testListId="8c84fa94-04c1-424b-9868-57a2d4851a1d" />
    <TestEntry testId="66c7aa12-2df2-fe1f-0f30-30b43cfdd6b4" executionId="0e2b6ac7-6656-4eba-a841-90044fdb8167" testListId="8c84fa94-04c1-424b-9868-57a2d4851a1d" />
    <TestEntry testId="fdaaee40-d5ec-3d57-52e3-ba061dbf8ab8" executionId="ede4b31a-a960-4c90-9d51-2bd3511841b3" testListId="8c84fa94-04c1-424b-9868-57a2d4851a1d" />
    <TestEntry testId="c78e9722-6d02-3845-ccf5-7d0c55504ab1" executionId="f3fcc8f5-2d1d-4b78-9361-b75144b90112" testListId="8c84fa94-04c1-424b-9868-57a2d4851a1d" />
    <TestEntry testId="461167f4-f83d-dfb6-f998-4b01ff39fbbb" executionId="dd72fbae-1120-475b-aa1c-e7986ee99ab2" testListId="8c84fa94-04c1-424b-9868-57a2d4851a1d" />
    <TestEntry testId="32a4594b-b1ea-44dc-9f50-e88fff32aca7" executionId="df154433-ce33-47bd-b515-9eb1d32efbce" testListId="8c84fa94-04c1-424b-9868-57a2d4851a1d" />
    <TestEntry testId="30591759-8bfa-94ac-8ed2-5b8e57e7d2b3" executionId="0efeb1b3-2c7f-4b29-a1a8-e5bb0cabf890" testListId="8c84fa94-04c1-424b-9868-57a2d4851a1d" />
    <TestEntry testId="d92b4795-1b5e-a5e3-4306-d72267a0cfd6" executionId="b2b04cf8-71ad-4d2d-9486-1c2fb33e5b45" testListId="8c84fa94-04c1-424b-9868-57a2d4851a1d" />
    <TestEntry testId="1456f546-2b4f-74af-fce2-a2145100c175" executionId="bb14c25b-5b03-4e96-92cf-875ec9b93781" testListId="8c84fa94-04c1-424b-9868-57a2d4851a1d" />
    <TestEntry testId="635a9c0c-0703-a7fe-f188-0e7aded18217" executionId="aac02468-0a9c-48fd-bdcc-55e76b96c981" testListId="8c84fa94-04c1-424b-9868-57a2d4851a1d" />
    <TestEntry testId="1401be64-9b1a-fe9c-cbe7-91ee817fac69" executionId="d551f520-2aaf-4f73-90f1-94c78d2e1dc6" testListId="8c84fa94-04c1-424b-9868-57a2d4851a1d" />
    <TestEntry testId="cf536672-6dbb-41a2-84f9-ab59c52d810f" executionId="0f3550d3-8c18-4f99-b3d5-5d4a177c8905" testListId="8c84fa94-04c1-424b-9868-57a2d4851a1d" />
    <TestEntry testId="520722aa-6a80-b3d5-b800-d9703ed85ffc" executionId="e9c6f73c-0c73-4aad-ac38-a92db1b810b9" testListId="8c84fa94-04c1-424b-9868-57a2d4851a1d" />
    <TestEntry testId="934d902b-af41-a86f-d0cb-6e5ba6785975" executionId="909b43af-a55c-4632-964f-6b537d9a5ec1" testListId="8c84fa94-04c1-424b-9868-57a2d4851a1d" />
    <TestEntry testId="bfa7b9c5-0d1c-484d-ffb4-16f6680e082d" executionId="35e04b33-133d-4d2d-8b6f-87d05aded634" testListId="8c84fa94-04c1-424b-9868-57a2d4851a1d" />
    <TestEntry testId="29f4eefb-fddf-c444-6e0a-5e03485d543c" executionId="b316ea40-efb6-4983-b48e-5a715e12afc9" testListId="8c84fa94-04c1-424b-9868-57a2d4851a1d" />
    <TestEntry testId="53148e8e-938e-3bc8-e604-5f8120442e76" executionId="3f68aafb-b36d-4d57-9d8a-ab0b25198f10" testListId="8c84fa94-04c1-424b-9868-57a2d4851a1d" />
    <TestEntry testId="6da6330c-b6fa-01a4-6fe8-ff39b10cad90" executionId="44650b93-3d40-49f1-8a4a-9eeaa9b8ce58" testListId="8c84fa94-04c1-424b-9868-57a2d4851a1d" />
    <TestEntry testId="c08a0c23-7b43-812c-9f19-03172b742d8a" executionId="05395d3b-4775-446f-aa9b-84a48c504edf" testListId="8c84fa94-04c1-424b-9868-57a2d4851a1d" />
    <TestEntry testId="14b24806-a082-47eb-f4a4-0872c3c59611" executionId="d36a06e4-0a4e-4938-a194-3da16117da68" testListId="8c84fa94-04c1-424b-9868-57a2d4851a1d" />
    <TestEntry testId="91027327-45ed-f0e3-a55e-e86b5bcdf8a3" executionId="8f651f81-7ffd-4813-a63a-5cd04f909c2a" testListId="8c84fa94-04c1-424b-9868-57a2d4851a1d" />
    <TestEntry testId="7d1053d3-3965-5046-05f3-5d8a55de4e4c" executionId="656338f9-2e73-40be-8491-011e0c699230" testListId="8c84fa94-04c1-424b-9868-57a2d4851a1d" />
    <TestEntry testId="d69bd21c-4887-795d-066d-a5d448489d31" executionId="5906b35f-fc6a-4d50-9d66-70c9b873b4ae" testListId="8c84fa94-04c1-424b-9868-57a2d4851a1d" />
    <TestEntry testId="d281a02d-385b-cf02-8059-643dcf52507d" executionId="23b64a20-6834-458b-b532-d973bbda6415" testListId="8c84fa94-04c1-424b-9868-57a2d4851a1d" />
    <TestEntry testId="f01d921c-ca10-b5d1-27ad-327291be9d87" executionId="15003c55-3ec5-45ed-bbb9-7a40a787aaf8" testListId="8c84fa94-04c1-424b-9868-57a2d4851a1d" />
    <TestEntry testId="5aba6d27-4c6f-ae2f-cf75-baaf7277a3aa" executionId="1f883294-0e5c-4bf7-8286-7f0a5bd6e50f" testListId="8c84fa94-04c1-424b-9868-57a2d4851a1d" />
    <TestEntry testId="c09a9465-f15f-2431-e3ef-062999b6d76e" executionId="911f081e-fd8e-4634-bc0d-bcc853102d7c" testListId="8c84fa94-04c1-424b-9868-57a2d4851a1d" />
    <TestEntry testId="c2da144b-378e-b165-a41b-7b65e6d54970" executionId="b8df5372-dc5d-4398-8f49-37ecc32c26a9" testListId="8c84fa94-04c1-424b-9868-57a2d4851a1d" />
    <TestEntry testId="828833e5-ad1d-39c6-9465-e9a534d931b4" executionId="92928d04-e168-4cd9-95c3-e59af8a0d8e4" testListId="8c84fa94-04c1-424b-9868-57a2d4851a1d" />
    <TestEntry testId="1b0e12dd-7d88-c49c-b42d-b67339dc24f6" executionId="78ca31e6-bd70-44b6-a4bb-9de9dfe831a4" testListId="8c84fa94-04c1-424b-9868-57a2d4851a1d" />
    <TestEntry testId="308c0503-5aa8-3cad-0410-698b5f3745ae" executionId="43f7f95c-aac0-4536-9478-8cf06f9dbeba" testListId="8c84fa94-04c1-424b-9868-57a2d4851a1d" />
    <TestEntry testId="eae78d03-0df3-6019-5f3a-2a4efab1df85" executionId="8a68d984-6223-40ac-9d37-025bd7001724" testListId="8c84fa94-04c1-424b-9868-57a2d4851a1d" />
    <TestEntry testId="0e5a7d31-b50f-e2fa-db2d-75f9677650eb" executionId="7fea5949-e46f-45b4-9c5b-dbddbf1c2b4b" testListId="8c84fa94-04c1-424b-9868-57a2d4851a1d" />
    <TestEntry testId="a16102ef-fcf8-a9c6-d66a-7b006e4ea6c9" executionId="3f7ba2c6-005d-4e3c-96b6-e07b1a1df139" testListId="8c84fa94-04c1-424b-9868-57a2d4851a1d" />
    <TestEntry testId="6d33e4a5-ae74-c82a-5d2b-0a3770f1919a" executionId="9a534af5-e2d6-4c0f-82b5-6bee17a21906" testListId="8c84fa94-04c1-424b-9868-57a2d4851a1d" />
    <TestEntry testId="0d5e9659-8752-ad65-3659-a1154060e2e0" executionId="7d7c8dc1-2eb7-4b2d-82ea-8c2b990cfae4" testListId="8c84fa94-04c1-424b-9868-57a2d4851a1d" />
    <TestEntry testId="8e853ee6-04cd-709e-3b10-3f4dc0ff936d" executionId="5341dd4a-e654-4b32-878f-6be6e18b5d58" testListId="8c84fa94-04c1-424b-9868-57a2d4851a1d" />
    <TestEntry testId="13dadd02-cded-047c-5edf-08e7f9cf5113" executionId="085261ac-ceb6-4860-85c5-504eec054886" testListId="8c84fa94-04c1-424b-9868-57a2d4851a1d" />
    <TestEntry testId="3f7ea52d-8fbc-14ce-b76b-689a6ecb938b" executionId="6d27f0eb-bf82-44fd-89ed-b459db39ea85" testListId="8c84fa94-04c1-424b-9868-57a2d4851a1d" />
    <TestEntry testId="9cc3315d-ab2d-0d5c-5fc9-8503edd24a84" executionId="a6a489ff-8480-419f-90a9-8ba29995dd4f" testListId="8c84fa94-04c1-424b-9868-57a2d4851a1d" />
    <TestEntry testId="b7eb0c33-690a-f384-4720-26ede54cd459" executionId="a9603391-e445-492f-8802-7c0aeaad3389" testListId="8c84fa94-04c1-424b-9868-57a2d4851a1d" />
    <TestEntry testId="ff9a04ff-fa9e-340b-3ecc-b843a9161f2d" executionId="697c543a-01cb-4985-a146-139852eb4c1a" testListId="8c84fa94-04c1-424b-9868-57a2d4851a1d" />
    <TestEntry testId="27c0e446-fbb2-fa76-7f01-7a27a4208aca" executionId="50306128-d4d5-4a09-a8c3-ef52c29a5bb1" testListId="8c84fa94-04c1-424b-9868-57a2d4851a1d" />
    <TestEntry testId="10e2acea-9f1a-44dc-fcd2-d1496a18cd1a" executionId="6022a3eb-be00-4ace-aa44-849bc148634a" testListId="8c84fa94-04c1-424b-9868-57a2d4851a1d" />
    <TestEntry testId="1d410506-c13a-9a12-e32f-3b0fb711ffd3" executionId="9a6d3e99-17a9-403a-b9e3-75c7d060c87b" testListId="8c84fa94-04c1-424b-9868-57a2d4851a1d" />
    <TestEntry testId="292b8184-3595-15f3-6608-17958c811f3c" executionId="1a5b4884-ad0d-44d2-96f9-98f0329aa37b" testListId="8c84fa94-04c1-424b-9868-57a2d4851a1d" />
    <TestEntry testId="082e2fa9-eb0e-43b2-8e14-8ef9bd55403d" executionId="2b9852c5-235c-49ed-af4b-cd07c13a566c" testListId="8c84fa94-04c1-424b-9868-57a2d4851a1d" />
    <TestEntry testId="546e2195-b0fd-c5a9-fb2f-7840d4c86cb8" executionId="86528f15-b54c-451d-bb0f-b9e37d9bba70" testListId="8c84fa94-04c1-424b-9868-57a2d4851a1d" />
    <TestEntry testId="2451296b-865e-f1ac-6397-248629b7319a" executionId="26b1e769-2826-4a30-8381-98a2d672c347" testListId="8c84fa94-04c1-424b-9868-57a2d4851a1d" />
    <TestEntry testId="fd067bbf-348e-1b3b-3bb2-93d8b6657abe" executionId="54a6af70-d3a5-4fea-8aaa-d4b7302d6225" testListId="8c84fa94-04c1-424b-9868-57a2d4851a1d" />
    <TestEntry testId="4316b1a0-3df5-84d3-9052-82615cd59e81" executionId="d156e73b-6507-45dd-8c5c-f00c0aff6ce4" testListId="8c84fa94-04c1-424b-9868-57a2d4851a1d" />
    <TestEntry testId="d85db656-22e2-d893-8495-ecfd404d4e9f" executionId="532ab6b3-de70-4f77-b7e7-0bf9e77b7c94" testListId="8c84fa94-04c1-424b-9868-57a2d4851a1d" />
    <TestEntry testId="83e5bca1-3234-f540-991c-2f3a40248a15" executionId="efcfaea3-512c-4bfd-a4e6-4baa6496d907" testListId="8c84fa94-04c1-424b-9868-57a2d4851a1d" />
    <TestEntry testId="dc2e53b3-b4b5-d431-a2a2-41dcd332c80c" executionId="1c14f92a-0faa-4f86-8dc0-987053bc5631" testListId="8c84fa94-04c1-424b-9868-57a2d4851a1d" />
    <TestEntry testId="a659b756-6e9d-b19a-f709-878e64441c5e" executionId="29ed21d9-8283-4d48-9e7a-06c06e0f1e41" testListId="8c84fa94-04c1-424b-9868-57a2d4851a1d" />
    <TestEntry testId="a7854dd3-8d20-6641-2e3e-29ad46bbb531" executionId="52de8ed0-74a1-4e33-859d-8e7f1c27d37e" testListId="8c84fa94-04c1-424b-9868-57a2d4851a1d" />
    <TestEntry testId="34dfc2c1-12c5-e35a-2da9-15862f421a1f" executionId="a24bad54-43a7-4340-b5d1-6877f9265e14" testListId="8c84fa94-04c1-424b-9868-57a2d4851a1d" />
    <TestEntry testId="7d5bc078-3ad1-6704-ebfc-1890dbc9df71" executionId="5952d64a-e619-48cf-8ff1-c85f5a9fa52e" testListId="8c84fa94-04c1-424b-9868-57a2d4851a1d" />
    <TestEntry testId="124081ca-aa16-41ac-de1c-68bb2cb38e0b" executionId="2ea8faa3-bb09-4de3-ad49-020f7f7e2ac0" testListId="8c84fa94-04c1-424b-9868-57a2d4851a1d" />
    <TestEntry testId="0df30c92-10e5-04f8-7ba8-ad81df080036" executionId="276b9c31-9489-47b7-8678-d5ef7adb2041" testListId="8c84fa94-04c1-424b-9868-57a2d4851a1d" />
    <TestEntry testId="cca65208-0adf-48f2-82bf-43699d9e9051" executionId="a89500ca-3989-47d4-90ff-d26a17ee2286" testListId="8c84fa94-04c1-424b-9868-57a2d4851a1d" />
    <TestEntry testId="cb66aab4-74da-9d22-4f63-1827d111c973" executionId="0bd451d2-4588-4356-8e3d-9b5f0b8a4c9e" testListId="8c84fa94-04c1-424b-9868-57a2d4851a1d" />
    <TestEntry testId="d0f6acef-cfad-0d05-742a-6ff2e1b06efb" executionId="7c78ba5a-48c8-45c2-8b05-04ac5b4c40e0" testListId="8c84fa94-04c1-424b-9868-57a2d4851a1d" />
    <TestEntry testId="ba867f1f-710b-a6f5-4ace-b54486edaddc" executionId="fcc4bd9d-e95b-4053-a3a2-aa8ba6be371a" testListId="8c84fa94-04c1-424b-9868-57a2d4851a1d" />
    <TestEntry testId="e8822ed9-c52a-6461-1cf0-248853538bf9" executionId="c5240cf6-bb1f-41d9-a51c-654f07f03830" testListId="8c84fa94-04c1-424b-9868-57a2d4851a1d" />
    <TestEntry testId="e1d59afc-ceae-0c1b-0769-05528c3d5bcc" executionId="2114504d-6160-48c8-9d9b-85b7e108bb1a" testListId="8c84fa94-04c1-424b-9868-57a2d4851a1d" />
    <TestEntry testId="d344b394-6cc8-3bd8-7dae-88c5607a157d" executionId="f7cc39d7-4db6-4bdf-88a5-5a5a74102dfc" testListId="8c84fa94-04c1-424b-9868-57a2d4851a1d" />
    <TestEntry testId="02fb1555-b786-4aa2-7007-ec43c1c9fbe1" executionId="789d93ff-3bff-4dbe-81b6-966206ef213b" testListId="8c84fa94-04c1-424b-9868-57a2d4851a1d" />
    <TestEntry testId="d7ac1929-9b02-b83c-c131-e7b03e1000aa" executionId="c8881b92-3ec1-406e-94b5-c24990f869cb" testListId="8c84fa94-04c1-424b-9868-57a2d4851a1d" />
    <TestEntry testId="3e643ea4-f7b6-f967-c41d-29aace04110b" executionId="42a357f3-b741-4473-91d1-1e7b2418e53b" testListId="8c84fa94-04c1-424b-9868-57a2d4851a1d" />
    <TestEntry testId="433c7d56-6fb5-d8f0-a9cc-eacc667c0a6b" executionId="219de0c9-a6ff-40ae-981c-3abd5838c234" testListId="8c84fa94-04c1-424b-9868-57a2d4851a1d" />
    <TestEntry testId="82d4c515-f9fe-5c04-4ba8-723b5ff21f55" executionId="9ff2eba8-2e49-4d79-addc-7838c925e98e" testListId="8c84fa94-04c1-424b-9868-57a2d4851a1d" />
    <TestEntry testId="852b5e0e-9762-784e-5557-e2cf4ea73784" executionId="11a817de-3570-4cbf-9dd6-027ff373360a" testListId="8c84fa94-04c1-424b-9868-57a2d4851a1d" />
    <TestEntry testId="c0cf0641-dce5-3e52-e867-94fa19192895" executionId="c0f9c53f-1dce-48c0-adba-2e771345104a" testListId="8c84fa94-04c1-424b-9868-57a2d4851a1d" />
    <TestEntry testId="bd93227b-c515-27be-ca4c-f543b843cc7e" executionId="57809634-c688-4c72-b511-60009730031f" testListId="8c84fa94-04c1-424b-9868-57a2d4851a1d" />
    <TestEntry testId="c04c0fe5-1f6b-bd7f-47e1-2cbe0022b400" executionId="1ae26a38-3f50-4532-8f4a-d7370e0738d4" testListId="8c84fa94-04c1-424b-9868-57a2d4851a1d" />
    <TestEntry testId="90bdca97-8eb4-c877-3c7b-3164b6f624b6" executionId="028eb3c6-0fce-4d25-9e16-dc0fdddd3d01" testListId="8c84fa94-04c1-424b-9868-57a2d4851a1d" />
    <TestEntry testId="c2ca0d7d-68c1-9a10-64d5-38b811f1c187" executionId="fff998d6-eaf4-42a3-838e-9960bcf99db8" testListId="8c84fa94-04c1-424b-9868-57a2d4851a1d" />
    <TestEntry testId="f1c5443e-e0a7-e961-fdae-6f316e6bdffa" executionId="de77652c-0ea4-476d-8860-2cf21a30bd6c" testListId="8c84fa94-04c1-424b-9868-57a2d4851a1d" />
    <TestEntry testId="9681c4d5-bb9b-2329-b528-bc4805c08192" executionId="47b6fd3a-b49d-497f-ad89-5198d3810748" testListId="8c84fa94-04c1-424b-9868-57a2d4851a1d" />
    <TestEntry testId="24b81133-6183-4881-a72c-c0d4de113274" executionId="f684a57c-e55c-4a6e-8fb1-6b80161f9f94" testListId="8c84fa94-04c1-424b-9868-57a2d4851a1d" />
    <TestEntry testId="cdaa95b4-0c6d-1e27-93cc-3d0e0a68a8ea" executionId="461063fc-f426-4814-8312-b2a7e81964f5" testListId="8c84fa94-04c1-424b-9868-57a2d4851a1d" />
    <TestEntry testId="88dd71ef-8824-feb9-a45c-d465619740f7" executionId="01b870fe-0ecd-4289-a8e0-a9061ee19baa" testListId="8c84fa94-04c1-424b-9868-57a2d4851a1d" />
    <TestEntry testId="09021642-119b-2b6e-4751-93eb7ddbf929" executionId="76088f16-c385-4106-81ff-2666105528e9" testListId="8c84fa94-04c1-424b-9868-57a2d4851a1d" />
    <TestEntry testId="718f5161-c183-d605-d2c2-6292afd3ca09" executionId="4a3abf52-3f9d-49da-be56-8901c1bede91" testListId="8c84fa94-04c1-424b-9868-57a2d4851a1d" />
    <TestEntry testId="dcf10506-16c1-f65b-62cc-54c81f3d69fc" executionId="c1d8ad53-f01a-4f30-888a-1e1ee301ec35" testListId="8c84fa94-04c1-424b-9868-57a2d4851a1d" />
    <TestEntry testId="db9e6235-a824-dde8-0052-9868cf8e7d1a" executionId="14f785dd-e761-4ad7-b7aa-83b9295eabf9" testListId="8c84fa94-04c1-424b-9868-57a2d4851a1d" />
    <TestEntry testId="b65dd040-cffc-7925-78a1-ceba0c7979b8" executionId="3287fb94-82d6-496e-83b5-2245ab899097" testListId="8c84fa94-04c1-424b-9868-57a2d4851a1d" />
    <TestEntry testId="800df5e6-2778-4289-fb38-2692d926e438" executionId="0f5315fa-f73b-4b51-85c9-e20f1303976b" testListId="8c84fa94-04c1-424b-9868-57a2d4851a1d" />
    <TestEntry testId="757b9a3e-991f-064f-0f95-6721183441ff" executionId="cb38441e-271d-4868-b02c-4ea1125cdb8d" testListId="8c84fa94-04c1-424b-9868-57a2d4851a1d" />
    <TestEntry testId="6fac98b9-fc8f-ded6-86b3-b3150632ee5f" executionId="55bf4b1b-2f1e-4a94-8412-02aab7c7e1c2" testListId="8c84fa94-04c1-424b-9868-57a2d4851a1d" />
    <TestEntry testId="094b11a6-0532-7a03-8d14-df586e014bf7" executionId="1ee84008-c6bc-465a-8326-1462213083f0" testListId="8c84fa94-04c1-424b-9868-57a2d4851a1d" />
    <TestEntry testId="22652439-3c67-dfff-4ce3-b173308c9356" executionId="c6fd7f28-7d3f-4341-92a4-009a33f7b2c2" testListId="8c84fa94-04c1-424b-9868-57a2d4851a1d" />
    <TestEntry testId="231edfdb-78fe-7971-98f1-f1ed15c7b9ce" executionId="2a00d29f-6959-4ecc-a052-9cd29463a744" testListId="8c84fa94-04c1-424b-9868-57a2d4851a1d" />
    <TestEntry testId="387dafbc-f6b1-0e58-56ab-e371f4acda38" executionId="f2763de6-0857-49cf-ac66-e7423324cd96" testListId="8c84fa94-04c1-424b-9868-57a2d4851a1d" />
    <TestEntry testId="ec81a422-56dc-8438-8278-26703789eecf" executionId="baafeb6f-e7f8-47a9-a27d-1fda53ba8f39" testListId="8c84fa94-04c1-424b-9868-57a2d4851a1d" />
    <TestEntry testId="40b95933-2c83-039d-2a88-0479b1ded531" executionId="a9cd1460-aa04-438b-b347-34f0f0fcc551" testListId="8c84fa94-04c1-424b-9868-57a2d4851a1d" />
    <TestEntry testId="18ddabc1-b1c8-c549-5717-a273d4ac0a3e" executionId="5919249c-5e4f-4797-9010-a40fba66715f" testListId="8c84fa94-04c1-424b-9868-57a2d4851a1d" />
    <TestEntry testId="8b7b35e7-42f3-7119-a9bd-fd9bc70bdd46" executionId="13fbc7dd-3ff4-4d86-95d9-afeb87cb91b8" testListId="8c84fa94-04c1-424b-9868-57a2d4851a1d" />
    <TestEntry testId="d77ecc1e-9bc2-799a-79b3-b2ffe8608f4b" executionId="d67782e5-a3cf-4a64-93a1-1ce732bd3805" testListId="8c84fa94-04c1-424b-9868-57a2d4851a1d" />
    <TestEntry testId="e63e97dd-9e6c-4645-bf1f-6cbc1114526d" executionId="387da024-162e-459a-b195-da7e11f1d0cb" testListId="8c84fa94-04c1-424b-9868-57a2d4851a1d" />
    <TestEntry testId="7ac342f5-d941-880c-3a41-9a214f71d826" executionId="e0223a4a-3bcd-44c5-abf5-3eb939dc4ad1" testListId="8c84fa94-04c1-424b-9868-57a2d4851a1d" />
    <TestEntry testId="cbc3900a-27ac-f663-84c1-2e81fe605582" executionId="2327a4ff-e076-4cd5-871c-685394126e03" testListId="8c84fa94-04c1-424b-9868-57a2d4851a1d" />
    <TestEntry testId="a696fe85-6892-5787-2988-b6dc32a7eaae" executionId="a52538d5-ec36-4c5e-a9c2-45907aa993d6" testListId="8c84fa94-04c1-424b-9868-57a2d4851a1d" />
    <TestEntry testId="94d95040-3698-185d-5d6f-562ab37711a4" executionId="867c7950-0479-4a89-879a-3a2ca46823e2" testListId="8c84fa94-04c1-424b-9868-57a2d4851a1d" />
    <TestEntry testId="af40adc3-6ce4-fbdb-f50c-26697781469d" executionId="9f43b260-527e-49f5-9924-2c0e45aad236" testListId="8c84fa94-04c1-424b-9868-57a2d4851a1d" />
    <TestEntry testId="897e23d8-e677-fcfc-c803-4657c2ba83e9" executionId="23c5839b-8f5e-4719-9385-92c69b257284" testListId="8c84fa94-04c1-424b-9868-57a2d4851a1d" />
    <TestEntry testId="9a9661dd-36b6-16db-2f09-bd73c6ac6d68" executionId="29ee3e7f-23e9-4095-9ca9-7206724364e9" testListId="8c84fa94-04c1-424b-9868-57a2d4851a1d" />
    <TestEntry testId="29bfe808-3bba-cdc2-53ed-a6509a64d330" executionId="979ee9ca-53c0-4ba9-bd55-b4c45fb63b1e" testListId="8c84fa94-04c1-424b-9868-57a2d4851a1d" />
    <TestEntry testId="c1b0f31a-ea5a-298b-bdf9-e1d1cecd60bb" executionId="384289b2-8117-4e81-8118-3989ef8a3d2d" testListId="8c84fa94-04c1-424b-9868-57a2d4851a1d" />
    <TestEntry testId="f3e08194-d050-86f4-49c6-9c623a6c25ea" executionId="c83d6d5a-f31d-4017-a3a5-1fe89cdf5dd4" testListId="8c84fa94-04c1-424b-9868-57a2d4851a1d" />
    <TestEntry testId="aa4e9518-8a0d-c4b5-88b9-4da429c58985" executionId="88afab6f-cfb3-4427-b948-11144d0fd15e" testListId="8c84fa94-04c1-424b-9868-57a2d4851a1d" />
    <TestEntry testId="5ca64586-df96-c4e0-6cbd-c37e2176547b" executionId="e786083b-c5a2-4592-ae57-ecbe8bfd2236" testListId="8c84fa94-04c1-424b-9868-57a2d4851a1d" />
    <TestEntry testId="9d43c9dd-9ed0-37ad-3810-cd0fa27c1b3a" executionId="dbd7a32a-12d4-460d-8888-e0e9c8dfa1e0" testListId="8c84fa94-04c1-424b-9868-57a2d4851a1d" />
    <TestEntry testId="f81baf0f-ead9-5f35-fa39-b734665fe9b1" executionId="38b71cb0-2a50-4edb-ae56-d6e6ce3eb235" testListId="8c84fa94-04c1-424b-9868-57a2d4851a1d" />
    <TestEntry testId="f87db683-3a8e-4544-d4a4-bec956bf3b3f" executionId="30e0c13f-11d6-4c02-aee9-85579b0acf49" testListId="8c84fa94-04c1-424b-9868-57a2d4851a1d" />
    <TestEntry testId="b6c7b137-6c12-aa0e-37c0-885b1840aaf2" executionId="5d893df4-cb31-4bc6-b32d-e32a91baae91" testListId="8c84fa94-04c1-424b-9868-57a2d4851a1d" />
    <TestEntry testId="7f654377-f7ad-ac97-076c-9956054067df" executionId="5c6c70d3-560d-49b6-9ca1-298a3b8abca9" testListId="8c84fa94-04c1-424b-9868-57a2d4851a1d" />
    <TestEntry testId="97595e50-425c-1bd9-270d-ac32868fdf2d" executionId="1b04e181-a8dc-45cb-917d-3f1bd8a301d4" testListId="8c84fa94-04c1-424b-9868-57a2d4851a1d" />
    <TestEntry testId="0bc18307-cfdc-0782-2c49-73e26dab37df" executionId="4e4995eb-fd20-4681-b2f0-405cf7b547a9" testListId="8c84fa94-04c1-424b-9868-57a2d4851a1d" />
    <TestEntry testId="6edbc781-4e0b-a9f7-1870-a384b19f1879" executionId="c7fbd4d4-af7a-47ae-b123-21c07754ac14" testListId="8c84fa94-04c1-424b-9868-57a2d4851a1d" />
    <TestEntry testId="b514154e-fcf9-e8b7-b0ab-c1233ec7970b" executionId="6992d9ce-da9d-4dfb-b9de-84cb6dffac94" testListId="8c84fa94-04c1-424b-9868-57a2d4851a1d" />
    <TestEntry testId="2fcfa690-0061-2be9-893e-b95e28348722" executionId="f7d81606-8dcc-4676-826c-6c610532813c" testListId="8c84fa94-04c1-424b-9868-57a2d4851a1d" />
    <TestEntry testId="188b81ef-d6d5-d5db-9dda-ab27251848f9" executionId="d8b407e9-43a3-48e4-8530-ab32e41ef48c" testListId="8c84fa94-04c1-424b-9868-57a2d4851a1d" />
    <TestEntry testId="8c69b9b6-1758-6875-02cf-0ad701b0c4d3" executionId="cb53b77e-2bf4-4c98-9142-b15ef65d0651" testListId="8c84fa94-04c1-424b-9868-57a2d4851a1d" />
    <TestEntry testId="4974b841-fe50-bc17-3fa6-12c238970853" executionId="7f73c719-dd6d-4bb8-bc84-518c0882b05e" testListId="8c84fa94-04c1-424b-9868-57a2d4851a1d" />
    <TestEntry testId="639b760f-d73b-dd9e-184b-d4fba82810a2" executionId="9bdef5a9-6dbb-4014-8565-122902d16939" testListId="8c84fa94-04c1-424b-9868-57a2d4851a1d" />
    <TestEntry testId="88bc5129-e7aa-8963-c140-f3fd33a92044" executionId="1a690a24-7224-423e-8658-086e5fd9bc34" testListId="8c84fa94-04c1-424b-9868-57a2d4851a1d" />
    <TestEntry testId="ecb58899-c328-f985-2c0b-ed632069fc86" executionId="bc0729dc-8609-48a8-8135-9d3171fc2fc1" testListId="8c84fa94-04c1-424b-9868-57a2d4851a1d" />
    <TestEntry testId="e5d47529-6859-840c-851a-4907cc409f71" executionId="82173cad-05a4-486a-9778-b96fd5a5ad53" testListId="8c84fa94-04c1-424b-9868-57a2d4851a1d" />
    <TestEntry testId="7a04701a-199d-8dcd-efe9-bb7e5f52c2c3" executionId="5267d49b-7775-4ad9-9dd0-cb214dd97779" testListId="8c84fa94-04c1-424b-9868-57a2d4851a1d" />
    <TestEntry testId="2d85f549-8828-c240-c852-fbc1c3d942b1" executionId="ea3b297a-401f-4290-9219-fa096b79ac87" testListId="8c84fa94-04c1-424b-9868-57a2d4851a1d" />
    <TestEntry testId="e7c41882-0f2b-10a3-a41f-5cb13aefcf02" executionId="6e4585eb-cb6c-416c-aa37-b41200c1d6c1" testListId="8c84fa94-04c1-424b-9868-57a2d4851a1d" />
    <TestEntry testId="a4113738-4c26-f7ce-6619-a550a359b6d4" executionId="53ff671f-bbe9-4695-9f66-5135ad4b5a92" testListId="8c84fa94-04c1-424b-9868-57a2d4851a1d" />
    <TestEntry testId="13c9576e-1060-3a96-db24-b3da48519d05" executionId="7be95d29-136f-4187-8252-9ad01963c3e7" testListId="8c84fa94-04c1-424b-9868-57a2d4851a1d" />
    <TestEntry testId="320b5630-864f-a352-1987-972112f06fc2" executionId="c2cafa6b-d04e-4de4-ad77-e024764dc800" testListId="8c84fa94-04c1-424b-9868-57a2d4851a1d" />
    <TestEntry testId="8783796f-a651-a81b-ada6-5919643ee00e" executionId="e9579795-ec72-4452-b38f-60f071edf459" testListId="8c84fa94-04c1-424b-9868-57a2d4851a1d" />
    <TestEntry testId="63887502-2290-59ec-06c5-74675818419c" executionId="b17a80f0-0a1d-40b0-b4bf-3f90c08b3764" testListId="8c84fa94-04c1-424b-9868-57a2d4851a1d" />
    <TestEntry testId="c417f526-f617-d89a-9e27-2a222a15bac0" executionId="7a59517b-1e19-432b-8645-d7b82062fc2a" testListId="8c84fa94-04c1-424b-9868-57a2d4851a1d" />
    <TestEntry testId="5ab273b4-d5f1-2abf-3a88-3bfeef20ebf5" executionId="a31b7ba1-cdc1-4ab1-942c-5e42cab079cf" testListId="8c84fa94-04c1-424b-9868-57a2d4851a1d" />
    <TestEntry testId="5da37516-dacb-d422-fbee-12efa0638ad9" executionId="10c9ce69-1963-4cf3-a8fb-b9ad965cd903" testListId="8c84fa94-04c1-424b-9868-57a2d4851a1d" />
    <TestEntry testId="913bcb3f-29bc-fd1f-7c98-c387d71227d4" executionId="2f74158a-1c70-4dce-a328-35bc24097363" testListId="8c84fa94-04c1-424b-9868-57a2d4851a1d" />
    <TestEntry testId="a6d0eb97-9095-37a6-7ebf-53f8881d60f0" executionId="479b6b9b-6845-49b8-a746-222aff6fb3a4" testListId="8c84fa94-04c1-424b-9868-57a2d4851a1d" />
    <TestEntry testId="b7fd9400-1bb5-081c-d5a3-25a6c282dcbe" executionId="9d78bf9e-38b7-4c26-9b42-5665eb1deea2" testListId="8c84fa94-04c1-424b-9868-57a2d4851a1d" />
    <TestEntry testId="6682c8f3-9c28-94a7-d656-217500880b94" executionId="b8ffc3a1-8be9-4633-b937-15be1cf992f0" testListId="8c84fa94-04c1-424b-9868-57a2d4851a1d" />
    <TestEntry testId="8d0615a4-0a37-112e-879e-4003daa62f87" executionId="ab6799f3-249d-4a58-abe9-8ee6b33292fe" testListId="8c84fa94-04c1-424b-9868-57a2d4851a1d" />
    <TestEntry testId="0b3f14e6-954c-5a2d-85d5-9644a0e349e2" executionId="c36bab08-57a4-4cd3-b35c-125bf97f8f4e" testListId="8c84fa94-04c1-424b-9868-57a2d4851a1d" />
    <TestEntry testId="0e065e73-d47f-3a00-98d6-e8eb7ca6357c" executionId="a3520eaf-629b-43ed-afd6-29d838df4631" testListId="8c84fa94-04c1-424b-9868-57a2d4851a1d" />
    <TestEntry testId="297e934f-7145-7b72-115d-3787b6d62aa4" executionId="75f1d6b2-f2f5-4141-bae2-a774b9641b92" testListId="8c84fa94-04c1-424b-9868-57a2d4851a1d" />
    <TestEntry testId="39d5ff9a-2a80-e32f-8c48-31ef5543d04d" executionId="d4df6788-c45e-4a2b-bfb5-53cc6d4de535" testListId="8c84fa94-04c1-424b-9868-57a2d4851a1d" />
    <TestEntry testId="82c42f6e-956e-b76d-5149-62245c80f145" executionId="1d97a6c6-c42b-4f75-ad10-51755ec1333f" testListId="8c84fa94-04c1-424b-9868-57a2d4851a1d" />
    <TestEntry testId="dc96a1db-064c-82c9-b5a0-e3b7d110c702" executionId="72901475-7fa3-447d-a624-f4a376e24f3c" testListId="8c84fa94-04c1-424b-9868-57a2d4851a1d" />
    <TestEntry testId="0d59dc87-668a-e439-20c3-2f6fcc18afb6" executionId="94a1a037-b73e-4ef5-a10b-0d6685bb6f0a" testListId="8c84fa94-04c1-424b-9868-57a2d4851a1d" />
    <TestEntry testId="b5d74e53-26e8-fd8a-6e3c-c86cfe8ea12c" executionId="026732aa-203d-4942-aab5-5f1e147b90c1" testListId="8c84fa94-04c1-424b-9868-57a2d4851a1d" />
    <TestEntry testId="14bf11d8-cd56-b03e-b93b-91e02f6e5782" executionId="c53c629d-94bd-41d1-b234-826647352ff2" testListId="8c84fa94-04c1-424b-9868-57a2d4851a1d" />
    <TestEntry testId="57c0ae3c-c55a-4a36-bc50-46b8e916c8ec" executionId="76530f6c-af09-4ca2-876a-4e66f100d74d" testListId="8c84fa94-04c1-424b-9868-57a2d4851a1d" />
    <TestEntry testId="5652ce59-b2d8-d716-cc63-db9d5225d1de" executionId="27e55cd8-3f17-4eb1-bbcc-c81aebda34fc" testListId="8c84fa94-04c1-424b-9868-57a2d4851a1d" />
    <TestEntry testId="277f52da-2282-9c65-51fe-2a9bdc6748b7" executionId="25f15d64-b926-4e27-b004-c4997dd6216a" testListId="8c84fa94-04c1-424b-9868-57a2d4851a1d" />
    <TestEntry testId="da5a75b7-aa19-0293-49b5-3bd5a004ec15" executionId="1962b54d-618f-4c4b-a72a-d98d487bbac7" testListId="8c84fa94-04c1-424b-9868-57a2d4851a1d" />
    <TestEntry testId="2a5400f7-59f9-282c-1900-944ef8ecb847" executionId="a7ac8831-0427-455d-bfeb-3feb7461a763" testListId="8c84fa94-04c1-424b-9868-57a2d4851a1d" />
    <TestEntry testId="864940c8-b53d-5e0a-9ab8-2ad580ee97c1" executionId="f0c491c8-780d-450a-b18b-006140aa7356" testListId="8c84fa94-04c1-424b-9868-57a2d4851a1d" />
    <TestEntry testId="e627cd52-2378-d6fc-2ff2-c4c49c512a76" executionId="11587155-a04f-429c-b19c-d067805c1880" testListId="8c84fa94-04c1-424b-9868-57a2d4851a1d" />
    <TestEntry testId="372c9fce-3145-adc3-8977-856762fa7aac" executionId="cf2f5512-8a1c-4c68-8683-8656caee8abf" testListId="8c84fa94-04c1-424b-9868-57a2d4851a1d" />
    <TestEntry testId="8b5ade29-f79f-4071-809a-b5dffc281389" executionId="4044f753-348e-43b7-b8e9-bc5a77b2e20a" testListId="8c84fa94-04c1-424b-9868-57a2d4851a1d" />
    <TestEntry testId="b4eee26d-24ec-582f-e097-1f57b7e85dcb" executionId="f9c0871e-22cd-4527-a4be-21ac1c884cd3" testListId="8c84fa94-04c1-424b-9868-57a2d4851a1d" />
    <TestEntry testId="4f7bdc50-58ea-1837-577f-74ef6cb0ffb7" executionId="f939bd0d-6855-477f-8a23-a828b1e692bf" testListId="8c84fa94-04c1-424b-9868-57a2d4851a1d" />
    <TestEntry testId="08fa8c0b-a89b-568b-783e-bb49d811f5cb" executionId="5b112ccd-1570-421c-b4c8-a5f4a16b4803" testListId="8c84fa94-04c1-424b-9868-57a2d4851a1d" />
    <TestEntry testId="31911a88-751c-bf36-b733-4c5fb543e8b3" executionId="ef78fb3d-1fe1-4bd2-a6ac-eb1c8aa62857" testListId="8c84fa94-04c1-424b-9868-57a2d4851a1d" />
    <TestEntry testId="5b212d48-3586-21cd-2d5d-74feb2deb816" executionId="72d958dc-cab4-43d8-b8ec-4b2dad3a57ce" testListId="8c84fa94-04c1-424b-9868-57a2d4851a1d" />
    <TestEntry testId="1f7bba7b-44c7-d415-228c-13d53a0e097d" executionId="35cb2b4f-9f5a-4c2d-801f-5b36ffc9bdb0" testListId="8c84fa94-04c1-424b-9868-57a2d4851a1d" />
    <TestEntry testId="3a15d223-5377-905d-8b73-e96a8942d8f8" executionId="6182aad7-2d9e-424c-acf3-36fb04a6327a" testListId="8c84fa94-04c1-424b-9868-57a2d4851a1d" />
    <TestEntry testId="6c6cc584-dae2-c9a7-15dc-6a0756b39c6c" executionId="1af0e7f9-f13f-4628-b8cb-32877d7a5834" testListId="8c84fa94-04c1-424b-9868-57a2d4851a1d" />
    <TestEntry testId="17fa2bb9-6058-ffa9-3803-d58553ec74eb" executionId="14781aaa-df12-470a-b2da-4cc408e1fe90" testListId="8c84fa94-04c1-424b-9868-57a2d4851a1d" />
    <TestEntry testId="4131df9f-9d50-eb51-fb6f-119ab1926039" executionId="5f4d6fe9-3f48-4e58-b295-82fd50e8a282" testListId="8c84fa94-04c1-424b-9868-57a2d4851a1d" />
    <TestEntry testId="ce01ebcc-a3b9-cf57-b548-3aec0795ebd5" executionId="cc1b3b94-aa14-465f-b92a-c13a286b8635" testListId="8c84fa94-04c1-424b-9868-57a2d4851a1d" />
    <TestEntry testId="f7156c87-b8b9-0e61-1608-47647affb3d9" executionId="7ea11356-9f9a-4f50-bc7f-ecccd3c8c53b" testListId="8c84fa94-04c1-424b-9868-57a2d4851a1d" />
    <TestEntry testId="06962d28-4767-08b4-f374-8a5f6998b67f" executionId="404316d5-afdd-419a-ab6b-2d1dd250d6ef" testListId="8c84fa94-04c1-424b-9868-57a2d4851a1d" />
    <TestEntry testId="9bf965f4-b07a-9f83-7d3c-04862d018a76" executionId="fd6136b2-dbb6-4865-8572-530d5966c888" testListId="8c84fa94-04c1-424b-9868-57a2d4851a1d" />
    <TestEntry testId="8eee559b-f88d-5f49-738c-7ba028df49b7" executionId="0d08075b-a9b4-4200-97fb-a6cafacbb5ff" testListId="8c84fa94-04c1-424b-9868-57a2d4851a1d" />
  </TestEntries>
  <TestLists>
    <TestList name="Results Not in a List" id="8c84fa94-04c1-424b-9868-57a2d4851a1d" />
    <TestList name="All Loaded Results" id="19431567-8539-422a-85d7-44ee4e166bda" />
  </TestLists>
  <ResultSummary outcome="Completed">
    <Counters total="206" executed="205" passed="205" failed="0" error="0" timeout="0" aborted="0" inconclusive="0" passedButRunAborted="0" notRunnable="0" notExecuted="0" disconnected="0" warning="0" completed="0" inProgress="0" pending="0" />
    <Output>
      <StdOut>NUnit Adapter 3.9.0.0: Test execution started
Running all tests in /home/p.buczynski/git/code/juvo-player/JuvoPlayer.Tests/bin/Debug/netcoreapp2.0/JuvoPlayer.Tests.dll
NUnit3TestExecutor converted 206 of 206 NUnit test cases
Test 'DEBUG_MpdParser' was skipped in the test run.
NUnit Adapter 3.9.0.0: Test execution complete
</StdOut>
    </Output>
  </ResultSummary>
</TestRun>