<?xml version="1.0" encoding="utf-8"?>
<TestRun id="df3e03c6-489c-463f-87c6-2c08c797bdb4" name="@AVDC720 2020-06-22 13:58:59" xmlns="http://microsoft.com/schemas/VisualStudio/TeamTest/2010">
  <Times creation="2020-06-22T13:58:59.2067927+02:00" queuing="2020-06-22T13:58:59.2067928+02:00" start="2020-06-22T13:58:57.5968539+02:00" finish="2020-06-22T13:59:00.7935633+02:00" />
  <TestSettings name="default" id="d4222904-50d2-4b72-85d7-d65dfd8d2135">
    <Deployment runDeploymentRoot="_AVDC720_2020-06-22_13_58_59" />
  </TestSettings>
  <Results>
    <UnitTestResult executionId="aa5955af-df87-4a29-a75c-858c1d47148b" testId="c08a0c23-7b43-812c-9f19-03172b742d8a" testName="SupportsSystemId_InvalidSystemId_ReturnsFalse" computerName="AVDC720" duration="00:00:00.0010000" startTime="2020-06-22T13:58:59.0000000+02:00" endTime="2020-06-22T13:58:59.0000000+02:00" testType="13cdc9d9-ddb5-4fa4-a97d-d965ccfc6d4b" outcome="Passed" testListId="8c84fa94-04c1-424b-9868-57a2d4851a1d" relativeResultsDirectory="aa5955af-df87-4a29-a75c-858c1d47148b" />
    <UnitTestResult executionId="b05dc563-cafe-4f8b-87d6-cb43b4e88586" testId="1401be64-9b1a-fe9c-cbe7-91ee817fac69" testName="Serialization_OperationSerialized_DeserializedProperly(JuvoPlayer.Tests.Utils.StopOperation)" computerName="AVDC720" duration="00:00:00.0000001" startTime="2020-06-22T13:58:59.0000000+02:00" endTime="2020-06-22T13:58:59.0000000+02:00" testType="13cdc9d9-ddb5-4fa4-a97d-d965ccfc6d4b" outcome="Passed" testListId="8c84fa94-04c1-424b-9868-57a2d4851a1d" relativeResultsDirectory="b05dc563-cafe-4f8b-87d6-cb43b4e88586" />
    <UnitTestResult executionId="9a844d47-0736-4a34-b945-88b2c79e7980" testId="e1d59afc-ceae-0c1b-0769-05528c3d5bcc" testName="ParseTime_TimeFormatIsInvalid_ThrowsFormatException(&quot;&quot;)" computerName="AVDC720" duration="00:00:00.0000001" startTime="2020-06-22T13:59:00.0000000+02:00" endTime="2020-06-22T13:59:00.0000000+02:00" testType="13cdc9d9-ddb5-4fa4-a97d-d965ccfc6d4b" outcome="Passed" testListId="8c84fa94-04c1-424b-9868-57a2d4851a1d" relativeResultsDirectory="9a844d47-0736-4a34-b945-88b2c79e7980" />
    <UnitTestResult executionId="d426249f-f406-4fb0-b24f-b0254a0501a9" testId="7f654377-f7ad-ac97-076c-9956054067df" testName="Compare_VariousTimes_ReturnsExpectedValues(5,-1)" computerName="AVDC720" duration="00:00:00.0000001" startTime="2020-06-22T13:58:59.0000000+02:00" endTime="2020-06-22T13:58:59.0000000+02:00" testType="13cdc9d9-ddb5-4fa4-a97d-d965ccfc6d4b" outcome="Passed" testListId="8c84fa94-04c1-424b-9868-57a2d4851a1d" relativeResultsDirectory="d426249f-f406-4fb0-b24f-b0254a0501a9" />
    <UnitTestResult executionId="6c269d71-b099-497b-9f61-1b18b43178da" testId="f87db683-3a8e-4544-d4a4-bec956bf3b3f" testName="ParseTimeLine_WhenTimeIsValid_ReturnsExpectedBeginAndEnd" computerName="AVDC720" duration="00:00:00.0000001" startTime="2020-06-22T13:59:00.0000000+02:00" endTime="2020-06-22T13:59:00.0000000+02:00" testType="13cdc9d9-ddb5-4fa4-a97d-d965ccfc6d4b" outcome="Passed" testListId="8c84fa94-04c1-424b-9868-57a2d4851a1d" relativeResultsDirectory="6c269d71-b099-497b-9f61-1b18b43178da" />
    <UnitTestResult executionId="332af783-a07e-4c80-a74c-4ba6730c723a" testId="cca65208-0adf-48f2-82bf-43699d9e9051" testName="PushChunk_CalledBeforeInitForEs_ThrowsException" computerName="AVDC720" duration="00:00:00.0010000" startTime="2020-06-22T13:58:59.0000000+02:00" endTime="2020-06-22T13:58:59.0000000+02:00" testType="13cdc9d9-ddb5-4fa4-a97d-d965ccfc6d4b" outcome="Passed" testListId="8c84fa94-04c1-424b-9868-57a2d4851a1d" relativeResultsDirectory="332af783-a07e-4c80-a74c-4ba6730c723a" />
    <UnitTestResult executionId="c6098b29-a4e6-468c-a03d-cf7701ca75ae" testId="0b3f14e6-954c-5a2d-85d5-9644a0e349e2" testName="TestConsoleLogger" computerName="AVDC720" duration="00:00:00.0020000" startTime="2020-06-22T13:58:59.0000000+02:00" endTime="2020-06-22T13:58:59.0000000+02:00" testType="13cdc9d9-ddb5-4fa4-a97d-d965ccfc6d4b" outcome="Passed" testListId="8c84fa94-04c1-424b-9868-57a2d4851a1d" relativeResultsDirectory="c6098b29-a4e6-468c-a03d-cf7701ca75ae">
      <Output>
        <StdOut>[Fatal] LoggerClient.cs: Func:40 &gt; message
[Error] LoggerClient.cs: Func:41 &gt; message
[Warn] LoggerClient.cs: Func:42 &gt; message
[Info] LoggerClient.cs: Func:43 &gt; message
[Debug] LoggerClient.cs: Func:44 &gt; message
[Verbose] LoggerClient.cs: Func:45 &gt; message</StdOut>
      </Output>
    </UnitTestResult>
    <UnitTestResult executionId="e21bc446-c5c7-42df-aa4a-e1c9132bc75d" testId="c2da144b-378e-b165-a41b-7b65e6d54970" testName="DeserializeJsonText_OK" computerName="AVDC720" duration="00:00:00.0380000" startTime="2020-06-22T13:58:58.0000000+02:00" endTime="2020-06-22T13:58:58.0000000+02:00" testType="13cdc9d9-ddb5-4fa4-a97d-d965ccfc6d4b" outcome="Passed" testListId="8c84fa94-04c1-424b-9868-57a2d4851a1d" relativeResultsDirectory="e21bc446-c5c7-42df-aa4a-e1c9132bc75d" />
    <UnitTestResult executionId="99cd1db1-a212-45c5-9993-a10939c93724" testId="6fac98b9-fc8f-ded6-86b3-b3150632ee5f" testName="Load_PathPointsToNetworkResource_LoadsAsNetworkResource(&quot;http://valid_http_uri&quot;)" computerName="AVDC720" duration="00:00:00.0130000" startTime="2020-06-22T13:59:00.0000000+02:00" endTime="2020-06-22T13:59:00.0000000+02:00" testType="13cdc9d9-ddb5-4fa4-a97d-d965ccfc6d4b" outcome="Passed" testListId="8c84fa94-04c1-424b-9868-57a2d4851a1d" relativeResultsDirectory="99cd1db1-a212-45c5-9993-a10939c93724" />
    <UnitTestResult executionId="decdeb03-4f44-4bd5-9c76-d1bd05fb3729" testId="ecb58899-c328-f985-2c0b-ed632069fc86" testName="ParseTime_TimeFormatIsInvalid_ThrowsFormatException(&quot;0,0,0.0&quot;)" computerName="AVDC720" duration="00:00:00.0000001" startTime="2020-06-22T13:59:00.0000000+02:00" endTime="2020-06-22T13:59:00.0000000+02:00" testType="13cdc9d9-ddb5-4fa4-a97d-d965ccfc6d4b" outcome="Passed" testListId="8c84fa94-04c1-424b-9868-57a2d4851a1d" relativeResultsDirectory="decdeb03-4f44-4bd5-9c76-d1bd05fb3729" />
    <UnitTestResult executionId="6637c94c-c014-46ce-8398-cce39c22e9fe" testId="da5a75b7-aa19-0293-49b5-3bd5a004ec15" testName="Reset_Called_DeallocsAVIOFormatContext" computerName="AVDC720" duration="00:00:00.0020000" startTime="2020-06-22T13:58:59.0000000+02:00" endTime="2020-06-22T13:58:59.0000000+02:00" testType="13cdc9d9-ddb5-4fa4-a97d-d965ccfc6d4b" outcome="Passed" testListId="8c84fa94-04c1-424b-9868-57a2d4851a1d" relativeResultsDirectory="6637c94c-c014-46ce-8398-cce39c22e9fe" />
    <UnitTestResult executionId="d3bfeed7-4210-441f-bbc1-c7fcd56e3fe3" testId="c1b0f31a-ea5a-298b-bdf9-e1d1cecd60bb" testName="ReadPacket_InvokedWithSizeGreaterThanBufferSize_ReturnsAllData" computerName="AVDC720" duration="00:00:00.0050000" startTime="2020-06-22T13:58:59.0000000+02:00" endTime="2020-06-22T13:58:59.0000000+02:00" testType="13cdc9d9-ddb5-4fa4-a97d-d965ccfc6d4b" outcome="Passed" testListId="8c84fa94-04c1-424b-9868-57a2d4851a1d" relativeResultsDirectory="d3bfeed7-4210-441f-bbc1-c7fcd56e3fe3" />
    <UnitTestResult executionId="c4d21302-3ac2-44e4-bcc3-2a151d0eedbb" testId="63887502-2290-59ec-06c5-74675818419c" testName="OnStreamConfigChanged_WhenStreamConfigIsNull_ThrowsArgumentNullException" computerName="AVDC720" duration="00:00:00.0010000" startTime="2020-06-22T13:59:00.0000000+02:00" endTime="2020-06-22T13:59:00.0000000+02:00" testType="13cdc9d9-ddb5-4fa4-a97d-d965ccfc6d4b" outcome="Passed" testListId="8c84fa94-04c1-424b-9868-57a2d4851a1d" relativeResultsDirectory="c4d21302-3ac2-44e4-bcc3-2a151d0eedbb" />
    <UnitTestResult executionId="1a2d84ca-7271-4c30-b091-2ef674d0b887" testId="e627cd52-2378-d6fc-2ff2-c4c49c512a76" testName="SupportsSchemeIdUri_InvalidSchemeIdUri_ReturnsFalse" computerName="AVDC720" duration="00:00:00.0020000" startTime="2020-06-22T13:58:59.0000000+02:00" endTime="2020-06-22T13:58:59.0000000+02:00" testType="13cdc9d9-ddb5-4fa4-a97d-d965ccfc6d4b" outcome="Passed" testListId="8c84fa94-04c1-424b-9868-57a2d4851a1d" relativeResultsDirectory="1a2d84ca-7271-4c30-b091-2ef674d0b887" />
    <UnitTestResult executionId="1114dfa0-13d9-4d94-911d-ca42c5f53ac0" testId="ce01ebcc-a3b9-cf57-b548-3aec0795ebd5" testName="Reached_CalledBeforeFirstPacket_ThrowsInvalidOperationException" computerName="AVDC720" duration="00:00:00.0010000" startTime="2020-06-22T13:59:00.0000000+02:00" endTime="2020-06-22T13:59:00.0000000+02:00" testType="13cdc9d9-ddb5-4fa4-a97d-d965ccfc6d4b" outcome="Passed" testListId="8c84fa94-04c1-424b-9868-57a2d4851a1d" relativeResultsDirectory="1114dfa0-13d9-4d94-911d-ca42c5f53ac0" />
    <UnitTestResult executionId="54b8bedf-f15c-48e7-a765-2df63e3d03b8" testId="5b212d48-3586-21cd-2d5d-74feb2deb816" testName="MoveToTimeLine_WebVttHasTwoTimeLines_ReturnsBoth" computerName="AVDC720" duration="00:00:00.0000001" startTime="2020-06-22T13:59:00.0000000+02:00" endTime="2020-06-22T13:59:00.0000000+02:00" testType="13cdc9d9-ddb5-4fa4-a97d-d965ccfc6d4b" outcome="Passed" testListId="8c84fa94-04c1-424b-9868-57a2d4851a1d" relativeResultsDirectory="54b8bedf-f15c-48e7-a765-2df63e3d03b8" />
    <UnitTestResult executionId="a7289dd5-b8d8-4778-9351-ad365f21da74" testId="3bb9e6bd-fed8-b1b2-1da9-9ab8e55f2013" testName="RegisterDataProviderFactory_ThrowsNull" computerName="AVDC720" duration="00:00:00.0000001" startTime="2020-06-22T13:58:59.0000000+02:00" endTime="2020-06-22T13:58:59.0000000+02:00" testType="13cdc9d9-ddb5-4fa4-a97d-d965ccfc6d4b" outcome="Passed" testListId="8c84fa94-04c1-424b-9868-57a2d4851a1d" relativeResultsDirectory="a7289dd5-b8d8-4778-9351-ad365f21da74" />
    <UnitTestResult executionId="87c38cae-7911-450c-aae1-42a1be89e906" testId="dcf10506-16c1-f65b-62cc-54c81f3d69fc" testName="Load_PathPointsToNetworkResource_LoadsAsNetworkResource(&quot;https://valid_https_uri&quot;)" computerName="AVDC720" duration="00:00:00.0000001" startTime="2020-06-22T13:59:00.0000000+02:00" endTime="2020-06-22T13:59:00.0000000+02:00" testType="13cdc9d9-ddb5-4fa4-a97d-d965ccfc6d4b" outcome="Passed" testListId="8c84fa94-04c1-424b-9868-57a2d4851a1d" relativeResultsDirectory="87c38cae-7911-450c-aae1-42a1be89e906" />
    <UnitTestResult executionId="b41a1dd2-d704-40e4-997e-93eac0ee97c1" testId="598bfb59-b210-6d51-5dff-24428bdd49a7" testName="RegisterDataProviderFactory_OK" computerName="AVDC720" duration="00:00:00.0000001" startTime="2020-06-22T13:58:59.0000000+02:00" endTime="2020-06-22T13:58:59.0000000+02:00" testType="13cdc9d9-ddb5-4fa4-a97d-d965ccfc6d4b" outcome="Passed" testListId="8c84fa94-04c1-424b-9868-57a2d4851a1d" relativeResultsDirectory="b41a1dd2-d704-40e4-997e-93eac0ee97c1" />
    <UnitTestResult executionId="555bc68c-7e56-43ec-9fdd-f0fcf04430d1" testId="b4eee26d-24ec-582f-e097-1f57b7e85dcb" testName="ParseText_ContainsEscapeSequence_DecodesSuccessfully(&quot;begin &amp;amp; end&quot;,&quot;begin &amp; end&quot;)" computerName="AVDC720" duration="00:00:00.0010000" startTime="2020-06-22T13:59:00.0000000+02:00" endTime="2020-06-22T13:59:00.0000000+02:00" testType="13cdc9d9-ddb5-4fa4-a97d-d965ccfc6d4b" outcome="Passed" testListId="8c84fa94-04c1-424b-9868-57a2d4851a1d" relativeResultsDirectory="555bc68c-7e56-43ec-9fdd-f0fcf04430d1" />
    <UnitTestResult executionId="3750ff26-c070-423f-9ec7-b816b9cbdbac" testId="88bc5129-e7aa-8963-c140-f3fd33a92044" testName="Parse_DifferentEncodings_ParsesSuccessfully(&quot;JuvoPlayer.Tests.res.subtitles.media_player_subs_windows-1256.srt&quot;,&quot;windows-1256&quot;,&quot;[Arabic] 3.0: علاء ديه القط، والقط هو علاء&quot;)" computerName="AVDC720" duration="00:00:00.0010000" startTime="2020-06-22T13:58:59.0000000+02:00" endTime="2020-06-22T13:58:59.0000000+02:00" testType="13cdc9d9-ddb5-4fa4-a97d-d965ccfc6d4b" outcome="Passed" testListId="8c84fa94-04c1-424b-9868-57a2d4851a1d" relativeResultsDirectory="3750ff26-c070-423f-9ec7-b816b9cbdbac" />
    <UnitTestResult executionId="710b491a-5bc9-4563-82c7-d6fac80b7b12" testId="f01d921c-ca10-b5d1-27ad-327291be9d87" testName="DeserializeJsonText_ThrowsEmpty" computerName="AVDC720" duration="00:00:00.0010000" startTime="2020-06-22T13:58:58.0000000+02:00" endTime="2020-06-22T13:58:58.0000000+02:00" testType="13cdc9d9-ddb5-4fa4-a97d-d965ccfc6d4b" outcome="Passed" testListId="8c84fa94-04c1-424b-9868-57a2d4851a1d" relativeResultsDirectory="710b491a-5bc9-4563-82c7-d6fac80b7b12" />
    <UnitTestResult executionId="509c9243-efd7-4ef2-ae9e-758ba08e80a2" testId="0e5a7d31-b50f-e2fa-db2d-75f9677650eb" testName="Reset_Called_NextPacketNotCalledAfter(StartForUrl)" computerName="AVDC720" duration="00:00:00.0000001" startTime="2020-06-22T13:58:59.0000000+02:00" endTime="2020-06-22T13:58:59.0000000+02:00" testType="13cdc9d9-ddb5-4fa4-a97d-d965ccfc6d4b" outcome="Passed" testListId="8c84fa94-04c1-424b-9868-57a2d4851a1d" relativeResultsDirectory="509c9243-efd7-4ef2-ae9e-758ba08e80a2" />
    <UnitTestResult executionId="c9766129-956f-49c2-a7c3-5f7a63442e81" testId="bfa7b9c5-0d1c-484d-ffb4-16f6680e082d" testName="ParseTimeLine_WhenLineIsInvalid_ThrowsFormatException(null)" computerName="AVDC720" duration="00:00:00.0010000" startTime="2020-06-22T13:59:00.0000000+02:00" endTime="2020-06-22T13:59:00.0000000+02:00" testType="13cdc9d9-ddb5-4fa4-a97d-d965ccfc6d4b" outcome="Passed" testListId="8c84fa94-04c1-424b-9868-57a2d4851a1d" relativeResultsDirectory="c9766129-956f-49c2-a7c3-5f7a63442e81" />
    <UnitTestResult executionId="810557d2-5654-4b63-aeed-d61eb39e6b3a" testId="9bf965f4-b07a-9f83-7d3c-04862d018a76" testName="TestLoggerBase" computerName="AVDC720" duration="00:00:00.0030000" startTime="2020-06-22T13:58:59.0000000+02:00" endTime="2020-06-22T13:58:59.0000000+02:00" testType="13cdc9d9-ddb5-4fa4-a97d-d965ccfc6d4b" outcome="Passed" testListId="8c84fa94-04c1-424b-9868-57a2d4851a1d" relativeResultsDirectory="810557d2-5654-4b63-aeed-d61eb39e6b3a" />
    <UnitTestResult executionId="bd5308c3-a5e8-476a-b9d3-75c9e01c0c4a" testId="65fdcfa3-e586-80fb-25e9-f3179ce3d17c" testName="Init_ClipDurationAvailable_ReturnsDuration(ForEs)" computerName="AVDC720" duration="00:00:00.0040000" startTime="2020-06-22T13:58:59.0000000+02:00" endTime="2020-06-22T13:58:59.0000000+02:00" testType="13cdc9d9-ddb5-4fa4-a97d-d965ccfc6d4b" outcome="Passed" testListId="8c84fa94-04c1-424b-9868-57a2d4851a1d" relativeResultsDirectory="bd5308c3-a5e8-476a-b9d3-75c9e01c0c4a" />
    <UnitTestResult executionId="e669606e-8487-46f0-88c8-73d49bcb7e13" testId="8b5ade29-f79f-4071-809a-b5dffc281389" testName="ParseTimeLine_TimeLineIsInvalid_ThrowsFormatException(&quot;01:18.171 -- 01:20.171&quot;)" computerName="AVDC720" duration="00:00:00.0000001" startTime="2020-06-22T13:59:00.0000000+02:00" endTime="2020-06-22T13:59:00.0000000+02:00" testType="13cdc9d9-ddb5-4fa4-a97d-d965ccfc6d4b" outcome="Passed" testListId="8c84fa94-04c1-424b-9868-57a2d4851a1d" relativeResultsDirectory="e669606e-8487-46f0-88c8-73d49bcb7e13" />
    <UnitTestResult executionId="9e863881-680c-487a-88fd-1d1d6a10e747" testId="9a9661dd-36b6-16db-2f09-bd73c6ac6d68" testName="ParseText_TextHasTwoLines_ReturnsTextWithTwoSeparatedLines" computerName="AVDC720" duration="00:00:00.0000001" startTime="2020-06-22T13:59:00.0000000+02:00" endTime="2020-06-22T13:59:00.0000000+02:00" testType="13cdc9d9-ddb5-4fa4-a97d-d965ccfc6d4b" outcome="Passed" testListId="8c84fa94-04c1-424b-9868-57a2d4851a1d" relativeResultsDirectory="9e863881-680c-487a-88fd-1d1d6a10e747" />
    <UnitTestResult executionId="53586768-b965-437a-9e2b-8608faaedac6" testId="32a4594b-b1ea-44dc-9f50-e88fff32aca7" testName="LoadAsNetworkResource_UrlIsValid_LoadsResource" computerName="AVDC720" duration="00:00:00.0100000" startTime="2020-06-22T13:59:00.0000000+02:00" endTime="2020-06-22T13:59:00.0000000+02:00" testType="13cdc9d9-ddb5-4fa4-a97d-d965ccfc6d4b" outcome="Passed" testListId="8c84fa94-04c1-424b-9868-57a2d4851a1d" relativeResultsDirectory="53586768-b965-437a-9e2b-8608faaedac6" />
    <UnitTestResult executionId="ffa80fe1-210f-43a1-a7c7-e1eaa9c4a7a6" testId="5ab273b4-d5f1-2abf-3a88-3bfeef20ebf5" testName="TestInvalidConfig" computerName="AVDC720" duration="00:00:00.0040000" startTime="2020-06-22T13:58:59.0000000+02:00" endTime="2020-06-22T13:58:59.0000000+02:00" testType="13cdc9d9-ddb5-4fa4-a97d-d965ccfc6d4b" outcome="Passed" testListId="8c84fa94-04c1-424b-9868-57a2d4851a1d" relativeResultsDirectory="ffa80fe1-210f-43a1-a7c7-e1eaa9c4a7a6" />
    <UnitTestResult executionId="ab5aa279-64fe-4829-8cce-52fe1dbfe73f" testId="88dd71ef-8824-feb9-a45c-d465619740f7" testName="Serialization_OperationSerialized_DeserializedProperly(JuvoPlayer.Tests.Utils.DelayOperation)" computerName="AVDC720" duration="00:00:00.0010000" startTime="2020-06-22T13:58:59.0000000+02:00" endTime="2020-06-22T13:58:59.0000000+02:00" testType="13cdc9d9-ddb5-4fa4-a97d-d965ccfc6d4b" outcome="Passed" testListId="8c84fa94-04c1-424b-9868-57a2d4851a1d" relativeResultsDirectory="ab5aa279-64fe-4829-8cce-52fe1dbfe73f" />
    <UnitTestResult executionId="5c0e97ac-31b9-4a12-80b9-9bbbdc630166" testId="7d1053d3-3965-5046-05f3-5d8a55de4e4c" testName="Serialization_OperationSerialized_DeserializedProperly(JuvoPlayer.Tests.Utils.StartOperation)" computerName="AVDC720" duration="00:00:00.0000001" startTime="2020-06-22T13:58:59.0000000+02:00" endTime="2020-06-22T13:58:59.0000000+02:00" testType="13cdc9d9-ddb5-4fa4-a97d-d965ccfc6d4b" outcome="Passed" testListId="8c84fa94-04c1-424b-9868-57a2d4851a1d" relativeResultsDirectory="5c0e97ac-31b9-4a12-80b9-9bbbdc630166" />
    <UnitTestResult executionId="b1ca9074-00ec-40ea-8b1e-0289dadd170a" testId="1f7bba7b-44c7-d415-228c-13d53a0e097d" testName="ResolveByPath_InvalidPath_ReturnInvalidFormat" computerName="AVDC720" duration="00:00:00.0000001" startTime="2020-06-22T13:59:00.0000000+02:00" endTime="2020-06-22T13:59:00.0000000+02:00" testType="13cdc9d9-ddb5-4fa4-a97d-d965ccfc6d4b" outcome="Passed" testListId="8c84fa94-04c1-424b-9868-57a2d4851a1d" relativeResultsDirectory="b1ca9074-00ec-40ea-8b1e-0289dadd170a" />
    <UnitTestResult executionId="1cebae52-5ca7-4f52-be50-6d50469e153b" testId="941c0021-a8fe-25b1-de50-c1e94e8c1fd9" testName="Serialization_OperationSerialized_DeserializedProperly(JuvoPlayer.Tests.Utils.RandomDelayOperation)" computerName="AVDC720" duration="00:00:00.0000001" startTime="2020-06-22T13:58:59.0000000+02:00" endTime="2020-06-22T13:58:59.0000000+02:00" testType="13cdc9d9-ddb5-4fa4-a97d-d965ccfc6d4b" outcome="Passed" testListId="8c84fa94-04c1-424b-9868-57a2d4851a1d" relativeResultsDirectory="1cebae52-5ca7-4f52-be50-6d50469e153b" />
    <UnitTestResult executionId="bc17227d-ebd2-462e-a41d-86714817b670" testId="1456f546-2b4f-74af-fce2-a2145100c175" testName="OnStreamConfigChanged_WhenStreamConfigIsUnsupported_ThrowsArgumentException" computerName="AVDC720" duration="00:00:00.0010000" startTime="2020-06-22T13:59:00.0000000+02:00" endTime="2020-06-22T13:59:00.0000000+02:00" testType="13cdc9d9-ddb5-4fa4-a97d-d965ccfc6d4b" outcome="Passed" testListId="8c84fa94-04c1-424b-9868-57a2d4851a1d" relativeResultsDirectory="bc17227d-ebd2-462e-a41d-86714817b670" />
    <UnitTestResult executionId="2b419126-a86a-4bc0-9b73-badde27b2936" testId="934d902b-af41-a86f-d0cb-6e5ba6785975" testName="ParseTime_TimeFormatIsValid_ParsesSuccessfully(&quot;01:18.171&quot;,0,1,18,171)" computerName="AVDC720" duration="00:00:00.0000001" startTime="2020-06-22T13:59:00.0000000+02:00" endTime="2020-06-22T13:59:00.0000000+02:00" testType="13cdc9d9-ddb5-4fa4-a97d-d965ccfc6d4b" outcome="Passed" testListId="8c84fa94-04c1-424b-9868-57a2d4851a1d" relativeResultsDirectory="2b419126-a86a-4bc0-9b73-badde27b2936" />
    <UnitTestResult executionId="d9225e77-a61c-4ca2-b49d-e45f71c43397" testId="3accf9e4-664b-d25c-8a3f-c716b44b5888" testName="SupportsType_ValidType_ReturnsTrue(&quot;widevine&quot;)" computerName="AVDC720" duration="00:00:00.0000001" startTime="2020-06-22T13:58:59.0000000+02:00" endTime="2020-06-22T13:58:59.0000000+02:00" testType="13cdc9d9-ddb5-4fa4-a97d-d965ccfc6d4b" outcome="Passed" testListId="8c84fa94-04c1-424b-9868-57a2d4851a1d" relativeResultsDirectory="d9225e77-a61c-4ca2-b49d-e45f71c43397" />
    <UnitTestResult executionId="0dc76c7c-6111-46d2-848a-56423e9ab9a9" testId="852b5e0e-9762-784e-5557-e2cf4ea73784" testName="Reached_SecondPacketReachesBarrier_BarrierIsReached" computerName="AVDC720" duration="00:00:00.0000001" startTime="2020-06-22T13:59:00.0000000+02:00" endTime="2020-06-22T13:59:00.0000000+02:00" testType="13cdc9d9-ddb5-4fa4-a97d-d965ccfc6d4b" outcome="Passed" testListId="8c84fa94-04c1-424b-9868-57a2d4851a1d" relativeResultsDirectory="0dc76c7c-6111-46d2-848a-56423e9ab9a9" />
    <UnitTestResult executionId="8c71f654-a712-412a-991b-331592338347" testId="5aba6d27-4c6f-ae2f-cf75-baaf7277a3aa" testName="Init_CalledSecondTime_ThrowsInvalidOperationException(ForUrl)" computerName="AVDC720" duration="00:00:00.0040000" startTime="2020-06-22T13:58:59.0000000+02:00" endTime="2020-06-22T13:58:59.0000000+02:00" testType="13cdc9d9-ddb5-4fa4-a97d-d965ccfc6d4b" outcome="Passed" testListId="8c84fa94-04c1-424b-9868-57a2d4851a1d" relativeResultsDirectory="8c71f654-a712-412a-991b-331592338347" />
    <UnitTestResult executionId="c429ee97-5bc0-428c-805f-8a86b6235cf7" testId="c6b41802-25fd-66eb-f1c3-47cfda11148b" testName="Parse_DifferentEncodings_ParsesSuccessfully(&quot;JuvoPlayer.Tests.res.subtitles.media_player_subs_windows-1250.srt&quot;,&quot;windows-1250&quot;,&quot;[Central Europe] 2.5: Ąą Ćć Ęę Łł Ńń Óó Śś Źź Żż&quot;)" computerName="AVDC720" duration="00:00:00.0470000" startTime="2020-06-22T13:58:59.0000000+02:00" endTime="2020-06-22T13:58:59.0000000+02:00" testType="13cdc9d9-ddb5-4fa4-a97d-d965ccfc6d4b" outcome="Passed" testListId="8c84fa94-04c1-424b-9868-57a2d4851a1d" relativeResultsDirectory="c429ee97-5bc0-428c-805f-8a86b6235cf7" />
    <UnitTestResult executionId="6c550ad2-08eb-4889-9bb9-bf5de8de6fe5" testId="387dafbc-f6b1-0e58-56ab-e371f4acda38" testName="Start_PacketDemuxed_PublishesPacket(StartForUrl)" computerName="AVDC720" duration="00:00:00.0010000" startTime="2020-06-22T13:58:59.0000000+02:00" endTime="2020-06-22T13:58:59.0000000+02:00" testType="13cdc9d9-ddb5-4fa4-a97d-d965ccfc6d4b" outcome="Passed" testListId="8c84fa94-04c1-424b-9868-57a2d4851a1d" relativeResultsDirectory="6c550ad2-08eb-4889-9bb9-bf5de8de6fe5" />
    <UnitTestResult executionId="c613981a-1608-400c-b925-33cb7980a246" testId="24b81133-6183-4881-a72c-c0d4de113274" testName="ParseTime_TimeFormatIsInvalid_ThrowsFormatException(null)" computerName="AVDC720" duration="00:00:00.0010000" startTime="2020-06-22T13:59:00.0000000+02:00" endTime="2020-06-22T13:59:00.0000000+02:00" testType="13cdc9d9-ddb5-4fa4-a97d-d965ccfc6d4b" outcome="Passed" testListId="8c84fa94-04c1-424b-9868-57a2d4851a1d" relativeResultsDirectory="c613981a-1608-400c-b925-33cb7980a246" />
    <UnitTestResult executionId="495426b8-67d8-4472-8920-2ccd1e46e39e" testId="d7ac1929-9b02-b83c-c131-e7b03e1000aa" testName="Start_DRMInitDataFound_PublishesDRMInitData(StartForUrl)" computerName="AVDC720" duration="00:00:00.0010000" startTime="2020-06-22T13:58:59.0000000+02:00" endTime="2020-06-22T13:58:59.0000000+02:00" testType="13cdc9d9-ddb5-4fa4-a97d-d965ccfc6d4b" outcome="Passed" testListId="8c84fa94-04c1-424b-9868-57a2d4851a1d" relativeResultsDirectory="495426b8-67d8-4472-8920-2ccd1e46e39e" />
    <UnitTestResult executionId="26412116-3a27-4608-84e9-0164504432b7" testId="277f52da-2282-9c65-51fe-2a9bdc6748b7" testName="Begin_LessThanEnd_SetsSuccessfully" computerName="AVDC720" duration="00:00:00.0030000" startTime="2020-06-22T13:58:59.0000000+02:00" endTime="2020-06-22T13:58:59.0000000+02:00" testType="13cdc9d9-ddb5-4fa4-a97d-d965ccfc6d4b" outcome="Passed" testListId="8c84fa94-04c1-424b-9868-57a2d4851a1d" relativeResultsDirectory="26412116-3a27-4608-84e9-0164504432b7" />
    <UnitTestResult executionId="07e5d3b1-8258-4b28-b838-a5b0fdd6213a" testId="cdaa95b4-0c6d-1e27-93cc-3d0e0a68a8ea" testName="Start_ClipDurationFound_PublishesClipDuration(StartForUrl)" computerName="AVDC720" duration="00:00:00.0010000" startTime="2020-06-22T13:58:59.0000000+02:00" endTime="2020-06-22T13:58:59.0000000+02:00" testType="13cdc9d9-ddb5-4fa4-a97d-d965ccfc6d4b" outcome="Passed" testListId="8c84fa94-04c1-424b-9868-57a2d4851a1d" relativeResultsDirectory="07e5d3b1-8258-4b28-b838-a5b0fdd6213a" />
    <UnitTestResult executionId="de1b08af-de9d-4f07-b09a-525cfa794954" testId="f81baf0f-ead9-5f35-fa39-b734665fe9b1" testName="Reached_SecondPacketDoesntReachBarrier_BarrierIsNotReached" computerName="AVDC720" duration="00:00:00.0000001" startTime="2020-06-22T13:59:00.0000000+02:00" endTime="2020-06-22T13:59:00.0000000+02:00" testType="13cdc9d9-ddb5-4fa4-a97d-d965ccfc6d4b" outcome="Passed" testListId="8c84fa94-04c1-424b-9868-57a2d4851a1d" relativeResultsDirectory="de1b08af-de9d-4f07-b09a-525cfa794954" />
    <UnitTestResult executionId="2def1548-b28f-4cbc-81c2-95b55101db49" testId="9681c4d5-bb9b-2329-b528-bc4805c08192" testName="ParseTimeLine_TimeLineIsInvalid_ThrowsFormatException(&quot;01:18.171 01:20.171&quot;)" computerName="AVDC720" duration="00:00:00.0000001" startTime="2020-06-22T13:59:00.0000000+02:00" endTime="2020-06-22T13:59:00.0000000+02:00" testType="13cdc9d9-ddb5-4fa4-a97d-d965ccfc6d4b" outcome="Passed" testListId="8c84fa94-04c1-424b-9868-57a2d4851a1d" relativeResultsDirectory="2def1548-b28f-4cbc-81c2-95b55101db49" />
    <UnitTestResult executionId="09b3658c-ac90-4fea-8167-2440aadbf4c3" testId="fdaaee40-d5ec-3d57-52e3-ba061dbf8ab8" testName="Parse_DifferentEncodings_ParsesSuccessfully(&quot;JuvoPlayer.Tests.res.subtitles.subtitles_en.vtt&quot;,&quot;utf-8&quot;,&quot;A dangerous quest for a lone hunter.&quot;)" computerName="AVDC720" duration="00:00:00.0020000" startTime="2020-06-22T13:58:59.0000000+02:00" endTime="2020-06-22T13:58:59.0000000+02:00" testType="13cdc9d9-ddb5-4fa4-a97d-d965ccfc6d4b" outcome="Passed" testListId="8c84fa94-04c1-424b-9868-57a2d4851a1d" relativeResultsDirectory="09b3658c-ac90-4fea-8167-2440aadbf4c3" />
    <UnitTestResult executionId="d34bc9ae-37c9-4b51-aa0c-16dff0282aa8" testId="b7fd9400-1bb5-081c-d5a3-25a6c282dcbe" testName="HasRepresentation_OK" computerName="AVDC720" duration="00:00:00.0010000" startTime="2020-06-22T13:59:00.0000000+02:00" endTime="2020-06-22T13:59:00.0000000+02:00" testType="13cdc9d9-ddb5-4fa4-a97d-d965ccfc6d4b" outcome="Passed" testListId="8c84fa94-04c1-424b-9868-57a2d4851a1d" relativeResultsDirectory="d34bc9ae-37c9-4b51-aa0c-16dff0282aa8" />
    <UnitTestResult executionId="8f8cfc7d-f5b3-4e96-bb57-0b193fda3ede" testId="c0cf0641-dce5-3e52-e867-94fa19192895" testName="Start_DemuxerInitFails_PublishesDemuxerError(StartForEs)" computerName="AVDC720" duration="00:00:00.0040000" startTime="2020-06-22T13:58:59.0000000+02:00" endTime="2020-06-22T13:58:59.0000000+02:00" testType="13cdc9d9-ddb5-4fa4-a97d-d965ccfc6d4b" outcome="Passed" testListId="8c84fa94-04c1-424b-9868-57a2d4851a1d" relativeResultsDirectory="8f8cfc7d-f5b3-4e96-bb57-0b193fda3ede" />
    <UnitTestResult executionId="89228eb3-2612-41f1-9f54-79c08e4da31f" testId="9cc3315d-ab2d-0d5c-5fc9-8503edd24a84" testName="CreateDataProvider_OK" computerName="AVDC720" duration="00:00:00.0380000" startTime="2020-06-22T13:58:59.0000000+02:00" endTime="2020-06-22T13:58:59.0000000+02:00" testType="13cdc9d9-ddb5-4fa4-a97d-d965ccfc6d4b" outcome="Passed" testListId="8c84fa94-04c1-424b-9868-57a2d4851a1d" relativeResultsDirectory="89228eb3-2612-41f1-9f54-79c08e4da31f" />
    <UnitTestResult executionId="13397d8a-db32-4b11-9c79-aea8af1c67da" testId="22652439-3c67-dfff-4ce3-b173308c9356" testName="Get_TwoAdjacentCuesAndGetInBetween_ReturnsSecondOne" computerName="AVDC720" duration="00:00:00.0010000" startTime="2020-06-22T13:58:59.0000000+02:00" endTime="2020-06-22T13:58:59.0000000+02:00" testType="13cdc9d9-ddb5-4fa4-a97d-d965ccfc6d4b" outcome="Passed" testListId="8c84fa94-04c1-424b-9868-57a2d4851a1d" relativeResultsDirectory="13397d8a-db32-4b11-9c79-aea8af1c67da" />
    <UnitTestResult executionId="8c2b884e-1be5-42e8-b620-f6a86fce3012" testId="d69bd21c-4887-795d-066d-a5d448489d31" testName="ParseTime_WhenTimeFormatIsInvalid_ThrowsFormatException(&quot;a.b.c.d&quot;)" computerName="AVDC720" duration="00:00:00.0000001" startTime="2020-06-22T13:59:00.0000000+02:00" endTime="2020-06-22T13:59:00.0000000+02:00" testType="13cdc9d9-ddb5-4fa4-a97d-d965ccfc6d4b" outcome="Passed" testListId="8c84fa94-04c1-424b-9868-57a2d4851a1d" relativeResultsDirectory="8c2b884e-1be5-42e8-b620-f6a86fce3012" />
    <UnitTestResult executionId="ed39c0a6-1c25-487c-99ec-3005e3fb3bf9" testId="461167f4-f83d-dfb6-f998-4b01ff39fbbb" testName="ParseText_ContainsEscapeSequence_DecodesSuccessfully(&quot;begin &amp;lt; end&quot;,&quot;begin &lt; end&quot;)" computerName="AVDC720" duration="00:00:00.0000001" startTime="2020-06-22T13:59:00.0000000+02:00" endTime="2020-06-22T13:59:00.0000000+02:00" testType="13cdc9d9-ddb5-4fa4-a97d-d965ccfc6d4b" outcome="Passed" testListId="8c84fa94-04c1-424b-9868-57a2d4851a1d" relativeResultsDirectory="ed39c0a6-1c25-487c-99ec-3005e3fb3bf9" />
    <UnitTestResult executionId="8eb9715a-ea74-49e5-b70a-ae36c2e87b43" testId="94d95040-3698-185d-5d6f-562ab37711a4" testName="Init_CalledSecondTime_ThrowsInvalidOperationException(ForEs)" computerName="AVDC720" duration="00:00:00.0560000" startTime="2020-06-22T13:58:59.0000000+02:00" endTime="2020-06-22T13:58:59.0000000+02:00" testType="13cdc9d9-ddb5-4fa4-a97d-d965ccfc6d4b" outcome="Passed" testListId="8c84fa94-04c1-424b-9868-57a2d4851a1d" relativeResultsDirectory="8eb9715a-ea74-49e5-b70a-ae36c2e87b43" />
    <UnitTestResult executionId="8dd88827-500e-4d99-93b8-fe0e79a75169" testId="bf726271-d726-9654-3c3e-7309912ba13e" testName="DeserializeJsonFile_ThrowsEmpty" computerName="AVDC720" duration="00:00:00.0180000" startTime="2020-06-22T13:58:58.0000000+02:00" endTime="2020-06-22T13:58:58.0000000+02:00" testType="13cdc9d9-ddb5-4fa4-a97d-d965ccfc6d4b" outcome="Passed" testListId="8c84fa94-04c1-424b-9868-57a2d4851a1d" relativeResultsDirectory="8dd88827-500e-4d99-93b8-fe0e79a75169" />
    <UnitTestResult executionId="33b12d10-29d4-4eae-83ee-ebde4e06fe34" testId="db9e6235-a824-dde8-0052-9868cf8e7d1a" testName="Reached_FirstPacketPushed_BarrierIsNotReached" computerName="AVDC720" duration="00:00:00.0010000" startTime="2020-06-22T13:59:00.0000000+02:00" endTime="2020-06-22T13:59:00.0000000+02:00" testType="13cdc9d9-ddb5-4fa4-a97d-d965ccfc6d4b" outcome="Passed" testListId="8c84fa94-04c1-424b-9868-57a2d4851a1d" relativeResultsDirectory="33b12d10-29d4-4eae-83ee-ebde4e06fe34" />
    <UnitTestResult executionId="65a31f48-6dfb-4184-95d3-7f3ece74438b" testId="57c0ae3c-c55a-4a36-bc50-46b8e916c8ec" testName="Compare_VariousTimes_ReturnsExpectedValues(10,0)" computerName="AVDC720" duration="00:00:00.0000001" startTime="2020-06-22T13:58:59.0000000+02:00" endTime="2020-06-22T13:58:59.0000000+02:00" testType="13cdc9d9-ddb5-4fa4-a97d-d965ccfc6d4b" outcome="Passed" testListId="8c84fa94-04c1-424b-9868-57a2d4851a1d" relativeResultsDirectory="65a31f48-6dfb-4184-95d3-7f3ece74438b" />
    <UnitTestResult executionId="86aaf90f-6396-4601-9f44-5e1295d91798" testId="dc2e53b3-b4b5-d431-a2a2-41dcd332c80c" testName="OnAppendPacket_WhenDrmSessionIsConfigured_CallsPlayerAdapter" computerName="AVDC720" duration="00:00:00.0060000" startTime="2020-06-22T13:59:00.0000000+02:00" endTime="2020-06-22T13:59:00.0000000+02:00" testType="13cdc9d9-ddb5-4fa4-a97d-d965ccfc6d4b" outcome="Passed" testListId="8c84fa94-04c1-424b-9868-57a2d4851a1d" relativeResultsDirectory="86aaf90f-6396-4601-9f44-5e1295d91798" />
    <UnitTestResult executionId="d393f67f-9590-45be-ab50-fa0b5548f10b" testId="6d33e4a5-ae74-c82a-5d2b-0a3770f1919a" testName="DeserializeJsonText_ThrowsNull" computerName="AVDC720" duration="00:00:00.0010000" startTime="2020-06-22T13:58:58.0000000+02:00" endTime="2020-06-22T13:58:58.0000000+02:00" testType="13cdc9d9-ddb5-4fa4-a97d-d965ccfc6d4b" outcome="Passed" testListId="8c84fa94-04c1-424b-9868-57a2d4851a1d" relativeResultsDirectory="d393f67f-9590-45be-ab50-fa0b5548f10b" />
    <UnitTestResult executionId="1345e9f3-f482-423d-be2a-eb5e87ca03d1" testId="02fb1555-b786-4aa2-7007-ec43c1c9fbe1" testName="ParseTime_WhenTimeFormatIsInvalid_ThrowsFormatException(null)" computerName="AVDC720" duration="00:00:00.0010000" startTime="2020-06-22T13:59:00.0000000+02:00" endTime="2020-06-22T13:59:00.0000000+02:00" testType="13cdc9d9-ddb5-4fa4-a97d-d965ccfc6d4b" outcome="Passed" testListId="8c84fa94-04c1-424b-9868-57a2d4851a1d" relativeResultsDirectory="1345e9f3-f482-423d-be2a-eb5e87ca03d1" />
    <UnitTestResult executionId="e44c6efd-87dc-439b-9491-abedb126ca5c" testId="06962d28-4767-08b4-f374-8a5f6998b67f" testName="RegisterDataProviderFactory_Unsupported" computerName="AVDC720" duration="00:00:00.0010000" startTime="2020-06-22T13:58:59.0000000+02:00" endTime="2020-06-22T13:58:59.0000000+02:00" testType="13cdc9d9-ddb5-4fa4-a97d-d965ccfc6d4b" outcome="Passed" testListId="8c84fa94-04c1-424b-9868-57a2d4851a1d" relativeResultsDirectory="e44c6efd-87dc-439b-9491-abedb126ca5c" />
    <UnitTestResult executionId="4acc7545-e1d1-4bfc-95b3-d15dff5a0527" testId="520722aa-6a80-b3d5-b800-d9703ed85ffc" testName="ParseTimeLine_TimeLineIsValid_ParsesSuccessfully(&quot;01:18.171  --&gt;   01:20.171&quot;)" computerName="AVDC720" duration="00:00:00.0010000" startTime="2020-06-22T13:59:00.0000000+02:00" endTime="2020-06-22T13:59:00.0000000+02:00" testType="13cdc9d9-ddb5-4fa4-a97d-d965ccfc6d4b" outcome="Passed" testListId="8c84fa94-04c1-424b-9868-57a2d4851a1d" relativeResultsDirectory="4acc7545-e1d1-4bfc-95b3-d15dff5a0527" />
    <UnitTestResult executionId="4eab6965-de77-4dfc-bd00-61d8854a3b6a" testId="0d5e9659-8752-ad65-3659-a1154060e2e0" testName="Start_StreamConfigFound_PublishesStreamConfig(StartForEs)" computerName="AVDC720" duration="00:00:00.0030000" startTime="2020-06-22T13:58:59.0000000+02:00" endTime="2020-06-22T13:58:59.0000000+02:00" testType="13cdc9d9-ddb5-4fa4-a97d-d965ccfc6d4b" outcome="Passed" testListId="8c84fa94-04c1-424b-9868-57a2d4851a1d" relativeResultsDirectory="4eab6965-de77-4dfc-bd00-61d8854a3b6a" />
    <UnitTestResult executionId="ef1efc7d-4174-4ec2-9945-a18ffb2de43b" testId="320b5630-864f-a352-1987-972112f06fc2" testName="XMLData_AppParserSysParser_same_OK" computerName="AVDC720" duration="00:00:00.4360000" startTime="2020-06-22T13:59:00.0000000+02:00" endTime="2020-06-22T13:59:00.0000000+02:00" testType="13cdc9d9-ddb5-4fa4-a97d-d965ccfc6d4b" outcome="Passed" testListId="8c84fa94-04c1-424b-9868-57a2d4851a1d" relativeResultsDirectory="ef1efc7d-4174-4ec2-9945-a18ffb2de43b" />
    <UnitTestResult executionId="2d49900b-6d24-4ff3-841d-65cd552baa19" testId="4f7bdc50-58ea-1837-577f-74ef6cb0ffb7" testName="TestInvalidLogLevel" computerName="AVDC720" duration="00:00:00.0010000" startTime="2020-06-22T13:58:59.0000000+02:00" endTime="2020-06-22T13:58:59.0000000+02:00" testType="13cdc9d9-ddb5-4fa4-a97d-d965ccfc6d4b" outcome="Passed" testListId="8c84fa94-04c1-424b-9868-57a2d4851a1d" relativeResultsDirectory="2d49900b-6d24-4ff3-841d-65cd552baa19" />
    <UnitTestResult executionId="fbef332e-b8ab-41da-a027-6f689b33441e" testId="27c0e446-fbb2-fa76-7f01-7a27a4208aca" testName="ResolveByMimeType_WebVttMimeType_ReturnsWebVttFormat" computerName="AVDC720" duration="00:00:00.0000001" startTime="2020-06-22T13:59:00.0000000+02:00" endTime="2020-06-22T13:59:00.0000000+02:00" testType="13cdc9d9-ddb5-4fa4-a97d-d965ccfc6d4b" outcome="Passed" testListId="8c84fa94-04c1-424b-9868-57a2d4851a1d" relativeResultsDirectory="fbef332e-b8ab-41da-a027-6f689b33441e" />
    <UnitTestResult executionId="b59ef13b-7eac-4254-9390-ecc0ba917636" testId="843772ee-7171-937b-ee83-555f894077cb" testName="PacketReady_DemuxerSendsNullPacket_ProducesEOSPackets" computerName="AVDC720" duration="00:00:00.0380000" startTime="2020-06-22T13:58:59.0000000+02:00" endTime="2020-06-22T13:58:59.0000000+02:00" testType="13cdc9d9-ddb5-4fa4-a97d-d965ccfc6d4b" outcome="Passed" testListId="8c84fa94-04c1-424b-9868-57a2d4851a1d" relativeResultsDirectory="b59ef13b-7eac-4254-9390-ecc0ba917636" />
    <UnitTestResult executionId="42f28368-7d4e-4a79-8f5c-fc7c4c8b4e9c" testId="08fa8c0b-a89b-568b-783e-bb49d811f5cb" testName="HasAVMedia_OK" computerName="AVDC720" duration="00:00:00.0020000" startTime="2020-06-22T13:59:00.0000000+02:00" endTime="2020-06-22T13:59:00.0000000+02:00" testType="13cdc9d9-ddb5-4fa4-a97d-d965ccfc6d4b" outcome="Passed" testListId="8c84fa94-04c1-424b-9868-57a2d4851a1d" relativeResultsDirectory="42f28368-7d4e-4a79-8f5c-fc7c4c8b4e9c" />
    <UnitTestResult executionId="18cee19d-c4d3-40fc-bc8a-f6714edab33e" testId="ba867f1f-710b-a6f5-4ace-b54486edaddc" testName="TestConstructorWithNull" computerName="AVDC720" duration="00:00:00.0010000" startTime="2020-06-22T13:58:59.0000000+02:00" endTime="2020-06-22T13:58:59.0000000+02:00" testType="13cdc9d9-ddb5-4fa4-a97d-d965ccfc6d4b" outcome="Passed" testListId="8c84fa94-04c1-424b-9868-57a2d4851a1d" relativeResultsDirectory="18cee19d-c4d3-40fc-bc8a-f6714edab33e" />
    <UnitTestResult executionId="c375e09c-7ae7-4ed8-8b07-573fb2ed3cb1" testId="d344b394-6cc8-3bd8-7dae-88c5607a157d" testName="Parse_DifferentEncodings_ParsesSuccessfully(&quot;JuvoPlayer.Tests.res.subtitles.media_player_subs_windows-1258.srt&quot;,&quot;windows-1258&quot;,&quot;[Vietnamese] 0.5: Àà Áá Ââ Ææ Çç Đđ Èè Ïï Ăă Ññ Ơơ Øø Ưư ₫ £ €&quot;)" computerName="AVDC720" duration="00:00:00.0010000" startTime="2020-06-22T13:58:59.0000000+02:00" endTime="2020-06-22T13:58:59.0000000+02:00" testType="13cdc9d9-ddb5-4fa4-a97d-d965ccfc6d4b" outcome="Passed" testListId="8c84fa94-04c1-424b-9868-57a2d4851a1d" relativeResultsDirectory="c375e09c-7ae7-4ed8-8b07-573fb2ed3cb1" />
    <UnitTestResult executionId="3fb19342-8ac1-4de7-9c7e-7a5e3984ea06" testId="e63e97dd-9e6c-4645-bf1f-6cbc1114526d" testName="Reset_CalledWhileFlushIsInProgress_CancelsFlush" computerName="AVDC720" duration="00:00:00.0020000" startTime="2020-06-22T13:58:59.0000000+02:00" endTime="2020-06-22T13:58:59.0000000+02:00" testType="13cdc9d9-ddb5-4fa4-a97d-d965ccfc6d4b" outcome="Passed" testListId="8c84fa94-04c1-424b-9868-57a2d4851a1d" relativeResultsDirectory="3fb19342-8ac1-4de7-9c7e-7a5e3984ea06" />
    <UnitTestResult executionId="71eef89b-d472-4276-9107-e18cce7fef79" testId="bd93227b-c515-27be-ca4c-f543b843cc7e" testName="Parse_DifferentEncodings_ParsesSuccessfully(&quot;JuvoPlayer.Tests.res.subtitles.media_player_subs_windows-1254.srt&quot;,&quot;windows-1254&quot;,&quot;[Turkish] 3.5: Çç Ğğ Öö Üü Şş ¡ ¿ § µ ¾&quot;)" computerName="AVDC720" duration="00:00:00.0010000" startTime="2020-06-22T13:58:59.0000000+02:00" endTime="2020-06-22T13:58:59.0000000+02:00" testType="13cdc9d9-ddb5-4fa4-a97d-d965ccfc6d4b" outcome="Passed" testListId="8c84fa94-04c1-424b-9868-57a2d4851a1d" relativeResultsDirectory="71eef89b-d472-4276-9107-e18cce7fef79" />
    <UnitTestResult executionId="816da749-7a20-4d83-b78d-861c37126d45" testId="18ddabc1-b1c8-c549-5717-a273d4ac0a3e" testName="Reset_Called_DeallocsAVFormatContext(ForEs)" computerName="AVDC720" duration="00:00:00.0020000" startTime="2020-06-22T13:58:59.0000000+02:00" endTime="2020-06-22T13:58:59.0000000+02:00" testType="13cdc9d9-ddb5-4fa4-a97d-d965ccfc6d4b" outcome="Passed" testListId="8c84fa94-04c1-424b-9868-57a2d4851a1d" relativeResultsDirectory="816da749-7a20-4d83-b78d-861c37126d45" />
    <UnitTestResult executionId="0d3fdf3a-29ff-4eee-97cc-31e829178aa9" testId="a7854dd3-8d20-6641-2e3e-29ad46bbb531" testName="ParseTime_WhenTimeExceedsADay_ParsesSuccessfully" computerName="AVDC720" duration="00:00:00.0000001" startTime="2020-06-22T13:59:00.0000000+02:00" endTime="2020-06-22T13:59:00.0000000+02:00" testType="13cdc9d9-ddb5-4fa4-a97d-d965ccfc6d4b" outcome="Passed" testListId="8c84fa94-04c1-424b-9868-57a2d4851a1d" relativeResultsDirectory="0d3fdf3a-29ff-4eee-97cc-31e829178aa9" />
    <UnitTestResult executionId="0b1b2455-58fb-412b-b936-02bd0ce039d3" testId="913bcb3f-29bc-fd1f-7c98-c387d71227d4" testName="Start_StreamConfigFound_PublishesStreamConfig(StartForUrl)" computerName="AVDC720" duration="00:00:00.0000001" startTime="2020-06-22T13:58:59.0000000+02:00" endTime="2020-06-22T13:58:59.0000000+02:00" testType="13cdc9d9-ddb5-4fa4-a97d-d965ccfc6d4b" outcome="Passed" testListId="8c84fa94-04c1-424b-9868-57a2d4851a1d" relativeResultsDirectory="0b1b2455-58fb-412b-b936-02bd0ce039d3" />
    <UnitTestResult executionId="d8acbaec-e4d1-4eb7-b905-889aa6ba2f13" testId="df372fc8-3c99-3f47-21be-b6b55c400ba1" testName="GetKeySystemName_InvalidSystemId_ReturnsNull" computerName="AVDC720" duration="00:00:00.0020000" startTime="2020-06-22T13:58:59.0000000+02:00" endTime="2020-06-22T13:58:59.0000000+02:00" testType="13cdc9d9-ddb5-4fa4-a97d-d965ccfc6d4b" outcome="Passed" testListId="8c84fa94-04c1-424b-9868-57a2d4851a1d" relativeResultsDirectory="d8acbaec-e4d1-4eb7-b905-889aa6ba2f13" />
    <UnitTestResult executionId="6b70667b-28c3-4105-a6f7-70ddcd025bb8" testId="c0e373ae-3e15-775d-5f9d-a8c872e8b285" testName="Seek_CalledWhenPaused_DoesntDemuxNextPacket" computerName="AVDC720" duration="00:00:00.0020000" startTime="2020-06-22T13:58:59.0000000+02:00" endTime="2020-06-22T13:58:59.0000000+02:00" testType="13cdc9d9-ddb5-4fa4-a97d-d965ccfc6d4b" outcome="Passed" testListId="8c84fa94-04c1-424b-9868-57a2d4851a1d" relativeResultsDirectory="6b70667b-28c3-4105-a6f7-70ddcd025bb8" />
    <UnitTestResult executionId="71979611-d4b4-4379-9038-1d2c713dc947" testId="8eee559b-f88d-5f49-738c-7ba028df49b7" testName="ParseText_TextHasOneLine_ParsesSuccessfullyWithoutNewLine" computerName="AVDC720" duration="00:00:00.0010000" startTime="2020-06-22T13:59:00.0000000+02:00" endTime="2020-06-22T13:59:00.0000000+02:00" testType="13cdc9d9-ddb5-4fa4-a97d-d965ccfc6d4b" outcome="Passed" testListId="8c84fa94-04c1-424b-9868-57a2d4851a1d" relativeResultsDirectory="71979611-d4b4-4379-9038-1d2c713dc947" />
    <UnitTestResult executionId="3560d4de-5a57-45b3-995f-fe2bea97bd96" testId="ef16af07-a0ec-96c0-1d10-e96fe005892e" testName="Seek_Called_DemuxesNextPacket" computerName="AVDC720" duration="00:00:00.0140000" startTime="2020-06-22T13:58:59.0000000+02:00" endTime="2020-06-22T13:58:59.0000000+02:00" testType="13cdc9d9-ddb5-4fa4-a97d-d965ccfc6d4b" outcome="Passed" testListId="8c84fa94-04c1-424b-9868-57a2d4851a1d" relativeResultsDirectory="3560d4de-5a57-45b3-995f-fe2bea97bd96" />
    <UnitTestResult executionId="29ac78da-39c0-4450-8ea1-7fb7d53aeb3d" testId="a01cf621-ca79-9bae-641f-945046dfdf90" testName="CompleteAdding_AddAsyncCalled_ThrowsInvalidOperationException" computerName="AVDC720" duration="00:00:00.0150000" startTime="2020-06-22T13:58:59.0000000+02:00" endTime="2020-06-22T13:58:59.0000000+02:00" testType="13cdc9d9-ddb5-4fa4-a97d-d965ccfc6d4b" outcome="Passed" testListId="8c84fa94-04c1-424b-9868-57a2d4851a1d" relativeResultsDirectory="29ac78da-39c0-4450-8ea1-7fb7d53aeb3d" />
    <UnitTestResult executionId="80c68cac-984a-4bae-afb6-aba374d2c739" testId="87a46580-854b-14e6-9b30-6edf24aae711" testName="Resume_Called_CallsNextPacket(StartForUrl)" computerName="AVDC720" duration="00:00:00.0000001" startTime="2020-06-22T13:58:59.0000000+02:00" endTime="2020-06-22T13:58:59.0000000+02:00" testType="13cdc9d9-ddb5-4fa4-a97d-d965ccfc6d4b" outcome="Passed" testListId="8c84fa94-04c1-424b-9868-57a2d4851a1d" relativeResultsDirectory="80c68cac-984a-4bae-afb6-aba374d2c739" />
    <UnitTestResult executionId="d83c64f3-f8a7-4378-92e1-1ad6a4ed1ad3" testId="b7eb0c33-690a-f384-4720-26ede54cd459" testName="GetScheme_InvalidSystemId_ReturnsUnknown" computerName="AVDC720" duration="00:00:00.0010000" startTime="2020-06-22T13:58:59.0000000+02:00" endTime="2020-06-22T13:58:59.0000000+02:00" testType="13cdc9d9-ddb5-4fa4-a97d-d965ccfc6d4b" outcome="Passed" testListId="8c84fa94-04c1-424b-9868-57a2d4851a1d" relativeResultsDirectory="d83c64f3-f8a7-4378-92e1-1ad6a4ed1ad3" />
    <UnitTestResult executionId="286d594b-6303-4ab8-8f3e-2326f9eb5c6d" testId="a6d0eb97-9095-37a6-7ebf-53f8881d60f0" testName="GetDrmType_ValidType_ReturnsValid(&quot;playready&quot;,PlayReady)" computerName="AVDC720" duration="00:00:00.0000001" startTime="2020-06-22T13:58:59.0000000+02:00" endTime="2020-06-22T13:58:59.0000000+02:00" testType="13cdc9d9-ddb5-4fa4-a97d-d965ccfc6d4b" outcome="Passed" testListId="8c84fa94-04c1-424b-9868-57a2d4851a1d" relativeResultsDirectory="286d594b-6303-4ab8-8f3e-2326f9eb5c6d" />
    <UnitTestResult executionId="88ba0f7d-f6da-4b99-8521-bf1f2fc1d460" testId="66c7aa12-2df2-fe1f-0f30-30b43cfdd6b4" testName="Pause_Called_DoesntRetrieveNextPacket(StartForUrl)" computerName="AVDC720" duration="00:00:00.0020000" startTime="2020-06-22T13:58:59.0000000+02:00" endTime="2020-06-22T13:58:59.0000000+02:00" testType="13cdc9d9-ddb5-4fa4-a97d-d965ccfc6d4b" outcome="Passed" testListId="8c84fa94-04c1-424b-9868-57a2d4851a1d" relativeResultsDirectory="88ba0f7d-f6da-4b99-8521-bf1f2fc1d460" />
    <UnitTestResult executionId="9d91ed1e-4f61-4d36-8910-c07cf1e1e599" testId="297e934f-7145-7b72-115d-3787b6d62aa4" testName="ParseTimeLine_WhenLineIsInvalid_ThrowsFormatException(&quot;--&gt;  00:02:17,440&quot;)" computerName="AVDC720" duration="00:00:00.0000001" startTime="2020-06-22T13:59:00.0000000+02:00" endTime="2020-06-22T13:59:00.0000000+02:00" testType="13cdc9d9-ddb5-4fa4-a97d-d965ccfc6d4b" outcome="Passed" testListId="8c84fa94-04c1-424b-9868-57a2d4851a1d" relativeResultsDirectory="9d91ed1e-4f61-4d36-8910-c07cf1e1e599" />
    <UnitTestResult executionId="1d38b2b5-4de8-4201-87eb-b56410b87e52" testId="6ec026f1-46c9-6133-cbd4-a87c07ad774c" testName="TestConfigureMultipleTimes" computerName="AVDC720" duration="00:00:00.0020000" startTime="2020-06-22T13:58:59.0000000+02:00" endTime="2020-06-22T13:58:59.0000000+02:00" testType="13cdc9d9-ddb5-4fa4-a97d-d965ccfc6d4b" outcome="Passed" testListId="8c84fa94-04c1-424b-9868-57a2d4851a1d" relativeResultsDirectory="1d38b2b5-4de8-4201-87eb-b56410b87e52" />
    <UnitTestResult executionId="cb4b79cc-46b1-42b4-a71e-a666502c1d56" testId="8b7b35e7-42f3-7119-a9bd-fd9bc70bdd46" testName="Flush_Called_ResetsDemuxer" computerName="AVDC720" duration="00:00:00.0350000" startTime="2020-06-22T13:58:59.0000000+02:00" endTime="2020-06-22T13:58:59.0000000+02:00" testType="13cdc9d9-ddb5-4fa4-a97d-d965ccfc6d4b" outcome="Passed" testListId="8c84fa94-04c1-424b-9868-57a2d4851a1d" relativeResultsDirectory="cb4b79cc-46b1-42b4-a71e-a666502c1d56" />
    <UnitTestResult executionId="166acaf7-e8c9-4a74-9be2-f4fc11f8b7b2" testId="82c42f6e-956e-b76d-5149-62245c80f145" testName="Flush_CalledWhileChunkIsPending_ChunkIsDeliveredToDemuxer" computerName="AVDC720" duration="00:00:00.0430000" startTime="2020-06-22T13:58:59.0000000+02:00" endTime="2020-06-22T13:58:59.0000000+02:00" testType="13cdc9d9-ddb5-4fa4-a97d-d965ccfc6d4b" outcome="Passed" testListId="8c84fa94-04c1-424b-9868-57a2d4851a1d" relativeResultsDirectory="166acaf7-e8c9-4a74-9be2-f4fc11f8b7b2" />
    <UnitTestResult executionId="9015f45b-2699-4998-936f-cc5d5d9093ba" testId="af40adc3-6ce4-fbdb-f50c-26697781469d" testName="Start_PacketsDemuxed_PublishesPackets(StartForEs)" computerName="AVDC720" duration="00:00:00.0140000" startTime="2020-06-22T13:58:59.0000000+02:00" endTime="2020-06-22T13:58:59.0000000+02:00" testType="13cdc9d9-ddb5-4fa4-a97d-d965ccfc6d4b" outcome="Passed" testListId="8c84fa94-04c1-424b-9868-57a2d4851a1d" relativeResultsDirectory="9015f45b-2699-4998-936f-cc5d5d9093ba" />
    <UnitTestResult executionId="52f1c681-db05-4ed4-856c-38b49630d4f7" testId="f27ecf69-9c6a-7512-245c-df2210246910" testName="AppParser_OK" computerName="AVDC720" duration="00:00:00.1770000" startTime="2020-06-22T13:58:59.0000000+02:00" endTime="2020-06-22T13:59:00.0000000+02:00" testType="13cdc9d9-ddb5-4fa4-a97d-d965ccfc6d4b" outcome="Passed" testListId="8c84fa94-04c1-424b-9868-57a2d4851a1d" relativeResultsDirectory="52f1c681-db05-4ed4-856c-38b49630d4f7" />
    <UnitTestResult executionId="5f295c85-020c-4e97-8a5b-853af501d9fe" testId="5086e7e5-6679-888c-406b-de1ba0a5028e" testName="Parse_DifferentEncodings_ParsesSuccessfully(&quot;JuvoPlayer.Tests.res.subtitles.media_player_subs_utf8.srt&quot;,&quot;utf-8&quot;,&quot;[UTF-8] 3.0: 고양이. Чч Щщ Ъъ. Óó Śś Źź. Ýý Ţţ Ł €. 猫.&quot;)" computerName="AVDC720" duration="00:00:00.0010000" startTime="2020-06-22T13:58:59.0000000+02:00" endTime="2020-06-22T13:58:59.0000000+02:00" testType="13cdc9d9-ddb5-4fa4-a97d-d965ccfc6d4b" outcome="Passed" testListId="8c84fa94-04c1-424b-9868-57a2d4851a1d" relativeResultsDirectory="5f295c85-020c-4e97-8a5b-853af501d9fe" />
    <UnitTestResult executionId="76cf8177-2715-4574-9cc2-0227011c6606" testId="3a15d223-5377-905d-8b73-e96a8942d8f8" testName="OnChangeActiveStream_UnknownSubtitles_ThrowsArgumentException" computerName="AVDC720" duration="00:00:00.0010000" startTime="2020-06-22T13:58:59.0000000+02:00" endTime="2020-06-22T13:58:59.0000000+02:00" testType="13cdc9d9-ddb5-4fa4-a97d-d965ccfc6d4b" outcome="Passed" testListId="8c84fa94-04c1-424b-9868-57a2d4851a1d" relativeResultsDirectory="76cf8177-2715-4574-9cc2-0227011c6606" />
    <UnitTestResult executionId="cd4380f6-df1e-4293-b247-d9505d40924f" testId="3007bb0c-41a6-c578-20f7-6fe2cf8444cb" testName="GetDrmType_ValidType_ReturnsValid(&quot;widevine&quot;,Widevine)" computerName="AVDC720" duration="00:00:00.0000001" startTime="2020-06-22T13:58:59.0000000+02:00" endTime="2020-06-22T13:58:59.0000000+02:00" testType="13cdc9d9-ddb5-4fa4-a97d-d965ccfc6d4b" outcome="Passed" testListId="8c84fa94-04c1-424b-9868-57a2d4851a1d" relativeResultsDirectory="cd4380f6-df1e-4293-b247-d9505d40924f" />
    <UnitTestResult executionId="2114e3f6-33b4-42f4-9f63-d69c2ec4258c" testId="639b760f-d73b-dd9e-184b-d4fba82810a2" testName="Get_TwoAdjacentCuesAndGetForFirst_ReturnsFirstOne" computerName="AVDC720" duration="00:00:00.0010000" startTime="2020-06-22T13:58:59.0000000+02:00" endTime="2020-06-22T13:58:59.0000000+02:00" testType="13cdc9d9-ddb5-4fa4-a97d-d965ccfc6d4b" outcome="Passed" testListId="8c84fa94-04c1-424b-9868-57a2d4851a1d" relativeResultsDirectory="2114e3f6-33b4-42f4-9f63-d69c2ec4258c" />
    <UnitTestResult executionId="05dcd7f4-bbb6-44bb-95ca-f59fb2be302a" testId="082e2fa9-eb0e-43b2-8e14-8ef9bd55403d" testName="OnAppendPacket_WhenPacketTypeIsInvalid_ThrowsArgumentException" computerName="AVDC720" duration="00:00:00.0010000" startTime="2020-06-22T13:59:00.0000000+02:00" endTime="2020-06-22T13:59:00.0000000+02:00" testType="13cdc9d9-ddb5-4fa4-a97d-d965ccfc6d4b" outcome="Passed" testListId="8c84fa94-04c1-424b-9868-57a2d4851a1d" relativeResultsDirectory="05dcd7f4-bbb6-44bb-95ca-f59fb2be302a" />
    <UnitTestResult executionId="55ddb887-2f26-45d5-9dc0-88e2bd0ca6df" testId="e8822ed9-c52a-6461-1cf0-248853538bf9" testName="Start_PacketDemuxed_PublishesPacket(StartForEs)" computerName="AVDC720" duration="00:00:00.0020000" startTime="2020-06-22T13:58:59.0000000+02:00" endTime="2020-06-22T13:58:59.0000000+02:00" testType="13cdc9d9-ddb5-4fa4-a97d-d965ccfc6d4b" outcome="Passed" testListId="8c84fa94-04c1-424b-9868-57a2d4851a1d" relativeResultsDirectory="55ddb887-2f26-45d5-9dc0-88e2bd0ca6df" />
    <UnitTestResult executionId="15d84a9a-3217-4e5b-995c-96f080f5fe35" testId="31911a88-751c-bf36-b733-4c5fb543e8b3" testName="Serialization_OperationSerialized_DeserializedProperly(JuvoPlayer.Tests.Utils.ChangeRepresentationOperation)" computerName="AVDC720" duration="00:00:00.0040000" startTime="2020-06-22T13:58:59.0000000+02:00" endTime="2020-06-22T13:58:59.0000000+02:00" testType="13cdc9d9-ddb5-4fa4-a97d-d965ccfc6d4b" outcome="Passed" testListId="8c84fa94-04c1-424b-9868-57a2d4851a1d" relativeResultsDirectory="15d84a9a-3217-4e5b-995c-96f080f5fe35" />
    <UnitTestResult executionId="737b52df-e79b-4d3e-931a-4d52a98bb558" testId="718f5161-c183-d605-d2c2-6292afd3ca09" testName="End_GreaterThanBegin_SetsSuccessfully" computerName="AVDC720" duration="00:00:00.0000001" startTime="2020-06-22T13:58:59.0000000+02:00" endTime="2020-06-22T13:58:59.0000000+02:00" testType="13cdc9d9-ddb5-4fa4-a97d-d965ccfc6d4b" outcome="Passed" testListId="8c84fa94-04c1-424b-9868-57a2d4851a1d" relativeResultsDirectory="737b52df-e79b-4d3e-931a-4d52a98bb558" />
    <UnitTestResult executionId="dffa6bbf-a45d-4db2-82c1-72bf95a429a9" testId="10e2acea-9f1a-44dc-fcd2-d1496a18cd1a" testName="SupportsType_ValidType_ReturnsTrue(&quot;playready&quot;)" computerName="AVDC720" duration="00:00:00.0000001" startTime="2020-06-22T13:58:59.0000000+02:00" endTime="2020-06-22T13:58:59.0000000+02:00" testType="13cdc9d9-ddb5-4fa4-a97d-d965ccfc6d4b" outcome="Passed" testListId="8c84fa94-04c1-424b-9868-57a2d4851a1d" relativeResultsDirectory="dffa6bbf-a45d-4db2-82c1-72bf95a429a9" />
    <UnitTestResult executionId="95825c0c-5164-482f-a3cb-a136ea31eefa" testId="0d59dc87-668a-e439-20c3-2f6fcc18afb6" testName="Reached_SecondPacketIsNonDataPacket_BarrierIsNotReached" computerName="AVDC720" duration="00:00:00.0000001" startTime="2020-06-22T13:59:00.0000000+02:00" endTime="2020-06-22T13:59:00.0000000+02:00" testType="13cdc9d9-ddb5-4fa4-a97d-d965ccfc6d4b" outcome="Passed" testListId="8c84fa94-04c1-424b-9868-57a2d4851a1d" relativeResultsDirectory="95825c0c-5164-482f-a3cb-a136ea31eefa" />
    <UnitTestResult executionId="f5ef6f72-581b-4580-9056-31c2d6f760db" testId="14bf11d8-cd56-b03e-b93b-91e02f6e5782" testName="ParseTimeLine_WhenLineIsInvalid_ThrowsFormatException(&quot;00:02:17,440 --&gt;&quot;)" computerName="AVDC720" duration="00:00:00.0000001" startTime="2020-06-22T13:59:00.0000000+02:00" endTime="2020-06-22T13:59:00.0000000+02:00" testType="13cdc9d9-ddb5-4fa4-a97d-d965ccfc6d4b" outcome="Passed" testListId="8c84fa94-04c1-424b-9868-57a2d4851a1d" relativeResultsDirectory="f5ef6f72-581b-4580-9056-31c2d6f760db" />
    <UnitTestResult executionId="ac121621-494c-496f-b8d0-c57b1ffea9a8" testId="8e853ee6-04cd-709e-3b10-3f4dc0ff936d" testName="Start_ClipDurationFound_PublishesClipDuration(StartForEs)" computerName="AVDC720" duration="00:00:00.0160000" startTime="2020-06-22T13:58:59.0000000+02:00" endTime="2020-06-22T13:58:59.0000000+02:00" testType="13cdc9d9-ddb5-4fa4-a97d-d965ccfc6d4b" outcome="Passed" testListId="8c84fa94-04c1-424b-9868-57a2d4851a1d" relativeResultsDirectory="ac121621-494c-496f-b8d0-c57b1ffea9a8" />
    <UnitTestResult executionId="9e6a7c4a-65a3-4b89-a76a-b5d1028a4ba1" testId="1b0e12dd-7d88-c49c-b42d-b67339dc24f6" testName="MoveToTimeLine_WebVttHasAllParts_ReturnsFirstTimeLine" computerName="AVDC720" duration="00:00:00.0010000" startTime="2020-06-22T13:59:00.0000000+02:00" endTime="2020-06-22T13:59:00.0000000+02:00" testType="13cdc9d9-ddb5-4fa4-a97d-d965ccfc6d4b" outcome="Passed" testListId="8c84fa94-04c1-424b-9868-57a2d4851a1d" relativeResultsDirectory="9e6a7c4a-65a3-4b89-a76a-b5d1028a4ba1" />
    <UnitTestResult executionId="1dcd24e5-1e75-4de8-ac79-ec4be5855d96" testId="6edbc781-4e0b-a9f7-1870-a384b19f1879" testName="ParseTime_TimeFormatIsInvalid_ThrowsFormatException(&quot;0.0.0.0&quot;)" computerName="AVDC720" duration="00:00:00.0000001" startTime="2020-06-22T13:59:00.0000000+02:00" endTime="2020-06-22T13:59:00.0000000+02:00" testType="13cdc9d9-ddb5-4fa4-a97d-d965ccfc6d4b" outcome="Passed" testListId="8c84fa94-04c1-424b-9868-57a2d4851a1d" relativeResultsDirectory="1dcd24e5-1e75-4de8-ac79-ec4be5855d96" />
    <UnitTestResult executionId="9bd3cb32-a02e-4395-a97c-89541f04e11d" testId="300838be-4f51-a4d3-86e3-26fa36f90ffb" testName="DeserializeJsonFile_ThrowsNull" computerName="AVDC720" duration="00:00:00.0010000" startTime="2020-06-22T13:58:58.0000000+02:00" endTime="2020-06-22T13:58:58.0000000+02:00" testType="13cdc9d9-ddb5-4fa4-a97d-d965ccfc6d4b" outcome="Passed" testListId="8c84fa94-04c1-424b-9868-57a2d4851a1d" relativeResultsDirectory="9bd3cb32-a02e-4395-a97c-89541f04e11d" />
    <UnitTestResult executionId="df4aa9b6-bc17-424f-bb00-b6f67601693d" testId="800df5e6-2778-4289-fb38-2692d926e438" testName="Take_MultipleTakes_ProperlyReturnsData" computerName="AVDC720" duration="00:00:00.0000001" startTime="2020-06-22T13:58:59.0000000+02:00" endTime="2020-06-22T13:58:59.0000000+02:00" testType="13cdc9d9-ddb5-4fa4-a97d-d965ccfc6d4b" outcome="Passed" testListId="8c84fa94-04c1-424b-9868-57a2d4851a1d" relativeResultsDirectory="df4aa9b6-bc17-424f-bb00-b6f67601693d" />
    <UnitTestResult executionId="f61385a4-0510-4555-a127-b0799079613e" testId="cbd08089-7dfa-f39a-6544-f54af436e9b1" testName="Take_MultipleAdds_ProperlyReturnsData" computerName="AVDC720" duration="00:00:00.0030000" startTime="2020-06-22T13:58:59.0000000+02:00" endTime="2020-06-22T13:58:59.0000000+02:00" testType="13cdc9d9-ddb5-4fa4-a97d-d965ccfc6d4b" outcome="Passed" testListId="8c84fa94-04c1-424b-9868-57a2d4851a1d" relativeResultsDirectory="f61385a4-0510-4555-a127-b0799079613e" />
    <UnitTestResult executionId="564a6023-4a4a-4d3f-bd35-c122592191bf" testId="b5d74e53-26e8-fd8a-6e3c-c86cfe8ea12c" testName="Seek_Called_ListensForEos" computerName="AVDC720" duration="00:00:00.0020000" startTime="2020-06-22T13:58:59.0000000+02:00" endTime="2020-06-22T13:58:59.0000000+02:00" testType="13cdc9d9-ddb5-4fa4-a97d-d965ccfc6d4b" outcome="Passed" testListId="8c84fa94-04c1-424b-9868-57a2d4851a1d" relativeResultsDirectory="564a6023-4a4a-4d3f-bd35-c122592191bf" />
    <UnitTestResult executionId="89ea8fbd-1c06-4919-a772-a997f105453d" testId="39d5ff9a-2a80-e32f-8c48-31ef5543d04d" testName="Get_KeyBetweenTwoCues_ReturnsNull" computerName="AVDC720" duration="00:00:00.0010000" startTime="2020-06-22T13:58:59.0000000+02:00" endTime="2020-06-22T13:58:59.0000000+02:00" testType="13cdc9d9-ddb5-4fa4-a97d-d965ccfc6d4b" outcome="Passed" testListId="8c84fa94-04c1-424b-9868-57a2d4851a1d" relativeResultsDirectory="89ea8fbd-1c06-4919-a772-a997f105453d" />
    <UnitTestResult executionId="7c10a986-0c7e-4d41-9062-ada08c6666ef" testId="17fa2bb9-6058-ffa9-3803-d58553ec74eb" testName="End_LessThanBegin_ThrowsArgumentException" computerName="AVDC720" duration="00:00:00.0000001" startTime="2020-06-22T13:58:59.0000000+02:00" endTime="2020-06-22T13:58:59.0000000+02:00" testType="13cdc9d9-ddb5-4fa4-a97d-d965ccfc6d4b" outcome="Passed" testListId="8c84fa94-04c1-424b-9868-57a2d4851a1d" relativeResultsDirectory="7c10a986-0c7e-4d41-9062-ada08c6666ef" />
    <UnitTestResult executionId="8db535b4-bc87-477b-b7fd-55eac80554d0" testId="5652ce59-b2d8-d716-cc63-db9d5225d1de" testName="Start_PacketsDemuxed_PublishesPackets(StartForUrl)" computerName="AVDC720" duration="00:00:00.0010000" startTime="2020-06-22T13:58:59.0000000+02:00" endTime="2020-06-22T13:58:59.0000000+02:00" testType="13cdc9d9-ddb5-4fa4-a97d-d965ccfc6d4b" outcome="Passed" testListId="8c84fa94-04c1-424b-9868-57a2d4851a1d" relativeResultsDirectory="8db535b4-bc87-477b-b7fd-55eac80554d0" />
    <UnitTestResult executionId="aa06c85b-5b06-4c0a-b16a-620c33602367" testId="a696fe85-6892-5787-2988-b6dc32a7eaae" testName="Parse_DifferentEncodings_ParsesSuccessfully(&quot;JuvoPlayer.Tests.res.subtitles.media_player_subs_windows-1251.srt&quot;,&quot;windows-1251&quot;,&quot;[Cyrylic] 5.0: Жж Зз Кк Лл Ыы Чч Щщ Ъъ Ыы Юю Яя&quot;)" computerName="AVDC720" duration="00:00:00.0010000" startTime="2020-06-22T13:58:59.0000000+02:00" endTime="2020-06-22T13:58:59.0000000+02:00" testType="13cdc9d9-ddb5-4fa4-a97d-d965ccfc6d4b" outcome="Passed" testListId="8c84fa94-04c1-424b-9868-57a2d4851a1d" relativeResultsDirectory="aa06c85b-5b06-4c0a-b16a-620c33602367" />
    <UnitTestResult executionId="49b8af71-fb49-4aca-af49-aa71d4404b3f" testId="82d4c515-f9fe-5c04-4ba8-723b5ff21f55" testName="SchemeIdUriToSystemId_InvalidSchemeId_ReturnsNull" computerName="AVDC720" duration="00:00:00.0010000" startTime="2020-06-22T13:58:59.0000000+02:00" endTime="2020-06-22T13:58:59.0000000+02:00" testType="13cdc9d9-ddb5-4fa4-a97d-d965ccfc6d4b" outcome="Passed" testListId="8c84fa94-04c1-424b-9868-57a2d4851a1d" relativeResultsDirectory="49b8af71-fb49-4aca-af49-aa71d4404b3f" />
    <UnitTestResult executionId="a955afca-a2ae-4f20-b992-71226e42f682" testId="635a9c0c-0703-a7fe-f188-0e7aded18217" testName="SetDataSource_DataSourceCompletes_SignalsEos" computerName="AVDC720" duration="00:00:00.0020000" startTime="2020-06-22T13:58:59.0000000+02:00" endTime="2020-06-22T13:58:59.0000000+02:00" testType="13cdc9d9-ddb5-4fa4-a97d-d965ccfc6d4b" outcome="Passed" testListId="8c84fa94-04c1-424b-9868-57a2d4851a1d" relativeResultsDirectory="a955afca-a2ae-4f20-b992-71226e42f682" />
    <UnitTestResult executionId="67950282-a834-443b-95c2-43b5c2df86ac" testId="8d0615a4-0a37-112e-879e-4003daa62f87" testName="GetKeySystemName_PlayReadySystemId_ReturnsValid" computerName="AVDC720" duration="00:00:00.0000001" startTime="2020-06-22T13:58:59.0000000+02:00" endTime="2020-06-22T13:58:59.0000000+02:00" testType="13cdc9d9-ddb5-4fa4-a97d-d965ccfc6d4b" outcome="Passed" testListId="8c84fa94-04c1-424b-9868-57a2d4851a1d" relativeResultsDirectory="67950282-a834-443b-95c2-43b5c2df86ac" />
    <UnitTestResult executionId="bdfb23e5-ac09-468a-86ac-1e8f8c111b7d" testId="c04c0fe5-1f6b-bd7f-47e1-2cbe0022b400" testName="Begin_EqualsEnd_ThrowsArgumentException" computerName="AVDC720" duration="00:00:00.0010000" startTime="2020-06-22T13:58:59.0000000+02:00" endTime="2020-06-22T13:58:59.0000000+02:00" testType="13cdc9d9-ddb5-4fa4-a97d-d965ccfc6d4b" outcome="Passed" testListId="8c84fa94-04c1-424b-9868-57a2d4851a1d" relativeResultsDirectory="bdfb23e5-ac09-468a-86ac-1e8f8c111b7d" />
    <UnitTestResult executionId="926a3153-9cab-49ad-bc43-498b403c6a22" testId="c2ca0d7d-68c1-9a10-64d5-38b811f1c187" testName="Resume_Called_CallsNextPacket(StartForEs)" computerName="AVDC720" duration="00:00:00.0020000" startTime="2020-06-22T13:58:59.0000000+02:00" endTime="2020-06-22T13:58:59.0000000+02:00" testType="13cdc9d9-ddb5-4fa4-a97d-d965ccfc6d4b" outcome="Passed" testListId="8c84fa94-04c1-424b-9868-57a2d4851a1d" relativeResultsDirectory="926a3153-9cab-49ad-bc43-498b403c6a22" />
    <UnitTestResult executionId="20b78e3a-7e64-442d-8ada-32d1850eb396" testId="a4113738-4c26-f7ce-6619-a550a359b6d4" testName="ResolveByMimeType_InvalidMimeType_ReturnsInvalidFormat" computerName="AVDC720" duration="00:00:00.0000001" startTime="2020-06-22T13:59:00.0000000+02:00" endTime="2020-06-22T13:59:00.0000000+02:00" testType="13cdc9d9-ddb5-4fa4-a97d-d965ccfc6d4b" outcome="Passed" testListId="8c84fa94-04c1-424b-9868-57a2d4851a1d" relativeResultsDirectory="20b78e3a-7e64-442d-8ada-32d1850eb396" />
    <UnitTestResult executionId="05347da0-fbb1-4d0b-9a07-51fe0730d697" testId="09021642-119b-2b6e-4751-93eb7ddbf929" testName="GetDrmType_InvalidType_ReturnsUnknown" computerName="AVDC720" duration="00:00:00.0040000" startTime="2020-06-22T13:58:59.0000000+02:00" endTime="2020-06-22T13:58:59.0000000+02:00" testType="13cdc9d9-ddb5-4fa4-a97d-d965ccfc6d4b" outcome="Passed" testListId="8c84fa94-04c1-424b-9868-57a2d4851a1d" relativeResultsDirectory="05347da0-fbb1-4d0b-9a07-51fe0730d697" />
    <UnitTestResult executionId="dcbd8ffd-43ec-4891-aa3f-ab2494c51182" testId="03900516-35b4-a3f2-ee8e-53c1d537ca19" testName="SupportsSystemId_PlayReadySystemId_ReturnsTrue" computerName="AVDC720" duration="00:00:00.0000001" startTime="2020-06-22T13:58:59.0000000+02:00" endTime="2020-06-22T13:58:59.0000000+02:00" testType="13cdc9d9-ddb5-4fa4-a97d-d965ccfc6d4b" outcome="Passed" testListId="8c84fa94-04c1-424b-9868-57a2d4851a1d" relativeResultsDirectory="dcbd8ffd-43ec-4891-aa3f-ab2494c51182" />
    <UnitTestResult executionId="7bf15b50-61bd-4048-914a-7b47c76519a9" testId="4974b841-fe50-bc17-3fa6-12c238970853" testName="MoveToTimeLine_WebVttHasNoTimeLine_ReturnsNull" computerName="AVDC720" duration="00:00:00.0000001" startTime="2020-06-22T13:59:00.0000000+02:00" endTime="2020-06-22T13:59:00.0000000+02:00" testType="13cdc9d9-ddb5-4fa4-a97d-d965ccfc6d4b" outcome="Passed" testListId="8c84fa94-04c1-424b-9868-57a2d4851a1d" relativeResultsDirectory="7bf15b50-61bd-4048-914a-7b47c76519a9" />
    <UnitTestResult executionId="a112e291-b0d6-4d41-8e88-bf7d0f9bd07b" testId="c78e9722-6d02-3845-ccf5-7d0c55504ab1" testName="DEBUG_MpdParser" computerName="AVDC720" duration="00:00:00.0040000" startTime="2020-06-22T13:58:58.0000000+02:00" endTime="2020-06-22T13:58:58.0000000+02:00" testType="13cdc9d9-ddb5-4fa4-a97d-d965ccfc6d4b" outcome="NotExecuted" testListId="8c84fa94-04c1-424b-9868-57a2d4851a1d" relativeResultsDirectory="a112e291-b0d6-4d41-8e88-bf7d0f9bd07b">
      <Output>
        <ErrorInfo>
          <Message>Disabled temporarily</Message>
        </ErrorInfo>
      </Output>
    </UnitTestResult>
    <UnitTestResult executionId="114a4b5d-e0cf-4c06-be60-005933d5bde9" testId="7d5bc078-3ad1-6704-ebfc-1890dbc9df71" testName="TestConfigureWithValidConfigFile" computerName="AVDC720" duration="00:00:00.0000001" startTime="2020-06-22T13:58:59.0000000+02:00" endTime="2020-06-22T13:58:59.0000000+02:00" testType="13cdc9d9-ddb5-4fa4-a97d-d965ccfc6d4b" outcome="Passed" testListId="8c84fa94-04c1-424b-9868-57a2d4851a1d" relativeResultsDirectory="114a4b5d-e0cf-4c06-be60-005933d5bde9" />
    <UnitTestResult executionId="e6a79d1e-beea-4dc5-8960-34a0a3907259" testId="ff9a04ff-fa9e-340b-3ecc-b843a9161f2d" testName="ParseTimeLine_TimeLineIsInvalid_ThrowsFormatException(&quot;01:18.171 -&gt; 01:20.171&quot;)" computerName="AVDC720" duration="00:00:00.0000001" startTime="2020-06-22T13:59:00.0000000+02:00" endTime="2020-06-22T13:59:00.0000000+02:00" testType="13cdc9d9-ddb5-4fa4-a97d-d965ccfc6d4b" outcome="Passed" testListId="8c84fa94-04c1-424b-9868-57a2d4851a1d" relativeResultsDirectory="e6a79d1e-beea-4dc5-8960-34a0a3907259" />
    <UnitTestResult executionId="46e7a0dc-c926-4daa-8ffd-5cd069523fbb" testId="d281a02d-385b-cf02-8059-643dcf52507d" testName="ParseTime_WhenTimeFormatIsInvalid_ThrowsFormatException(&quot;25:02:17&quot;)" computerName="AVDC720" duration="00:00:00.0000001" startTime="2020-06-22T13:59:00.0000000+02:00" endTime="2020-06-22T13:59:00.0000000+02:00" testType="13cdc9d9-ddb5-4fa4-a97d-d965ccfc6d4b" outcome="Passed" testListId="8c84fa94-04c1-424b-9868-57a2d4851a1d" relativeResultsDirectory="46e7a0dc-c926-4daa-8ffd-5cd069523fbb" />
    <UnitTestResult executionId="3e4d1ed8-688d-4754-b9d4-125b4184bddb" testId="13c9576e-1060-3a96-db24-b3da48519d05" testName="Reset_Called_ResetsDemuxer" computerName="AVDC720" duration="00:00:00.0000001" startTime="2020-06-22T13:58:59.0000000+02:00" endTime="2020-06-22T13:58:59.0000000+02:00" testType="13cdc9d9-ddb5-4fa4-a97d-d965ccfc6d4b" outcome="Passed" testListId="8c84fa94-04c1-424b-9868-57a2d4851a1d" relativeResultsDirectory="3e4d1ed8-688d-4754-b9d4-125b4184bddb" />
    <UnitTestResult executionId="c93d3a69-1ec8-48c0-afa4-857900e2112c" testId="a350e347-16d8-e1df-3789-caee1e50cb04" testName="Parse_DifferentEncodings_ParsesSuccessfully(&quot;JuvoPlayer.Tests.res.subtitles.media_player_subs_big5.srt&quot;,&quot;big5&quot;,&quot;[Chinese Traditional] 3.0: 她有一隻貓。貓有皮毛&quot;)" computerName="AVDC720" duration="00:00:00.0050000" startTime="2020-06-22T13:58:59.0000000+02:00" endTime="2020-06-22T13:58:59.0000000+02:00" testType="13cdc9d9-ddb5-4fa4-a97d-d965ccfc6d4b" outcome="Passed" testListId="8c84fa94-04c1-424b-9868-57a2d4851a1d" relativeResultsDirectory="c93d3a69-1ec8-48c0-afa4-857900e2112c" />
    <UnitTestResult executionId="25cefb3c-d559-4ace-a8fe-a9de39f5a586" testId="d92b4795-1b5e-a5e3-4306-d72267a0cfd6" testName="ParseTimeLine_TimeLineIsValid_ParsesSuccessfully(&quot;01:18.171 --&gt; 01:20.171&quot;)" computerName="AVDC720" duration="00:00:00.0100000" startTime="2020-06-22T13:59:00.0000000+02:00" endTime="2020-06-22T13:59:00.0000000+02:00" testType="13cdc9d9-ddb5-4fa4-a97d-d965ccfc6d4b" outcome="Passed" testListId="8c84fa94-04c1-424b-9868-57a2d4851a1d" relativeResultsDirectory="25cefb3c-d559-4ace-a8fe-a9de39f5a586" />
    <UnitTestResult executionId="38f09420-d622-44f6-9d94-0de8eef8f4e3" testId="7ac342f5-d941-880c-3a41-9a214f71d826" testName="Parse_DifferentEncodings_ParsesSuccessfully(&quot;JuvoPlayer.Tests.res.subtitles.media_player_subs_windows-1257.srt&quot;,&quot;windows-1257&quot;,&quot;[Baltic] 1.5: Ąą Įį Āā Ćć Čč Ģģ Ķķ Ļļ Ńń Ņņ Õõ Ųų Øø Ææ µ ß&quot;)" computerName="AVDC720" duration="00:00:00.0010000" startTime="2020-06-22T13:58:59.0000000+02:00" endTime="2020-06-22T13:58:59.0000000+02:00" testType="13cdc9d9-ddb5-4fa4-a97d-d965ccfc6d4b" outcome="Passed" testListId="8c84fa94-04c1-424b-9868-57a2d4851a1d" relativeResultsDirectory="38f09420-d622-44f6-9d94-0de8eef8f4e3" />
    <UnitTestResult executionId="f0fe84a0-4d0e-4cb5-a113-7673304cb353" testId="34dfc2c1-12c5-e35a-2da9-15862f421a1f" testName="TestConfigureWithDefaultLevels" computerName="AVDC720" duration="00:00:00.0000001" startTime="2020-06-22T13:58:59.0000000+02:00" endTime="2020-06-22T13:58:59.0000000+02:00" testType="13cdc9d9-ddb5-4fa4-a97d-d965ccfc6d4b" outcome="Passed" testListId="8c84fa94-04c1-424b-9868-57a2d4851a1d" relativeResultsDirectory="f0fe84a0-4d0e-4cb5-a113-7673304cb353" />
    <UnitTestResult executionId="4027bab1-9a58-402f-ad2c-49953d6174a3" testId="433c7d56-6fb5-d8f0-a9cc-eacc667c0a6b" testName="Get_KeyForSecondCue_ReturnsSecondCue" computerName="AVDC720" duration="00:00:00.0010000" startTime="2020-06-22T13:58:59.0000000+02:00" endTime="2020-06-22T13:58:59.0000000+02:00" testType="13cdc9d9-ddb5-4fa4-a97d-d965ccfc6d4b" outcome="Passed" testListId="8c84fa94-04c1-424b-9868-57a2d4851a1d" relativeResultsDirectory="4027bab1-9a58-402f-ad2c-49953d6174a3" />
    <UnitTestResult executionId="481d4292-531e-41b9-a891-3885b189a44c" testId="8d86425c-9966-faa7-aa49-ad14ec445516" testName="ParseTime_WhenTimeFormatIsInvalid_ThrowsFormatException(&quot;25.02.17.440&quot;)" computerName="AVDC720" duration="00:00:00.0000001" startTime="2020-06-22T13:59:00.0000000+02:00" endTime="2020-06-22T13:59:00.0000000+02:00" testType="13cdc9d9-ddb5-4fa4-a97d-d965ccfc6d4b" outcome="Passed" testListId="8c84fa94-04c1-424b-9868-57a2d4851a1d" relativeResultsDirectory="481d4292-531e-41b9-a891-3885b189a44c" />
    <UnitTestResult executionId="f177178b-efbd-48da-b944-45be3d89e32a" testId="c09a9465-f15f-2431-e3ef-062999b6d76e" testName="GetScheme_PlayReadySystemId_ReturnsValid" computerName="AVDC720" duration="00:00:00.0000001" startTime="2020-06-22T13:58:59.0000000+02:00" endTime="2020-06-22T13:58:59.0000000+02:00" testType="13cdc9d9-ddb5-4fa4-a97d-d965ccfc6d4b" outcome="Passed" testListId="8c84fa94-04c1-424b-9868-57a2d4851a1d" relativeResultsDirectory="f177178b-efbd-48da-b944-45be3d89e32a" />
    <UnitTestResult executionId="ecb770bd-2c38-4743-aeaf-a78204c6ca0f" testId="8c69b9b6-1758-6875-02cf-0ad701b0c4d3" testName="ParseTimeLine_WhenLineIsInvalid_ThrowsFormatException(&quot;00:02:17,440 - 00:02:20,375&quot;)" computerName="AVDC720" duration="00:00:00.0000001" startTime="2020-06-22T13:59:00.0000000+02:00" endTime="2020-06-22T13:59:00.0000000+02:00" testType="13cdc9d9-ddb5-4fa4-a97d-d965ccfc6d4b" outcome="Passed" testListId="8c84fa94-04c1-424b-9868-57a2d4851a1d" relativeResultsDirectory="ecb770bd-2c38-4743-aeaf-a78204c6ca0f" />
    <UnitTestResult executionId="2391a39e-e44a-4aab-8c0a-e684144a7b00" testId="4131df9f-9d50-eb51-fb6f-119ab1926039" testName="TakeAsync_TokenCancelled_ThrowsTaskCanceledException" computerName="AVDC720" duration="00:00:00.0040000" startTime="2020-06-22T13:58:59.0000000+02:00" endTime="2020-06-22T13:58:59.0000000+02:00" testType="13cdc9d9-ddb5-4fa4-a97d-d965ccfc6d4b" outcome="Passed" testListId="8c84fa94-04c1-424b-9868-57a2d4851a1d" relativeResultsDirectory="2391a39e-e44a-4aab-8c0a-e684144a7b00" />
    <UnitTestResult executionId="cfb815d9-0938-491c-856d-a6ae4de02e1f" testId="0df30c92-10e5-04f8-7ba8-ad81df080036" testName="Init_DrmInitDataAvailable_ReturnsDrmInitData(ForEs)" computerName="AVDC720" duration="00:00:00.0030000" startTime="2020-06-22T13:58:59.0000000+02:00" endTime="2020-06-22T13:58:59.0000000+02:00" testType="13cdc9d9-ddb5-4fa4-a97d-d965ccfc6d4b" outcome="Passed" testListId="8c84fa94-04c1-424b-9868-57a2d4851a1d" relativeResultsDirectory="cfb815d9-0938-491c-856d-a6ae4de02e1f" />
    <UnitTestResult executionId="594174f5-650b-43d3-8b77-59bf4619b949" testId="7a04701a-199d-8dcd-efe9-bb7e5f52c2c3" testName="Parse_DifferentEncodings_ParsesSuccessfully(&quot;JuvoPlayer.Tests.res.subtitles.media_player_subs_gb2312.srt&quot;,&quot;gb2312&quot;,&quot;[Chinese Simplified] 4.5: 她有一只猫.猫的皮毛有&quot;)" computerName="AVDC720" duration="00:00:00.0030000" startTime="2020-06-22T13:58:59.0000000+02:00" endTime="2020-06-22T13:58:59.0000000+02:00" testType="13cdc9d9-ddb5-4fa4-a97d-d965ccfc6d4b" outcome="Passed" testListId="8c84fa94-04c1-424b-9868-57a2d4851a1d" relativeResultsDirectory="594174f5-650b-43d3-8b77-59bf4619b949" />
    <UnitTestResult executionId="096e54ee-5c85-4eac-a660-9cf45808fbd6" testId="1d410506-c13a-9a12-e32f-3b0fb711ffd3" testName="Serialization_OperationSerialized_DeserializedProperly(JuvoPlayer.Tests.Utils.PrepareOperation)" computerName="AVDC720" duration="00:00:00.0000001" startTime="2020-06-22T13:58:59.0000000+02:00" endTime="2020-06-22T13:58:59.0000000+02:00" testType="13cdc9d9-ddb5-4fa4-a97d-d965ccfc6d4b" outcome="Passed" testListId="8c84fa94-04c1-424b-9868-57a2d4851a1d" relativeResultsDirectory="096e54ee-5c85-4eac-a660-9cf45808fbd6" />
    <UnitTestResult executionId="428676c5-b9fc-4035-9aa4-874dd6d0621e" testId="4316b1a0-3df5-84d3-9052-82615cd59e81" testName="PushChunk_CalledAfterReset_ThrowsException" computerName="AVDC720" duration="00:00:00.0020000" startTime="2020-06-22T13:58:59.0000000+02:00" endTime="2020-06-22T13:58:59.0000000+02:00" testType="13cdc9d9-ddb5-4fa4-a97d-d965ccfc6d4b" outcome="Passed" testListId="8c84fa94-04c1-424b-9868-57a2d4851a1d" relativeResultsDirectory="428676c5-b9fc-4035-9aa4-874dd6d0621e" />
    <UnitTestResult executionId="b65c392b-e7b8-465a-af69-c53cb5828406" testId="a16102ef-fcf8-a9c6-d66a-7b006e4ea6c9" testName="Reset_Called_NextPacketNotCalledAfter(StartForEs)" computerName="AVDC720" duration="00:00:00.0030000" startTime="2020-06-22T13:58:59.0000000+02:00" endTime="2020-06-22T13:58:59.0000000+02:00" testType="13cdc9d9-ddb5-4fa4-a97d-d965ccfc6d4b" outcome="Passed" testListId="8c84fa94-04c1-424b-9868-57a2d4851a1d" relativeResultsDirectory="b65c392b-e7b8-465a-af69-c53cb5828406" />
    <UnitTestResult executionId="b2ace58f-2d29-4295-ad19-3f46c831c8d2" testId="fd067bbf-348e-1b3b-3bb2-93d8b6657abe" testName="ParseTimeLine_TimeLineIsValid_ParsesSuccessfully(&quot;01:18.171 --&gt; 01:20.171 position:10%,line-left align:left size:35%&quot;)" computerName="AVDC720" duration="00:00:00.0010000" startTime="2020-06-22T13:59:00.0000000+02:00" endTime="2020-06-22T13:59:00.0000000+02:00" testType="13cdc9d9-ddb5-4fa4-a97d-d965ccfc6d4b" outcome="Passed" testListId="8c84fa94-04c1-424b-9868-57a2d4851a1d" relativeResultsDirectory="b2ace58f-2d29-4295-ad19-3f46c831c8d2" />
    <UnitTestResult executionId="e1a2cdd9-183f-4e6a-9c6b-550f97ddd37f" testId="b6c7b137-6c12-aa0e-37c0-885b1840aaf2" testName="Reset_CalledWhileDataSourcePublishedChunk_SkipsPublishedChunk" computerName="AVDC720" duration="00:00:00.0010000" startTime="2020-06-22T13:58:59.0000000+02:00" endTime="2020-06-22T13:58:59.0000000+02:00" testType="13cdc9d9-ddb5-4fa4-a97d-d965ccfc6d4b" outcome="Passed" testListId="8c84fa94-04c1-424b-9868-57a2d4851a1d" relativeResultsDirectory="e1a2cdd9-183f-4e6a-9c6b-550f97ddd37f" />
    <UnitTestResult executionId="eb5823ad-aed2-457b-b124-368831b050b1" testId="f3e08194-d050-86f4-49c6-9c623a6c25ea" testName="ParseTimeLine_WhenLineIsInvalid_ThrowsFormatException(&quot;&quot;)" computerName="AVDC720" duration="00:00:00.0000001" startTime="2020-06-22T13:59:00.0000000+02:00" endTime="2020-06-22T13:59:00.0000000+02:00" testType="13cdc9d9-ddb5-4fa4-a97d-d965ccfc6d4b" outcome="Passed" testListId="8c84fa94-04c1-424b-9868-57a2d4851a1d" relativeResultsDirectory="eb5823ad-aed2-457b-b124-368831b050b1" />
    <UnitTestResult executionId="7a8d9a80-8396-41c5-b4c8-144143e612cb" testId="3f8dfde8-2658-03a7-336d-cc519ac91c3e" testName="Pause_Called_DoesntRetrieveNextPacket(StartForEs)" computerName="AVDC720" duration="00:00:00.0090000" startTime="2020-06-22T13:58:59.0000000+02:00" endTime="2020-06-22T13:58:59.0000000+02:00" testType="13cdc9d9-ddb5-4fa4-a97d-d965ccfc6d4b" outcome="Passed" testListId="8c84fa94-04c1-424b-9868-57a2d4851a1d" relativeResultsDirectory="7a8d9a80-8396-41c5-b4c8-144143e612cb" />
    <UnitTestResult executionId="cab2343c-b934-4d0b-9caf-6f895e115f0f" testId="bdd6414d-53bc-cce6-3e9b-7c3b1b2abd5f" testName="ParseTimeLine_TimeLineIsInvalid_ThrowsFormatException(&quot;01:18.171 01:20.171 --&gt;&quot;)" computerName="AVDC720" duration="00:00:00.0000001" startTime="2020-06-22T13:59:00.0000000+02:00" endTime="2020-06-22T13:59:00.0000000+02:00" testType="13cdc9d9-ddb5-4fa4-a97d-d965ccfc6d4b" outcome="Passed" testListId="8c84fa94-04c1-424b-9868-57a2d4851a1d" relativeResultsDirectory="cab2343c-b934-4d0b-9caf-6f895e115f0f" />
    <UnitTestResult executionId="f6014de2-c0aa-4450-a080-442ad5e05aa4" testId="6c6cc584-dae2-c9a7-15dc-6a0756b39c6c" testName="NextPacket_CalledBeforeInit_ThrowsInvalidOperationException" computerName="AVDC720" duration="00:00:00.0030000" startTime="2020-06-22T13:58:59.0000000+02:00" endTime="2020-06-22T13:58:59.0000000+02:00" testType="13cdc9d9-ddb5-4fa4-a97d-d965ccfc6d4b" outcome="Passed" testListId="8c84fa94-04c1-424b-9868-57a2d4851a1d" relativeResultsDirectory="f6014de2-c0aa-4450-a080-442ad5e05aa4" />
    <UnitTestResult executionId="c0aad408-ab86-43dc-a872-aa3af8b67504" testId="cb66aab4-74da-9d22-4f63-1827d111c973" testName="TimeToNextFrame_CalledBeforeFirstPacket_ThrowsInvalidOperationException" computerName="AVDC720" duration="00:00:00.0010000" startTime="2020-06-22T13:59:00.0000000+02:00" endTime="2020-06-22T13:59:00.0000000+02:00" testType="13cdc9d9-ddb5-4fa4-a97d-d965ccfc6d4b" outcome="Passed" testListId="8c84fa94-04c1-424b-9868-57a2d4851a1d" relativeResultsDirectory="c0aad408-ab86-43dc-a872-aa3af8b67504" />
    <UnitTestResult executionId="d59d076c-78e2-45f5-b6d6-bb66cb92cf71" testId="897e23d8-e677-fcfc-c803-4657c2ba83e9" testName="Parse_DifferentEncodings_ParsesSuccessfully(&quot;JuvoPlayer.Tests.res.subtitles.subtitles_de.vtt&quot;,&quot;utf-8&quot;,&quot;Stellen Sie beste Streaming Performance zur Verfügung,&quot;)" computerName="AVDC720" duration="00:00:00.0040000" startTime="2020-06-22T13:58:59.0000000+02:00" endTime="2020-06-22T13:58:59.0000000+02:00" testType="13cdc9d9-ddb5-4fa4-a97d-d965ccfc6d4b" outcome="Passed" testListId="8c84fa94-04c1-424b-9868-57a2d4851a1d" relativeResultsDirectory="d59d076c-78e2-45f5-b6d6-bb66cb92cf71" />
    <UnitTestResult executionId="2a479678-4ef6-4e64-8c8b-6570f2568e7f" testId="aa4e9518-8a0d-c4b5-88b9-4da429c58985" testName="Parse_DifferentEncodings_ParsesSuccessfully(&quot;JuvoPlayer.Tests.res.subtitles.subtitles_es.vtt&quot;,&quot;utf-8&quot;,&quot;Éstas son tierras de dragones, Sintel.&quot;)" computerName="AVDC720" duration="00:00:00.0010000" startTime="2020-06-22T13:58:59.0000000+02:00" endTime="2020-06-22T13:58:59.0000000+02:00" testType="13cdc9d9-ddb5-4fa4-a97d-d965ccfc6d4b" outcome="Passed" testListId="8c84fa94-04c1-424b-9868-57a2d4851a1d" relativeResultsDirectory="2a479678-4ef6-4e64-8c8b-6570f2568e7f" />
    <UnitTestResult executionId="51493355-2291-42bf-9341-11a0011dc604" testId="8783796f-a651-a81b-ada6-5919643ee00e" testName="Reset_CalledAfterBarrierIsReached_ResetsBarrier" computerName="AVDC720" duration="00:00:00.0000001" startTime="2020-06-22T13:59:00.0000000+02:00" endTime="2020-06-22T13:59:00.0000000+02:00" testType="13cdc9d9-ddb5-4fa4-a97d-d965ccfc6d4b" outcome="Passed" testListId="8c84fa94-04c1-424b-9868-57a2d4851a1d" relativeResultsDirectory="51493355-2291-42bf-9341-11a0011dc604" />
    <UnitTestResult executionId="76d8ceac-6076-4006-b783-6c3544dc1d60" testId="40b95933-2c83-039d-2a88-0479b1ded531" testName="Compare_VariousTimes_ReturnsExpectedValues(15,0)" computerName="AVDC720" duration="00:00:00.0000001" startTime="2020-06-22T13:58:59.0000000+02:00" endTime="2020-06-22T13:58:59.0000000+02:00" testType="13cdc9d9-ddb5-4fa4-a97d-d965ccfc6d4b" outcome="Passed" testListId="8c84fa94-04c1-424b-9868-57a2d4851a1d" relativeResultsDirectory="76d8ceac-6076-4006-b783-6c3544dc1d60" />
    <UnitTestResult executionId="342b4f02-30e8-407f-8b18-9bb4d4c9e90f" testId="53148e8e-938e-3bc8-e604-5f8120442e76" testName="ResolveByPath_SrtPath_ReturnSrtFormat" computerName="AVDC720" duration="00:00:00.0000001" startTime="2020-06-22T13:59:00.0000000+02:00" endTime="2020-06-22T13:59:00.0000000+02:00" testType="13cdc9d9-ddb5-4fa4-a97d-d965ccfc6d4b" outcome="Passed" testListId="8c84fa94-04c1-424b-9868-57a2d4851a1d" relativeResultsDirectory="342b4f02-30e8-407f-8b18-9bb4d4c9e90f" />
    <UnitTestResult executionId="4af2a0ed-1cb6-4e0f-9fc1-ebc856145b46" testId="546e2195-b0fd-c5a9-fb2f-7840d4c86cb8" testName="LoadAsEmbeddedAssembly_AssemblyContainsExceptedResource_LoadsResource" computerName="AVDC720" duration="00:00:00.0290000" startTime="2020-06-22T13:59:00.0000000+02:00" endTime="2020-06-22T13:59:00.0000000+02:00" testType="13cdc9d9-ddb5-4fa4-a97d-d965ccfc6d4b" outcome="Passed" testListId="8c84fa94-04c1-424b-9868-57a2d4851a1d" relativeResultsDirectory="4af2a0ed-1cb6-4e0f-9fc1-ebc856145b46" />
    <UnitTestResult executionId="53043b5c-3eb8-4d3b-afab-a504332b06cc" testId="cbc3900a-27ac-f663-84c1-2e81fe605582" testName="Parse_DifferentEncodings_ParsesSuccessfully(&quot;JuvoPlayer.Tests.res.subtitles.subtitles_fr.vtt&quot;,&quot;utf-8&quot;,&quot;C'est bientôt fini. Chut...&quot;)" computerName="AVDC720" duration="00:00:00.0010000" startTime="2020-06-22T13:58:59.0000000+02:00" endTime="2020-06-22T13:58:59.0000000+02:00" testType="13cdc9d9-ddb5-4fa4-a97d-d965ccfc6d4b" outcome="Passed" testListId="8c84fa94-04c1-424b-9868-57a2d4851a1d" relativeResultsDirectory="53043b5c-3eb8-4d3b-afab-a504332b06cc" />
    <UnitTestResult executionId="7b7e957e-2ce1-42e9-8f27-1a1042a92c61" testId="ec81a422-56dc-8438-8278-26703789eecf" testName="ReadPacket_InvokedWithSizeLessThanBufferSize_ReturnsTrimmedData" computerName="AVDC720" duration="00:00:00.0020000" startTime="2020-06-22T13:58:59.0000000+02:00" endTime="2020-06-22T13:58:59.0000000+02:00" testType="13cdc9d9-ddb5-4fa4-a97d-d965ccfc6d4b" outcome="Passed" testListId="8c84fa94-04c1-424b-9868-57a2d4851a1d" relativeResultsDirectory="7b7e957e-2ce1-42e9-8f27-1a1042a92c61" />
    <UnitTestResult executionId="d2c349b4-3792-45e9-b4b0-3454247442e1" testId="eae78d03-0df3-6019-5f3a-2a4efab1df85" testName="ParseTime_TimeFormatIsValid_ParsesSuccessfully(&quot;00:01:18.171&quot;,0,1,18,171)" computerName="AVDC720" duration="00:00:00.0000001" startTime="2020-06-22T13:59:00.0000000+02:00" endTime="2020-06-22T13:59:00.0000000+02:00" testType="13cdc9d9-ddb5-4fa4-a97d-d965ccfc6d4b" outcome="Passed" testListId="8c84fa94-04c1-424b-9868-57a2d4851a1d" relativeResultsDirectory="d2c349b4-3792-45e9-b4b0-3454247442e1" />
    <UnitTestResult executionId="7ab0861e-b209-43eb-815a-c66e84a7f99b" testId="f7156c87-b8b9-0e61-1608-47647affb3d9" testName="Serialization_AllOperationsSerialized_DeserializedProperly" computerName="AVDC720" duration="00:00:00.1030000" startTime="2020-06-22T13:58:58.0000000+02:00" endTime="2020-06-22T13:58:59.0000000+02:00" testType="13cdc9d9-ddb5-4fa4-a97d-d965ccfc6d4b" outcome="Passed" testListId="8c84fa94-04c1-424b-9868-57a2d4851a1d" relativeResultsDirectory="7ab0861e-b209-43eb-815a-c66e84a7f99b" />
    <UnitTestResult executionId="48591b8c-7446-4392-9ccb-6c09c2727a36" testId="3f7ea52d-8fbc-14ce-b76b-689a6ecb938b" testName="ParseTime_WhenTimeFormatIsInvalid_ThrowsFormatException(&quot;&quot;)" computerName="AVDC720" duration="00:00:00.0000001" startTime="2020-06-22T13:59:00.0000000+02:00" endTime="2020-06-22T13:59:00.0000000+02:00" testType="13cdc9d9-ddb5-4fa4-a97d-d965ccfc6d4b" outcome="Passed" testListId="8c84fa94-04c1-424b-9868-57a2d4851a1d" relativeResultsDirectory="48591b8c-7446-4392-9ccb-6c09c2727a36" />
    <UnitTestResult executionId="47c3f790-2f93-4104-9d64-337c54b82cf9" testId="37281614-9f75-45d7-e1f5-a19213212db8" testName="Serialization_OperationSerialized_DeserializedProperly(JuvoPlayer.Tests.Utils.SeekOperation)" computerName="AVDC720" duration="00:00:00.0000001" startTime="2020-06-22T13:58:59.0000000+02:00" endTime="2020-06-22T13:58:59.0000000+02:00" testType="13cdc9d9-ddb5-4fa4-a97d-d965ccfc6d4b" outcome="Passed" testListId="8c84fa94-04c1-424b-9868-57a2d4851a1d" relativeResultsDirectory="47c3f790-2f93-4104-9d64-337c54b82cf9" />
    <UnitTestResult executionId="81f9a304-199f-45d4-b375-6b899c5a23fd" testId="a659b756-6e9d-b19a-f709-878e64441c5e" testName="ParseTime_TimeFormatIsValid_ParsesSuccessfully(&quot;9999:01:18.171&quot;,9999,1,18,171)" computerName="AVDC720" duration="00:00:00.0000001" startTime="2020-06-22T13:59:00.0000000+02:00" endTime="2020-06-22T13:59:00.0000000+02:00" testType="13cdc9d9-ddb5-4fa4-a97d-d965ccfc6d4b" outcome="Passed" testListId="8c84fa94-04c1-424b-9868-57a2d4851a1d" relativeResultsDirectory="81f9a304-199f-45d4-b375-6b899c5a23fd" />
    <UnitTestResult executionId="626932d4-8569-4a0f-8bdc-5866331c8d19" testId="0bc18307-cfdc-0782-2c49-73e26dab37df" testName="Seek_Called_ResumesDemuxer" computerName="AVDC720" duration="00:00:00.0040000" startTime="2020-06-22T13:58:59.0000000+02:00" endTime="2020-06-22T13:58:59.0000000+02:00" testType="13cdc9d9-ddb5-4fa4-a97d-d965ccfc6d4b" outcome="Passed" testListId="8c84fa94-04c1-424b-9868-57a2d4851a1d" relativeResultsDirectory="626932d4-8569-4a0f-8bdc-5866331c8d19" />
    <UnitTestResult executionId="0610dbfa-68a4-406b-bdc5-83499ff08931" testId="5da37516-dacb-d422-fbee-12efa0638ad9" testName="TestValidConfig" computerName="AVDC720" duration="00:00:00.0060000" startTime="2020-06-22T13:58:59.0000000+02:00" endTime="2020-06-22T13:58:59.0000000+02:00" testType="13cdc9d9-ddb5-4fa4-a97d-d965ccfc6d4b" outcome="Passed" testListId="8c84fa94-04c1-424b-9868-57a2d4851a1d" relativeResultsDirectory="0610dbfa-68a4-406b-bdc5-83499ff08931" />
    <UnitTestResult executionId="213b6223-7955-4ccf-87dc-2489d3bd09bd" testId="90bdca97-8eb4-c877-3c7b-3164b6f624b6" testName="TimeToNextFrame_CalledWhenBarrierIsReached_ReturnsPositiveTime" computerName="AVDC720" duration="00:00:00.0030000" startTime="2020-06-22T13:59:00.0000000+02:00" endTime="2020-06-22T13:59:00.0000000+02:00" testType="13cdc9d9-ddb5-4fa4-a97d-d965ccfc6d4b" outcome="Passed" testListId="8c84fa94-04c1-424b-9868-57a2d4851a1d" relativeResultsDirectory="213b6223-7955-4ccf-87dc-2489d3bd09bd" />
    <UnitTestResult executionId="a896f5a8-e0c8-446b-8556-9d925572370b" testId="b65dd040-cffc-7925-78a1-ceba0c7979b8" testName="Init_DrmInitDataAvailable_ReturnsDrmInitData(ForUrl)" computerName="AVDC720" duration="00:00:00.0030000" startTime="2020-06-22T13:58:59.0000000+02:00" endTime="2020-06-22T13:58:59.0000000+02:00" testType="13cdc9d9-ddb5-4fa4-a97d-d965ccfc6d4b" outcome="Passed" testListId="8c84fa94-04c1-424b-9868-57a2d4851a1d" relativeResultsDirectory="a896f5a8-e0c8-446b-8556-9d925572370b" />
    <UnitTestResult executionId="73a5b50f-0ee5-4413-b865-59485a3bab6a" testId="864940c8-b53d-5e0a-9ab8-2ad580ee97c1" testName="Serialization_OperationSerialized_DeserializedProperly(JuvoPlayer.Tests.Utils.PauseOperation)" computerName="AVDC720" duration="00:00:00.0000001" startTime="2020-06-22T13:58:59.0000000+02:00" endTime="2020-06-22T13:58:59.0000000+02:00" testType="13cdc9d9-ddb5-4fa4-a97d-d965ccfc6d4b" outcome="Passed" testListId="8c84fa94-04c1-424b-9868-57a2d4851a1d" relativeResultsDirectory="73a5b50f-0ee5-4413-b865-59485a3bab6a" />
    <UnitTestResult executionId="fca05874-8d88-4a92-9fa9-ce6f049acd43" testId="308c0503-5aa8-3cad-0410-698b5f3745ae" testName="Compare_VariousTimes_ReturnsExpectedValues(20,1)" computerName="AVDC720" duration="00:00:00.0000001" startTime="2020-06-22T13:58:59.0000000+02:00" endTime="2020-06-22T13:58:59.0000000+02:00" testType="13cdc9d9-ddb5-4fa4-a97d-d965ccfc6d4b" outcome="Passed" testListId="8c84fa94-04c1-424b-9868-57a2d4851a1d" relativeResultsDirectory="fca05874-8d88-4a92-9fa9-ce6f049acd43" />
    <UnitTestResult executionId="7d3f89fe-b2db-4eb9-a346-0b656feeb9e9" testId="79e155a0-4a41-3695-7dd9-360fb50ae27a" testName="ParseTime_TimeFormatIsInvalid_ThrowsFormatException(&quot;00:00:00:00.0&quot;)" computerName="AVDC720" duration="00:00:00.0000001" startTime="2020-06-22T13:59:00.0000000+02:00" endTime="2020-06-22T13:59:00.0000000+02:00" testType="13cdc9d9-ddb5-4fa4-a97d-d965ccfc6d4b" outcome="Passed" testListId="8c84fa94-04c1-424b-9868-57a2d4851a1d" relativeResultsDirectory="7d3f89fe-b2db-4eb9-a346-0b656feeb9e9" />
    <UnitTestResult executionId="a37a7c60-6384-44ca-a5e6-9efebeef3b54" testId="e7c41882-0f2b-10a3-a41f-5cb13aefcf02" testName="Get_MapIsEmpty_ReturnsNull" computerName="AVDC720" duration="00:00:00.0000001" startTime="2020-06-22T13:58:59.0000000+02:00" endTime="2020-06-22T13:58:59.0000000+02:00" testType="13cdc9d9-ddb5-4fa4-a97d-d965ccfc6d4b" outcome="Passed" testListId="8c84fa94-04c1-424b-9868-57a2d4851a1d" relativeResultsDirectory="a37a7c60-6384-44ca-a5e6-9efebeef3b54" />
    <UnitTestResult executionId="09a73b8e-08c4-4f28-be9a-a47d935e33ce" testId="2a5400f7-59f9-282c-1900-944ef8ecb847" testName="SupportsSchemeIdUri_PlayReadySchemeIdUri_ReturnsTrue" computerName="AVDC720" duration="00:00:00.0000001" startTime="2020-06-22T13:58:59.0000000+02:00" endTime="2020-06-22T13:58:59.0000000+02:00" testType="13cdc9d9-ddb5-4fa4-a97d-d965ccfc6d4b" outcome="Passed" testListId="8c84fa94-04c1-424b-9868-57a2d4851a1d" relativeResultsDirectory="09a73b8e-08c4-4f28-be9a-a47d935e33ce" />
    <UnitTestResult executionId="062e4522-01d2-4f30-b612-a9af8fdb3be0" testId="2451296b-865e-f1ac-6397-248629b7319a" testName="Reset_Called_DeallocsAVFormatContext(ForUrl)" computerName="AVDC720" duration="00:00:00.0010000" startTime="2020-06-22T13:58:59.0000000+02:00" endTime="2020-06-22T13:58:59.0000000+02:00" testType="13cdc9d9-ddb5-4fa4-a97d-d965ccfc6d4b" outcome="Passed" testListId="8c84fa94-04c1-424b-9868-57a2d4851a1d" relativeResultsDirectory="062e4522-01d2-4f30-b612-a9af8fdb3be0" />
    <UnitTestResult executionId="02ceefd3-714a-4dac-a874-3b4e956efd8e" testId="cf536672-6dbb-41a2-84f9-ab59c52d810f" testName="OnAppendPacket_WhenConfigured_CallsContextExtraDataHandler" computerName="AVDC720" duration="00:00:00.0180000" startTime="2020-06-22T13:59:00.0000000+02:00" endTime="2020-06-22T13:59:00.0000000+02:00" testType="13cdc9d9-ddb5-4fa4-a97d-d965ccfc6d4b" outcome="Passed" testListId="8c84fa94-04c1-424b-9868-57a2d4851a1d" relativeResultsDirectory="02ceefd3-714a-4dac-a874-3b4e956efd8e" />
    <UnitTestResult executionId="880c5aee-924e-48cc-821f-d55b7164f122" testId="6682c8f3-9c28-94a7-d656-217500880b94" testName="SchemeIdUriToSystemId_PlayReadySchemeId_ReturnsSystemId" computerName="AVDC720" duration="00:00:00.0000001" startTime="2020-06-22T13:58:59.0000000+02:00" endTime="2020-06-22T13:58:59.0000000+02:00" testType="13cdc9d9-ddb5-4fa4-a97d-d965ccfc6d4b" outcome="Passed" testListId="8c84fa94-04c1-424b-9868-57a2d4851a1d" relativeResultsDirectory="880c5aee-924e-48cc-821f-d55b7164f122" />
    <UnitTestResult executionId="43af75ce-e4d9-4639-a484-893ab542f3c5" testId="14b24806-a082-47eb-f4a4-0872c3c59611" testName="Start_DRMInitDataFound_PublishesDRMInitData(StartForEs)" computerName="AVDC720" duration="00:00:00.0030000" startTime="2020-06-22T13:58:59.0000000+02:00" endTime="2020-06-22T13:58:59.0000000+02:00" testType="13cdc9d9-ddb5-4fa4-a97d-d965ccfc6d4b" outcome="Passed" testListId="8c84fa94-04c1-424b-9868-57a2d4851a1d" relativeResultsDirectory="43af75ce-e4d9-4639-a484-893ab542f3c5" />
    <UnitTestResult executionId="9032ab88-0fc6-42fb-bf4b-18e1d8a767c7" testId="d0f6acef-cfad-0d05-742a-6ff2e1b06efb" testName="GetStreamsDescription_ClipWithNoSubtitles_ReturnsEmptyList" computerName="AVDC720" duration="00:00:00.0080000" startTime="2020-06-22T13:58:59.0000000+02:00" endTime="2020-06-22T13:58:59.0000000+02:00" testType="13cdc9d9-ddb5-4fa4-a97d-d965ccfc6d4b" outcome="Passed" testListId="8c84fa94-04c1-424b-9868-57a2d4851a1d" relativeResultsDirectory="9032ab88-0fc6-42fb-bf4b-18e1d8a767c7" />
    <UnitTestResult executionId="f7e34dc5-0cf2-48aa-a52e-c15a2812f694" testId="91027327-45ed-f0e3-a55e-e86b5bcdf8a3" testName="ParseText_ContainsEscapeSequence_DecodesSuccessfully(&quot;begin &amp;gt; end&quot;,&quot;begin &gt; end&quot;)" computerName="AVDC720" duration="00:00:00.0000001" startTime="2020-06-22T13:59:00.0000000+02:00" endTime="2020-06-22T13:59:00.0000000+02:00" testType="13cdc9d9-ddb5-4fa4-a97d-d965ccfc6d4b" outcome="Passed" testListId="8c84fa94-04c1-424b-9868-57a2d4851a1d" relativeResultsDirectory="f7e34dc5-0cf2-48aa-a52e-c15a2812f694" />
    <UnitTestResult executionId="ec3133f6-e642-456f-9b34-598c7625b025" testId="372c9fce-3145-adc3-8977-856762fa7aac" testName="CreateDataProvider_NotSupported" computerName="AVDC720" duration="00:00:00.1580000" startTime="2020-06-22T13:58:59.0000000+02:00" endTime="2020-06-22T13:58:59.0000000+02:00" testType="13cdc9d9-ddb5-4fa4-a97d-d965ccfc6d4b" outcome="Passed" testListId="8c84fa94-04c1-424b-9868-57a2d4851a1d" relativeResultsDirectory="ec3133f6-e642-456f-9b34-598c7625b025" />
    <UnitTestResult executionId="0bb2e264-2dcf-4371-aa12-3a2ea9f9b76e" testId="c417f526-f617-d89a-9e27-2a222a15bac0" testName="TestConfigureWithNull" computerName="AVDC720" duration="00:00:00.0020000" startTime="2020-06-22T13:58:59.0000000+02:00" endTime="2020-06-22T13:58:59.0000000+02:00" testType="13cdc9d9-ddb5-4fa4-a97d-d965ccfc6d4b" outcome="Passed" testListId="8c84fa94-04c1-424b-9868-57a2d4851a1d" relativeResultsDirectory="0bb2e264-2dcf-4371-aa12-3a2ea9f9b76e" />
    <UnitTestResult executionId="cd65ce9b-c229-4116-b3ea-a48760e758ba" testId="30591759-8bfa-94ac-8ed2-5b8e57e7d2b3" testName="Resolve_SrtSubtitleInfo_ReturnsSrtFormat" computerName="AVDC720" duration="00:00:00.0020000" startTime="2020-06-22T13:59:00.0000000+02:00" endTime="2020-06-22T13:59:00.0000000+02:00" testType="13cdc9d9-ddb5-4fa4-a97d-d965ccfc6d4b" outcome="Passed" testListId="8c84fa94-04c1-424b-9868-57a2d4851a1d" relativeResultsDirectory="cd65ce9b-c229-4116-b3ea-a48760e758ba" />
    <UnitTestResult executionId="48f019b1-c077-4ae5-9269-9fab2ea7ae67" testId="6da6330c-b6fa-01a4-6fe8-ff39b10cad90" testName="Init_ClipDurationAvailable_ReturnsDuration(ForUrl)" computerName="AVDC720" duration="00:00:00.0020000" startTime="2020-06-22T13:58:59.0000000+02:00" endTime="2020-06-22T13:58:59.0000000+02:00" testType="13cdc9d9-ddb5-4fa4-a97d-d965ccfc6d4b" outcome="Passed" testListId="8c84fa94-04c1-424b-9868-57a2d4851a1d" relativeResultsDirectory="48f019b1-c077-4ae5-9269-9fab2ea7ae67" />
    <UnitTestResult executionId="14aed3a6-bb8f-46a9-9912-73d2e88c61aa" testId="13dadd02-cded-047c-5edf-08e7f9cf5113" testName="OnAppendPacket_WhenConfigured_CallsPlayerAdapter" computerName="AVDC720" duration="00:00:00.0010000" startTime="2020-06-22T13:59:00.0000000+02:00" endTime="2020-06-22T13:59:00.0000000+02:00" testType="13cdc9d9-ddb5-4fa4-a97d-d965ccfc6d4b" outcome="Passed" testListId="8c84fa94-04c1-424b-9868-57a2d4851a1d" relativeResultsDirectory="14aed3a6-bb8f-46a9-9912-73d2e88c61aa" />
    <UnitTestResult executionId="9444d52e-3815-474a-8787-cb13a61b2627" testId="29bfe808-3bba-cdc2-53ed-a6509a64d330" testName="Start_DemuxerInitFails_PublishesDemuxerError(StartForUrl)" computerName="AVDC720" duration="00:00:00.0000001" startTime="2020-06-22T13:58:59.0000000+02:00" endTime="2020-06-22T13:58:59.0000000+02:00" testType="13cdc9d9-ddb5-4fa4-a97d-d965ccfc6d4b" outcome="Passed" testListId="8c84fa94-04c1-424b-9868-57a2d4851a1d" relativeResultsDirectory="9444d52e-3815-474a-8787-cb13a61b2627" />
    <UnitTestResult executionId="8409a528-9039-4aba-b65e-d6a19ef62502" testId="3e643ea4-f7b6-f967-c41d-29aace04110b" testName="OnAppendPacket_WhenNotConfigured_ThrowsInvalidOperationException" computerName="AVDC720" duration="00:00:00.0010000" startTime="2020-06-22T13:59:00.0000000+02:00" endTime="2020-06-22T13:59:00.0000000+02:00" testType="13cdc9d9-ddb5-4fa4-a97d-d965ccfc6d4b" outcome="Passed" testListId="8c84fa94-04c1-424b-9868-57a2d4851a1d" relativeResultsDirectory="8409a528-9039-4aba-b65e-d6a19ef62502" />
    <UnitTestResult executionId="f478be70-abac-4d3c-a65d-d35a025e10f9" testId="dc96a1db-064c-82c9-b5a0-e3b7d110c702" testName="ParseTimeLine_TimeLineIsInvalid_ThrowsFormatException(&quot;&quot;)" computerName="AVDC720" duration="00:00:00.0000001" startTime="2020-06-22T13:59:00.0000000+02:00" endTime="2020-06-22T13:59:00.0000000+02:00" testType="13cdc9d9-ddb5-4fa4-a97d-d965ccfc6d4b" outcome="Passed" testListId="8c84fa94-04c1-424b-9868-57a2d4851a1d" relativeResultsDirectory="f478be70-abac-4d3c-a65d-d35a025e10f9" />
    <UnitTestResult executionId="c7a34482-82b9-464b-a430-196ffcd88e34" testId="97595e50-425c-1bd9-270d-ac32868fdf2d" testName="Init_StreamConfigAvailable_ReturnsStreamConfig(ForEs)" computerName="AVDC720" duration="00:00:00.0050000" startTime="2020-06-22T13:58:59.0000000+02:00" endTime="2020-06-22T13:58:59.0000000+02:00" testType="13cdc9d9-ddb5-4fa4-a97d-d965ccfc6d4b" outcome="Passed" testListId="8c84fa94-04c1-424b-9868-57a2d4851a1d" relativeResultsDirectory="c7a34482-82b9-464b-a430-196ffcd88e34" />
    <UnitTestResult executionId="beedf6a4-e841-4483-b26b-fc87412e5346" testId="0965358b-a03e-2e11-275b-12bdaaddc9f6" testName="Take_SizeGreaterThanBufferSize_ReturnsSizeEqualToBufferSize" computerName="AVDC720" duration="00:00:00.0010000" startTime="2020-06-22T13:58:59.0000000+02:00" endTime="2020-06-22T13:58:59.0000000+02:00" testType="13cdc9d9-ddb5-4fa4-a97d-d965ccfc6d4b" outcome="Passed" testListId="8c84fa94-04c1-424b-9868-57a2d4851a1d" relativeResultsDirectory="beedf6a4-e841-4483-b26b-fc87412e5346" />
    <UnitTestResult executionId="d8bccb88-59eb-4aba-afa3-d75048d90f9c" testId="9d43c9dd-9ed0-37ad-3810-cd0fa27c1b3a" testName="Compare_VariousTimes_ReturnsExpectedValues(25,1)" computerName="AVDC720" duration="00:00:00.0000001" startTime="2020-06-22T13:58:59.0000000+02:00" endTime="2020-06-22T13:58:59.0000000+02:00" testType="13cdc9d9-ddb5-4fa4-a97d-d965ccfc6d4b" outcome="Passed" testListId="8c84fa94-04c1-424b-9868-57a2d4851a1d" relativeResultsDirectory="d8bccb88-59eb-4aba-afa3-d75048d90f9c" />
    <UnitTestResult executionId="bc551823-46a8-4a29-8d8d-d5248cf0670d" testId="f1c5443e-e0a7-e961-fdae-6f316e6bdffa" testName="CompleteAdding_TakeAsyncCalled_ThrowsInvalidOperationException" computerName="AVDC720" duration="00:00:00.0200000" startTime="2020-06-22T13:58:59.0000000+02:00" endTime="2020-06-22T13:58:59.0000000+02:00" testType="13cdc9d9-ddb5-4fa4-a97d-d965ccfc6d4b" outcome="Passed" testListId="8c84fa94-04c1-424b-9868-57a2d4851a1d" relativeResultsDirectory="bc551823-46a8-4a29-8d8d-d5248cf0670d" />
    <UnitTestResult executionId="0d57b36a-bf25-41a1-92ed-3daa715c2c86" testId="e5d47529-6859-840c-851a-4907cc409f71" testName="Begin_GreaterThanEnd_ThrowsArgumentException" computerName="AVDC720" duration="00:00:00.0010000" startTime="2020-06-22T13:58:59.0000000+02:00" endTime="2020-06-22T13:58:59.0000000+02:00" testType="13cdc9d9-ddb5-4fa4-a97d-d965ccfc6d4b" outcome="Passed" testListId="8c84fa94-04c1-424b-9868-57a2d4851a1d" relativeResultsDirectory="0d57b36a-bf25-41a1-92ed-3daa715c2c86" />
    <UnitTestResult executionId="5d435063-25ac-4c60-911e-56ba5855b487" testId="757b9a3e-991f-064f-0f95-6721183441ff" testName="Get_ValidKey_ReturnsCue" computerName="AVDC720" duration="00:00:00.0000001" startTime="2020-06-22T13:58:59.0000000+02:00" endTime="2020-06-22T13:58:59.0000000+02:00" testType="13cdc9d9-ddb5-4fa4-a97d-d965ccfc6d4b" outcome="Passed" testListId="8c84fa94-04c1-424b-9868-57a2d4851a1d" relativeResultsDirectory="5d435063-25ac-4c60-911e-56ba5855b487" />
    <UnitTestResult executionId="61bb66aa-d97f-4473-b1e4-f73ff1c01fdb" testId="0a22ca3f-5f04-a30c-0bdf-f2fda48d9002" testName="CreateDataProvider_ThrowsNull" computerName="AVDC720" duration="00:00:00.0010000" startTime="2020-06-22T13:58:59.0000000+02:00" endTime="2020-06-22T13:58:59.0000000+02:00" testType="13cdc9d9-ddb5-4fa4-a97d-d965ccfc6d4b" outcome="Passed" testListId="8c84fa94-04c1-424b-9868-57a2d4851a1d" relativeResultsDirectory="61bb66aa-d97f-4473-b1e4-f73ff1c01fdb" />
    <UnitTestResult executionId="391057ed-832a-4ef6-9916-5a22185244ae" testId="2fcfa690-0061-2be9-893e-b95e28348722" testName="TestGetInstanceBeforeConfigure" computerName="AVDC720" duration="00:00:00.0000001" startTime="2020-06-22T13:58:59.0000000+02:00" endTime="2020-06-22T13:58:59.0000000+02:00" testType="13cdc9d9-ddb5-4fa4-a97d-d965ccfc6d4b" outcome="Passed" testListId="8c84fa94-04c1-424b-9868-57a2d4851a1d" relativeResultsDirectory="391057ed-832a-4ef6-9916-5a22185244ae" />
    <UnitTestResult executionId="11df691c-f406-4977-bf7e-f01ce33ed252" testId="188b81ef-d6d5-d5db-9dda-ab27251848f9" testName="Parse_DifferentEncodings_ParsesSuccessfully(&quot;JuvoPlayer.Tests.res.subtitles.media_player_subs_windows-1253.srt&quot;,&quot;windows-1253&quot;,&quot;[Greek] 3.5: Άά Αα Ββ Γγ Δδ Εε Ζζ Ηη Θθ Ιι Κκ Λλ Ξξ Ψψ Ωω ώ&quot;)" computerName="AVDC720" duration="00:00:00.0010000" startTime="2020-06-22T13:58:59.0000000+02:00" endTime="2020-06-22T13:58:59.0000000+02:00" testType="13cdc9d9-ddb5-4fa4-a97d-d965ccfc6d4b" outcome="Passed" testListId="8c84fa94-04c1-424b-9868-57a2d4851a1d" relativeResultsDirectory="11df691c-f406-4977-bf7e-f01ce33ed252" />
    <UnitTestResult executionId="8e5b3b26-a8c2-49fa-ad60-5e0abdf642f4" testId="b514154e-fcf9-e8b7-b0ab-c1233ec7970b" testName="End_EqualsBegin_ThrowsArgumentException" computerName="AVDC720" duration="00:00:00.0010000" startTime="2020-06-22T13:58:59.0000000+02:00" endTime="2020-06-22T13:58:59.0000000+02:00" testType="13cdc9d9-ddb5-4fa4-a97d-d965ccfc6d4b" outcome="Passed" testListId="8c84fa94-04c1-424b-9868-57a2d4851a1d" relativeResultsDirectory="8e5b3b26-a8c2-49fa-ad60-5e0abdf642f4" />
    <UnitTestResult executionId="64a8c186-8dc4-416b-9f81-e5eecc047318" testId="29f4eefb-fddf-c444-6e0a-5e03485d543c" testName="TakeAsync_SizeLessThanBufferSize_ReturnsRequestedSize" computerName="AVDC720" duration="00:00:00.0120000" startTime="2020-06-22T13:58:59.0000000+02:00" endTime="2020-06-22T13:58:59.0000000+02:00" testType="13cdc9d9-ddb5-4fa4-a97d-d965ccfc6d4b" outcome="Passed" testListId="8c84fa94-04c1-424b-9868-57a2d4851a1d" relativeResultsDirectory="64a8c186-8dc4-416b-9f81-e5eecc047318" />
    <UnitTestResult executionId="7ca091e5-d1c9-4163-a61f-e9e9dde0ce54" testId="292b8184-3595-15f3-6608-17958c811f3c" testName="Parse_DifferentEncodings_ParsesSuccessfully(&quot;JuvoPlayer.Tests.res.subtitles.media_player_subs_cp-949.srt&quot;,&quot;euc-kr&quot;,&quot;[Korean] 3.5: 그녀는 고양이가. 고양이 모피를 가지고&quot;)" computerName="AVDC720" duration="00:00:00.0020000" startTime="2020-06-22T13:58:59.0000000+02:00" endTime="2020-06-22T13:58:59.0000000+02:00" testType="13cdc9d9-ddb5-4fa4-a97d-d965ccfc6d4b" outcome="Passed" testListId="8c84fa94-04c1-424b-9868-57a2d4851a1d" relativeResultsDirectory="7ca091e5-d1c9-4163-a61f-e9e9dde0ce54" />
    <UnitTestResult executionId="13776908-7b26-4da9-a4c3-87a4bde4c231" testId="5ca64586-df96-c4e0-6cbd-c37e2176547b" testName="DeserializeJsonText_ThrowsInvalid" computerName="AVDC720" duration="00:00:00.0050000" startTime="2020-06-22T13:58:58.0000000+02:00" endTime="2020-06-22T13:58:58.0000000+02:00" testType="13cdc9d9-ddb5-4fa4-a97d-d965ccfc6d4b" outcome="Passed" testListId="8c84fa94-04c1-424b-9868-57a2d4851a1d" relativeResultsDirectory="13776908-7b26-4da9-a4c3-87a4bde4c231" />
    <UnitTestResult executionId="884ead40-e203-496f-af7e-cded2f6b7cdd" testId="0e065e73-d47f-3a00-98d6-e8eb7ca6357c" testName="Init_StreamConfigAvailable_ReturnsStreamConfig(ForUrl)" computerName="AVDC720" duration="00:00:00.0010000" startTime="2020-06-22T13:58:59.0000000+02:00" endTime="2020-06-22T13:58:59.0000000+02:00" testType="13cdc9d9-ddb5-4fa4-a97d-d965ccfc6d4b" outcome="Passed" testListId="8c84fa94-04c1-424b-9868-57a2d4851a1d" relativeResultsDirectory="884ead40-e203-496f-af7e-cded2f6b7cdd" />
    <UnitTestResult executionId="44dad338-8ea5-4461-80ff-497279418d2c" testId="83e5bca1-3234-f540-991c-2f3a40248a15" testName="ParseTime_WhenTimeIsValid_ParsesSuccessfully" computerName="AVDC720" duration="00:00:00.0000001" startTime="2020-06-22T13:59:00.0000000+02:00" endTime="2020-06-22T13:59:00.0000000+02:00" testType="13cdc9d9-ddb5-4fa4-a97d-d965ccfc6d4b" outcome="Passed" testListId="8c84fa94-04c1-424b-9868-57a2d4851a1d" relativeResultsDirectory="44dad338-8ea5-4461-80ff-497279418d2c" />
    <UnitTestResult executionId="d68dbeab-9587-4e02-9512-7e1b0bc0cbbb" testId="094b11a6-0532-7a03-8d14-df586e014bf7" testName="SupportsType_InvalidType_ReturnsFalse" computerName="AVDC720" duration="00:00:00.0010000" startTime="2020-06-22T13:58:59.0000000+02:00" endTime="2020-06-22T13:58:59.0000000+02:00" testType="13cdc9d9-ddb5-4fa4-a97d-d965ccfc6d4b" outcome="Passed" testListId="8c84fa94-04c1-424b-9868-57a2d4851a1d" relativeResultsDirectory="d68dbeab-9587-4e02-9512-7e1b0bc0cbbb" />
    <UnitTestResult executionId="31e04998-4317-4a57-8e07-8696c92d42d9" testId="d85db656-22e2-d893-8495-ecfd404d4e9f" testName="TestConstructorWithNull" computerName="AVDC720" duration="00:00:00.0010000" startTime="2020-06-22T13:58:59.0000000+02:00" endTime="2020-06-22T13:58:59.0000000+02:00" testType="13cdc9d9-ddb5-4fa4-a97d-d965ccfc6d4b" outcome="Passed" testListId="8c84fa94-04c1-424b-9868-57a2d4851a1d" relativeResultsDirectory="31e04998-4317-4a57-8e07-8696c92d42d9" />
    <UnitTestResult executionId="eb51dca0-3fd2-4594-aef9-f20b6dca57f1" testId="124081ca-aa16-41ac-de1c-68bb2cb38e0b" testName="Parse_DifferentEncodings_ParsesSuccessfully(&quot;JuvoPlayer.Tests.res.subtitles.media_player_subs_windows-1252.srt&quot;,&quot;windows-1252&quot;,&quot;[Western Europe] 4.5: Àà Áá Ââ Ææ Çç Èè Ïï Ðð Ññ Õõ Øø Ýý Þþ £ €&quot;)" computerName="AVDC720" duration="00:00:00.0010000" startTime="2020-06-22T13:58:59.0000000+02:00" endTime="2020-06-22T13:58:59.0000000+02:00" testType="13cdc9d9-ddb5-4fa4-a97d-d965ccfc6d4b" outcome="Passed" testListId="8c84fa94-04c1-424b-9868-57a2d4851a1d" relativeResultsDirectory="eb51dca0-3fd2-4594-aef9-f20b6dca57f1" />
    <UnitTestResult executionId="536424a2-8b83-4169-a325-518d4c87d355" testId="828833e5-ad1d-39c6-9465-e9a534d931b4" testName="ParseTimeLine_TimeLineIsInvalid_ThrowsFormatException(null)" computerName="AVDC720" duration="00:00:00.0010000" startTime="2020-06-22T13:59:00.0000000+02:00" endTime="2020-06-22T13:59:00.0000000+02:00" testType="13cdc9d9-ddb5-4fa4-a97d-d965ccfc6d4b" outcome="Passed" testListId="8c84fa94-04c1-424b-9868-57a2d4851a1d" relativeResultsDirectory="536424a2-8b83-4169-a325-518d4c87d355" />
    <UnitTestResult executionId="99eccd01-e890-4be2-baf2-2c51304d0eaf" testId="d77ecc1e-9bc2-799a-79b3-b2ffe8608f4b" testName="ParseTime_TimeFormatIsInvalid_ThrowsFormatException(&quot;00.0&quot;)" computerName="AVDC720" duration="00:00:00.0000001" startTime="2020-06-22T13:59:00.0000000+02:00" endTime="2020-06-22T13:59:00.0000000+02:00" testType="13cdc9d9-ddb5-4fa4-a97d-d965ccfc6d4b" outcome="Passed" testListId="8c84fa94-04c1-424b-9868-57a2d4851a1d" relativeResultsDirectory="99eccd01-e890-4be2-baf2-2c51304d0eaf" />
    <UnitTestResult executionId="75a91c7b-9788-492c-987b-b556365fdacd" testId="2d85f549-8828-c240-c852-fbc1c3d942b1" testName="OnStreamConfigChanged_WhenStreamConfigIsValid_CallsContextExtraDataHandler" computerName="AVDC720" duration="00:00:00.0010000" startTime="2020-06-22T13:59:00.0000000+02:00" endTime="2020-06-22T13:59:00.0000000+02:00" testType="13cdc9d9-ddb5-4fa4-a97d-d965ccfc6d4b" outcome="Passed" testListId="8c84fa94-04c1-424b-9868-57a2d4851a1d" relativeResultsDirectory="75a91c7b-9788-492c-987b-b556365fdacd" />
    <UnitTestResult executionId="a1b66f02-ffa7-4957-83c7-8990fc59751a" testId="231edfdb-78fe-7971-98f1-f1ed15c7b9ce" testName="Parse_DifferentEncodings_ParsesSuccessfully(&quot;JuvoPlayer.Tests.res.subtitles.media_player_subs_windows-1255.srt&quot;,&quot;windows-1255&quot;,&quot;[Herbrew] 3.0: ₪ װױ  אבג דהוז חטיכ ל ר ¡ ¿ § µ ¾ ¥&quot;)" computerName="AVDC720" duration="00:00:00.0010000" startTime="2020-06-22T13:58:59.0000000+02:00" endTime="2020-06-22T13:58:59.0000000+02:00" testType="13cdc9d9-ddb5-4fa4-a97d-d965ccfc6d4b" outcome="Passed" testListId="8c84fa94-04c1-424b-9868-57a2d4851a1d" relativeResultsDirectory="a1b66f02-ffa7-4957-83c7-8990fc59751a" />
  </Results>
  <TestDefinitions>
    <UnitTest name="NextPacket_CalledBeforeInit_ThrowsInvalidOperationException" storage="/home/p.buczynski/git/code/juvo-player/juvoplayer.tests/bin/debug/netcoreapp2.0/juvoplayer.tests.dll" id="6c6cc584-dae2-c9a7-15dc-6a0756b39c6c">
      <Execution id="f6014de2-c0aa-4450-a080-442ad5e05aa4" />
      <TestMethod codeBase="/home/p.buczynski/git/code/juvo-player/JuvoPlayer.Tests/bin/Debug/netcoreapp2.0/JuvoPlayer.Tests.dll" adapterTypeName="executor://nunit3testexecutor/" className="JuvoPlayer.Tests.UnitTests.TSFFmpegDemuxer" name="NextPacket_CalledBeforeInit_ThrowsInvalidOperationException" />
    </UnitTest>
    <UnitTest name="OnAppendPacket_WhenPacketTypeIsInvalid_ThrowsArgumentException" storage="/home/p.buczynski/git/code/juvo-player/juvoplayer.tests/bin/debug/netcoreapp2.0/juvoplayer.tests.dll" id="082e2fa9-eb0e-43b2-8e14-8ef9bd55403d">
      <Execution id="05dcd7f4-bbb6-44bb-95ca-f59fb2be302a" />
      <TestMethod codeBase="/home/p.buczynski/git/code/juvo-player/JuvoPlayer.Tests/bin/Debug/netcoreapp2.0/JuvoPlayer.Tests.dll" adapterTypeName="executor://nunit3testexecutor/" className="JuvoPlayer.Tests.UnitTests.TSPacketStream" name="OnAppendPacket_WhenPacketTypeIsInvalid_ThrowsArgumentException" />
    </UnitTest>
    <UnitTest name="CreateDataProvider_OK" storage="/home/p.buczynski/git/code/juvo-player/juvoplayer.tests/bin/debug/netcoreapp2.0/juvoplayer.tests.dll" id="9cc3315d-ab2d-0d5c-5fc9-8503edd24a84">
      <Execution id="89228eb3-2612-41f1-9f54-79c08e4da31f" />
      <TestMethod codeBase="/home/p.buczynski/git/code/juvo-player/JuvoPlayer.Tests/bin/Debug/netcoreapp2.0/JuvoPlayer.Tests.dll" adapterTypeName="executor://nunit3testexecutor/" className="JuvoPlayer.Tests.UnitTests.DataProviderFactoryManagerTests" name="CreateDataProvider_OK" />
    </UnitTest>
    <UnitTest name="Parse_DifferentEncodings_ParsesSuccessfully(&quot;JuvoPlayer.Tests.res.subtitles.media_player_subs_windows-1252.srt&quot;,&quot;windows-1252&quot;,&quot;[Western Europe] 4.5: Àà Áá Ââ Ææ Çç Èè Ïï Ðð Ññ Õõ Øø Ýý Þþ £ €&quot;)" storage="/home/p.buczynski/git/code/juvo-player/juvoplayer.tests/bin/debug/netcoreapp2.0/juvoplayer.tests.dll" id="124081ca-aa16-41ac-de1c-68bb2cb38e0b">
      <Execution id="eb51dca0-3fd2-4594-aef9-f20b6dca57f1" />
      <TestMethod codeBase="/home/p.buczynski/git/code/juvo-player/JuvoPlayer.Tests/bin/Debug/netcoreapp2.0/JuvoPlayer.Tests.dll" adapterTypeName="executor://nunit3testexecutor/" className="JuvoPlayer.Tests.IntegrationTests.TSSubtitleFacade" name="Parse_DifferentEncodings_ParsesSuccessfully(&quot;JuvoPlayer.Tests.res.subtitles.media_player_subs_windows-1252.srt&quot;,&quot;windows-1252&quot;,&quot;[Western Europe] 4.5: Àà Áá Ââ Ææ Çç Èè Ïï Ðð Ññ Õõ Øø Ýý Þþ £ €&quot;)" />
    </UnitTest>
    <UnitTest name="Load_PathPointsToNetworkResource_LoadsAsNetworkResource(&quot;https://valid_https_uri&quot;)" storage="/home/p.buczynski/git/code/juvo-player/juvoplayer.tests/bin/debug/netcoreapp2.0/juvoplayer.tests.dll" id="dcf10506-16c1-f65b-62cc-54c81f3d69fc">
      <Execution id="87c38cae-7911-450c-aae1-42a1be89e906" />
      <TestMethod codeBase="/home/p.buczynski/git/code/juvo-player/JuvoPlayer.Tests/bin/Debug/netcoreapp2.0/JuvoPlayer.Tests.dll" adapterTypeName="executor://nunit3testexecutor/" className="JuvoPlayer.Tests.UnitTests.TSResourceLoader" name="Load_PathPointsToNetworkResource_LoadsAsNetworkResource(&quot;https://valid_https_uri&quot;)" />
    </UnitTest>
    <UnitTest name="ReadPacket_InvokedWithSizeGreaterThanBufferSize_ReturnsAllData" storage="/home/p.buczynski/git/code/juvo-player/juvoplayer.tests/bin/debug/netcoreapp2.0/juvoplayer.tests.dll" id="c1b0f31a-ea5a-298b-bdf9-e1d1cecd60bb">
      <Execution id="d3bfeed7-4210-441f-bbc1-c7fcd56e3fe3" />
      <TestMethod codeBase="/home/p.buczynski/git/code/juvo-player/JuvoPlayer.Tests/bin/Debug/netcoreapp2.0/JuvoPlayer.Tests.dll" adapterTypeName="executor://nunit3testexecutor/" className="JuvoPlayer.Tests.UnitTests.TSFFmpegDemuxer" name="ReadPacket_InvokedWithSizeGreaterThanBufferSize_ReturnsAllData" />
    </UnitTest>
    <UnitTest name="Seek_Called_ListensForEos" storage="/home/p.buczynski/git/code/juvo-player/juvoplayer.tests/bin/debug/netcoreapp2.0/juvoplayer.tests.dll" id="b5d74e53-26e8-fd8a-6e3c-c86cfe8ea12c">
      <Execution id="564a6023-4a4a-4d3f-bd35-c122592191bf" />
      <TestMethod codeBase="/home/p.buczynski/git/code/juvo-player/JuvoPlayer.Tests/bin/Debug/netcoreapp2.0/JuvoPlayer.Tests.dll" adapterTypeName="executor://nunit3testexecutor/" className="JuvoPlayer.Tests.UnitTests.TSDemuxerController" name="Seek_Called_ListensForEos" />
    </UnitTest>
    <UnitTest name="PushChunk_CalledAfterReset_ThrowsException" storage="/home/p.buczynski/git/code/juvo-player/juvoplayer.tests/bin/debug/netcoreapp2.0/juvoplayer.tests.dll" id="4316b1a0-3df5-84d3-9052-82615cd59e81">
      <Execution id="428676c5-b9fc-4035-9aa4-874dd6d0621e" />
      <TestMethod codeBase="/home/p.buczynski/git/code/juvo-player/JuvoPlayer.Tests/bin/Debug/netcoreapp2.0/JuvoPlayer.Tests.dll" adapterTypeName="executor://nunit3testexecutor/" className="JuvoPlayer.Tests.UnitTests.TSFFmpegDemuxer" name="PushChunk_CalledAfterReset_ThrowsException" />
    </UnitTest>
    <UnitTest name="ParseTimeLine_TimeLineIsInvalid_ThrowsFormatException(&quot;01:18.171 01:20.171 --&gt;&quot;)" storage="/home/p.buczynski/git/code/juvo-player/juvoplayer.tests/bin/debug/netcoreapp2.0/juvoplayer.tests.dll" id="bdd6414d-53bc-cce6-3e9b-7c3b1b2abd5f">
      <Execution id="cab2343c-b934-4d0b-9caf-6f895e115f0f" />
      <TestMethod codeBase="/home/p.buczynski/git/code/juvo-player/JuvoPlayer.Tests/bin/Debug/netcoreapp2.0/JuvoPlayer.Tests.dll" adapterTypeName="executor://nunit3testexecutor/" className="JuvoPlayer.Tests.UnitTests.TSWebVttSubtitleParser" name="ParseTimeLine_TimeLineIsInvalid_ThrowsFormatException(&quot;01:18.171 01:20.171 --&gt;&quot;)" />
    </UnitTest>
    <UnitTest name="ResolveByMimeType_InvalidMimeType_ReturnsInvalidFormat" storage="/home/p.buczynski/git/code/juvo-player/juvoplayer.tests/bin/debug/netcoreapp2.0/juvoplayer.tests.dll" id="a4113738-4c26-f7ce-6619-a550a359b6d4">
      <Execution id="20b78e3a-7e64-442d-8ada-32d1850eb396" />
      <TestMethod codeBase="/home/p.buczynski/git/code/juvo-player/JuvoPlayer.Tests/bin/Debug/netcoreapp2.0/JuvoPlayer.Tests.dll" adapterTypeName="executor://nunit3testexecutor/" className="JuvoPlayer.Tests.UnitTests.TSSubtitleFormatResolver" name="ResolveByMimeType_InvalidMimeType_ReturnsInvalidFormat" />
    </UnitTest>
    <UnitTest name="Resume_Called_CallsNextPacket(StartForUrl)" storage="/home/p.buczynski/git/code/juvo-player/juvoplayer.tests/bin/debug/netcoreapp2.0/juvoplayer.tests.dll" id="87a46580-854b-14e6-9b30-6edf24aae711">
      <Execution id="80c68cac-984a-4bae-afb6-aba374d2c739" />
      <TestMethod codeBase="/home/p.buczynski/git/code/juvo-player/JuvoPlayer.Tests/bin/Debug/netcoreapp2.0/JuvoPlayer.Tests.dll" adapterTypeName="executor://nunit3testexecutor/" className="JuvoPlayer.Tests.UnitTests.TSDemuxerController" name="Resume_Called_CallsNextPacket(StartForUrl)" />
    </UnitTest>
    <UnitTest name="Start_ClipDurationFound_PublishesClipDuration(StartForUrl)" storage="/home/p.buczynski/git/code/juvo-player/juvoplayer.tests/bin/debug/netcoreapp2.0/juvoplayer.tests.dll" id="cdaa95b4-0c6d-1e27-93cc-3d0e0a68a8ea">
      <Execution id="07e5d3b1-8258-4b28-b838-a5b0fdd6213a" />
      <TestMethod codeBase="/home/p.buczynski/git/code/juvo-player/JuvoPlayer.Tests/bin/Debug/netcoreapp2.0/JuvoPlayer.Tests.dll" adapterTypeName="executor://nunit3testexecutor/" className="JuvoPlayer.Tests.UnitTests.TSDemuxerController" name="Start_ClipDurationFound_PublishesClipDuration(StartForUrl)" />
    </UnitTest>
    <UnitTest name="End_EqualsBegin_ThrowsArgumentException" storage="/home/p.buczynski/git/code/juvo-player/juvoplayer.tests/bin/debug/netcoreapp2.0/juvoplayer.tests.dll" id="b514154e-fcf9-e8b7-b0ab-c1233ec7970b">
      <Execution id="8e5b3b26-a8c2-49fa-ad60-5e0abdf642f4" />
      <TestMethod codeBase="/home/p.buczynski/git/code/juvo-player/JuvoPlayer.Tests/bin/Debug/netcoreapp2.0/JuvoPlayer.Tests.dll" adapterTypeName="executor://nunit3testexecutor/" className="JuvoPlayer.Tests.UnitTests.TSCue" name="End_EqualsBegin_ThrowsArgumentException" />
    </UnitTest>
    <UnitTest name="Parse_DifferentEncodings_ParsesSuccessfully(&quot;JuvoPlayer.Tests.res.subtitles.media_player_subs_windows-1257.srt&quot;,&quot;windows-1257&quot;,&quot;[Baltic] 1.5: Ąą Įį Āā Ćć Čč Ģģ Ķķ Ļļ Ńń Ņņ Õõ Ųų Øø Ææ µ ß&quot;)" storage="/home/p.buczynski/git/code/juvo-player/juvoplayer.tests/bin/debug/netcoreapp2.0/juvoplayer.tests.dll" id="7ac342f5-d941-880c-3a41-9a214f71d826">
      <Execution id="38f09420-d622-44f6-9d94-0de8eef8f4e3" />
      <TestMethod codeBase="/home/p.buczynski/git/code/juvo-player/JuvoPlayer.Tests/bin/Debug/netcoreapp2.0/JuvoPlayer.Tests.dll" adapterTypeName="executor://nunit3testexecutor/" className="JuvoPlayer.Tests.IntegrationTests.TSSubtitleFacade" name="Parse_DifferentEncodings_ParsesSuccessfully(&quot;JuvoPlayer.Tests.res.subtitles.media_player_subs_windows-1257.srt&quot;,&quot;windows-1257&quot;,&quot;[Baltic] 1.5: Ąą Įį Āā Ćć Čč Ģģ Ķķ Ļļ Ńń Ņņ Õõ Ųų Øø Ææ µ ß&quot;)" />
    </UnitTest>
    <UnitTest name="Get_KeyForSecondCue_ReturnsSecondCue" storage="/home/p.buczynski/git/code/juvo-player/juvoplayer.tests/bin/debug/netcoreapp2.0/juvoplayer.tests.dll" id="433c7d56-6fb5-d8f0-a9cc-eacc667c0a6b">
      <Execution id="4027bab1-9a58-402f-ad2c-49953d6174a3" />
      <TestMethod codeBase="/home/p.buczynski/git/code/juvo-player/JuvoPlayer.Tests/bin/Debug/netcoreapp2.0/JuvoPlayer.Tests.dll" adapterTypeName="executor://nunit3testexecutor/" className="JuvoPlayer.Tests.UnitTests.TSCuesMap" name="Get_KeyForSecondCue_ReturnsSecondCue" />
    </UnitTest>
    <UnitTest name="Reached_FirstPacketPushed_BarrierIsNotReached" storage="/home/p.buczynski/git/code/juvo-player/juvoplayer.tests/bin/debug/netcoreapp2.0/juvoplayer.tests.dll" id="db9e6235-a824-dde8-0052-9868cf8e7d1a">
      <Execution id="33b12d10-29d4-4eae-83ee-ebde4e06fe34" />
      <TestMethod codeBase="/home/p.buczynski/git/code/juvo-player/JuvoPlayer.Tests/bin/Debug/netcoreapp2.0/JuvoPlayer.Tests.dll" adapterTypeName="executor://nunit3testexecutor/" className="JuvoPlayer.Tests.UnitTests.TSPacketBarrier" name="Reached_FirstPacketPushed_BarrierIsNotReached" />
    </UnitTest>
    <UnitTest name="TestInvalidConfig" storage="/home/p.buczynski/git/code/juvo-player/juvoplayer.tests/bin/debug/netcoreapp2.0/juvoplayer.tests.dll" id="5ab273b4-d5f1-2abf-3a88-3bfeef20ebf5">
      <Execution id="ffa80fe1-210f-43a1-a7c7-e1eaa9c4a7a6" />
      <TestMethod codeBase="/home/p.buczynski/git/code/juvo-player/JuvoPlayer.Tests/bin/Debug/netcoreapp2.0/JuvoPlayer.Tests.dll" adapterTypeName="executor://nunit3testexecutor/" className="JuvoPlayer.Tests.UnitTests.TSConfigParser" name="TestInvalidConfig" />
    </UnitTest>
    <UnitTest name="Get_TwoAdjacentCuesAndGetInBetween_ReturnsSecondOne" storage="/home/p.buczynski/git/code/juvo-player/juvoplayer.tests/bin/debug/netcoreapp2.0/juvoplayer.tests.dll" id="22652439-3c67-dfff-4ce3-b173308c9356">
      <Execution id="13397d8a-db32-4b11-9c79-aea8af1c67da" />
      <TestMethod codeBase="/home/p.buczynski/git/code/juvo-player/JuvoPlayer.Tests/bin/Debug/netcoreapp2.0/JuvoPlayer.Tests.dll" adapterTypeName="executor://nunit3testexecutor/" className="JuvoPlayer.Tests.UnitTests.TSCuesMap" name="Get_TwoAdjacentCuesAndGetInBetween_ReturnsSecondOne" />
    </UnitTest>
    <UnitTest name="MoveToTimeLine_WebVttHasTwoTimeLines_ReturnsBoth" storage="/home/p.buczynski/git/code/juvo-player/juvoplayer.tests/bin/debug/netcoreapp2.0/juvoplayer.tests.dll" id="5b212d48-3586-21cd-2d5d-74feb2deb816">
      <Execution id="54b8bedf-f15c-48e7-a765-2df63e3d03b8" />
      <TestMethod codeBase="/home/p.buczynski/git/code/juvo-player/JuvoPlayer.Tests/bin/Debug/netcoreapp2.0/JuvoPlayer.Tests.dll" adapterTypeName="executor://nunit3testexecutor/" className="JuvoPlayer.Tests.UnitTests.TSWebVttSubtitleParser" name="MoveToTimeLine_WebVttHasTwoTimeLines_ReturnsBoth" />
    </UnitTest>
    <UnitTest name="ParseTimeLine_WhenLineIsInvalid_ThrowsFormatException(&quot;--&gt;  00:02:17,440&quot;)" storage="/home/p.buczynski/git/code/juvo-player/juvoplayer.tests/bin/debug/netcoreapp2.0/juvoplayer.tests.dll" id="297e934f-7145-7b72-115d-3787b6d62aa4">
      <Execution id="9d91ed1e-4f61-4d36-8910-c07cf1e1e599" />
      <TestMethod codeBase="/home/p.buczynski/git/code/juvo-player/JuvoPlayer.Tests/bin/Debug/netcoreapp2.0/JuvoPlayer.Tests.dll" adapterTypeName="executor://nunit3testexecutor/" className="JuvoPlayer.Tests.UnitTests.TSSrtSubtitleParser" name="ParseTimeLine_WhenLineIsInvalid_ThrowsFormatException(&quot;--&gt;  00:02:17,440&quot;)" />
    </UnitTest>
    <UnitTest name="Init_ClipDurationAvailable_ReturnsDuration(ForEs)" storage="/home/p.buczynski/git/code/juvo-player/juvoplayer.tests/bin/debug/netcoreapp2.0/juvoplayer.tests.dll" id="65fdcfa3-e586-80fb-25e9-f3179ce3d17c">
      <Execution id="bd5308c3-a5e8-476a-b9d3-75c9e01c0c4a" />
      <TestMethod codeBase="/home/p.buczynski/git/code/juvo-player/JuvoPlayer.Tests/bin/Debug/netcoreapp2.0/JuvoPlayer.Tests.dll" adapterTypeName="executor://nunit3testexecutor/" className="JuvoPlayer.Tests.UnitTests.TSFFmpegDemuxer" name="Init_ClipDurationAvailable_ReturnsDuration(ForEs)" />
    </UnitTest>
    <UnitTest name="Compare_VariousTimes_ReturnsExpectedValues(5,-1)" storage="/home/p.buczynski/git/code/juvo-player/juvoplayer.tests/bin/debug/netcoreapp2.0/juvoplayer.tests.dll" id="7f654377-f7ad-ac97-076c-9956054067df">
      <Execution id="d426249f-f406-4fb0-b24f-b0254a0501a9" />
      <TestMethod codeBase="/home/p.buczynski/git/code/juvo-player/JuvoPlayer.Tests/bin/Debug/netcoreapp2.0/JuvoPlayer.Tests.dll" adapterTypeName="executor://nunit3testexecutor/" className="JuvoPlayer.Tests.UnitTests.TSCue" name="Compare_VariousTimes_ReturnsExpectedValues(5,-1)" />
    </UnitTest>
    <UnitTest name="Pause_Called_DoesntRetrieveNextPacket(StartForUrl)" storage="/home/p.buczynski/git/code/juvo-player/juvoplayer.tests/bin/debug/netcoreapp2.0/juvoplayer.tests.dll" id="66c7aa12-2df2-fe1f-0f30-30b43cfdd6b4">
      <Execution id="88ba0f7d-f6da-4b99-8521-bf1f2fc1d460" />
      <TestMethod codeBase="/home/p.buczynski/git/code/juvo-player/JuvoPlayer.Tests/bin/Debug/netcoreapp2.0/JuvoPlayer.Tests.dll" adapterTypeName="executor://nunit3testexecutor/" className="JuvoPlayer.Tests.UnitTests.TSDemuxerController" name="Pause_Called_DoesntRetrieveNextPacket(StartForUrl)" />
    </UnitTest>
    <UnitTest name="ParseTime_TimeFormatIsInvalid_ThrowsFormatException(&quot;&quot;)" storage="/home/p.buczynski/git/code/juvo-player/juvoplayer.tests/bin/debug/netcoreapp2.0/juvoplayer.tests.dll" id="e1d59afc-ceae-0c1b-0769-05528c3d5bcc">
      <Execution id="9a844d47-0736-4a34-b945-88b2c79e7980" />
      <TestMethod codeBase="/home/p.buczynski/git/code/juvo-player/JuvoPlayer.Tests/bin/Debug/netcoreapp2.0/JuvoPlayer.Tests.dll" adapterTypeName="executor://nunit3testexecutor/" className="JuvoPlayer.Tests.UnitTests.TSWebVttSubtitleParser" name="ParseTime_TimeFormatIsInvalid_ThrowsFormatException(&quot;&quot;)" />
    </UnitTest>
    <UnitTest name="ParseText_ContainsEscapeSequence_DecodesSuccessfully(&quot;begin &amp;amp; end&quot;,&quot;begin &amp; end&quot;)" storage="/home/p.buczynski/git/code/juvo-player/juvoplayer.tests/bin/debug/netcoreapp2.0/juvoplayer.tests.dll" id="b4eee26d-24ec-582f-e097-1f57b7e85dcb">
      <Execution id="555bc68c-7e56-43ec-9fdd-f0fcf04430d1" />
      <TestMethod codeBase="/home/p.buczynski/git/code/juvo-player/JuvoPlayer.Tests/bin/Debug/netcoreapp2.0/JuvoPlayer.Tests.dll" adapterTypeName="executor://nunit3testexecutor/" className="JuvoPlayer.Tests.UnitTests.TSWebVttSubtitleParser" name="ParseText_ContainsEscapeSequence_DecodesSuccessfully(&quot;begin &amp;amp; end&quot;,&quot;begin &amp; end&quot;)" />
    </UnitTest>
    <UnitTest name="Reset_Called_NextPacketNotCalledAfter(StartForUrl)" storage="/home/p.buczynski/git/code/juvo-player/juvoplayer.tests/bin/debug/netcoreapp2.0/juvoplayer.tests.dll" id="0e5a7d31-b50f-e2fa-db2d-75f9677650eb">
      <Execution id="509c9243-efd7-4ef2-ae9e-758ba08e80a2" />
      <TestMethod codeBase="/home/p.buczynski/git/code/juvo-player/JuvoPlayer.Tests/bin/Debug/netcoreapp2.0/JuvoPlayer.Tests.dll" adapterTypeName="executor://nunit3testexecutor/" className="JuvoPlayer.Tests.UnitTests.TSDemuxerController" name="Reset_Called_NextPacketNotCalledAfter(StartForUrl)" />
    </UnitTest>
    <UnitTest name="GetKeySystemName_InvalidSystemId_ReturnsNull" storage="/home/p.buczynski/git/code/juvo-player/juvoplayer.tests/bin/debug/netcoreapp2.0/juvoplayer.tests.dll" id="df372fc8-3c99-3f47-21be-b6b55c400ba1">
      <Execution id="d8acbaec-e4d1-4eb7-b905-889aa6ba2f13" />
      <TestMethod codeBase="/home/p.buczynski/git/code/juvo-player/JuvoPlayer.Tests/bin/Debug/netcoreapp2.0/JuvoPlayer.Tests.dll" adapterTypeName="executor://nunit3testexecutor/" className="JuvoPlayer.Tests.UnitTests.TSCencUtils" name="GetKeySystemName_InvalidSystemId_ReturnsNull" />
    </UnitTest>
    <UnitTest name="LoadAsEmbeddedAssembly_AssemblyContainsExceptedResource_LoadsResource" storage="/home/p.buczynski/git/code/juvo-player/juvoplayer.tests/bin/debug/netcoreapp2.0/juvoplayer.tests.dll" id="546e2195-b0fd-c5a9-fb2f-7840d4c86cb8">
      <Execution id="4af2a0ed-1cb6-4e0f-9fc1-ebc856145b46" />
      <TestMethod codeBase="/home/p.buczynski/git/code/juvo-player/JuvoPlayer.Tests/bin/Debug/netcoreapp2.0/JuvoPlayer.Tests.dll" adapterTypeName="executor://nunit3testexecutor/" className="JuvoPlayer.Tests.UnitTests.TSResourceLoader" name="LoadAsEmbeddedAssembly_AssemblyContainsExceptedResource_LoadsResource" />
    </UnitTest>
    <UnitTest name="ParseText_ContainsEscapeSequence_DecodesSuccessfully(&quot;begin &amp;gt; end&quot;,&quot;begin &gt; end&quot;)" storage="/home/p.buczynski/git/code/juvo-player/juvoplayer.tests/bin/debug/netcoreapp2.0/juvoplayer.tests.dll" id="91027327-45ed-f0e3-a55e-e86b5bcdf8a3">
      <Execution id="f7e34dc5-0cf2-48aa-a52e-c15a2812f694" />
      <TestMethod codeBase="/home/p.buczynski/git/code/juvo-player/JuvoPlayer.Tests/bin/Debug/netcoreapp2.0/JuvoPlayer.Tests.dll" adapterTypeName="executor://nunit3testexecutor/" className="JuvoPlayer.Tests.UnitTests.TSWebVttSubtitleParser" name="ParseText_ContainsEscapeSequence_DecodesSuccessfully(&quot;begin &amp;gt; end&quot;,&quot;begin &gt; end&quot;)" />
    </UnitTest>
    <UnitTest name="GetKeySystemName_PlayReadySystemId_ReturnsValid" storage="/home/p.buczynski/git/code/juvo-player/juvoplayer.tests/bin/debug/netcoreapp2.0/juvoplayer.tests.dll" id="8d0615a4-0a37-112e-879e-4003daa62f87">
      <Execution id="67950282-a834-443b-95c2-43b5c2df86ac" />
      <TestMethod codeBase="/home/p.buczynski/git/code/juvo-player/JuvoPlayer.Tests/bin/Debug/netcoreapp2.0/JuvoPlayer.Tests.dll" adapterTypeName="executor://nunit3testexecutor/" className="JuvoPlayer.Tests.UnitTests.TSCencUtils" name="GetKeySystemName_PlayReadySystemId_ReturnsValid" />
    </UnitTest>
    <UnitTest name="Parse_DifferentEncodings_ParsesSuccessfully(&quot;JuvoPlayer.Tests.res.subtitles.media_player_subs_windows-1255.srt&quot;,&quot;windows-1255&quot;,&quot;[Herbrew] 3.0: ₪ װױ  אבג דהוז חטיכ ל ר ¡ ¿ § µ ¾ ¥&quot;)" storage="/home/p.buczynski/git/code/juvo-player/juvoplayer.tests/bin/debug/netcoreapp2.0/juvoplayer.tests.dll" id="231edfdb-78fe-7971-98f1-f1ed15c7b9ce">
      <Execution id="a1b66f02-ffa7-4957-83c7-8990fc59751a" />
      <TestMethod codeBase="/home/p.buczynski/git/code/juvo-player/JuvoPlayer.Tests/bin/Debug/netcoreapp2.0/JuvoPlayer.Tests.dll" adapterTypeName="executor://nunit3testexecutor/" className="JuvoPlayer.Tests.IntegrationTests.TSSubtitleFacade" name="Parse_DifferentEncodings_ParsesSuccessfully(&quot;JuvoPlayer.Tests.res.subtitles.media_player_subs_windows-1255.srt&quot;,&quot;windows-1255&quot;,&quot;[Herbrew] 3.0: ₪ װױ  אבג דהוז חטיכ ל ר ¡ ¿ § µ ¾ ¥&quot;)" />
    </UnitTest>
    <UnitTest name="Parse_DifferentEncodings_ParsesSuccessfully(&quot;JuvoPlayer.Tests.res.subtitles.media_player_subs_gb2312.srt&quot;,&quot;gb2312&quot;,&quot;[Chinese Simplified] 4.5: 她有一只猫.猫的皮毛有&quot;)" storage="/home/p.buczynski/git/code/juvo-player/juvoplayer.tests/bin/debug/netcoreapp2.0/juvoplayer.tests.dll" id="7a04701a-199d-8dcd-efe9-bb7e5f52c2c3">
      <Execution id="594174f5-650b-43d3-8b77-59bf4619b949" />
      <TestMethod codeBase="/home/p.buczynski/git/code/juvo-player/JuvoPlayer.Tests/bin/Debug/netcoreapp2.0/JuvoPlayer.Tests.dll" adapterTypeName="executor://nunit3testexecutor/" className="JuvoPlayer.Tests.IntegrationTests.TSSubtitleFacade" name="Parse_DifferentEncodings_ParsesSuccessfully(&quot;JuvoPlayer.Tests.res.subtitles.media_player_subs_gb2312.srt&quot;,&quot;gb2312&quot;,&quot;[Chinese Simplified] 4.5: 她有一只猫.猫的皮毛有&quot;)" />
    </UnitTest>
    <UnitTest name="ParseTime_TimeFormatIsInvalid_ThrowsFormatException(&quot;00.0&quot;)" storage="/home/p.buczynski/git/code/juvo-player/juvoplayer.tests/bin/debug/netcoreapp2.0/juvoplayer.tests.dll" id="d77ecc1e-9bc2-799a-79b3-b2ffe8608f4b">
      <Execution id="99eccd01-e890-4be2-baf2-2c51304d0eaf" />
      <TestMethod codeBase="/home/p.buczynski/git/code/juvo-player/JuvoPlayer.Tests/bin/Debug/netcoreapp2.0/JuvoPlayer.Tests.dll" adapterTypeName="executor://nunit3testexecutor/" className="JuvoPlayer.Tests.UnitTests.TSWebVttSubtitleParser" name="ParseTime_TimeFormatIsInvalid_ThrowsFormatException(&quot;00.0&quot;)" />
    </UnitTest>
    <UnitTest name="Resume_Called_CallsNextPacket(StartForEs)" storage="/home/p.buczynski/git/code/juvo-player/juvoplayer.tests/bin/debug/netcoreapp2.0/juvoplayer.tests.dll" id="c2ca0d7d-68c1-9a10-64d5-38b811f1c187">
      <Execution id="926a3153-9cab-49ad-bc43-498b403c6a22" />
      <TestMethod codeBase="/home/p.buczynski/git/code/juvo-player/JuvoPlayer.Tests/bin/Debug/netcoreapp2.0/JuvoPlayer.Tests.dll" adapterTypeName="executor://nunit3testexecutor/" className="JuvoPlayer.Tests.UnitTests.TSDemuxerController" name="Resume_Called_CallsNextPacket(StartForEs)" />
    </UnitTest>
    <UnitTest name="SupportsSchemeIdUri_InvalidSchemeIdUri_ReturnsFalse" storage="/home/p.buczynski/git/code/juvo-player/juvoplayer.tests/bin/debug/netcoreapp2.0/juvoplayer.tests.dll" id="e627cd52-2378-d6fc-2ff2-c4c49c512a76">
      <Execution id="1a2d84ca-7271-4c30-b091-2ef674d0b887" />
      <TestMethod codeBase="/home/p.buczynski/git/code/juvo-player/JuvoPlayer.Tests/bin/Debug/netcoreapp2.0/JuvoPlayer.Tests.dll" adapterTypeName="executor://nunit3testexecutor/" className="JuvoPlayer.Tests.UnitTests.TSCencUtils" name="SupportsSchemeIdUri_InvalidSchemeIdUri_ReturnsFalse" />
    </UnitTest>
    <UnitTest name="Parse_DifferentEncodings_ParsesSuccessfully(&quot;JuvoPlayer.Tests.res.subtitles.media_player_subs_big5.srt&quot;,&quot;big5&quot;,&quot;[Chinese Traditional] 3.0: 她有一隻貓。貓有皮毛&quot;)" storage="/home/p.buczynski/git/code/juvo-player/juvoplayer.tests/bin/debug/netcoreapp2.0/juvoplayer.tests.dll" id="a350e347-16d8-e1df-3789-caee1e50cb04">
      <Execution id="c93d3a69-1ec8-48c0-afa4-857900e2112c" />
      <TestMethod codeBase="/home/p.buczynski/git/code/juvo-player/JuvoPlayer.Tests/bin/Debug/netcoreapp2.0/JuvoPlayer.Tests.dll" adapterTypeName="executor://nunit3testexecutor/" className="JuvoPlayer.Tests.IntegrationTests.TSSubtitleFacade" name="Parse_DifferentEncodings_ParsesSuccessfully(&quot;JuvoPlayer.Tests.res.subtitles.media_player_subs_big5.srt&quot;,&quot;big5&quot;,&quot;[Chinese Traditional] 3.0: 她有一隻貓。貓有皮毛&quot;)" />
    </UnitTest>
    <UnitTest name="TestConstructorWithNull" storage="/home/p.buczynski/git/code/juvo-player/juvoplayer.tests/bin/debug/netcoreapp2.0/juvoplayer.tests.dll" id="d85db656-22e2-d893-8495-ecfd404d4e9f">
      <Execution id="31e04998-4317-4a57-8e07-8696c92d42d9" />
      <TestMethod codeBase="/home/p.buczynski/git/code/juvo-player/JuvoPlayer.Tests/bin/Debug/netcoreapp2.0/JuvoPlayer.Tests.dll" adapterTypeName="executor://nunit3testexecutor/" className="JuvoPlayer.Tests.UnitTests.TSConfigParser" name="TestConstructorWithNull" />
    </UnitTest>
    <UnitTest name="ParseTimeLine_TimeLineIsInvalid_ThrowsFormatException(&quot;01:18.171 -- 01:20.171&quot;)" storage="/home/p.buczynski/git/code/juvo-player/juvoplayer.tests/bin/debug/netcoreapp2.0/juvoplayer.tests.dll" id="8b5ade29-f79f-4071-809a-b5dffc281389">
      <Execution id="e669606e-8487-46f0-88c8-73d49bcb7e13" />
      <TestMethod codeBase="/home/p.buczynski/git/code/juvo-player/JuvoPlayer.Tests/bin/Debug/netcoreapp2.0/JuvoPlayer.Tests.dll" adapterTypeName="executor://nunit3testexecutor/" className="JuvoPlayer.Tests.UnitTests.TSWebVttSubtitleParser" name="ParseTimeLine_TimeLineIsInvalid_ThrowsFormatException(&quot;01:18.171 -- 01:20.171&quot;)" />
    </UnitTest>
    <UnitTest name="Begin_GreaterThanEnd_ThrowsArgumentException" storage="/home/p.buczynski/git/code/juvo-player/juvoplayer.tests/bin/debug/netcoreapp2.0/juvoplayer.tests.dll" id="e5d47529-6859-840c-851a-4907cc409f71">
      <Execution id="0d57b36a-bf25-41a1-92ed-3daa715c2c86" />
      <TestMethod codeBase="/home/p.buczynski/git/code/juvo-player/JuvoPlayer.Tests/bin/Debug/netcoreapp2.0/JuvoPlayer.Tests.dll" adapterTypeName="executor://nunit3testexecutor/" className="JuvoPlayer.Tests.UnitTests.TSCue" name="Begin_GreaterThanEnd_ThrowsArgumentException" />
    </UnitTest>
    <UnitTest name="Load_PathPointsToNetworkResource_LoadsAsNetworkResource(&quot;http://valid_http_uri&quot;)" storage="/home/p.buczynski/git/code/juvo-player/juvoplayer.tests/bin/debug/netcoreapp2.0/juvoplayer.tests.dll" id="6fac98b9-fc8f-ded6-86b3-b3150632ee5f">
      <Execution id="99cd1db1-a212-45c5-9993-a10939c93724" />
      <TestMethod codeBase="/home/p.buczynski/git/code/juvo-player/JuvoPlayer.Tests/bin/Debug/netcoreapp2.0/JuvoPlayer.Tests.dll" adapterTypeName="executor://nunit3testexecutor/" className="JuvoPlayer.Tests.UnitTests.TSResourceLoader" name="Load_PathPointsToNetworkResource_LoadsAsNetworkResource(&quot;http://valid_http_uri&quot;)" />
    </UnitTest>
    <UnitTest name="SchemeIdUriToSystemId_InvalidSchemeId_ReturnsNull" storage="/home/p.buczynski/git/code/juvo-player/juvoplayer.tests/bin/debug/netcoreapp2.0/juvoplayer.tests.dll" id="82d4c515-f9fe-5c04-4ba8-723b5ff21f55">
      <Execution id="49b8af71-fb49-4aca-af49-aa71d4404b3f" />
      <TestMethod codeBase="/home/p.buczynski/git/code/juvo-player/JuvoPlayer.Tests/bin/Debug/netcoreapp2.0/JuvoPlayer.Tests.dll" adapterTypeName="executor://nunit3testexecutor/" className="JuvoPlayer.Tests.UnitTests.TSCencUtils" name="SchemeIdUriToSystemId_InvalidSchemeId_ReturnsNull" />
    </UnitTest>
    <UnitTest name="GetScheme_InvalidSystemId_ReturnsUnknown" storage="/home/p.buczynski/git/code/juvo-player/juvoplayer.tests/bin/debug/netcoreapp2.0/juvoplayer.tests.dll" id="b7eb0c33-690a-f384-4720-26ede54cd459">
      <Execution id="d83c64f3-f8a7-4378-92e1-1ad6a4ed1ad3" />
      <TestMethod codeBase="/home/p.buczynski/git/code/juvo-player/JuvoPlayer.Tests/bin/Debug/netcoreapp2.0/JuvoPlayer.Tests.dll" adapterTypeName="executor://nunit3testexecutor/" className="JuvoPlayer.Tests.UnitTests.TSCencUtils" name="GetScheme_InvalidSystemId_ReturnsUnknown" />
    </UnitTest>
    <UnitTest name="OnStreamConfigChanged_WhenStreamConfigIsUnsupported_ThrowsArgumentException" storage="/home/p.buczynski/git/code/juvo-player/juvoplayer.tests/bin/debug/netcoreapp2.0/juvoplayer.tests.dll" id="1456f546-2b4f-74af-fce2-a2145100c175">
      <Execution id="bc17227d-ebd2-462e-a41d-86714817b670" />
      <TestMethod codeBase="/home/p.buczynski/git/code/juvo-player/JuvoPlayer.Tests/bin/Debug/netcoreapp2.0/JuvoPlayer.Tests.dll" adapterTypeName="executor://nunit3testexecutor/" className="JuvoPlayer.Tests.UnitTests.TSPacketStream" name="OnStreamConfigChanged_WhenStreamConfigIsUnsupported_ThrowsArgumentException" />
    </UnitTest>
    <UnitTest name="ParseTimeLine_TimeLineIsInvalid_ThrowsFormatException(&quot;&quot;)" storage="/home/p.buczynski/git/code/juvo-player/juvoplayer.tests/bin/debug/netcoreapp2.0/juvoplayer.tests.dll" id="dc96a1db-064c-82c9-b5a0-e3b7d110c702">
      <Execution id="f478be70-abac-4d3c-a65d-d35a025e10f9" />
      <TestMethod codeBase="/home/p.buczynski/git/code/juvo-player/JuvoPlayer.Tests/bin/Debug/netcoreapp2.0/JuvoPlayer.Tests.dll" adapterTypeName="executor://nunit3testexecutor/" className="JuvoPlayer.Tests.UnitTests.TSWebVttSubtitleParser" name="ParseTimeLine_TimeLineIsInvalid_ThrowsFormatException(&quot;&quot;)" />
    </UnitTest>
    <UnitTest name="ParseTime_TimeFormatIsValid_ParsesSuccessfully(&quot;9999:01:18.171&quot;,9999,1,18,171)" storage="/home/p.buczynski/git/code/juvo-player/juvoplayer.tests/bin/debug/netcoreapp2.0/juvoplayer.tests.dll" id="a659b756-6e9d-b19a-f709-878e64441c5e">
      <Execution id="81f9a304-199f-45d4-b375-6b899c5a23fd" />
      <TestMethod codeBase="/home/p.buczynski/git/code/juvo-player/JuvoPlayer.Tests/bin/Debug/netcoreapp2.0/JuvoPlayer.Tests.dll" adapterTypeName="executor://nunit3testexecutor/" className="JuvoPlayer.Tests.UnitTests.TSWebVttSubtitleParser" name="ParseTime_TimeFormatIsValid_ParsesSuccessfully(&quot;9999:01:18.171&quot;,9999,1,18,171)" />
    </UnitTest>
    <UnitTest name="ResolveByPath_SrtPath_ReturnSrtFormat" storage="/home/p.buczynski/git/code/juvo-player/juvoplayer.tests/bin/debug/netcoreapp2.0/juvoplayer.tests.dll" id="53148e8e-938e-3bc8-e604-5f8120442e76">
      <Execution id="342b4f02-30e8-407f-8b18-9bb4d4c9e90f" />
      <TestMethod codeBase="/home/p.buczynski/git/code/juvo-player/JuvoPlayer.Tests/bin/Debug/netcoreapp2.0/JuvoPlayer.Tests.dll" adapterTypeName="executor://nunit3testexecutor/" className="JuvoPlayer.Tests.UnitTests.TSSubtitleFormatResolver" name="ResolveByPath_SrtPath_ReturnSrtFormat" />
    </UnitTest>
    <UnitTest name="SupportsType_ValidType_ReturnsTrue(&quot;playready&quot;)" storage="/home/p.buczynski/git/code/juvo-player/juvoplayer.tests/bin/debug/netcoreapp2.0/juvoplayer.tests.dll" id="10e2acea-9f1a-44dc-fcd2-d1496a18cd1a">
      <Execution id="dffa6bbf-a45d-4db2-82c1-72bf95a429a9" />
      <TestMethod codeBase="/home/p.buczynski/git/code/juvo-player/JuvoPlayer.Tests/bin/Debug/netcoreapp2.0/JuvoPlayer.Tests.dll" adapterTypeName="executor://nunit3testexecutor/" className="JuvoPlayer.Tests.UnitTests.TSCencUtils" name="SupportsType_ValidType_ReturnsTrue(&quot;playready&quot;)" />
    </UnitTest>
    <UnitTest name="CreateDataProvider_ThrowsNull" storage="/home/p.buczynski/git/code/juvo-player/juvoplayer.tests/bin/debug/netcoreapp2.0/juvoplayer.tests.dll" id="0a22ca3f-5f04-a30c-0bdf-f2fda48d9002">
      <Execution id="61bb66aa-d97f-4473-b1e4-f73ff1c01fdb" />
      <TestMethod codeBase="/home/p.buczynski/git/code/juvo-player/JuvoPlayer.Tests/bin/Debug/netcoreapp2.0/JuvoPlayer.Tests.dll" adapterTypeName="executor://nunit3testexecutor/" className="JuvoPlayer.Tests.UnitTests.DataProviderFactoryManagerTests" name="CreateDataProvider_ThrowsNull" />
    </UnitTest>
    <UnitTest name="DeserializeJsonFile_ThrowsNull" storage="/home/p.buczynski/git/code/juvo-player/juvoplayer.tests/bin/debug/netcoreapp2.0/juvoplayer.tests.dll" id="300838be-4f51-a4d3-86e3-26fa36f90ffb">
      <Execution id="9bd3cb32-a02e-4395-a97c-89541f04e11d" />
      <TestMethod codeBase="/home/p.buczynski/git/code/juvo-player/JuvoPlayer.Tests/bin/Debug/netcoreapp2.0/JuvoPlayer.Tests.dll" adapterTypeName="executor://nunit3testexecutor/" className="JuvoPlayer.Tests.IntegrationTests.JSONFileReaderTests" name="DeserializeJsonFile_ThrowsNull" />
    </UnitTest>
    <UnitTest name="ParseTimeLine_WhenLineIsInvalid_ThrowsFormatException(null)" storage="/home/p.buczynski/git/code/juvo-player/juvoplayer.tests/bin/debug/netcoreapp2.0/juvoplayer.tests.dll" id="bfa7b9c5-0d1c-484d-ffb4-16f6680e082d">
      <Execution id="c9766129-956f-49c2-a7c3-5f7a63442e81" />
      <TestMethod codeBase="/home/p.buczynski/git/code/juvo-player/JuvoPlayer.Tests/bin/Debug/netcoreapp2.0/JuvoPlayer.Tests.dll" adapterTypeName="executor://nunit3testexecutor/" className="JuvoPlayer.Tests.UnitTests.TSSrtSubtitleParser" name="ParseTimeLine_WhenLineIsInvalid_ThrowsFormatException(null)" />
    </UnitTest>
    <UnitTest name="Init_DrmInitDataAvailable_ReturnsDrmInitData(ForUrl)" storage="/home/p.buczynski/git/code/juvo-player/juvoplayer.tests/bin/debug/netcoreapp2.0/juvoplayer.tests.dll" id="b65dd040-cffc-7925-78a1-ceba0c7979b8">
      <Execution id="a896f5a8-e0c8-446b-8556-9d925572370b" />
      <TestMethod codeBase="/home/p.buczynski/git/code/juvo-player/JuvoPlayer.Tests/bin/Debug/netcoreapp2.0/JuvoPlayer.Tests.dll" adapterTypeName="executor://nunit3testexecutor/" className="JuvoPlayer.Tests.UnitTests.TSFFmpegDemuxer" name="Init_DrmInitDataAvailable_ReturnsDrmInitData(ForUrl)" />
    </UnitTest>
    <UnitTest name="Reset_CalledWhileDataSourcePublishedChunk_SkipsPublishedChunk" storage="/home/p.buczynski/git/code/juvo-player/juvoplayer.tests/bin/debug/netcoreapp2.0/juvoplayer.tests.dll" id="b6c7b137-6c12-aa0e-37c0-885b1840aaf2">
      <Execution id="e1a2cdd9-183f-4e6a-9c6b-550f97ddd37f" />
      <TestMethod codeBase="/home/p.buczynski/git/code/juvo-player/JuvoPlayer.Tests/bin/Debug/netcoreapp2.0/JuvoPlayer.Tests.dll" adapterTypeName="executor://nunit3testexecutor/" className="JuvoPlayer.Tests.UnitTests.TSDemuxerController" name="Reset_CalledWhileDataSourcePublishedChunk_SkipsPublishedChunk" />
    </UnitTest>
    <UnitTest name="SupportsSystemId_InvalidSystemId_ReturnsFalse" storage="/home/p.buczynski/git/code/juvo-player/juvoplayer.tests/bin/debug/netcoreapp2.0/juvoplayer.tests.dll" id="c08a0c23-7b43-812c-9f19-03172b742d8a">
      <Execution id="aa5955af-df87-4a29-a75c-858c1d47148b" />
      <TestMethod codeBase="/home/p.buczynski/git/code/juvo-player/JuvoPlayer.Tests/bin/Debug/netcoreapp2.0/JuvoPlayer.Tests.dll" adapterTypeName="executor://nunit3testexecutor/" className="JuvoPlayer.Tests.UnitTests.TSCencUtils" name="SupportsSystemId_InvalidSystemId_ReturnsFalse" />
    </UnitTest>
    <UnitTest name="TestInvalidLogLevel" storage="/home/p.buczynski/git/code/juvo-player/juvoplayer.tests/bin/debug/netcoreapp2.0/juvoplayer.tests.dll" id="4f7bdc50-58ea-1837-577f-74ef6cb0ffb7">
      <Execution id="2d49900b-6d24-4ff3-841d-65cd552baa19" />
      <TestMethod codeBase="/home/p.buczynski/git/code/juvo-player/JuvoPlayer.Tests/bin/Debug/netcoreapp2.0/JuvoPlayer.Tests.dll" adapterTypeName="executor://nunit3testexecutor/" className="JuvoPlayer.Tests.UnitTests.TSLoggerBase" name="TestInvalidLogLevel" />
    </UnitTest>
    <UnitTest name="Get_ValidKey_ReturnsCue" storage="/home/p.buczynski/git/code/juvo-player/juvoplayer.tests/bin/debug/netcoreapp2.0/juvoplayer.tests.dll" id="757b9a3e-991f-064f-0f95-6721183441ff">
      <Execution id="5d435063-25ac-4c60-911e-56ba5855b487" />
      <TestMethod codeBase="/home/p.buczynski/git/code/juvo-player/JuvoPlayer.Tests/bin/Debug/netcoreapp2.0/JuvoPlayer.Tests.dll" adapterTypeName="executor://nunit3testexecutor/" className="JuvoPlayer.Tests.UnitTests.TSCuesMap" name="Get_ValidKey_ReturnsCue" />
    </UnitTest>
    <UnitTest name="Reset_CalledWhileFlushIsInProgress_CancelsFlush" storage="/home/p.buczynski/git/code/juvo-player/juvoplayer.tests/bin/debug/netcoreapp2.0/juvoplayer.tests.dll" id="e63e97dd-9e6c-4645-bf1f-6cbc1114526d">
      <Execution id="3fb19342-8ac1-4de7-9c7e-7a5e3984ea06" />
      <TestMethod codeBase="/home/p.buczynski/git/code/juvo-player/JuvoPlayer.Tests/bin/Debug/netcoreapp2.0/JuvoPlayer.Tests.dll" adapterTypeName="executor://nunit3testexecutor/" className="JuvoPlayer.Tests.UnitTests.TSDemuxerController" name="Reset_CalledWhileFlushIsInProgress_CancelsFlush" />
    </UnitTest>
    <UnitTest name="Get_MapIsEmpty_ReturnsNull" storage="/home/p.buczynski/git/code/juvo-player/juvoplayer.tests/bin/debug/netcoreapp2.0/juvoplayer.tests.dll" id="e7c41882-0f2b-10a3-a41f-5cb13aefcf02">
      <Execution id="a37a7c60-6384-44ca-a5e6-9efebeef3b54" />
      <TestMethod codeBase="/home/p.buczynski/git/code/juvo-player/JuvoPlayer.Tests/bin/Debug/netcoreapp2.0/JuvoPlayer.Tests.dll" adapterTypeName="executor://nunit3testexecutor/" className="JuvoPlayer.Tests.UnitTests.TSCuesMap" name="Get_MapIsEmpty_ReturnsNull" />
    </UnitTest>
    <UnitTest name="Seek_Called_ResumesDemuxer" storage="/home/p.buczynski/git/code/juvo-player/juvoplayer.tests/bin/debug/netcoreapp2.0/juvoplayer.tests.dll" id="0bc18307-cfdc-0782-2c49-73e26dab37df">
      <Execution id="626932d4-8569-4a0f-8bdc-5866331c8d19" />
      <TestMethod codeBase="/home/p.buczynski/git/code/juvo-player/JuvoPlayer.Tests/bin/Debug/netcoreapp2.0/JuvoPlayer.Tests.dll" adapterTypeName="executor://nunit3testexecutor/" className="JuvoPlayer.Tests.UnitTests.TSHLSDataProvider" name="Seek_Called_ResumesDemuxer" />
    </UnitTest>
    <UnitTest name="ParseTimeLine_TimeLineIsValid_ParsesSuccessfully(&quot;01:18.171 --&gt; 01:20.171&quot;)" storage="/home/p.buczynski/git/code/juvo-player/juvoplayer.tests/bin/debug/netcoreapp2.0/juvoplayer.tests.dll" id="d92b4795-1b5e-a5e3-4306-d72267a0cfd6">
      <Execution id="25cefb3c-d559-4ace-a8fe-a9de39f5a586" />
      <TestMethod codeBase="/home/p.buczynski/git/code/juvo-player/JuvoPlayer.Tests/bin/Debug/netcoreapp2.0/JuvoPlayer.Tests.dll" adapterTypeName="executor://nunit3testexecutor/" className="JuvoPlayer.Tests.UnitTests.TSWebVttSubtitleParser" name="ParseTimeLine_TimeLineIsValid_ParsesSuccessfully(&quot;01:18.171 --&gt; 01:20.171&quot;)" />
    </UnitTest>
    <UnitTest name="Take_MultipleAdds_ProperlyReturnsData" storage="/home/p.buczynski/git/code/juvo-player/juvoplayer.tests/bin/debug/netcoreapp2.0/juvoplayer.tests.dll" id="cbd08089-7dfa-f39a-6544-f54af436e9b1">
      <Execution id="f61385a4-0510-4555-a127-b0799079613e" />
      <TestMethod codeBase="/home/p.buczynski/git/code/juvo-player/JuvoPlayer.Tests/bin/Debug/netcoreapp2.0/JuvoPlayer.Tests.dll" adapterTypeName="executor://nunit3testexecutor/" className="JuvoPlayer.Tests.UnitTests.TSChunksBuffer" name="Take_MultipleAdds_ProperlyReturnsData" />
    </UnitTest>
    <UnitTest name="TestGetInstanceBeforeConfigure" storage="/home/p.buczynski/git/code/juvo-player/juvoplayer.tests/bin/debug/netcoreapp2.0/juvoplayer.tests.dll" id="2fcfa690-0061-2be9-893e-b95e28348722">
      <Execution id="391057ed-832a-4ef6-9916-5a22185244ae" />
      <TestMethod codeBase="/home/p.buczynski/git/code/juvo-player/JuvoPlayer.Tests/bin/Debug/netcoreapp2.0/JuvoPlayer.Tests.dll" adapterTypeName="executor://nunit3testexecutor/" className="JuvoPlayer.Tests.UnitTests.TSLoggerManager" name="TestGetInstanceBeforeConfigure" />
    </UnitTest>
    <UnitTest name="ParseTime_TimeFormatIsInvalid_ThrowsFormatException(&quot;0,0,0.0&quot;)" storage="/home/p.buczynski/git/code/juvo-player/juvoplayer.tests/bin/debug/netcoreapp2.0/juvoplayer.tests.dll" id="ecb58899-c328-f985-2c0b-ed632069fc86">
      <Execution id="decdeb03-4f44-4bd5-9c76-d1bd05fb3729" />
      <TestMethod codeBase="/home/p.buczynski/git/code/juvo-player/JuvoPlayer.Tests/bin/Debug/netcoreapp2.0/JuvoPlayer.Tests.dll" adapterTypeName="executor://nunit3testexecutor/" className="JuvoPlayer.Tests.UnitTests.TSWebVttSubtitleParser" name="ParseTime_TimeFormatIsInvalid_ThrowsFormatException(&quot;0,0,0.0&quot;)" />
    </UnitTest>
    <UnitTest name="ParseTime_WhenTimeFormatIsInvalid_ThrowsFormatException(&quot;25:02:17&quot;)" storage="/home/p.buczynski/git/code/juvo-player/juvoplayer.tests/bin/debug/netcoreapp2.0/juvoplayer.tests.dll" id="d281a02d-385b-cf02-8059-643dcf52507d">
      <Execution id="46e7a0dc-c926-4daa-8ffd-5cd069523fbb" />
      <TestMethod codeBase="/home/p.buczynski/git/code/juvo-player/JuvoPlayer.Tests/bin/Debug/netcoreapp2.0/JuvoPlayer.Tests.dll" adapterTypeName="executor://nunit3testexecutor/" className="JuvoPlayer.Tests.UnitTests.TSSrtSubtitleParser" name="ParseTime_WhenTimeFormatIsInvalid_ThrowsFormatException(&quot;25:02:17&quot;)" />
    </UnitTest>
    <UnitTest name="OnStreamConfigChanged_WhenStreamConfigIsValid_CallsContextExtraDataHandler" storage="/home/p.buczynski/git/code/juvo-player/juvoplayer.tests/bin/debug/netcoreapp2.0/juvoplayer.tests.dll" id="2d85f549-8828-c240-c852-fbc1c3d942b1">
      <Execution id="75a91c7b-9788-492c-987b-b556365fdacd" />
      <TestMethod codeBase="/home/p.buczynski/git/code/juvo-player/JuvoPlayer.Tests/bin/Debug/netcoreapp2.0/JuvoPlayer.Tests.dll" adapterTypeName="executor://nunit3testexecutor/" className="JuvoPlayer.Tests.UnitTests.TSPacketStream" name="OnStreamConfigChanged_WhenStreamConfigIsValid_CallsContextExtraDataHandler" />
    </UnitTest>
    <UnitTest name="OnAppendPacket_WhenConfigured_CallsPlayerAdapter" storage="/home/p.buczynski/git/code/juvo-player/juvoplayer.tests/bin/debug/netcoreapp2.0/juvoplayer.tests.dll" id="13dadd02-cded-047c-5edf-08e7f9cf5113">
      <Execution id="14aed3a6-bb8f-46a9-9912-73d2e88c61aa" />
      <TestMethod codeBase="/home/p.buczynski/git/code/juvo-player/JuvoPlayer.Tests/bin/Debug/netcoreapp2.0/JuvoPlayer.Tests.dll" adapterTypeName="executor://nunit3testexecutor/" className="JuvoPlayer.Tests.UnitTests.TSPacketStream" name="OnAppendPacket_WhenConfigured_CallsPlayerAdapter" />
    </UnitTest>
    <UnitTest name="Parse_DifferentEncodings_ParsesSuccessfully(&quot;JuvoPlayer.Tests.res.subtitles.media_player_subs_windows-1254.srt&quot;,&quot;windows-1254&quot;,&quot;[Turkish] 3.5: Çç Ğğ Öö Üü Şş ¡ ¿ § µ ¾&quot;)" storage="/home/p.buczynski/git/code/juvo-player/juvoplayer.tests/bin/debug/netcoreapp2.0/juvoplayer.tests.dll" id="bd93227b-c515-27be-ca4c-f543b843cc7e">
      <Execution id="71eef89b-d472-4276-9107-e18cce7fef79" />
      <TestMethod codeBase="/home/p.buczynski/git/code/juvo-player/JuvoPlayer.Tests/bin/Debug/netcoreapp2.0/JuvoPlayer.Tests.dll" adapterTypeName="executor://nunit3testexecutor/" className="JuvoPlayer.Tests.IntegrationTests.TSSubtitleFacade" name="Parse_DifferentEncodings_ParsesSuccessfully(&quot;JuvoPlayer.Tests.res.subtitles.media_player_subs_windows-1254.srt&quot;,&quot;windows-1254&quot;,&quot;[Turkish] 3.5: Çç Ğğ Öö Üü Şş ¡ ¿ § µ ¾&quot;)" />
    </UnitTest>
    <UnitTest name="ParseTime_WhenTimeFormatIsInvalid_ThrowsFormatException(&quot;a.b.c.d&quot;)" storage="/home/p.buczynski/git/code/juvo-player/juvoplayer.tests/bin/debug/netcoreapp2.0/juvoplayer.tests.dll" id="d69bd21c-4887-795d-066d-a5d448489d31">
      <Execution id="8c2b884e-1be5-42e8-b620-f6a86fce3012" />
      <TestMethod codeBase="/home/p.buczynski/git/code/juvo-player/JuvoPlayer.Tests/bin/Debug/netcoreapp2.0/JuvoPlayer.Tests.dll" adapterTypeName="executor://nunit3testexecutor/" className="JuvoPlayer.Tests.UnitTests.TSSrtSubtitleParser" name="ParseTime_WhenTimeFormatIsInvalid_ThrowsFormatException(&quot;a.b.c.d&quot;)" />
    </UnitTest>
    <UnitTest name="TakeAsync_TokenCancelled_ThrowsTaskCanceledException" storage="/home/p.buczynski/git/code/juvo-player/juvoplayer.tests/bin/debug/netcoreapp2.0/juvoplayer.tests.dll" id="4131df9f-9d50-eb51-fb6f-119ab1926039">
      <Execution id="2391a39e-e44a-4aab-8c0a-e684144a7b00" />
      <TestMethod codeBase="/home/p.buczynski/git/code/juvo-player/JuvoPlayer.Tests/bin/Debug/netcoreapp2.0/JuvoPlayer.Tests.dll" adapterTypeName="executor://nunit3testexecutor/" className="JuvoPlayer.Tests.UnitTests.TSChunksBuffer" name="TakeAsync_TokenCancelled_ThrowsTaskCanceledException" />
    </UnitTest>
    <UnitTest name="ParseTimeLine_WhenLineIsInvalid_ThrowsFormatException(&quot;00:02:17,440 --&gt;&quot;)" storage="/home/p.buczynski/git/code/juvo-player/juvoplayer.tests/bin/debug/netcoreapp2.0/juvoplayer.tests.dll" id="14bf11d8-cd56-b03e-b93b-91e02f6e5782">
      <Execution id="f5ef6f72-581b-4580-9056-31c2d6f760db" />
      <TestMethod codeBase="/home/p.buczynski/git/code/juvo-player/JuvoPlayer.Tests/bin/Debug/netcoreapp2.0/JuvoPlayer.Tests.dll" adapterTypeName="executor://nunit3testexecutor/" className="JuvoPlayer.Tests.UnitTests.TSSrtSubtitleParser" name="ParseTimeLine_WhenLineIsInvalid_ThrowsFormatException(&quot;00:02:17,440 --&gt;&quot;)" />
    </UnitTest>
    <UnitTest name="Init_ClipDurationAvailable_ReturnsDuration(ForUrl)" storage="/home/p.buczynski/git/code/juvo-player/juvoplayer.tests/bin/debug/netcoreapp2.0/juvoplayer.tests.dll" id="6da6330c-b6fa-01a4-6fe8-ff39b10cad90">
      <Execution id="48f019b1-c077-4ae5-9269-9fab2ea7ae67" />
      <TestMethod codeBase="/home/p.buczynski/git/code/juvo-player/JuvoPlayer.Tests/bin/Debug/netcoreapp2.0/JuvoPlayer.Tests.dll" adapterTypeName="executor://nunit3testexecutor/" className="JuvoPlayer.Tests.UnitTests.TSFFmpegDemuxer" name="Init_ClipDurationAvailable_ReturnsDuration(ForUrl)" />
    </UnitTest>
    <UnitTest name="TestLoggerBase" storage="/home/p.buczynski/git/code/juvo-player/juvoplayer.tests/bin/debug/netcoreapp2.0/juvoplayer.tests.dll" id="9bf965f4-b07a-9f83-7d3c-04862d018a76">
      <Execution id="810557d2-5654-4b63-aeed-d61eb39e6b3a" />
      <TestMethod codeBase="/home/p.buczynski/git/code/juvo-player/JuvoPlayer.Tests/bin/Debug/netcoreapp2.0/JuvoPlayer.Tests.dll" adapterTypeName="executor://nunit3testexecutor/" className="JuvoPlayer.Tests.UnitTests.TSLoggerBase" name="TestLoggerBase" />
    </UnitTest>
    <UnitTest name="Resolve_SrtSubtitleInfo_ReturnsSrtFormat" storage="/home/p.buczynski/git/code/juvo-player/juvoplayer.tests/bin/debug/netcoreapp2.0/juvoplayer.tests.dll" id="30591759-8bfa-94ac-8ed2-5b8e57e7d2b3">
      <Execution id="cd65ce9b-c229-4116-b3ea-a48760e758ba" />
      <TestMethod codeBase="/home/p.buczynski/git/code/juvo-player/JuvoPlayer.Tests/bin/Debug/netcoreapp2.0/JuvoPlayer.Tests.dll" adapterTypeName="executor://nunit3testexecutor/" className="JuvoPlayer.Tests.UnitTests.TSSubtitleFormatResolver" name="Resolve_SrtSubtitleInfo_ReturnsSrtFormat" />
    </UnitTest>
    <UnitTest name="OnAppendPacket_WhenDrmSessionIsConfigured_CallsPlayerAdapter" storage="/home/p.buczynski/git/code/juvo-player/juvoplayer.tests/bin/debug/netcoreapp2.0/juvoplayer.tests.dll" id="dc2e53b3-b4b5-d431-a2a2-41dcd332c80c">
      <Execution id="86aaf90f-6396-4601-9f44-5e1295d91798" />
      <TestMethod codeBase="/home/p.buczynski/git/code/juvo-player/JuvoPlayer.Tests/bin/Debug/netcoreapp2.0/JuvoPlayer.Tests.dll" adapterTypeName="executor://nunit3testexecutor/" className="JuvoPlayer.Tests.UnitTests.TSPacketStream" name="OnAppendPacket_WhenDrmSessionIsConfigured_CallsPlayerAdapter" />
    </UnitTest>
    <UnitTest name="Flush_Called_ResetsDemuxer" storage="/home/p.buczynski/git/code/juvo-player/juvoplayer.tests/bin/debug/netcoreapp2.0/juvoplayer.tests.dll" id="8b7b35e7-42f3-7119-a9bd-fd9bc70bdd46">
      <Execution id="cb4b79cc-46b1-42b4-a71e-a666502c1d56" />
      <TestMethod codeBase="/home/p.buczynski/git/code/juvo-player/JuvoPlayer.Tests/bin/Debug/netcoreapp2.0/JuvoPlayer.Tests.dll" adapterTypeName="executor://nunit3testexecutor/" className="JuvoPlayer.Tests.UnitTests.TSDemuxerController" name="Flush_Called_ResetsDemuxer" />
    </UnitTest>
    <UnitTest name="Compare_VariousTimes_ReturnsExpectedValues(15,0)" storage="/home/p.buczynski/git/code/juvo-player/juvoplayer.tests/bin/debug/netcoreapp2.0/juvoplayer.tests.dll" id="40b95933-2c83-039d-2a88-0479b1ded531">
      <Execution id="76d8ceac-6076-4006-b783-6c3544dc1d60" />
      <TestMethod codeBase="/home/p.buczynski/git/code/juvo-player/JuvoPlayer.Tests/bin/Debug/netcoreapp2.0/JuvoPlayer.Tests.dll" adapterTypeName="executor://nunit3testexecutor/" className="JuvoPlayer.Tests.UnitTests.TSCue" name="Compare_VariousTimes_ReturnsExpectedValues(15,0)" />
    </UnitTest>
    <UnitTest name="Parse_DifferentEncodings_ParsesSuccessfully(&quot;JuvoPlayer.Tests.res.subtitles.media_player_subs_windows-1253.srt&quot;,&quot;windows-1253&quot;,&quot;[Greek] 3.5: Άά Αα Ββ Γγ Δδ Εε Ζζ Ηη Θθ Ιι Κκ Λλ Ξξ Ψψ Ωω ώ&quot;)" storage="/home/p.buczynski/git/code/juvo-player/juvoplayer.tests/bin/debug/netcoreapp2.0/juvoplayer.tests.dll" id="188b81ef-d6d5-d5db-9dda-ab27251848f9">
      <Execution id="11df691c-f406-4977-bf7e-f01ce33ed252" />
      <TestMethod codeBase="/home/p.buczynski/git/code/juvo-player/JuvoPlayer.Tests/bin/Debug/netcoreapp2.0/JuvoPlayer.Tests.dll" adapterTypeName="executor://nunit3testexecutor/" className="JuvoPlayer.Tests.IntegrationTests.TSSubtitleFacade" name="Parse_DifferentEncodings_ParsesSuccessfully(&quot;JuvoPlayer.Tests.res.subtitles.media_player_subs_windows-1253.srt&quot;,&quot;windows-1253&quot;,&quot;[Greek] 3.5: Άά Αα Ββ Γγ Δδ Εε Ζζ Ηη Θθ Ιι Κκ Λλ Ξξ Ψψ Ωω ώ&quot;)" />
    </UnitTest>
    <UnitTest name="Reached_SecondPacketReachesBarrier_BarrierIsReached" storage="/home/p.buczynski/git/code/juvo-player/juvoplayer.tests/bin/debug/netcoreapp2.0/juvoplayer.tests.dll" id="852b5e0e-9762-784e-5557-e2cf4ea73784">
      <Execution id="0dc76c7c-6111-46d2-848a-56423e9ab9a9" />
      <TestMethod codeBase="/home/p.buczynski/git/code/juvo-player/JuvoPlayer.Tests/bin/Debug/netcoreapp2.0/JuvoPlayer.Tests.dll" adapterTypeName="executor://nunit3testexecutor/" className="JuvoPlayer.Tests.UnitTests.TSPacketBarrier" name="Reached_SecondPacketReachesBarrier_BarrierIsReached" />
    </UnitTest>
    <UnitTest name="ParseTimeLine_TimeLineIsValid_ParsesSuccessfully(&quot;01:18.171 --&gt; 01:20.171 position:10%,line-left align:left size:35%&quot;)" storage="/home/p.buczynski/git/code/juvo-player/juvoplayer.tests/bin/debug/netcoreapp2.0/juvoplayer.tests.dll" id="fd067bbf-348e-1b3b-3bb2-93d8b6657abe">
      <Execution id="b2ace58f-2d29-4295-ad19-3f46c831c8d2" />
      <TestMethod codeBase="/home/p.buczynski/git/code/juvo-player/JuvoPlayer.Tests/bin/Debug/netcoreapp2.0/JuvoPlayer.Tests.dll" adapterTypeName="executor://nunit3testexecutor/" className="JuvoPlayer.Tests.UnitTests.TSWebVttSubtitleParser" name="ParseTimeLine_TimeLineIsValid_ParsesSuccessfully(&quot;01:18.171 --&gt; 01:20.171 position:10%,line-left align:left size:35%&quot;)" />
    </UnitTest>
    <UnitTest name="ParseTime_TimeFormatIsInvalid_ThrowsFormatException(&quot;0.0.0.0&quot;)" storage="/home/p.buczynski/git/code/juvo-player/juvoplayer.tests/bin/debug/netcoreapp2.0/juvoplayer.tests.dll" id="6edbc781-4e0b-a9f7-1870-a384b19f1879">
      <Execution id="1dcd24e5-1e75-4de8-ac79-ec4be5855d96" />
      <TestMethod codeBase="/home/p.buczynski/git/code/juvo-player/JuvoPlayer.Tests/bin/Debug/netcoreapp2.0/JuvoPlayer.Tests.dll" adapterTypeName="executor://nunit3testexecutor/" className="JuvoPlayer.Tests.UnitTests.TSWebVttSubtitleParser" name="ParseTime_TimeFormatIsInvalid_ThrowsFormatException(&quot;0.0.0.0&quot;)" />
    </UnitTest>
    <UnitTest name="Parse_DifferentEncodings_ParsesSuccessfully(&quot;JuvoPlayer.Tests.res.subtitles.media_player_subs_utf8.srt&quot;,&quot;utf-8&quot;,&quot;[UTF-8] 3.0: 고양이. Чч Щщ Ъъ. Óó Śś Źź. Ýý Ţţ Ł €. 猫.&quot;)" storage="/home/p.buczynski/git/code/juvo-player/juvoplayer.tests/bin/debug/netcoreapp2.0/juvoplayer.tests.dll" id="5086e7e5-6679-888c-406b-de1ba0a5028e">
      <Execution id="5f295c85-020c-4e97-8a5b-853af501d9fe" />
      <TestMethod codeBase="/home/p.buczynski/git/code/juvo-player/JuvoPlayer.Tests/bin/Debug/netcoreapp2.0/JuvoPlayer.Tests.dll" adapterTypeName="executor://nunit3testexecutor/" className="JuvoPlayer.Tests.IntegrationTests.TSSubtitleFacade" name="Parse_DifferentEncodings_ParsesSuccessfully(&quot;JuvoPlayer.Tests.res.subtitles.media_player_subs_utf8.srt&quot;,&quot;utf-8&quot;,&quot;[UTF-8] 3.0: 고양이. Чч Щщ Ъъ. Óó Śś Źź. Ýý Ţţ Ł €. 猫.&quot;)" />
    </UnitTest>
    <UnitTest name="Start_PacketsDemuxed_PublishesPackets(StartForUrl)" storage="/home/p.buczynski/git/code/juvo-player/juvoplayer.tests/bin/debug/netcoreapp2.0/juvoplayer.tests.dll" id="5652ce59-b2d8-d716-cc63-db9d5225d1de">
      <Execution id="8db535b4-bc87-477b-b7fd-55eac80554d0" />
      <TestMethod codeBase="/home/p.buczynski/git/code/juvo-player/JuvoPlayer.Tests/bin/Debug/netcoreapp2.0/JuvoPlayer.Tests.dll" adapterTypeName="executor://nunit3testexecutor/" className="JuvoPlayer.Tests.UnitTests.TSDemuxerController" name="Start_PacketsDemuxed_PublishesPackets(StartForUrl)" />
    </UnitTest>
    <UnitTest name="Parse_DifferentEncodings_ParsesSuccessfully(&quot;JuvoPlayer.Tests.res.subtitles.media_player_subs_windows-1258.srt&quot;,&quot;windows-1258&quot;,&quot;[Vietnamese] 0.5: Àà Áá Ââ Ææ Çç Đđ Èè Ïï Ăă Ññ Ơơ Øø Ưư ₫ £ €&quot;)" storage="/home/p.buczynski/git/code/juvo-player/juvoplayer.tests/bin/debug/netcoreapp2.0/juvoplayer.tests.dll" id="d344b394-6cc8-3bd8-7dae-88c5607a157d">
      <Execution id="c375e09c-7ae7-4ed8-8b07-573fb2ed3cb1" />
      <TestMethod codeBase="/home/p.buczynski/git/code/juvo-player/JuvoPlayer.Tests/bin/Debug/netcoreapp2.0/JuvoPlayer.Tests.dll" adapterTypeName="executor://nunit3testexecutor/" className="JuvoPlayer.Tests.IntegrationTests.TSSubtitleFacade" name="Parse_DifferentEncodings_ParsesSuccessfully(&quot;JuvoPlayer.Tests.res.subtitles.media_player_subs_windows-1258.srt&quot;,&quot;windows-1258&quot;,&quot;[Vietnamese] 0.5: Àà Áá Ââ Ææ Çç Đđ Èè Ïï Ăă Ññ Ơơ Øø Ưư ₫ £ €&quot;)" />
    </UnitTest>
    <UnitTest name="TakeAsync_SizeLessThanBufferSize_ReturnsRequestedSize" storage="/home/p.buczynski/git/code/juvo-player/juvoplayer.tests/bin/debug/netcoreapp2.0/juvoplayer.tests.dll" id="29f4eefb-fddf-c444-6e0a-5e03485d543c">
      <Execution id="64a8c186-8dc4-416b-9f81-e5eecc047318" />
      <TestMethod codeBase="/home/p.buczynski/git/code/juvo-player/JuvoPlayer.Tests/bin/Debug/netcoreapp2.0/JuvoPlayer.Tests.dll" adapterTypeName="executor://nunit3testexecutor/" className="JuvoPlayer.Tests.UnitTests.TSChunksBuffer" name="TakeAsync_SizeLessThanBufferSize_ReturnsRequestedSize" />
    </UnitTest>
    <UnitTest name="Reset_Called_ResetsDemuxer" storage="/home/p.buczynski/git/code/juvo-player/juvoplayer.tests/bin/debug/netcoreapp2.0/juvoplayer.tests.dll" id="13c9576e-1060-3a96-db24-b3da48519d05">
      <Execution id="3e4d1ed8-688d-4754-b9d4-125b4184bddb" />
      <TestMethod codeBase="/home/p.buczynski/git/code/juvo-player/JuvoPlayer.Tests/bin/Debug/netcoreapp2.0/JuvoPlayer.Tests.dll" adapterTypeName="executor://nunit3testexecutor/" className="JuvoPlayer.Tests.UnitTests.TSDemuxerController" name="Reset_Called_ResetsDemuxer" />
    </UnitTest>
    <UnitTest name="Serialization_OperationSerialized_DeserializedProperly(JuvoPlayer.Tests.Utils.ChangeRepresentationOperation)" storage="/home/p.buczynski/git/code/juvo-player/juvoplayer.tests/bin/debug/netcoreapp2.0/juvoplayer.tests.dll" id="31911a88-751c-bf36-b733-4c5fb543e8b3">
      <Execution id="15d84a9a-3217-4e5b-995c-96f080f5fe35" />
      <TestMethod codeBase="/home/p.buczynski/git/code/juvo-player/JuvoPlayer.Tests/bin/Debug/netcoreapp2.0/JuvoPlayer.Tests.dll" adapterTypeName="executor://nunit3testexecutor/" className="JuvoPlayer.Tests.IntegrationTests.TSOperationSerializer" name="Serialization_OperationSerialized_DeserializedProperly(JuvoPlayer.Tests.Utils.ChangeRepresentationOperation)" />
    </UnitTest>
    <UnitTest name="Take_MultipleTakes_ProperlyReturnsData" storage="/home/p.buczynski/git/code/juvo-player/juvoplayer.tests/bin/debug/netcoreapp2.0/juvoplayer.tests.dll" id="800df5e6-2778-4289-fb38-2692d926e438">
      <Execution id="df4aa9b6-bc17-424f-bb00-b6f67601693d" />
      <TestMethod codeBase="/home/p.buczynski/git/code/juvo-player/JuvoPlayer.Tests/bin/Debug/netcoreapp2.0/JuvoPlayer.Tests.dll" adapterTypeName="executor://nunit3testexecutor/" className="JuvoPlayer.Tests.UnitTests.TSChunksBuffer" name="Take_MultipleTakes_ProperlyReturnsData" />
    </UnitTest>
    <UnitTest name="Parse_DifferentEncodings_ParsesSuccessfully(&quot;JuvoPlayer.Tests.res.subtitles.subtitles_es.vtt&quot;,&quot;utf-8&quot;,&quot;Éstas son tierras de dragones, Sintel.&quot;)" storage="/home/p.buczynski/git/code/juvo-player/juvoplayer.tests/bin/debug/netcoreapp2.0/juvoplayer.tests.dll" id="aa4e9518-8a0d-c4b5-88b9-4da429c58985">
      <Execution id="2a479678-4ef6-4e64-8c8b-6570f2568e7f" />
      <TestMethod codeBase="/home/p.buczynski/git/code/juvo-player/JuvoPlayer.Tests/bin/Debug/netcoreapp2.0/JuvoPlayer.Tests.dll" adapterTypeName="executor://nunit3testexecutor/" className="JuvoPlayer.Tests.IntegrationTests.TSSubtitleFacade" name="Parse_DifferentEncodings_ParsesSuccessfully(&quot;JuvoPlayer.Tests.res.subtitles.subtitles_es.vtt&quot;,&quot;utf-8&quot;,&quot;Éstas son tierras de dragones, Sintel.&quot;)" />
    </UnitTest>
    <UnitTest name="AppParser_OK" storage="/home/p.buczynski/git/code/juvo-player/juvoplayer.tests/bin/debug/netcoreapp2.0/juvoplayer.tests.dll" id="f27ecf69-9c6a-7512-245c-df2210246910">
      <Execution id="52f1c681-db05-4ed4-856c-38b49630d4f7" />
      <TestMethod codeBase="/home/p.buczynski/git/code/juvo-player/JuvoPlayer.Tests/bin/Debug/netcoreapp2.0/JuvoPlayer.Tests.dll" adapterTypeName="executor://nunit3testexecutor/" className="JuvoPlayer.Tests.UnitTests.TSMPDParser" name="AppParser_OK" />
    </UnitTest>
    <UnitTest name="DeserializeJsonFile_ThrowsEmpty" storage="/home/p.buczynski/git/code/juvo-player/juvoplayer.tests/bin/debug/netcoreapp2.0/juvoplayer.tests.dll" id="bf726271-d726-9654-3c3e-7309912ba13e">
      <Execution id="8dd88827-500e-4d99-93b8-fe0e79a75169" />
      <TestMethod codeBase="/home/p.buczynski/git/code/juvo-player/JuvoPlayer.Tests/bin/Debug/netcoreapp2.0/JuvoPlayer.Tests.dll" adapterTypeName="executor://nunit3testexecutor/" className="JuvoPlayer.Tests.IntegrationTests.JSONFileReaderTests" name="DeserializeJsonFile_ThrowsEmpty" />
    </UnitTest>
    <UnitTest name="CompleteAdding_AddAsyncCalled_ThrowsInvalidOperationException" storage="/home/p.buczynski/git/code/juvo-player/juvoplayer.tests/bin/debug/netcoreapp2.0/juvoplayer.tests.dll" id="a01cf621-ca79-9bae-641f-945046dfdf90">
      <Execution id="29ac78da-39c0-4450-8ea1-7fb7d53aeb3d" />
      <TestMethod codeBase="/home/p.buczynski/git/code/juvo-player/JuvoPlayer.Tests/bin/Debug/netcoreapp2.0/JuvoPlayer.Tests.dll" adapterTypeName="executor://nunit3testexecutor/" className="JuvoPlayer.Tests.UnitTests.TSChunksBuffer" name="CompleteAdding_AddAsyncCalled_ThrowsInvalidOperationException" />
    </UnitTest>
    <UnitTest name="Start_PacketDemuxed_PublishesPacket(StartForUrl)" storage="/home/p.buczynski/git/code/juvo-player/juvoplayer.tests/bin/debug/netcoreapp2.0/juvoplayer.tests.dll" id="387dafbc-f6b1-0e58-56ab-e371f4acda38">
      <Execution id="6c550ad2-08eb-4889-9bb9-bf5de8de6fe5" />
      <TestMethod codeBase="/home/p.buczynski/git/code/juvo-player/JuvoPlayer.Tests/bin/Debug/netcoreapp2.0/JuvoPlayer.Tests.dll" adapterTypeName="executor://nunit3testexecutor/" className="JuvoPlayer.Tests.UnitTests.TSDemuxerController" name="Start_PacketDemuxed_PublishesPacket(StartForUrl)" />
    </UnitTest>
    <UnitTest name="Parse_DifferentEncodings_ParsesSuccessfully(&quot;JuvoPlayer.Tests.res.subtitles.subtitles_fr.vtt&quot;,&quot;utf-8&quot;,&quot;C'est bientôt fini. Chut...&quot;)" storage="/home/p.buczynski/git/code/juvo-player/juvoplayer.tests/bin/debug/netcoreapp2.0/juvoplayer.tests.dll" id="cbc3900a-27ac-f663-84c1-2e81fe605582">
      <Execution id="53043b5c-3eb8-4d3b-afab-a504332b06cc" />
      <TestMethod codeBase="/home/p.buczynski/git/code/juvo-player/JuvoPlayer.Tests/bin/Debug/netcoreapp2.0/JuvoPlayer.Tests.dll" adapterTypeName="executor://nunit3testexecutor/" className="JuvoPlayer.Tests.IntegrationTests.TSSubtitleFacade" name="Parse_DifferentEncodings_ParsesSuccessfully(&quot;JuvoPlayer.Tests.res.subtitles.subtitles_fr.vtt&quot;,&quot;utf-8&quot;,&quot;C'est bientôt fini. Chut...&quot;)" />
    </UnitTest>
    <UnitTest name="MoveToTimeLine_WebVttHasAllParts_ReturnsFirstTimeLine" storage="/home/p.buczynski/git/code/juvo-player/juvoplayer.tests/bin/debug/netcoreapp2.0/juvoplayer.tests.dll" id="1b0e12dd-7d88-c49c-b42d-b67339dc24f6">
      <Execution id="9e6a7c4a-65a3-4b89-a76a-b5d1028a4ba1" />
      <TestMethod codeBase="/home/p.buczynski/git/code/juvo-player/JuvoPlayer.Tests/bin/Debug/netcoreapp2.0/JuvoPlayer.Tests.dll" adapterTypeName="executor://nunit3testexecutor/" className="JuvoPlayer.Tests.UnitTests.TSWebVttSubtitleParser" name="MoveToTimeLine_WebVttHasAllParts_ReturnsFirstTimeLine" />
    </UnitTest>
    <UnitTest name="Start_StreamConfigFound_PublishesStreamConfig(StartForEs)" storage="/home/p.buczynski/git/code/juvo-player/juvoplayer.tests/bin/debug/netcoreapp2.0/juvoplayer.tests.dll" id="0d5e9659-8752-ad65-3659-a1154060e2e0">
      <Execution id="4eab6965-de77-4dfc-bd00-61d8854a3b6a" />
      <TestMethod codeBase="/home/p.buczynski/git/code/juvo-player/JuvoPlayer.Tests/bin/Debug/netcoreapp2.0/JuvoPlayer.Tests.dll" adapterTypeName="executor://nunit3testexecutor/" className="JuvoPlayer.Tests.UnitTests.TSDemuxerController" name="Start_StreamConfigFound_PublishesStreamConfig(StartForEs)" />
    </UnitTest>
    <UnitTest name="Init_StreamConfigAvailable_ReturnsStreamConfig(ForEs)" storage="/home/p.buczynski/git/code/juvo-player/juvoplayer.tests/bin/debug/netcoreapp2.0/juvoplayer.tests.dll" id="97595e50-425c-1bd9-270d-ac32868fdf2d">
      <Execution id="c7a34482-82b9-464b-a430-196ffcd88e34" />
      <TestMethod codeBase="/home/p.buczynski/git/code/juvo-player/JuvoPlayer.Tests/bin/Debug/netcoreapp2.0/JuvoPlayer.Tests.dll" adapterTypeName="executor://nunit3testexecutor/" className="JuvoPlayer.Tests.UnitTests.TSFFmpegDemuxer" name="Init_StreamConfigAvailable_ReturnsStreamConfig(ForEs)" />
    </UnitTest>
    <UnitTest name="GetStreamsDescription_ClipWithNoSubtitles_ReturnsEmptyList" storage="/home/p.buczynski/git/code/juvo-player/juvoplayer.tests/bin/debug/netcoreapp2.0/juvoplayer.tests.dll" id="d0f6acef-cfad-0d05-742a-6ff2e1b06efb">
      <Execution id="9032ab88-0fc6-42fb-bf4b-18e1d8a767c7" />
      <TestMethod codeBase="/home/p.buczynski/git/code/juvo-player/JuvoPlayer.Tests/bin/Debug/netcoreapp2.0/JuvoPlayer.Tests.dll" adapterTypeName="executor://nunit3testexecutor/" className="JuvoPlayer.Tests.UnitTests.TSHLSDataProvider" name="GetStreamsDescription_ClipWithNoSubtitles_ReturnsEmptyList" />
    </UnitTest>
    <UnitTest name="Reset_CalledAfterBarrierIsReached_ResetsBarrier" storage="/home/p.buczynski/git/code/juvo-player/juvoplayer.tests/bin/debug/netcoreapp2.0/juvoplayer.tests.dll" id="8783796f-a651-a81b-ada6-5919643ee00e">
      <Execution id="51493355-2291-42bf-9341-11a0011dc604" />
      <TestMethod codeBase="/home/p.buczynski/git/code/juvo-player/JuvoPlayer.Tests/bin/Debug/netcoreapp2.0/JuvoPlayer.Tests.dll" adapterTypeName="executor://nunit3testexecutor/" className="JuvoPlayer.Tests.UnitTests.TSPacketBarrier" name="Reset_CalledAfterBarrierIsReached_ResetsBarrier" />
    </UnitTest>
    <UnitTest name="MoveToTimeLine_WebVttHasNoTimeLine_ReturnsNull" storage="/home/p.buczynski/git/code/juvo-player/juvoplayer.tests/bin/debug/netcoreapp2.0/juvoplayer.tests.dll" id="4974b841-fe50-bc17-3fa6-12c238970853">
      <Execution id="7bf15b50-61bd-4048-914a-7b47c76519a9" />
      <TestMethod codeBase="/home/p.buczynski/git/code/juvo-player/JuvoPlayer.Tests/bin/Debug/netcoreapp2.0/JuvoPlayer.Tests.dll" adapterTypeName="executor://nunit3testexecutor/" className="JuvoPlayer.Tests.UnitTests.TSWebVttSubtitleParser" name="MoveToTimeLine_WebVttHasNoTimeLine_ReturnsNull" />
    </UnitTest>
    <UnitTest name="OnChangeActiveStream_UnknownSubtitles_ThrowsArgumentException" storage="/home/p.buczynski/git/code/juvo-player/juvoplayer.tests/bin/debug/netcoreapp2.0/juvoplayer.tests.dll" id="3a15d223-5377-905d-8b73-e96a8942d8f8">
      <Execution id="76cf8177-2715-4574-9cc2-0227011c6606" />
      <TestMethod codeBase="/home/p.buczynski/git/code/juvo-player/JuvoPlayer.Tests/bin/Debug/netcoreapp2.0/JuvoPlayer.Tests.dll" adapterTypeName="executor://nunit3testexecutor/" className="JuvoPlayer.Tests.UnitTests.TSHLSDataProvider" name="OnChangeActiveStream_UnknownSubtitles_ThrowsArgumentException" />
    </UnitTest>
    <UnitTest name="Start_ClipDurationFound_PublishesClipDuration(StartForEs)" storage="/home/p.buczynski/git/code/juvo-player/juvoplayer.tests/bin/debug/netcoreapp2.0/juvoplayer.tests.dll" id="8e853ee6-04cd-709e-3b10-3f4dc0ff936d">
      <Execution id="ac121621-494c-496f-b8d0-c57b1ffea9a8" />
      <TestMethod codeBase="/home/p.buczynski/git/code/juvo-player/JuvoPlayer.Tests/bin/Debug/netcoreapp2.0/JuvoPlayer.Tests.dll" adapterTypeName="executor://nunit3testexecutor/" className="JuvoPlayer.Tests.UnitTests.TSDemuxerController" name="Start_ClipDurationFound_PublishesClipDuration(StartForEs)" />
    </UnitTest>
    <UnitTest name="ParseText_TextHasTwoLines_ReturnsTextWithTwoSeparatedLines" storage="/home/p.buczynski/git/code/juvo-player/juvoplayer.tests/bin/debug/netcoreapp2.0/juvoplayer.tests.dll" id="9a9661dd-36b6-16db-2f09-bd73c6ac6d68">
      <Execution id="9e863881-680c-487a-88fd-1d1d6a10e747" />
      <TestMethod codeBase="/home/p.buczynski/git/code/juvo-player/JuvoPlayer.Tests/bin/Debug/netcoreapp2.0/JuvoPlayer.Tests.dll" adapterTypeName="executor://nunit3testexecutor/" className="JuvoPlayer.Tests.UnitTests.TSParserUtils" name="ParseText_TextHasTwoLines_ReturnsTextWithTwoSeparatedLines" />
    </UnitTest>
    <UnitTest name="ParseTime_WhenTimeFormatIsInvalid_ThrowsFormatException(null)" storage="/home/p.buczynski/git/code/juvo-player/juvoplayer.tests/bin/debug/netcoreapp2.0/juvoplayer.tests.dll" id="02fb1555-b786-4aa2-7007-ec43c1c9fbe1">
      <Execution id="1345e9f3-f482-423d-be2a-eb5e87ca03d1" />
      <TestMethod codeBase="/home/p.buczynski/git/code/juvo-player/JuvoPlayer.Tests/bin/Debug/netcoreapp2.0/JuvoPlayer.Tests.dll" adapterTypeName="executor://nunit3testexecutor/" className="JuvoPlayer.Tests.UnitTests.TSSrtSubtitleParser" name="ParseTime_WhenTimeFormatIsInvalid_ThrowsFormatException(null)" />
    </UnitTest>
    <UnitTest name="CompleteAdding_TakeAsyncCalled_ThrowsInvalidOperationException" storage="/home/p.buczynski/git/code/juvo-player/juvoplayer.tests/bin/debug/netcoreapp2.0/juvoplayer.tests.dll" id="f1c5443e-e0a7-e961-fdae-6f316e6bdffa">
      <Execution id="bc551823-46a8-4a29-8d8d-d5248cf0670d" />
      <TestMethod codeBase="/home/p.buczynski/git/code/juvo-player/JuvoPlayer.Tests/bin/Debug/netcoreapp2.0/JuvoPlayer.Tests.dll" adapterTypeName="executor://nunit3testexecutor/" className="JuvoPlayer.Tests.UnitTests.TSChunksBuffer" name="CompleteAdding_TakeAsyncCalled_ThrowsInvalidOperationException" />
    </UnitTest>
    <UnitTest name="ParseTimeLine_TimeLineIsValid_ParsesSuccessfully(&quot;01:18.171  --&gt;   01:20.171&quot;)" storage="/home/p.buczynski/git/code/juvo-player/juvoplayer.tests/bin/debug/netcoreapp2.0/juvoplayer.tests.dll" id="520722aa-6a80-b3d5-b800-d9703ed85ffc">
      <Execution id="4acc7545-e1d1-4bfc-95b3-d15dff5a0527" />
      <TestMethod codeBase="/home/p.buczynski/git/code/juvo-player/JuvoPlayer.Tests/bin/Debug/netcoreapp2.0/JuvoPlayer.Tests.dll" adapterTypeName="executor://nunit3testexecutor/" className="JuvoPlayer.Tests.UnitTests.TSWebVttSubtitleParser" name="ParseTimeLine_TimeLineIsValid_ParsesSuccessfully(&quot;01:18.171  --&gt;   01:20.171&quot;)" />
    </UnitTest>
    <UnitTest name="ParseTimeLine_WhenLineIsInvalid_ThrowsFormatException(&quot;00:02:17,440 - 00:02:20,375&quot;)" storage="/home/p.buczynski/git/code/juvo-player/juvoplayer.tests/bin/debug/netcoreapp2.0/juvoplayer.tests.dll" id="8c69b9b6-1758-6875-02cf-0ad701b0c4d3">
      <Execution id="ecb770bd-2c38-4743-aeaf-a78204c6ca0f" />
      <TestMethod codeBase="/home/p.buczynski/git/code/juvo-player/JuvoPlayer.Tests/bin/Debug/netcoreapp2.0/JuvoPlayer.Tests.dll" adapterTypeName="executor://nunit3testexecutor/" className="JuvoPlayer.Tests.UnitTests.TSSrtSubtitleParser" name="ParseTimeLine_WhenLineIsInvalid_ThrowsFormatException(&quot;00:02:17,440 - 00:02:20,375&quot;)" />
    </UnitTest>
    <UnitTest name="TimeToNextFrame_CalledBeforeFirstPacket_ThrowsInvalidOperationException" storage="/home/p.buczynski/git/code/juvo-player/juvoplayer.tests/bin/debug/netcoreapp2.0/juvoplayer.tests.dll" id="cb66aab4-74da-9d22-4f63-1827d111c973">
      <Execution id="c0aad408-ab86-43dc-a872-aa3af8b67504" />
      <TestMethod codeBase="/home/p.buczynski/git/code/juvo-player/JuvoPlayer.Tests/bin/Debug/netcoreapp2.0/JuvoPlayer.Tests.dll" adapterTypeName="executor://nunit3testexecutor/" className="JuvoPlayer.Tests.UnitTests.TSPacketBarrier" name="TimeToNextFrame_CalledBeforeFirstPacket_ThrowsInvalidOperationException" />
    </UnitTest>
    <UnitTest name="Start_DRMInitDataFound_PublishesDRMInitData(StartForUrl)" storage="/home/p.buczynski/git/code/juvo-player/juvoplayer.tests/bin/debug/netcoreapp2.0/juvoplayer.tests.dll" id="d7ac1929-9b02-b83c-c131-e7b03e1000aa">
      <Execution id="495426b8-67d8-4472-8920-2ccd1e46e39e" />
      <TestMethod codeBase="/home/p.buczynski/git/code/juvo-player/JuvoPlayer.Tests/bin/Debug/netcoreapp2.0/JuvoPlayer.Tests.dll" adapterTypeName="executor://nunit3testexecutor/" className="JuvoPlayer.Tests.UnitTests.TSDemuxerController" name="Start_DRMInitDataFound_PublishesDRMInitData(StartForUrl)" />
    </UnitTest>
    <UnitTest name="ResolveByPath_InvalidPath_ReturnInvalidFormat" storage="/home/p.buczynski/git/code/juvo-player/juvoplayer.tests/bin/debug/netcoreapp2.0/juvoplayer.tests.dll" id="1f7bba7b-44c7-d415-228c-13d53a0e097d">
      <Execution id="b1ca9074-00ec-40ea-8b1e-0289dadd170a" />
      <TestMethod codeBase="/home/p.buczynski/git/code/juvo-player/JuvoPlayer.Tests/bin/Debug/netcoreapp2.0/JuvoPlayer.Tests.dll" adapterTypeName="executor://nunit3testexecutor/" className="JuvoPlayer.Tests.UnitTests.TSSubtitleFormatResolver" name="ResolveByPath_InvalidPath_ReturnInvalidFormat" />
    </UnitTest>
    <UnitTest name="Parse_DifferentEncodings_ParsesSuccessfully(&quot;JuvoPlayer.Tests.res.subtitles.subtitles_en.vtt&quot;,&quot;utf-8&quot;,&quot;A dangerous quest for a lone hunter.&quot;)" storage="/home/p.buczynski/git/code/juvo-player/juvoplayer.tests/bin/debug/netcoreapp2.0/juvoplayer.tests.dll" id="fdaaee40-d5ec-3d57-52e3-ba061dbf8ab8">
      <Execution id="09b3658c-ac90-4fea-8167-2440aadbf4c3" />
      <TestMethod codeBase="/home/p.buczynski/git/code/juvo-player/JuvoPlayer.Tests/bin/Debug/netcoreapp2.0/JuvoPlayer.Tests.dll" adapterTypeName="executor://nunit3testexecutor/" className="JuvoPlayer.Tests.IntegrationTests.TSSubtitleFacade" name="Parse_DifferentEncodings_ParsesSuccessfully(&quot;JuvoPlayer.Tests.res.subtitles.subtitles_en.vtt&quot;,&quot;utf-8&quot;,&quot;A dangerous quest for a lone hunter.&quot;)" />
    </UnitTest>
    <UnitTest name="Serialization_AllOperationsSerialized_DeserializedProperly" storage="/home/p.buczynski/git/code/juvo-player/juvoplayer.tests/bin/debug/netcoreapp2.0/juvoplayer.tests.dll" id="f7156c87-b8b9-0e61-1608-47647affb3d9">
      <Execution id="7ab0861e-b209-43eb-815a-c66e84a7f99b" />
      <TestMethod codeBase="/home/p.buczynski/git/code/juvo-player/JuvoPlayer.Tests/bin/Debug/netcoreapp2.0/JuvoPlayer.Tests.dll" adapterTypeName="executor://nunit3testexecutor/" className="JuvoPlayer.Tests.IntegrationTests.TSOperationSerializer" name="Serialization_AllOperationsSerialized_DeserializedProperly" />
    </UnitTest>
    <UnitTest name="TestConfigureMultipleTimes" storage="/home/p.buczynski/git/code/juvo-player/juvoplayer.tests/bin/debug/netcoreapp2.0/juvoplayer.tests.dll" id="6ec026f1-46c9-6133-cbd4-a87c07ad774c">
      <Execution id="1d38b2b5-4de8-4201-87eb-b56410b87e52" />
      <TestMethod codeBase="/home/p.buczynski/git/code/juvo-player/JuvoPlayer.Tests/bin/Debug/netcoreapp2.0/JuvoPlayer.Tests.dll" adapterTypeName="executor://nunit3testexecutor/" className="JuvoPlayer.Tests.UnitTests.TSLoggerManager" name="TestConfigureMultipleTimes" />
    </UnitTest>
    <UnitTest name="DeserializeJsonText_ThrowsEmpty" storage="/home/p.buczynski/git/code/juvo-player/juvoplayer.tests/bin/debug/netcoreapp2.0/juvoplayer.tests.dll" id="f01d921c-ca10-b5d1-27ad-327291be9d87">
      <Execution id="710b491a-5bc9-4563-82c7-d6fac80b7b12" />
      <TestMethod codeBase="/home/p.buczynski/git/code/juvo-player/JuvoPlayer.Tests/bin/Debug/netcoreapp2.0/JuvoPlayer.Tests.dll" adapterTypeName="executor://nunit3testexecutor/" className="JuvoPlayer.Tests.IntegrationTests.JSONFileReaderTests" name="DeserializeJsonText_ThrowsEmpty" />
    </UnitTest>
    <UnitTest name="TestConsoleLogger" storage="/home/p.buczynski/git/code/juvo-player/juvoplayer.tests/bin/debug/netcoreapp2.0/juvoplayer.tests.dll" id="0b3f14e6-954c-5a2d-85d5-9644a0e349e2">
      <Execution id="c6098b29-a4e6-468c-a03d-cf7701ca75ae" />
      <TestMethod codeBase="/home/p.buczynski/git/code/juvo-player/JuvoPlayer.Tests/bin/Debug/netcoreapp2.0/JuvoPlayer.Tests.dll" adapterTypeName="executor://nunit3testexecutor/" className="JuvoPlayer.Tests.UnitTests.TSLoggerBase" name="TestConsoleLogger" />
    </UnitTest>
    <UnitTest name="GetDrmType_ValidType_ReturnsValid(&quot;playready&quot;,PlayReady)" storage="/home/p.buczynski/git/code/juvo-player/juvoplayer.tests/bin/debug/netcoreapp2.0/juvoplayer.tests.dll" id="a6d0eb97-9095-37a6-7ebf-53f8881d60f0">
      <Execution id="286d594b-6303-4ab8-8f3e-2326f9eb5c6d" />
      <TestMethod codeBase="/home/p.buczynski/git/code/juvo-player/JuvoPlayer.Tests/bin/Debug/netcoreapp2.0/JuvoPlayer.Tests.dll" adapterTypeName="executor://nunit3testexecutor/" className="JuvoPlayer.Tests.UnitTests.TSCencUtils" name="GetDrmType_ValidType_ReturnsValid(&quot;playready&quot;,PlayReady)" />
    </UnitTest>
    <UnitTest name="OnAppendPacket_WhenConfigured_CallsContextExtraDataHandler" storage="/home/p.buczynski/git/code/juvo-player/juvoplayer.tests/bin/debug/netcoreapp2.0/juvoplayer.tests.dll" id="cf536672-6dbb-41a2-84f9-ab59c52d810f">
      <Execution id="02ceefd3-714a-4dac-a874-3b4e956efd8e" />
      <TestMethod codeBase="/home/p.buczynski/git/code/juvo-player/JuvoPlayer.Tests/bin/Debug/netcoreapp2.0/JuvoPlayer.Tests.dll" adapterTypeName="executor://nunit3testexecutor/" className="JuvoPlayer.Tests.UnitTests.TSPacketStream" name="OnAppendPacket_WhenConfigured_CallsContextExtraDataHandler" />
    </UnitTest>
    <UnitTest name="Reached_SecondPacketIsNonDataPacket_BarrierIsNotReached" storage="/home/p.buczynski/git/code/juvo-player/juvoplayer.tests/bin/debug/netcoreapp2.0/juvoplayer.tests.dll" id="0d59dc87-668a-e439-20c3-2f6fcc18afb6">
      <Execution id="95825c0c-5164-482f-a3cb-a136ea31eefa" />
      <TestMethod codeBase="/home/p.buczynski/git/code/juvo-player/JuvoPlayer.Tests/bin/Debug/netcoreapp2.0/JuvoPlayer.Tests.dll" adapterTypeName="executor://nunit3testexecutor/" className="JuvoPlayer.Tests.UnitTests.TSPacketBarrier" name="Reached_SecondPacketIsNonDataPacket_BarrierIsNotReached" />
    </UnitTest>
    <UnitTest name="Reached_SecondPacketDoesntReachBarrier_BarrierIsNotReached" storage="/home/p.buczynski/git/code/juvo-player/juvoplayer.tests/bin/debug/netcoreapp2.0/juvoplayer.tests.dll" id="f81baf0f-ead9-5f35-fa39-b734665fe9b1">
      <Execution id="de1b08af-de9d-4f07-b09a-525cfa794954" />
      <TestMethod codeBase="/home/p.buczynski/git/code/juvo-player/JuvoPlayer.Tests/bin/Debug/netcoreapp2.0/JuvoPlayer.Tests.dll" adapterTypeName="executor://nunit3testexecutor/" className="JuvoPlayer.Tests.UnitTests.TSPacketBarrier" name="Reached_SecondPacketDoesntReachBarrier_BarrierIsNotReached" />
    </UnitTest>
    <UnitTest name="Serialization_OperationSerialized_DeserializedProperly(JuvoPlayer.Tests.Utils.DelayOperation)" storage="/home/p.buczynski/git/code/juvo-player/juvoplayer.tests/bin/debug/netcoreapp2.0/juvoplayer.tests.dll" id="88dd71ef-8824-feb9-a45c-d465619740f7">
      <Execution id="ab5aa279-64fe-4829-8cce-52fe1dbfe73f" />
      <TestMethod codeBase="/home/p.buczynski/git/code/juvo-player/JuvoPlayer.Tests/bin/Debug/netcoreapp2.0/JuvoPlayer.Tests.dll" adapterTypeName="executor://nunit3testexecutor/" className="JuvoPlayer.Tests.IntegrationTests.TSOperationSerializer" name="Serialization_OperationSerialized_DeserializedProperly(JuvoPlayer.Tests.Utils.DelayOperation)" />
    </UnitTest>
    <UnitTest name="TestConfigureWithDefaultLevels" storage="/home/p.buczynski/git/code/juvo-player/juvoplayer.tests/bin/debug/netcoreapp2.0/juvoplayer.tests.dll" id="34dfc2c1-12c5-e35a-2da9-15862f421a1f">
      <Execution id="f0fe84a0-4d0e-4cb5-a113-7673304cb353" />
      <TestMethod codeBase="/home/p.buczynski/git/code/juvo-player/JuvoPlayer.Tests/bin/Debug/netcoreapp2.0/JuvoPlayer.Tests.dll" adapterTypeName="executor://nunit3testexecutor/" className="JuvoPlayer.Tests.UnitTests.TSLoggerManager" name="TestConfigureWithDefaultLevels" />
    </UnitTest>
    <UnitTest name="Reset_Called_DeallocsAVFormatContext(ForEs)" storage="/home/p.buczynski/git/code/juvo-player/juvoplayer.tests/bin/debug/netcoreapp2.0/juvoplayer.tests.dll" id="18ddabc1-b1c8-c549-5717-a273d4ac0a3e">
      <Execution id="816da749-7a20-4d83-b78d-861c37126d45" />
      <TestMethod codeBase="/home/p.buczynski/git/code/juvo-player/JuvoPlayer.Tests/bin/Debug/netcoreapp2.0/JuvoPlayer.Tests.dll" adapterTypeName="executor://nunit3testexecutor/" className="JuvoPlayer.Tests.UnitTests.TSFFmpegDemuxer" name="Reset_Called_DeallocsAVFormatContext(ForEs)" />
    </UnitTest>
    <UnitTest name="End_LessThanBegin_ThrowsArgumentException" storage="/home/p.buczynski/git/code/juvo-player/juvoplayer.tests/bin/debug/netcoreapp2.0/juvoplayer.tests.dll" id="17fa2bb9-6058-ffa9-3803-d58553ec74eb">
      <Execution id="7c10a986-0c7e-4d41-9062-ada08c6666ef" />
      <TestMethod codeBase="/home/p.buczynski/git/code/juvo-player/JuvoPlayer.Tests/bin/Debug/netcoreapp2.0/JuvoPlayer.Tests.dll" adapterTypeName="executor://nunit3testexecutor/" className="JuvoPlayer.Tests.UnitTests.TSCue" name="End_LessThanBegin_ThrowsArgumentException" />
    </UnitTest>
    <UnitTest name="Parse_DifferentEncodings_ParsesSuccessfully(&quot;JuvoPlayer.Tests.res.subtitles.media_player_subs_cp-949.srt&quot;,&quot;euc-kr&quot;,&quot;[Korean] 3.5: 그녀는 고양이가. 고양이 모피를 가지고&quot;)" storage="/home/p.buczynski/git/code/juvo-player/juvoplayer.tests/bin/debug/netcoreapp2.0/juvoplayer.tests.dll" id="292b8184-3595-15f3-6608-17958c811f3c">
      <Execution id="7ca091e5-d1c9-4163-a61f-e9e9dde0ce54" />
      <TestMethod codeBase="/home/p.buczynski/git/code/juvo-player/JuvoPlayer.Tests/bin/Debug/netcoreapp2.0/JuvoPlayer.Tests.dll" adapterTypeName="executor://nunit3testexecutor/" className="JuvoPlayer.Tests.IntegrationTests.TSSubtitleFacade" name="Parse_DifferentEncodings_ParsesSuccessfully(&quot;JuvoPlayer.Tests.res.subtitles.media_player_subs_cp-949.srt&quot;,&quot;euc-kr&quot;,&quot;[Korean] 3.5: 그녀는 고양이가. 고양이 모피를 가지고&quot;)" />
    </UnitTest>
    <UnitTest name="Seek_CalledWhenPaused_DoesntDemuxNextPacket" storage="/home/p.buczynski/git/code/juvo-player/juvoplayer.tests/bin/debug/netcoreapp2.0/juvoplayer.tests.dll" id="c0e373ae-3e15-775d-5f9d-a8c872e8b285">
      <Execution id="6b70667b-28c3-4105-a6f7-70ddcd025bb8" />
      <TestMethod codeBase="/home/p.buczynski/git/code/juvo-player/JuvoPlayer.Tests/bin/Debug/netcoreapp2.0/JuvoPlayer.Tests.dll" adapterTypeName="executor://nunit3testexecutor/" className="JuvoPlayer.Tests.UnitTests.TSDemuxerController" name="Seek_CalledWhenPaused_DoesntDemuxNextPacket" />
    </UnitTest>
    <UnitTest name="Start_PacketsDemuxed_PublishesPackets(StartForEs)" storage="/home/p.buczynski/git/code/juvo-player/juvoplayer.tests/bin/debug/netcoreapp2.0/juvoplayer.tests.dll" id="af40adc3-6ce4-fbdb-f50c-26697781469d">
      <Execution id="9015f45b-2699-4998-936f-cc5d5d9093ba" />
      <TestMethod codeBase="/home/p.buczynski/git/code/juvo-player/JuvoPlayer.Tests/bin/Debug/netcoreapp2.0/JuvoPlayer.Tests.dll" adapterTypeName="executor://nunit3testexecutor/" className="JuvoPlayer.Tests.UnitTests.TSDemuxerController" name="Start_PacketsDemuxed_PublishesPackets(StartForEs)" />
    </UnitTest>
    <UnitTest name="RegisterDataProviderFactory_OK" storage="/home/p.buczynski/git/code/juvo-player/juvoplayer.tests/bin/debug/netcoreapp2.0/juvoplayer.tests.dll" id="598bfb59-b210-6d51-5dff-24428bdd49a7">
      <Execution id="b41a1dd2-d704-40e4-997e-93eac0ee97c1" />
      <TestMethod codeBase="/home/p.buczynski/git/code/juvo-player/JuvoPlayer.Tests/bin/Debug/netcoreapp2.0/JuvoPlayer.Tests.dll" adapterTypeName="executor://nunit3testexecutor/" className="JuvoPlayer.Tests.UnitTests.DataProviderFactoryManagerTests" name="RegisterDataProviderFactory_OK" />
    </UnitTest>
    <UnitTest name="ParseText_TextHasOneLine_ParsesSuccessfullyWithoutNewLine" storage="/home/p.buczynski/git/code/juvo-player/juvoplayer.tests/bin/debug/netcoreapp2.0/juvoplayer.tests.dll" id="8eee559b-f88d-5f49-738c-7ba028df49b7">
      <Execution id="71979611-d4b4-4379-9038-1d2c713dc947" />
      <TestMethod codeBase="/home/p.buczynski/git/code/juvo-player/JuvoPlayer.Tests/bin/Debug/netcoreapp2.0/JuvoPlayer.Tests.dll" adapterTypeName="executor://nunit3testexecutor/" className="JuvoPlayer.Tests.UnitTests.TSParserUtils" name="ParseText_TextHasOneLine_ParsesSuccessfullyWithoutNewLine" />
    </UnitTest>
    <UnitTest name="ParseTimeLine_TimeLineIsInvalid_ThrowsFormatException(&quot;01:18.171 01:20.171&quot;)" storage="/home/p.buczynski/git/code/juvo-player/juvoplayer.tests/bin/debug/netcoreapp2.0/juvoplayer.tests.dll" id="9681c4d5-bb9b-2329-b528-bc4805c08192">
      <Execution id="2def1548-b28f-4cbc-81c2-95b55101db49" />
      <TestMethod codeBase="/home/p.buczynski/git/code/juvo-player/JuvoPlayer.Tests/bin/Debug/netcoreapp2.0/JuvoPlayer.Tests.dll" adapterTypeName="executor://nunit3testexecutor/" className="JuvoPlayer.Tests.UnitTests.TSWebVttSubtitleParser" name="ParseTimeLine_TimeLineIsInvalid_ThrowsFormatException(&quot;01:18.171 01:20.171&quot;)" />
    </UnitTest>
    <UnitTest name="Reset_Called_DeallocsAVFormatContext(ForUrl)" storage="/home/p.buczynski/git/code/juvo-player/juvoplayer.tests/bin/debug/netcoreapp2.0/juvoplayer.tests.dll" id="2451296b-865e-f1ac-6397-248629b7319a">
      <Execution id="062e4522-01d2-4f30-b612-a9af8fdb3be0" />
      <TestMethod codeBase="/home/p.buczynski/git/code/juvo-player/JuvoPlayer.Tests/bin/Debug/netcoreapp2.0/JuvoPlayer.Tests.dll" adapterTypeName="executor://nunit3testexecutor/" className="JuvoPlayer.Tests.UnitTests.TSFFmpegDemuxer" name="Reset_Called_DeallocsAVFormatContext(ForUrl)" />
    </UnitTest>
    <UnitTest name="SchemeIdUriToSystemId_PlayReadySchemeId_ReturnsSystemId" storage="/home/p.buczynski/git/code/juvo-player/juvoplayer.tests/bin/debug/netcoreapp2.0/juvoplayer.tests.dll" id="6682c8f3-9c28-94a7-d656-217500880b94">
      <Execution id="880c5aee-924e-48cc-821f-d55b7164f122" />
      <TestMethod codeBase="/home/p.buczynski/git/code/juvo-player/JuvoPlayer.Tests/bin/Debug/netcoreapp2.0/JuvoPlayer.Tests.dll" adapterTypeName="executor://nunit3testexecutor/" className="JuvoPlayer.Tests.UnitTests.TSCencUtils" name="SchemeIdUriToSystemId_PlayReadySchemeId_ReturnsSystemId" />
    </UnitTest>
    <UnitTest name="Begin_LessThanEnd_SetsSuccessfully" storage="/home/p.buczynski/git/code/juvo-player/juvoplayer.tests/bin/debug/netcoreapp2.0/juvoplayer.tests.dll" id="277f52da-2282-9c65-51fe-2a9bdc6748b7">
      <Execution id="26412116-3a27-4608-84e9-0164504432b7" />
      <TestMethod codeBase="/home/p.buczynski/git/code/juvo-player/JuvoPlayer.Tests/bin/Debug/netcoreapp2.0/JuvoPlayer.Tests.dll" adapterTypeName="executor://nunit3testexecutor/" className="JuvoPlayer.Tests.UnitTests.TSCue" name="Begin_LessThanEnd_SetsSuccessfully" />
    </UnitTest>
    <UnitTest name="ParseTime_WhenTimeFormatIsInvalid_ThrowsFormatException(&quot;&quot;)" storage="/home/p.buczynski/git/code/juvo-player/juvoplayer.tests/bin/debug/netcoreapp2.0/juvoplayer.tests.dll" id="3f7ea52d-8fbc-14ce-b76b-689a6ecb938b">
      <Execution id="48591b8c-7446-4392-9ccb-6c09c2727a36" />
      <TestMethod codeBase="/home/p.buczynski/git/code/juvo-player/JuvoPlayer.Tests/bin/Debug/netcoreapp2.0/JuvoPlayer.Tests.dll" adapterTypeName="executor://nunit3testexecutor/" className="JuvoPlayer.Tests.UnitTests.TSSrtSubtitleParser" name="ParseTime_WhenTimeFormatIsInvalid_ThrowsFormatException(&quot;&quot;)" />
    </UnitTest>
    <UnitTest name="ParseTimeLine_TimeLineIsInvalid_ThrowsFormatException(&quot;01:18.171 -&gt; 01:20.171&quot;)" storage="/home/p.buczynski/git/code/juvo-player/juvoplayer.tests/bin/debug/netcoreapp2.0/juvoplayer.tests.dll" id="ff9a04ff-fa9e-340b-3ecc-b843a9161f2d">
      <Execution id="e6a79d1e-beea-4dc5-8960-34a0a3907259" />
      <TestMethod codeBase="/home/p.buczynski/git/code/juvo-player/JuvoPlayer.Tests/bin/Debug/netcoreapp2.0/JuvoPlayer.Tests.dll" adapterTypeName="executor://nunit3testexecutor/" className="JuvoPlayer.Tests.UnitTests.TSWebVttSubtitleParser" name="ParseTimeLine_TimeLineIsInvalid_ThrowsFormatException(&quot;01:18.171 -&gt; 01:20.171&quot;)" />
    </UnitTest>
    <UnitTest name="DeserializeJsonText_ThrowsNull" storage="/home/p.buczynski/git/code/juvo-player/juvoplayer.tests/bin/debug/netcoreapp2.0/juvoplayer.tests.dll" id="6d33e4a5-ae74-c82a-5d2b-0a3770f1919a">
      <Execution id="d393f67f-9590-45be-ab50-fa0b5548f10b" />
      <TestMethod codeBase="/home/p.buczynski/git/code/juvo-player/JuvoPlayer.Tests/bin/Debug/netcoreapp2.0/JuvoPlayer.Tests.dll" adapterTypeName="executor://nunit3testexecutor/" className="JuvoPlayer.Tests.IntegrationTests.JSONFileReaderTests" name="DeserializeJsonText_ThrowsNull" />
    </UnitTest>
    <UnitTest name="Init_CalledSecondTime_ThrowsInvalidOperationException(ForEs)" storage="/home/p.buczynski/git/code/juvo-player/juvoplayer.tests/bin/debug/netcoreapp2.0/juvoplayer.tests.dll" id="94d95040-3698-185d-5d6f-562ab37711a4">
      <Execution id="8eb9715a-ea74-49e5-b70a-ae36c2e87b43" />
      <TestMethod codeBase="/home/p.buczynski/git/code/juvo-player/JuvoPlayer.Tests/bin/Debug/netcoreapp2.0/JuvoPlayer.Tests.dll" adapterTypeName="executor://nunit3testexecutor/" className="JuvoPlayer.Tests.UnitTests.TSFFmpegDemuxer" name="Init_CalledSecondTime_ThrowsInvalidOperationException(ForEs)" />
    </UnitTest>
    <UnitTest name="ParseTimeLine_WhenTimeIsValid_ReturnsExpectedBeginAndEnd" storage="/home/p.buczynski/git/code/juvo-player/juvoplayer.tests/bin/debug/netcoreapp2.0/juvoplayer.tests.dll" id="f87db683-3a8e-4544-d4a4-bec956bf3b3f">
      <Execution id="6c269d71-b099-497b-9f61-1b18b43178da" />
      <TestMethod codeBase="/home/p.buczynski/git/code/juvo-player/JuvoPlayer.Tests/bin/Debug/netcoreapp2.0/JuvoPlayer.Tests.dll" adapterTypeName="executor://nunit3testexecutor/" className="JuvoPlayer.Tests.UnitTests.TSSrtSubtitleParser" name="ParseTimeLine_WhenTimeIsValid_ReturnsExpectedBeginAndEnd" />
    </UnitTest>
    <UnitTest name="GetDrmType_ValidType_ReturnsValid(&quot;widevine&quot;,Widevine)" storage="/home/p.buczynski/git/code/juvo-player/juvoplayer.tests/bin/debug/netcoreapp2.0/juvoplayer.tests.dll" id="3007bb0c-41a6-c578-20f7-6fe2cf8444cb">
      <Execution id="cd4380f6-df1e-4293-b247-d9505d40924f" />
      <TestMethod codeBase="/home/p.buczynski/git/code/juvo-player/JuvoPlayer.Tests/bin/Debug/netcoreapp2.0/JuvoPlayer.Tests.dll" adapterTypeName="executor://nunit3testexecutor/" className="JuvoPlayer.Tests.UnitTests.TSCencUtils" name="GetDrmType_ValidType_ReturnsValid(&quot;widevine&quot;,Widevine)" />
    </UnitTest>
    <UnitTest name="LoadAsNetworkResource_UrlIsValid_LoadsResource" storage="/home/p.buczynski/git/code/juvo-player/juvoplayer.tests/bin/debug/netcoreapp2.0/juvoplayer.tests.dll" id="32a4594b-b1ea-44dc-9f50-e88fff32aca7">
      <Execution id="53586768-b965-437a-9e2b-8608faaedac6" />
      <TestMethod codeBase="/home/p.buczynski/git/code/juvo-player/JuvoPlayer.Tests/bin/Debug/netcoreapp2.0/JuvoPlayer.Tests.dll" adapterTypeName="executor://nunit3testexecutor/" className="JuvoPlayer.Tests.UnitTests.TSResourceLoader" name="LoadAsNetworkResource_UrlIsValid_LoadsResource" />
    </UnitTest>
    <UnitTest name="HasAVMedia_OK" storage="/home/p.buczynski/git/code/juvo-player/juvoplayer.tests/bin/debug/netcoreapp2.0/juvoplayer.tests.dll" id="08fa8c0b-a89b-568b-783e-bb49d811f5cb">
      <Execution id="42f28368-7d4e-4a79-8f5c-fc7c4c8b4e9c" />
      <TestMethod codeBase="/home/p.buczynski/git/code/juvo-player/JuvoPlayer.Tests/bin/Debug/netcoreapp2.0/JuvoPlayer.Tests.dll" adapterTypeName="executor://nunit3testexecutor/" className="JuvoPlayer.Tests.UnitTests.TSMPDParser" name="HasAVMedia_OK" />
    </UnitTest>
    <UnitTest name="Start_DemuxerInitFails_PublishesDemuxerError(StartForUrl)" storage="/home/p.buczynski/git/code/juvo-player/juvoplayer.tests/bin/debug/netcoreapp2.0/juvoplayer.tests.dll" id="29bfe808-3bba-cdc2-53ed-a6509a64d330">
      <Execution id="9444d52e-3815-474a-8787-cb13a61b2627" />
      <TestMethod codeBase="/home/p.buczynski/git/code/juvo-player/JuvoPlayer.Tests/bin/Debug/netcoreapp2.0/JuvoPlayer.Tests.dll" adapterTypeName="executor://nunit3testexecutor/" className="JuvoPlayer.Tests.UnitTests.TSDemuxerController" name="Start_DemuxerInitFails_PublishesDemuxerError(StartForUrl)" />
    </UnitTest>
    <UnitTest name="Init_StreamConfigAvailable_ReturnsStreamConfig(ForUrl)" storage="/home/p.buczynski/git/code/juvo-player/juvoplayer.tests/bin/debug/netcoreapp2.0/juvoplayer.tests.dll" id="0e065e73-d47f-3a00-98d6-e8eb7ca6357c">
      <Execution id="884ead40-e203-496f-af7e-cded2f6b7cdd" />
      <TestMethod codeBase="/home/p.buczynski/git/code/juvo-player/JuvoPlayer.Tests/bin/Debug/netcoreapp2.0/JuvoPlayer.Tests.dll" adapterTypeName="executor://nunit3testexecutor/" className="JuvoPlayer.Tests.UnitTests.TSFFmpegDemuxer" name="Init_StreamConfigAvailable_ReturnsStreamConfig(ForUrl)" />
    </UnitTest>
    <UnitTest name="Serialization_OperationSerialized_DeserializedProperly(JuvoPlayer.Tests.Utils.PrepareOperation)" storage="/home/p.buczynski/git/code/juvo-player/juvoplayer.tests/bin/debug/netcoreapp2.0/juvoplayer.tests.dll" id="1d410506-c13a-9a12-e32f-3b0fb711ffd3">
      <Execution id="096e54ee-5c85-4eac-a660-9cf45808fbd6" />
      <TestMethod codeBase="/home/p.buczynski/git/code/juvo-player/JuvoPlayer.Tests/bin/Debug/netcoreapp2.0/JuvoPlayer.Tests.dll" adapterTypeName="executor://nunit3testexecutor/" className="JuvoPlayer.Tests.IntegrationTests.TSOperationSerializer" name="Serialization_OperationSerialized_DeserializedProperly(JuvoPlayer.Tests.Utils.PrepareOperation)" />
    </UnitTest>
    <UnitTest name="Serialization_OperationSerialized_DeserializedProperly(JuvoPlayer.Tests.Utils.PauseOperation)" storage="/home/p.buczynski/git/code/juvo-player/juvoplayer.tests/bin/debug/netcoreapp2.0/juvoplayer.tests.dll" id="864940c8-b53d-5e0a-9ab8-2ad580ee97c1">
      <Execution id="73a5b50f-0ee5-4413-b865-59485a3bab6a" />
      <TestMethod codeBase="/home/p.buczynski/git/code/juvo-player/JuvoPlayer.Tests/bin/Debug/netcoreapp2.0/JuvoPlayer.Tests.dll" adapterTypeName="executor://nunit3testexecutor/" className="JuvoPlayer.Tests.IntegrationTests.TSOperationSerializer" name="Serialization_OperationSerialized_DeserializedProperly(JuvoPlayer.Tests.Utils.PauseOperation)" />
    </UnitTest>
    <UnitTest name="ParseTime_TimeFormatIsInvalid_ThrowsFormatException(null)" storage="/home/p.buczynski/git/code/juvo-player/juvoplayer.tests/bin/debug/netcoreapp2.0/juvoplayer.tests.dll" id="24b81133-6183-4881-a72c-c0d4de113274">
      <Execution id="c613981a-1608-400c-b925-33cb7980a246" />
      <TestMethod codeBase="/home/p.buczynski/git/code/juvo-player/JuvoPlayer.Tests/bin/Debug/netcoreapp2.0/JuvoPlayer.Tests.dll" adapterTypeName="executor://nunit3testexecutor/" className="JuvoPlayer.Tests.UnitTests.TSWebVttSubtitleParser" name="ParseTime_TimeFormatIsInvalid_ThrowsFormatException(null)" />
    </UnitTest>
    <UnitTest name="Serialization_OperationSerialized_DeserializedProperly(JuvoPlayer.Tests.Utils.StopOperation)" storage="/home/p.buczynski/git/code/juvo-player/juvoplayer.tests/bin/debug/netcoreapp2.0/juvoplayer.tests.dll" id="1401be64-9b1a-fe9c-cbe7-91ee817fac69">
      <Execution id="b05dc563-cafe-4f8b-87d6-cb43b4e88586" />
      <TestMethod codeBase="/home/p.buczynski/git/code/juvo-player/JuvoPlayer.Tests/bin/Debug/netcoreapp2.0/JuvoPlayer.Tests.dll" adapterTypeName="executor://nunit3testexecutor/" className="JuvoPlayer.Tests.IntegrationTests.TSOperationSerializer" name="Serialization_OperationSerialized_DeserializedProperly(JuvoPlayer.Tests.Utils.StopOperation)" />
    </UnitTest>
    <UnitTest name="Init_CalledSecondTime_ThrowsInvalidOperationException(ForUrl)" storage="/home/p.buczynski/git/code/juvo-player/juvoplayer.tests/bin/debug/netcoreapp2.0/juvoplayer.tests.dll" id="5aba6d27-4c6f-ae2f-cf75-baaf7277a3aa">
      <Execution id="8c71f654-a712-412a-991b-331592338347" />
      <TestMethod codeBase="/home/p.buczynski/git/code/juvo-player/JuvoPlayer.Tests/bin/Debug/netcoreapp2.0/JuvoPlayer.Tests.dll" adapterTypeName="executor://nunit3testexecutor/" className="JuvoPlayer.Tests.UnitTests.TSFFmpegDemuxer" name="Init_CalledSecondTime_ThrowsInvalidOperationException(ForUrl)" />
    </UnitTest>
    <UnitTest name="TestValidConfig" storage="/home/p.buczynski/git/code/juvo-player/juvoplayer.tests/bin/debug/netcoreapp2.0/juvoplayer.tests.dll" id="5da37516-dacb-d422-fbee-12efa0638ad9">
      <Execution id="0610dbfa-68a4-406b-bdc5-83499ff08931" />
      <TestMethod codeBase="/home/p.buczynski/git/code/juvo-player/JuvoPlayer.Tests/bin/Debug/netcoreapp2.0/JuvoPlayer.Tests.dll" adapterTypeName="executor://nunit3testexecutor/" className="JuvoPlayer.Tests.UnitTests.TSConfigParser" name="TestValidConfig" />
    </UnitTest>
    <UnitTest name="Parse_DifferentEncodings_ParsesSuccessfully(&quot;JuvoPlayer.Tests.res.subtitles.media_player_subs_windows-1256.srt&quot;,&quot;windows-1256&quot;,&quot;[Arabic] 3.0: علاء ديه القط، والقط هو علاء&quot;)" storage="/home/p.buczynski/git/code/juvo-player/juvoplayer.tests/bin/debug/netcoreapp2.0/juvoplayer.tests.dll" id="88bc5129-e7aa-8963-c140-f3fd33a92044">
      <Execution id="3750ff26-c070-423f-9ec7-b816b9cbdbac" />
      <TestMethod codeBase="/home/p.buczynski/git/code/juvo-player/JuvoPlayer.Tests/bin/Debug/netcoreapp2.0/JuvoPlayer.Tests.dll" adapterTypeName="executor://nunit3testexecutor/" className="JuvoPlayer.Tests.IntegrationTests.TSSubtitleFacade" name="Parse_DifferentEncodings_ParsesSuccessfully(&quot;JuvoPlayer.Tests.res.subtitles.media_player_subs_windows-1256.srt&quot;,&quot;windows-1256&quot;,&quot;[Arabic] 3.0: علاء ديه القط، والقط هو علاء&quot;)" />
    </UnitTest>
    <UnitTest name="ParseTime_WhenTimeExceedsADay_ParsesSuccessfully" storage="/home/p.buczynski/git/code/juvo-player/juvoplayer.tests/bin/debug/netcoreapp2.0/juvoplayer.tests.dll" id="a7854dd3-8d20-6641-2e3e-29ad46bbb531">
      <Execution id="0d3fdf3a-29ff-4eee-97cc-31e829178aa9" />
      <TestMethod codeBase="/home/p.buczynski/git/code/juvo-player/JuvoPlayer.Tests/bin/Debug/netcoreapp2.0/JuvoPlayer.Tests.dll" adapterTypeName="executor://nunit3testexecutor/" className="JuvoPlayer.Tests.UnitTests.TSSrtSubtitleParser" name="ParseTime_WhenTimeExceedsADay_ParsesSuccessfully" />
    </UnitTest>
    <UnitTest name="Get_TwoAdjacentCuesAndGetForFirst_ReturnsFirstOne" storage="/home/p.buczynski/git/code/juvo-player/juvoplayer.tests/bin/debug/netcoreapp2.0/juvoplayer.tests.dll" id="639b760f-d73b-dd9e-184b-d4fba82810a2">
      <Execution id="2114e3f6-33b4-42f4-9f63-d69c2ec4258c" />
      <TestMethod codeBase="/home/p.buczynski/git/code/juvo-player/JuvoPlayer.Tests/bin/Debug/netcoreapp2.0/JuvoPlayer.Tests.dll" adapterTypeName="executor://nunit3testexecutor/" className="JuvoPlayer.Tests.UnitTests.TSCuesMap" name="Get_TwoAdjacentCuesAndGetForFirst_ReturnsFirstOne" />
    </UnitTest>
    <UnitTest name="SupportsSystemId_PlayReadySystemId_ReturnsTrue" storage="/home/p.buczynski/git/code/juvo-player/juvoplayer.tests/bin/debug/netcoreapp2.0/juvoplayer.tests.dll" id="03900516-35b4-a3f2-ee8e-53c1d537ca19">
      <Execution id="dcbd8ffd-43ec-4891-aa3f-ab2494c51182" />
      <TestMethod codeBase="/home/p.buczynski/git/code/juvo-player/JuvoPlayer.Tests/bin/Debug/netcoreapp2.0/JuvoPlayer.Tests.dll" adapterTypeName="executor://nunit3testexecutor/" className="JuvoPlayer.Tests.UnitTests.TSCencUtils" name="SupportsSystemId_PlayReadySystemId_ReturnsTrue" />
    </UnitTest>
    <UnitTest name="PacketReady_DemuxerSendsNullPacket_ProducesEOSPackets" storage="/home/p.buczynski/git/code/juvo-player/juvoplayer.tests/bin/debug/netcoreapp2.0/juvoplayer.tests.dll" id="843772ee-7171-937b-ee83-555f894077cb">
      <Execution id="b59ef13b-7eac-4254-9390-ecc0ba917636" />
      <TestMethod codeBase="/home/p.buczynski/git/code/juvo-player/JuvoPlayer.Tests/bin/Debug/netcoreapp2.0/JuvoPlayer.Tests.dll" adapterTypeName="executor://nunit3testexecutor/" className="JuvoPlayer.Tests.UnitTests.TSHLSDataProvider" name="PacketReady_DemuxerSendsNullPacket_ProducesEOSPackets" />
    </UnitTest>
    <UnitTest name="Reset_Called_DeallocsAVIOFormatContext" storage="/home/p.buczynski/git/code/juvo-player/juvoplayer.tests/bin/debug/netcoreapp2.0/juvoplayer.tests.dll" id="da5a75b7-aa19-0293-49b5-3bd5a004ec15">
      <Execution id="6637c94c-c014-46ce-8398-cce39c22e9fe" />
      <TestMethod codeBase="/home/p.buczynski/git/code/juvo-player/JuvoPlayer.Tests/bin/Debug/netcoreapp2.0/JuvoPlayer.Tests.dll" adapterTypeName="executor://nunit3testexecutor/" className="JuvoPlayer.Tests.UnitTests.TSFFmpegDemuxer" name="Reset_Called_DeallocsAVIOFormatContext" />
    </UnitTest>
    <UnitTest name="Reached_CalledBeforeFirstPacket_ThrowsInvalidOperationException" storage="/home/p.buczynski/git/code/juvo-player/juvoplayer.tests/bin/debug/netcoreapp2.0/juvoplayer.tests.dll" id="ce01ebcc-a3b9-cf57-b548-3aec0795ebd5">
      <Execution id="1114dfa0-13d9-4d94-911d-ca42c5f53ac0" />
      <TestMethod codeBase="/home/p.buczynski/git/code/juvo-player/JuvoPlayer.Tests/bin/Debug/netcoreapp2.0/JuvoPlayer.Tests.dll" adapterTypeName="executor://nunit3testexecutor/" className="JuvoPlayer.Tests.UnitTests.TSPacketBarrier" name="Reached_CalledBeforeFirstPacket_ThrowsInvalidOperationException" />
    </UnitTest>
    <UnitTest name="DeserializeJsonText_ThrowsInvalid" storage="/home/p.buczynski/git/code/juvo-player/juvoplayer.tests/bin/debug/netcoreapp2.0/juvoplayer.tests.dll" id="5ca64586-df96-c4e0-6cbd-c37e2176547b">
      <Execution id="13776908-7b26-4da9-a4c3-87a4bde4c231" />
      <TestMethod codeBase="/home/p.buczynski/git/code/juvo-player/JuvoPlayer.Tests/bin/Debug/netcoreapp2.0/JuvoPlayer.Tests.dll" adapterTypeName="executor://nunit3testexecutor/" className="JuvoPlayer.Tests.IntegrationTests.JSONFileReaderTests" name="DeserializeJsonText_ThrowsInvalid" />
    </UnitTest>
    <UnitTest name="Serialization_OperationSerialized_DeserializedProperly(JuvoPlayer.Tests.Utils.RandomDelayOperation)" storage="/home/p.buczynski/git/code/juvo-player/juvoplayer.tests/bin/debug/netcoreapp2.0/juvoplayer.tests.dll" id="941c0021-a8fe-25b1-de50-c1e94e8c1fd9">
      <Execution id="1cebae52-5ca7-4f52-be50-6d50469e153b" />
      <TestMethod codeBase="/home/p.buczynski/git/code/juvo-player/JuvoPlayer.Tests/bin/Debug/netcoreapp2.0/JuvoPlayer.Tests.dll" adapterTypeName="executor://nunit3testexecutor/" className="JuvoPlayer.Tests.IntegrationTests.TSOperationSerializer" name="Serialization_OperationSerialized_DeserializedProperly(JuvoPlayer.Tests.Utils.RandomDelayOperation)" />
    </UnitTest>
    <UnitTest name="ParseTime_TimeFormatIsValid_ParsesSuccessfully(&quot;00:01:18.171&quot;,0,1,18,171)" storage="/home/p.buczynski/git/code/juvo-player/juvoplayer.tests/bin/debug/netcoreapp2.0/juvoplayer.tests.dll" id="eae78d03-0df3-6019-5f3a-2a4efab1df85">
      <Execution id="d2c349b4-3792-45e9-b4b0-3454247442e1" />
      <TestMethod codeBase="/home/p.buczynski/git/code/juvo-player/JuvoPlayer.Tests/bin/Debug/netcoreapp2.0/JuvoPlayer.Tests.dll" adapterTypeName="executor://nunit3testexecutor/" className="JuvoPlayer.Tests.UnitTests.TSWebVttSubtitleParser" name="ParseTime_TimeFormatIsValid_ParsesSuccessfully(&quot;00:01:18.171&quot;,0,1,18,171)" />
    </UnitTest>
    <UnitTest name="Pause_Called_DoesntRetrieveNextPacket(StartForEs)" storage="/home/p.buczynski/git/code/juvo-player/juvoplayer.tests/bin/debug/netcoreapp2.0/juvoplayer.tests.dll" id="3f8dfde8-2658-03a7-336d-cc519ac91c3e">
      <Execution id="7a8d9a80-8396-41c5-b4c8-144143e612cb" />
      <TestMethod codeBase="/home/p.buczynski/git/code/juvo-player/JuvoPlayer.Tests/bin/Debug/netcoreapp2.0/JuvoPlayer.Tests.dll" adapterTypeName="executor://nunit3testexecutor/" className="JuvoPlayer.Tests.UnitTests.TSDemuxerController" name="Pause_Called_DoesntRetrieveNextPacket(StartForEs)" />
    </UnitTest>
    <UnitTest name="Parse_DifferentEncodings_ParsesSuccessfully(&quot;JuvoPlayer.Tests.res.subtitles.media_player_subs_windows-1251.srt&quot;,&quot;windows-1251&quot;,&quot;[Cyrylic] 5.0: Жж Зз Кк Лл Ыы Чч Щщ Ъъ Ыы Юю Яя&quot;)" storage="/home/p.buczynski/git/code/juvo-player/juvoplayer.tests/bin/debug/netcoreapp2.0/juvoplayer.tests.dll" id="a696fe85-6892-5787-2988-b6dc32a7eaae">
      <Execution id="aa06c85b-5b06-4c0a-b16a-620c33602367" />
      <TestMethod codeBase="/home/p.buczynski/git/code/juvo-player/JuvoPlayer.Tests/bin/Debug/netcoreapp2.0/JuvoPlayer.Tests.dll" adapterTypeName="executor://nunit3testexecutor/" className="JuvoPlayer.Tests.IntegrationTests.TSSubtitleFacade" name="Parse_DifferentEncodings_ParsesSuccessfully(&quot;JuvoPlayer.Tests.res.subtitles.media_player_subs_windows-1251.srt&quot;,&quot;windows-1251&quot;,&quot;[Cyrylic] 5.0: Жж Зз Кк Лл Ыы Чч Щщ Ъъ Ыы Юю Яя&quot;)" />
    </UnitTest>
    <UnitTest name="ParseTime_TimeFormatIsInvalid_ThrowsFormatException(&quot;00:00:00:00.0&quot;)" storage="/home/p.buczynski/git/code/juvo-player/juvoplayer.tests/bin/debug/netcoreapp2.0/juvoplayer.tests.dll" id="79e155a0-4a41-3695-7dd9-360fb50ae27a">
      <Execution id="7d3f89fe-b2db-4eb9-a346-0b656feeb9e9" />
      <TestMethod codeBase="/home/p.buczynski/git/code/juvo-player/JuvoPlayer.Tests/bin/Debug/netcoreapp2.0/JuvoPlayer.Tests.dll" adapterTypeName="executor://nunit3testexecutor/" className="JuvoPlayer.Tests.UnitTests.TSWebVttSubtitleParser" name="ParseTime_TimeFormatIsInvalid_ThrowsFormatException(&quot;00:00:00:00.0&quot;)" />
    </UnitTest>
    <UnitTest name="DeserializeJsonText_OK" storage="/home/p.buczynski/git/code/juvo-player/juvoplayer.tests/bin/debug/netcoreapp2.0/juvoplayer.tests.dll" id="c2da144b-378e-b165-a41b-7b65e6d54970">
      <Execution id="e21bc446-c5c7-42df-aa4a-e1c9132bc75d" />
      <TestMethod codeBase="/home/p.buczynski/git/code/juvo-player/JuvoPlayer.Tests/bin/Debug/netcoreapp2.0/JuvoPlayer.Tests.dll" adapterTypeName="executor://nunit3testexecutor/" className="JuvoPlayer.Tests.IntegrationTests.JSONFileReaderTests" name="DeserializeJsonText_OK" />
    </UnitTest>
    <UnitTest name="Start_StreamConfigFound_PublishesStreamConfig(StartForUrl)" storage="/home/p.buczynski/git/code/juvo-player/juvoplayer.tests/bin/debug/netcoreapp2.0/juvoplayer.tests.dll" id="913bcb3f-29bc-fd1f-7c98-c387d71227d4">
      <Execution id="0b1b2455-58fb-412b-b936-02bd0ce039d3" />
      <TestMethod codeBase="/home/p.buczynski/git/code/juvo-player/JuvoPlayer.Tests/bin/Debug/netcoreapp2.0/JuvoPlayer.Tests.dll" adapterTypeName="executor://nunit3testexecutor/" className="JuvoPlayer.Tests.UnitTests.TSDemuxerController" name="Start_StreamConfigFound_PublishesStreamConfig(StartForUrl)" />
    </UnitTest>
    <UnitTest name="SetDataSource_DataSourceCompletes_SignalsEos" storage="/home/p.buczynski/git/code/juvo-player/juvoplayer.tests/bin/debug/netcoreapp2.0/juvoplayer.tests.dll" id="635a9c0c-0703-a7fe-f188-0e7aded18217">
      <Execution id="a955afca-a2ae-4f20-b992-71226e42f682" />
      <TestMethod codeBase="/home/p.buczynski/git/code/juvo-player/JuvoPlayer.Tests/bin/Debug/netcoreapp2.0/JuvoPlayer.Tests.dll" adapterTypeName="executor://nunit3testexecutor/" className="JuvoPlayer.Tests.UnitTests.TSDemuxerController" name="SetDataSource_DataSourceCompletes_SignalsEos" />
    </UnitTest>
    <UnitTest name="HasRepresentation_OK" storage="/home/p.buczynski/git/code/juvo-player/juvoplayer.tests/bin/debug/netcoreapp2.0/juvoplayer.tests.dll" id="b7fd9400-1bb5-081c-d5a3-25a6c282dcbe">
      <Execution id="d34bc9ae-37c9-4b51-aa0c-16dff0282aa8" />
      <TestMethod codeBase="/home/p.buczynski/git/code/juvo-player/JuvoPlayer.Tests/bin/Debug/netcoreapp2.0/JuvoPlayer.Tests.dll" adapterTypeName="executor://nunit3testexecutor/" className="JuvoPlayer.Tests.UnitTests.TSMPDParser" name="HasRepresentation_OK" />
    </UnitTest>
    <UnitTest name="DEBUG_MpdParser" storage="/home/p.buczynski/git/code/juvo-player/juvoplayer.tests/bin/debug/netcoreapp2.0/juvoplayer.tests.dll" id="c78e9722-6d02-3845-ccf5-7d0c55504ab1">
      <Execution id="a112e291-b0d6-4d41-8e88-bf7d0f9bd07b" />
      <TestMethod codeBase="/home/p.buczynski/git/code/juvo-player/JuvoPlayer.Tests/bin/Debug/netcoreapp2.0/JuvoPlayer.Tests.dll" adapterTypeName="executor://nunit3testexecutor/" className="JuvoPlayer.Tests.DebugCode.MpdParserDebug" name="DEBUG_MpdParser" />
    </UnitTest>
    <UnitTest name="Compare_VariousTimes_ReturnsExpectedValues(25,1)" storage="/home/p.buczynski/git/code/juvo-player/juvoplayer.tests/bin/debug/netcoreapp2.0/juvoplayer.tests.dll" id="9d43c9dd-9ed0-37ad-3810-cd0fa27c1b3a">
      <Execution id="d8bccb88-59eb-4aba-afa3-d75048d90f9c" />
      <TestMethod codeBase="/home/p.buczynski/git/code/juvo-player/JuvoPlayer.Tests/bin/Debug/netcoreapp2.0/JuvoPlayer.Tests.dll" adapterTypeName="executor://nunit3testexecutor/" className="JuvoPlayer.Tests.UnitTests.TSCue" name="Compare_VariousTimes_ReturnsExpectedValues(25,1)" />
    </UnitTest>
    <UnitTest name="Reset_Called_NextPacketNotCalledAfter(StartForEs)" storage="/home/p.buczynski/git/code/juvo-player/juvoplayer.tests/bin/debug/netcoreapp2.0/juvoplayer.tests.dll" id="a16102ef-fcf8-a9c6-d66a-7b006e4ea6c9">
      <Execution id="b65c392b-e7b8-465a-af69-c53cb5828406" />
      <TestMethod codeBase="/home/p.buczynski/git/code/juvo-player/JuvoPlayer.Tests/bin/Debug/netcoreapp2.0/JuvoPlayer.Tests.dll" adapterTypeName="executor://nunit3testexecutor/" className="JuvoPlayer.Tests.UnitTests.TSDemuxerController" name="Reset_Called_NextPacketNotCalledAfter(StartForEs)" />
    </UnitTest>
    <UnitTest name="Start_PacketDemuxed_PublishesPacket(StartForEs)" storage="/home/p.buczynski/git/code/juvo-player/juvoplayer.tests/bin/debug/netcoreapp2.0/juvoplayer.tests.dll" id="e8822ed9-c52a-6461-1cf0-248853538bf9">
      <Execution id="55ddb887-2f26-45d5-9dc0-88e2bd0ca6df" />
      <TestMethod codeBase="/home/p.buczynski/git/code/juvo-player/JuvoPlayer.Tests/bin/Debug/netcoreapp2.0/JuvoPlayer.Tests.dll" adapterTypeName="executor://nunit3testexecutor/" className="JuvoPlayer.Tests.UnitTests.TSDemuxerController" name="Start_PacketDemuxed_PublishesPacket(StartForEs)" />
    </UnitTest>
    <UnitTest name="XMLData_AppParserSysParser_same_OK" storage="/home/p.buczynski/git/code/juvo-player/juvoplayer.tests/bin/debug/netcoreapp2.0/juvoplayer.tests.dll" id="320b5630-864f-a352-1987-972112f06fc2">
      <Execution id="ef1efc7d-4174-4ec2-9945-a18ffb2de43b" />
      <TestMethod codeBase="/home/p.buczynski/git/code/juvo-player/JuvoPlayer.Tests/bin/Debug/netcoreapp2.0/JuvoPlayer.Tests.dll" adapterTypeName="executor://nunit3testexecutor/" className="JuvoPlayer.Tests.UnitTests.TSMPDParser" name="XMLData_AppParserSysParser_same_OK" />
    </UnitTest>
    <UnitTest name="Compare_VariousTimes_ReturnsExpectedValues(10,0)" storage="/home/p.buczynski/git/code/juvo-player/juvoplayer.tests/bin/debug/netcoreapp2.0/juvoplayer.tests.dll" id="57c0ae3c-c55a-4a36-bc50-46b8e916c8ec">
      <Execution id="65a31f48-6dfb-4184-95d3-7f3ece74438b" />
      <TestMethod codeBase="/home/p.buczynski/git/code/juvo-player/JuvoPlayer.Tests/bin/Debug/netcoreapp2.0/JuvoPlayer.Tests.dll" adapterTypeName="executor://nunit3testexecutor/" className="JuvoPlayer.Tests.UnitTests.TSCue" name="Compare_VariousTimes_ReturnsExpectedValues(10,0)" />
    </UnitTest>
    <UnitTest name="TestConfigureWithNull" storage="/home/p.buczynski/git/code/juvo-player/juvoplayer.tests/bin/debug/netcoreapp2.0/juvoplayer.tests.dll" id="c417f526-f617-d89a-9e27-2a222a15bac0">
      <Execution id="0bb2e264-2dcf-4371-aa12-3a2ea9f9b76e" />
      <TestMethod codeBase="/home/p.buczynski/git/code/juvo-player/JuvoPlayer.Tests/bin/Debug/netcoreapp2.0/JuvoPlayer.Tests.dll" adapterTypeName="executor://nunit3testexecutor/" className="JuvoPlayer.Tests.UnitTests.TSLoggerManager" name="TestConfigureWithNull" />
    </UnitTest>
    <UnitTest name="TimeToNextFrame_CalledWhenBarrierIsReached_ReturnsPositiveTime" storage="/home/p.buczynski/git/code/juvo-player/juvoplayer.tests/bin/debug/netcoreapp2.0/juvoplayer.tests.dll" id="90bdca97-8eb4-c877-3c7b-3164b6f624b6">
      <Execution id="213b6223-7955-4ccf-87dc-2489d3bd09bd" />
      <TestMethod codeBase="/home/p.buczynski/git/code/juvo-player/JuvoPlayer.Tests/bin/Debug/netcoreapp2.0/JuvoPlayer.Tests.dll" adapterTypeName="executor://nunit3testexecutor/" className="JuvoPlayer.Tests.UnitTests.TSPacketBarrier" name="TimeToNextFrame_CalledWhenBarrierIsReached_ReturnsPositiveTime" />
    </UnitTest>
    <UnitTest name="GetScheme_PlayReadySystemId_ReturnsValid" storage="/home/p.buczynski/git/code/juvo-player/juvoplayer.tests/bin/debug/netcoreapp2.0/juvoplayer.tests.dll" id="c09a9465-f15f-2431-e3ef-062999b6d76e">
      <Execution id="f177178b-efbd-48da-b944-45be3d89e32a" />
      <TestMethod codeBase="/home/p.buczynski/git/code/juvo-player/JuvoPlayer.Tests/bin/Debug/netcoreapp2.0/JuvoPlayer.Tests.dll" adapterTypeName="executor://nunit3testexecutor/" className="JuvoPlayer.Tests.UnitTests.TSCencUtils" name="GetScheme_PlayReadySystemId_ReturnsValid" />
    </UnitTest>
    <UnitTest name="SupportsType_InvalidType_ReturnsFalse" storage="/home/p.buczynski/git/code/juvo-player/juvoplayer.tests/bin/debug/netcoreapp2.0/juvoplayer.tests.dll" id="094b11a6-0532-7a03-8d14-df586e014bf7">
      <Execution id="d68dbeab-9587-4e02-9512-7e1b0bc0cbbb" />
      <TestMethod codeBase="/home/p.buczynski/git/code/juvo-player/JuvoPlayer.Tests/bin/Debug/netcoreapp2.0/JuvoPlayer.Tests.dll" adapterTypeName="executor://nunit3testexecutor/" className="JuvoPlayer.Tests.UnitTests.TSCencUtils" name="SupportsType_InvalidType_ReturnsFalse" />
    </UnitTest>
    <UnitTest name="Start_DRMInitDataFound_PublishesDRMInitData(StartForEs)" storage="/home/p.buczynski/git/code/juvo-player/juvoplayer.tests/bin/debug/netcoreapp2.0/juvoplayer.tests.dll" id="14b24806-a082-47eb-f4a4-0872c3c59611">
      <Execution id="43af75ce-e4d9-4639-a484-893ab542f3c5" />
      <TestMethod codeBase="/home/p.buczynski/git/code/juvo-player/JuvoPlayer.Tests/bin/Debug/netcoreapp2.0/JuvoPlayer.Tests.dll" adapterTypeName="executor://nunit3testexecutor/" className="JuvoPlayer.Tests.UnitTests.TSDemuxerController" name="Start_DRMInitDataFound_PublishesDRMInitData(StartForEs)" />
    </UnitTest>
    <UnitTest name="Init_DrmInitDataAvailable_ReturnsDrmInitData(ForEs)" storage="/home/p.buczynski/git/code/juvo-player/juvoplayer.tests/bin/debug/netcoreapp2.0/juvoplayer.tests.dll" id="0df30c92-10e5-04f8-7ba8-ad81df080036">
      <Execution id="cfb815d9-0938-491c-856d-a6ae4de02e1f" />
      <TestMethod codeBase="/home/p.buczynski/git/code/juvo-player/JuvoPlayer.Tests/bin/Debug/netcoreapp2.0/JuvoPlayer.Tests.dll" adapterTypeName="executor://nunit3testexecutor/" className="JuvoPlayer.Tests.UnitTests.TSFFmpegDemuxer" name="Init_DrmInitDataAvailable_ReturnsDrmInitData(ForEs)" />
    </UnitTest>
    <UnitTest name="CreateDataProvider_NotSupported" storage="/home/p.buczynski/git/code/juvo-player/juvoplayer.tests/bin/debug/netcoreapp2.0/juvoplayer.tests.dll" id="372c9fce-3145-adc3-8977-856762fa7aac">
      <Execution id="ec3133f6-e642-456f-9b34-598c7625b025" />
      <TestMethod codeBase="/home/p.buczynski/git/code/juvo-player/JuvoPlayer.Tests/bin/Debug/netcoreapp2.0/JuvoPlayer.Tests.dll" adapterTypeName="executor://nunit3testexecutor/" className="JuvoPlayer.Tests.UnitTests.DataProviderFactoryManagerTests" name="CreateDataProvider_NotSupported" />
    </UnitTest>
    <UnitTest name="Get_KeyBetweenTwoCues_ReturnsNull" storage="/home/p.buczynski/git/code/juvo-player/juvoplayer.tests/bin/debug/netcoreapp2.0/juvoplayer.tests.dll" id="39d5ff9a-2a80-e32f-8c48-31ef5543d04d">
      <Execution id="89ea8fbd-1c06-4919-a772-a997f105453d" />
      <TestMethod codeBase="/home/p.buczynski/git/code/juvo-player/JuvoPlayer.Tests/bin/Debug/netcoreapp2.0/JuvoPlayer.Tests.dll" adapterTypeName="executor://nunit3testexecutor/" className="JuvoPlayer.Tests.UnitTests.TSCuesMap" name="Get_KeyBetweenTwoCues_ReturnsNull" />
    </UnitTest>
    <UnitTest name="RegisterDataProviderFactory_ThrowsNull" storage="/home/p.buczynski/git/code/juvo-player/juvoplayer.tests/bin/debug/netcoreapp2.0/juvoplayer.tests.dll" id="3bb9e6bd-fed8-b1b2-1da9-9ab8e55f2013">
      <Execution id="a7289dd5-b8d8-4778-9351-ad365f21da74" />
      <TestMethod codeBase="/home/p.buczynski/git/code/juvo-player/JuvoPlayer.Tests/bin/Debug/netcoreapp2.0/JuvoPlayer.Tests.dll" adapterTypeName="executor://nunit3testexecutor/" className="JuvoPlayer.Tests.UnitTests.DataProviderFactoryManagerTests" name="RegisterDataProviderFactory_ThrowsNull" />
    </UnitTest>
    <UnitTest name="ParseTime_WhenTimeFormatIsInvalid_ThrowsFormatException(&quot;25.02.17.440&quot;)" storage="/home/p.buczynski/git/code/juvo-player/juvoplayer.tests/bin/debug/netcoreapp2.0/juvoplayer.tests.dll" id="8d86425c-9966-faa7-aa49-ad14ec445516">
      <Execution id="481d4292-531e-41b9-a891-3885b189a44c" />
      <TestMethod codeBase="/home/p.buczynski/git/code/juvo-player/JuvoPlayer.Tests/bin/Debug/netcoreapp2.0/JuvoPlayer.Tests.dll" adapterTypeName="executor://nunit3testexecutor/" className="JuvoPlayer.Tests.UnitTests.TSSrtSubtitleParser" name="ParseTime_WhenTimeFormatIsInvalid_ThrowsFormatException(&quot;25.02.17.440&quot;)" />
    </UnitTest>
    <UnitTest name="End_GreaterThanBegin_SetsSuccessfully" storage="/home/p.buczynski/git/code/juvo-player/juvoplayer.tests/bin/debug/netcoreapp2.0/juvoplayer.tests.dll" id="718f5161-c183-d605-d2c2-6292afd3ca09">
      <Execution id="737b52df-e79b-4d3e-931a-4d52a98bb558" />
      <TestMethod codeBase="/home/p.buczynski/git/code/juvo-player/JuvoPlayer.Tests/bin/Debug/netcoreapp2.0/JuvoPlayer.Tests.dll" adapterTypeName="executor://nunit3testexecutor/" className="JuvoPlayer.Tests.UnitTests.TSCue" name="End_GreaterThanBegin_SetsSuccessfully" />
    </UnitTest>
    <UnitTest name="SupportsSchemeIdUri_PlayReadySchemeIdUri_ReturnsTrue" storage="/home/p.buczynski/git/code/juvo-player/juvoplayer.tests/bin/debug/netcoreapp2.0/juvoplayer.tests.dll" id="2a5400f7-59f9-282c-1900-944ef8ecb847">
      <Execution id="09a73b8e-08c4-4f28-be9a-a47d935e33ce" />
      <TestMethod codeBase="/home/p.buczynski/git/code/juvo-player/JuvoPlayer.Tests/bin/Debug/netcoreapp2.0/JuvoPlayer.Tests.dll" adapterTypeName="executor://nunit3testexecutor/" className="JuvoPlayer.Tests.UnitTests.TSCencUtils" name="SupportsSchemeIdUri_PlayReadySchemeIdUri_ReturnsTrue" />
    </UnitTest>
    <UnitTest name="ParseTime_TimeFormatIsValid_ParsesSuccessfully(&quot;01:18.171&quot;,0,1,18,171)" storage="/home/p.buczynski/git/code/juvo-player/juvoplayer.tests/bin/debug/netcoreapp2.0/juvoplayer.tests.dll" id="934d902b-af41-a86f-d0cb-6e5ba6785975">
      <Execution id="2b419126-a86a-4bc0-9b73-badde27b2936" />
      <TestMethod codeBase="/home/p.buczynski/git/code/juvo-player/JuvoPlayer.Tests/bin/Debug/netcoreapp2.0/JuvoPlayer.Tests.dll" adapterTypeName="executor://nunit3testexecutor/" className="JuvoPlayer.Tests.UnitTests.TSWebVttSubtitleParser" name="ParseTime_TimeFormatIsValid_ParsesSuccessfully(&quot;01:18.171&quot;,0,1,18,171)" />
    </UnitTest>
    <UnitTest name="GetDrmType_InvalidType_ReturnsUnknown" storage="/home/p.buczynski/git/code/juvo-player/juvoplayer.tests/bin/debug/netcoreapp2.0/juvoplayer.tests.dll" id="09021642-119b-2b6e-4751-93eb7ddbf929">
      <Execution id="05347da0-fbb1-4d0b-9a07-51fe0730d697" />
      <TestMethod codeBase="/home/p.buczynski/git/code/juvo-player/JuvoPlayer.Tests/bin/Debug/netcoreapp2.0/JuvoPlayer.Tests.dll" adapterTypeName="executor://nunit3testexecutor/" className="JuvoPlayer.Tests.UnitTests.TSCencUtils" name="GetDrmType_InvalidType_ReturnsUnknown" />
    </UnitTest>
    <UnitTest name="Serialization_OperationSerialized_DeserializedProperly(JuvoPlayer.Tests.Utils.SeekOperation)" storage="/home/p.buczynski/git/code/juvo-player/juvoplayer.tests/bin/debug/netcoreapp2.0/juvoplayer.tests.dll" id="37281614-9f75-45d7-e1f5-a19213212db8">
      <Execution id="47c3f790-2f93-4104-9d64-337c54b82cf9" />
      <TestMethod codeBase="/home/p.buczynski/git/code/juvo-player/JuvoPlayer.Tests/bin/Debug/netcoreapp2.0/JuvoPlayer.Tests.dll" adapterTypeName="executor://nunit3testexecutor/" className="JuvoPlayer.Tests.IntegrationTests.TSOperationSerializer" name="Serialization_OperationSerialized_DeserializedProperly(JuvoPlayer.Tests.Utils.SeekOperation)" />
    </UnitTest>
    <UnitTest name="Compare_VariousTimes_ReturnsExpectedValues(20,1)" storage="/home/p.buczynski/git/code/juvo-player/juvoplayer.tests/bin/debug/netcoreapp2.0/juvoplayer.tests.dll" id="308c0503-5aa8-3cad-0410-698b5f3745ae">
      <Execution id="fca05874-8d88-4a92-9fa9-ce6f049acd43" />
      <TestMethod codeBase="/home/p.buczynski/git/code/juvo-player/JuvoPlayer.Tests/bin/Debug/netcoreapp2.0/JuvoPlayer.Tests.dll" adapterTypeName="executor://nunit3testexecutor/" className="JuvoPlayer.Tests.UnitTests.TSCue" name="Compare_VariousTimes_ReturnsExpectedValues(20,1)" />
    </UnitTest>
    <UnitTest name="PushChunk_CalledBeforeInitForEs_ThrowsException" storage="/home/p.buczynski/git/code/juvo-player/juvoplayer.tests/bin/debug/netcoreapp2.0/juvoplayer.tests.dll" id="cca65208-0adf-48f2-82bf-43699d9e9051">
      <Execution id="332af783-a07e-4c80-a74c-4ba6730c723a" />
      <TestMethod codeBase="/home/p.buczynski/git/code/juvo-player/JuvoPlayer.Tests/bin/Debug/netcoreapp2.0/JuvoPlayer.Tests.dll" adapterTypeName="executor://nunit3testexecutor/" className="JuvoPlayer.Tests.UnitTests.TSFFmpegDemuxer" name="PushChunk_CalledBeforeInitForEs_ThrowsException" />
    </UnitTest>
    <UnitTest name="ParseTime_WhenTimeIsValid_ParsesSuccessfully" storage="/home/p.buczynski/git/code/juvo-player/juvoplayer.tests/bin/debug/netcoreapp2.0/juvoplayer.tests.dll" id="83e5bca1-3234-f540-991c-2f3a40248a15">
      <Execution id="44dad338-8ea5-4461-80ff-497279418d2c" />
      <TestMethod codeBase="/home/p.buczynski/git/code/juvo-player/JuvoPlayer.Tests/bin/Debug/netcoreapp2.0/JuvoPlayer.Tests.dll" adapterTypeName="executor://nunit3testexecutor/" className="JuvoPlayer.Tests.UnitTests.TSSrtSubtitleParser" name="ParseTime_WhenTimeIsValid_ParsesSuccessfully" />
    </UnitTest>
    <UnitTest name="TestConstructorWithNull" storage="/home/p.buczynski/git/code/juvo-player/juvoplayer.tests/bin/debug/netcoreapp2.0/juvoplayer.tests.dll" id="ba867f1f-710b-a6f5-4ace-b54486edaddc">
      <Execution id="18cee19d-c4d3-40fc-bc8a-f6714edab33e" />
      <TestMethod codeBase="/home/p.buczynski/git/code/juvo-player/JuvoPlayer.Tests/bin/Debug/netcoreapp2.0/JuvoPlayer.Tests.dll" adapterTypeName="executor://nunit3testexecutor/" className="JuvoPlayer.Tests.UnitTests.TSLoggerBase" name="TestConstructorWithNull" />
    </UnitTest>
    <UnitTest name="Parse_DifferentEncodings_ParsesSuccessfully(&quot;JuvoPlayer.Tests.res.subtitles.subtitles_de.vtt&quot;,&quot;utf-8&quot;,&quot;Stellen Sie beste Streaming Performance zur Verfügung,&quot;)" storage="/home/p.buczynski/git/code/juvo-player/juvoplayer.tests/bin/debug/netcoreapp2.0/juvoplayer.tests.dll" id="897e23d8-e677-fcfc-c803-4657c2ba83e9">
      <Execution id="d59d076c-78e2-45f5-b6d6-bb66cb92cf71" />
      <TestMethod codeBase="/home/p.buczynski/git/code/juvo-player/JuvoPlayer.Tests/bin/Debug/netcoreapp2.0/JuvoPlayer.Tests.dll" adapterTypeName="executor://nunit3testexecutor/" className="JuvoPlayer.Tests.IntegrationTests.TSSubtitleFacade" name="Parse_DifferentEncodings_ParsesSuccessfully(&quot;JuvoPlayer.Tests.res.subtitles.subtitles_de.vtt&quot;,&quot;utf-8&quot;,&quot;Stellen Sie beste Streaming Performance zur Verfügung,&quot;)" />
    </UnitTest>
    <UnitTest name="Begin_EqualsEnd_ThrowsArgumentException" storage="/home/p.buczynski/git/code/juvo-player/juvoplayer.tests/bin/debug/netcoreapp2.0/juvoplayer.tests.dll" id="c04c0fe5-1f6b-bd7f-47e1-2cbe0022b400">
      <Execution id="bdfb23e5-ac09-468a-86ac-1e8f8c111b7d" />
      <TestMethod codeBase="/home/p.buczynski/git/code/juvo-player/JuvoPlayer.Tests/bin/Debug/netcoreapp2.0/JuvoPlayer.Tests.dll" adapterTypeName="executor://nunit3testexecutor/" className="JuvoPlayer.Tests.UnitTests.TSCue" name="Begin_EqualsEnd_ThrowsArgumentException" />
    </UnitTest>
    <UnitTest name="Take_SizeGreaterThanBufferSize_ReturnsSizeEqualToBufferSize" storage="/home/p.buczynski/git/code/juvo-player/juvoplayer.tests/bin/debug/netcoreapp2.0/juvoplayer.tests.dll" id="0965358b-a03e-2e11-275b-12bdaaddc9f6">
      <Execution id="beedf6a4-e841-4483-b26b-fc87412e5346" />
      <TestMethod codeBase="/home/p.buczynski/git/code/juvo-player/JuvoPlayer.Tests/bin/Debug/netcoreapp2.0/JuvoPlayer.Tests.dll" adapterTypeName="executor://nunit3testexecutor/" className="JuvoPlayer.Tests.UnitTests.TSChunksBuffer" name="Take_SizeGreaterThanBufferSize_ReturnsSizeEqualToBufferSize" />
    </UnitTest>
    <UnitTest name="Parse_DifferentEncodings_ParsesSuccessfully(&quot;JuvoPlayer.Tests.res.subtitles.media_player_subs_windows-1250.srt&quot;,&quot;windows-1250&quot;,&quot;[Central Europe] 2.5: Ąą Ćć Ęę Łł Ńń Óó Śś Źź Żż&quot;)" storage="/home/p.buczynski/git/code/juvo-player/juvoplayer.tests/bin/debug/netcoreapp2.0/juvoplayer.tests.dll" id="c6b41802-25fd-66eb-f1c3-47cfda11148b">
      <Execution id="c429ee97-5bc0-428c-805f-8a86b6235cf7" />
      <TestMethod codeBase="/home/p.buczynski/git/code/juvo-player/JuvoPlayer.Tests/bin/Debug/netcoreapp2.0/JuvoPlayer.Tests.dll" adapterTypeName="executor://nunit3testexecutor/" className="JuvoPlayer.Tests.IntegrationTests.TSSubtitleFacade" name="Parse_DifferentEncodings_ParsesSuccessfully(&quot;JuvoPlayer.Tests.res.subtitles.media_player_subs_windows-1250.srt&quot;,&quot;windows-1250&quot;,&quot;[Central Europe] 2.5: Ąą Ćć Ęę Łł Ńń Óó Śś Źź Żż&quot;)" />
    </UnitTest>
    <UnitTest name="ResolveByMimeType_WebVttMimeType_ReturnsWebVttFormat" storage="/home/p.buczynski/git/code/juvo-player/juvoplayer.tests/bin/debug/netcoreapp2.0/juvoplayer.tests.dll" id="27c0e446-fbb2-fa76-7f01-7a27a4208aca">
      <Execution id="fbef332e-b8ab-41da-a027-6f689b33441e" />
      <TestMethod codeBase="/home/p.buczynski/git/code/juvo-player/JuvoPlayer.Tests/bin/Debug/netcoreapp2.0/JuvoPlayer.Tests.dll" adapterTypeName="executor://nunit3testexecutor/" className="JuvoPlayer.Tests.UnitTests.TSSubtitleFormatResolver" name="ResolveByMimeType_WebVttMimeType_ReturnsWebVttFormat" />
    </UnitTest>
    <UnitTest name="ParseTimeLine_TimeLineIsInvalid_ThrowsFormatException(null)" storage="/home/p.buczynski/git/code/juvo-player/juvoplayer.tests/bin/debug/netcoreapp2.0/juvoplayer.tests.dll" id="828833e5-ad1d-39c6-9465-e9a534d931b4">
      <Execution id="536424a2-8b83-4169-a325-518d4c87d355" />
      <TestMethod codeBase="/home/p.buczynski/git/code/juvo-player/JuvoPlayer.Tests/bin/Debug/netcoreapp2.0/JuvoPlayer.Tests.dll" adapterTypeName="executor://nunit3testexecutor/" className="JuvoPlayer.Tests.UnitTests.TSWebVttSubtitleParser" name="ParseTimeLine_TimeLineIsInvalid_ThrowsFormatException(null)" />
    </UnitTest>
    <UnitTest name="Serialization_OperationSerialized_DeserializedProperly(JuvoPlayer.Tests.Utils.StartOperation)" storage="/home/p.buczynski/git/code/juvo-player/juvoplayer.tests/bin/debug/netcoreapp2.0/juvoplayer.tests.dll" id="7d1053d3-3965-5046-05f3-5d8a55de4e4c">
      <Execution id="5c0e97ac-31b9-4a12-80b9-9bbbdc630166" />
      <TestMethod codeBase="/home/p.buczynski/git/code/juvo-player/JuvoPlayer.Tests/bin/Debug/netcoreapp2.0/JuvoPlayer.Tests.dll" adapterTypeName="executor://nunit3testexecutor/" className="JuvoPlayer.Tests.IntegrationTests.TSOperationSerializer" name="Serialization_OperationSerialized_DeserializedProperly(JuvoPlayer.Tests.Utils.StartOperation)" />
    </UnitTest>
    <UnitTest name="Start_DemuxerInitFails_PublishesDemuxerError(StartForEs)" storage="/home/p.buczynski/git/code/juvo-player/juvoplayer.tests/bin/debug/netcoreapp2.0/juvoplayer.tests.dll" id="c0cf0641-dce5-3e52-e867-94fa19192895">
      <Execution id="8f8cfc7d-f5b3-4e96-bb57-0b193fda3ede" />
      <TestMethod codeBase="/home/p.buczynski/git/code/juvo-player/JuvoPlayer.Tests/bin/Debug/netcoreapp2.0/JuvoPlayer.Tests.dll" adapterTypeName="executor://nunit3testexecutor/" className="JuvoPlayer.Tests.UnitTests.TSDemuxerController" name="Start_DemuxerInitFails_PublishesDemuxerError(StartForEs)" />
    </UnitTest>
    <UnitTest name="RegisterDataProviderFactory_Unsupported" storage="/home/p.buczynski/git/code/juvo-player/juvoplayer.tests/bin/debug/netcoreapp2.0/juvoplayer.tests.dll" id="06962d28-4767-08b4-f374-8a5f6998b67f">
      <Execution id="e44c6efd-87dc-439b-9491-abedb126ca5c" />
      <TestMethod codeBase="/home/p.buczynski/git/code/juvo-player/JuvoPlayer.Tests/bin/Debug/netcoreapp2.0/JuvoPlayer.Tests.dll" adapterTypeName="executor://nunit3testexecutor/" className="JuvoPlayer.Tests.UnitTests.DataProviderFactoryManagerTests" name="RegisterDataProviderFactory_Unsupported" />
    </UnitTest>
    <UnitTest name="ParseText_ContainsEscapeSequence_DecodesSuccessfully(&quot;begin &amp;lt; end&quot;,&quot;begin &lt; end&quot;)" storage="/home/p.buczynski/git/code/juvo-player/juvoplayer.tests/bin/debug/netcoreapp2.0/juvoplayer.tests.dll" id="461167f4-f83d-dfb6-f998-4b01ff39fbbb">
      <Execution id="ed39c0a6-1c25-487c-99ec-3005e3fb3bf9" />
      <TestMethod codeBase="/home/p.buczynski/git/code/juvo-player/JuvoPlayer.Tests/bin/Debug/netcoreapp2.0/JuvoPlayer.Tests.dll" adapterTypeName="executor://nunit3testexecutor/" className="JuvoPlayer.Tests.UnitTests.TSWebVttSubtitleParser" name="ParseText_ContainsEscapeSequence_DecodesSuccessfully(&quot;begin &amp;lt; end&quot;,&quot;begin &lt; end&quot;)" />
    </UnitTest>
    <UnitTest name="SupportsType_ValidType_ReturnsTrue(&quot;widevine&quot;)" storage="/home/p.buczynski/git/code/juvo-player/juvoplayer.tests/bin/debug/netcoreapp2.0/juvoplayer.tests.dll" id="3accf9e4-664b-d25c-8a3f-c716b44b5888">
      <Execution id="d9225e77-a61c-4ca2-b49d-e45f71c43397" />
      <TestMethod codeBase="/home/p.buczynski/git/code/juvo-player/JuvoPlayer.Tests/bin/Debug/netcoreapp2.0/JuvoPlayer.Tests.dll" adapterTypeName="executor://nunit3testexecutor/" className="JuvoPlayer.Tests.UnitTests.TSCencUtils" name="SupportsType_ValidType_ReturnsTrue(&quot;widevine&quot;)" />
    </UnitTest>
    <UnitTest name="Seek_Called_DemuxesNextPacket" storage="/home/p.buczynski/git/code/juvo-player/juvoplayer.tests/bin/debug/netcoreapp2.0/juvoplayer.tests.dll" id="ef16af07-a0ec-96c0-1d10-e96fe005892e">
      <Execution id="3560d4de-5a57-45b3-995f-fe2bea97bd96" />
      <TestMethod codeBase="/home/p.buczynski/git/code/juvo-player/JuvoPlayer.Tests/bin/Debug/netcoreapp2.0/JuvoPlayer.Tests.dll" adapterTypeName="executor://nunit3testexecutor/" className="JuvoPlayer.Tests.UnitTests.TSDemuxerController" name="Seek_Called_DemuxesNextPacket" />
    </UnitTest>
    <UnitTest name="ReadPacket_InvokedWithSizeLessThanBufferSize_ReturnsTrimmedData" storage="/home/p.buczynski/git/code/juvo-player/juvoplayer.tests/bin/debug/netcoreapp2.0/juvoplayer.tests.dll" id="ec81a422-56dc-8438-8278-26703789eecf">
      <Execution id="7b7e957e-2ce1-42e9-8f27-1a1042a92c61" />
      <TestMethod codeBase="/home/p.buczynski/git/code/juvo-player/JuvoPlayer.Tests/bin/Debug/netcoreapp2.0/JuvoPlayer.Tests.dll" adapterTypeName="executor://nunit3testexecutor/" className="JuvoPlayer.Tests.UnitTests.TSFFmpegDemuxer" name="ReadPacket_InvokedWithSizeLessThanBufferSize_ReturnsTrimmedData" />
    </UnitTest>
    <UnitTest name="ParseTimeLine_WhenLineIsInvalid_ThrowsFormatException(&quot;&quot;)" storage="/home/p.buczynski/git/code/juvo-player/juvoplayer.tests/bin/debug/netcoreapp2.0/juvoplayer.tests.dll" id="f3e08194-d050-86f4-49c6-9c623a6c25ea">
      <Execution id="eb5823ad-aed2-457b-b124-368831b050b1" />
      <TestMethod codeBase="/home/p.buczynski/git/code/juvo-player/JuvoPlayer.Tests/bin/Debug/netcoreapp2.0/JuvoPlayer.Tests.dll" adapterTypeName="executor://nunit3testexecutor/" className="JuvoPlayer.Tests.UnitTests.TSSrtSubtitleParser" name="ParseTimeLine_WhenLineIsInvalid_ThrowsFormatException(&quot;&quot;)" />
    </UnitTest>
    <UnitTest name="OnStreamConfigChanged_WhenStreamConfigIsNull_ThrowsArgumentNullException" storage="/home/p.buczynski/git/code/juvo-player/juvoplayer.tests/bin/debug/netcoreapp2.0/juvoplayer.tests.dll" id="63887502-2290-59ec-06c5-74675818419c">
      <Execution id="c4d21302-3ac2-44e4-bcc3-2a151d0eedbb" />
      <TestMethod codeBase="/home/p.buczynski/git/code/juvo-player/JuvoPlayer.Tests/bin/Debug/netcoreapp2.0/JuvoPlayer.Tests.dll" adapterTypeName="executor://nunit3testexecutor/" className="JuvoPlayer.Tests.UnitTests.TSPacketStream" name="OnStreamConfigChanged_WhenStreamConfigIsNull_ThrowsArgumentNullException" />
    </UnitTest>
    <UnitTest name="TestConfigureWithValidConfigFile" storage="/home/p.buczynski/git/code/juvo-player/juvoplayer.tests/bin/debug/netcoreapp2.0/juvoplayer.tests.dll" id="7d5bc078-3ad1-6704-ebfc-1890dbc9df71">
      <Execution id="114a4b5d-e0cf-4c06-be60-005933d5bde9" />
      <TestMethod codeBase="/home/p.buczynski/git/code/juvo-player/JuvoPlayer.Tests/bin/Debug/netcoreapp2.0/JuvoPlayer.Tests.dll" adapterTypeName="executor://nunit3testexecutor/" className="JuvoPlayer.Tests.UnitTests.TSLoggerManager" name="TestConfigureWithValidConfigFile" />
    </UnitTest>
    <UnitTest name="OnAppendPacket_WhenNotConfigured_ThrowsInvalidOperationException" storage="/home/p.buczynski/git/code/juvo-player/juvoplayer.tests/bin/debug/netcoreapp2.0/juvoplayer.tests.dll" id="3e643ea4-f7b6-f967-c41d-29aace04110b">
      <Execution id="8409a528-9039-4aba-b65e-d6a19ef62502" />
      <TestMethod codeBase="/home/p.buczynski/git/code/juvo-player/JuvoPlayer.Tests/bin/Debug/netcoreapp2.0/JuvoPlayer.Tests.dll" adapterTypeName="executor://nunit3testexecutor/" className="JuvoPlayer.Tests.UnitTests.TSPacketStream" name="OnAppendPacket_WhenNotConfigured_ThrowsInvalidOperationException" />
    </UnitTest>
    <UnitTest name="Flush_CalledWhileChunkIsPending_ChunkIsDeliveredToDemuxer" storage="/home/p.buczynski/git/code/juvo-player/juvoplayer.tests/bin/debug/netcoreapp2.0/juvoplayer.tests.dll" id="82c42f6e-956e-b76d-5149-62245c80f145">
      <Execution id="166acaf7-e8c9-4a74-9be2-f4fc11f8b7b2" />
      <TestMethod codeBase="/home/p.buczynski/git/code/juvo-player/JuvoPlayer.Tests/bin/Debug/netcoreapp2.0/JuvoPlayer.Tests.dll" adapterTypeName="executor://nunit3testexecutor/" className="JuvoPlayer.Tests.UnitTests.TSDemuxerController" name="Flush_CalledWhileChunkIsPending_ChunkIsDeliveredToDemuxer" />
    </UnitTest>
  </TestDefinitions>
  <TestEntries>
    <TestEntry testId="c08a0c23-7b43-812c-9f19-03172b742d8a" executionId="aa5955af-df87-4a29-a75c-858c1d47148b" testListId="8c84fa94-04c1-424b-9868-57a2d4851a1d" />
    <TestEntry testId="1401be64-9b1a-fe9c-cbe7-91ee817fac69" executionId="b05dc563-cafe-4f8b-87d6-cb43b4e88586" testListId="8c84fa94-04c1-424b-9868-57a2d4851a1d" />
    <TestEntry testId="e1d59afc-ceae-0c1b-0769-05528c3d5bcc" executionId="9a844d47-0736-4a34-b945-88b2c79e7980" testListId="8c84fa94-04c1-424b-9868-57a2d4851a1d" />
    <TestEntry testId="7f654377-f7ad-ac97-076c-9956054067df" executionId="d426249f-f406-4fb0-b24f-b0254a0501a9" testListId="8c84fa94-04c1-424b-9868-57a2d4851a1d" />
    <TestEntry testId="f87db683-3a8e-4544-d4a4-bec956bf3b3f" executionId="6c269d71-b099-497b-9f61-1b18b43178da" testListId="8c84fa94-04c1-424b-9868-57a2d4851a1d" />
    <TestEntry testId="cca65208-0adf-48f2-82bf-43699d9e9051" executionId="332af783-a07e-4c80-a74c-4ba6730c723a" testListId="8c84fa94-04c1-424b-9868-57a2d4851a1d" />
    <TestEntry testId="0b3f14e6-954c-5a2d-85d5-9644a0e349e2" executionId="c6098b29-a4e6-468c-a03d-cf7701ca75ae" testListId="8c84fa94-04c1-424b-9868-57a2d4851a1d" />
    <TestEntry testId="c2da144b-378e-b165-a41b-7b65e6d54970" executionId="e21bc446-c5c7-42df-aa4a-e1c9132bc75d" testListId="8c84fa94-04c1-424b-9868-57a2d4851a1d" />
    <TestEntry testId="6fac98b9-fc8f-ded6-86b3-b3150632ee5f" executionId="99cd1db1-a212-45c5-9993-a10939c93724" testListId="8c84fa94-04c1-424b-9868-57a2d4851a1d" />
    <TestEntry testId="ecb58899-c328-f985-2c0b-ed632069fc86" executionId="decdeb03-4f44-4bd5-9c76-d1bd05fb3729" testListId="8c84fa94-04c1-424b-9868-57a2d4851a1d" />
    <TestEntry testId="da5a75b7-aa19-0293-49b5-3bd5a004ec15" executionId="6637c94c-c014-46ce-8398-cce39c22e9fe" testListId="8c84fa94-04c1-424b-9868-57a2d4851a1d" />
    <TestEntry testId="c1b0f31a-ea5a-298b-bdf9-e1d1cecd60bb" executionId="d3bfeed7-4210-441f-bbc1-c7fcd56e3fe3" testListId="8c84fa94-04c1-424b-9868-57a2d4851a1d" />
    <TestEntry testId="63887502-2290-59ec-06c5-74675818419c" executionId="c4d21302-3ac2-44e4-bcc3-2a151d0eedbb" testListId="8c84fa94-04c1-424b-9868-57a2d4851a1d" />
    <TestEntry testId="e627cd52-2378-d6fc-2ff2-c4c49c512a76" executionId="1a2d84ca-7271-4c30-b091-2ef674d0b887" testListId="8c84fa94-04c1-424b-9868-57a2d4851a1d" />
    <TestEntry testId="ce01ebcc-a3b9-cf57-b548-3aec0795ebd5" executionId="1114dfa0-13d9-4d94-911d-ca42c5f53ac0" testListId="8c84fa94-04c1-424b-9868-57a2d4851a1d" />
    <TestEntry testId="5b212d48-3586-21cd-2d5d-74feb2deb816" executionId="54b8bedf-f15c-48e7-a765-2df63e3d03b8" testListId="8c84fa94-04c1-424b-9868-57a2d4851a1d" />
    <TestEntry testId="3bb9e6bd-fed8-b1b2-1da9-9ab8e55f2013" executionId="a7289dd5-b8d8-4778-9351-ad365f21da74" testListId="8c84fa94-04c1-424b-9868-57a2d4851a1d" />
    <TestEntry testId="dcf10506-16c1-f65b-62cc-54c81f3d69fc" executionId="87c38cae-7911-450c-aae1-42a1be89e906" testListId="8c84fa94-04c1-424b-9868-57a2d4851a1d" />
    <TestEntry testId="598bfb59-b210-6d51-5dff-24428bdd49a7" executionId="b41a1dd2-d704-40e4-997e-93eac0ee97c1" testListId="8c84fa94-04c1-424b-9868-57a2d4851a1d" />
    <TestEntry testId="b4eee26d-24ec-582f-e097-1f57b7e85dcb" executionId="555bc68c-7e56-43ec-9fdd-f0fcf04430d1" testListId="8c84fa94-04c1-424b-9868-57a2d4851a1d" />
    <TestEntry testId="88bc5129-e7aa-8963-c140-f3fd33a92044" executionId="3750ff26-c070-423f-9ec7-b816b9cbdbac" testListId="8c84fa94-04c1-424b-9868-57a2d4851a1d" />
    <TestEntry testId="f01d921c-ca10-b5d1-27ad-327291be9d87" executionId="710b491a-5bc9-4563-82c7-d6fac80b7b12" testListId="8c84fa94-04c1-424b-9868-57a2d4851a1d" />
    <TestEntry testId="0e5a7d31-b50f-e2fa-db2d-75f9677650eb" executionId="509c9243-efd7-4ef2-ae9e-758ba08e80a2" testListId="8c84fa94-04c1-424b-9868-57a2d4851a1d" />
    <TestEntry testId="bfa7b9c5-0d1c-484d-ffb4-16f6680e082d" executionId="c9766129-956f-49c2-a7c3-5f7a63442e81" testListId="8c84fa94-04c1-424b-9868-57a2d4851a1d" />
    <TestEntry testId="9bf965f4-b07a-9f83-7d3c-04862d018a76" executionId="810557d2-5654-4b63-aeed-d61eb39e6b3a" testListId="8c84fa94-04c1-424b-9868-57a2d4851a1d" />
    <TestEntry testId="65fdcfa3-e586-80fb-25e9-f3179ce3d17c" executionId="bd5308c3-a5e8-476a-b9d3-75c9e01c0c4a" testListId="8c84fa94-04c1-424b-9868-57a2d4851a1d" />
    <TestEntry testId="8b5ade29-f79f-4071-809a-b5dffc281389" executionId="e669606e-8487-46f0-88c8-73d49bcb7e13" testListId="8c84fa94-04c1-424b-9868-57a2d4851a1d" />
    <TestEntry testId="9a9661dd-36b6-16db-2f09-bd73c6ac6d68" executionId="9e863881-680c-487a-88fd-1d1d6a10e747" testListId="8c84fa94-04c1-424b-9868-57a2d4851a1d" />
    <TestEntry testId="32a4594b-b1ea-44dc-9f50-e88fff32aca7" executionId="53586768-b965-437a-9e2b-8608faaedac6" testListId="8c84fa94-04c1-424b-9868-57a2d4851a1d" />
    <TestEntry testId="5ab273b4-d5f1-2abf-3a88-3bfeef20ebf5" executionId="ffa80fe1-210f-43a1-a7c7-e1eaa9c4a7a6" testListId="8c84fa94-04c1-424b-9868-57a2d4851a1d" />
    <TestEntry testId="88dd71ef-8824-feb9-a45c-d465619740f7" executionId="ab5aa279-64fe-4829-8cce-52fe1dbfe73f" testListId="8c84fa94-04c1-424b-9868-57a2d4851a1d" />
    <TestEntry testId="7d1053d3-3965-5046-05f3-5d8a55de4e4c" executionId="5c0e97ac-31b9-4a12-80b9-9bbbdc630166" testListId="8c84fa94-04c1-424b-9868-57a2d4851a1d" />
    <TestEntry testId="1f7bba7b-44c7-d415-228c-13d53a0e097d" executionId="b1ca9074-00ec-40ea-8b1e-0289dadd170a" testListId="8c84fa94-04c1-424b-9868-57a2d4851a1d" />
    <TestEntry testId="941c0021-a8fe-25b1-de50-c1e94e8c1fd9" executionId="1cebae52-5ca7-4f52-be50-6d50469e153b" testListId="8c84fa94-04c1-424b-9868-57a2d4851a1d" />
    <TestEntry testId="1456f546-2b4f-74af-fce2-a2145100c175" executionId="bc17227d-ebd2-462e-a41d-86714817b670" testListId="8c84fa94-04c1-424b-9868-57a2d4851a1d" />
    <TestEntry testId="934d902b-af41-a86f-d0cb-6e5ba6785975" executionId="2b419126-a86a-4bc0-9b73-badde27b2936" testListId="8c84fa94-04c1-424b-9868-57a2d4851a1d" />
    <TestEntry testId="3accf9e4-664b-d25c-8a3f-c716b44b5888" executionId="d9225e77-a61c-4ca2-b49d-e45f71c43397" testListId="8c84fa94-04c1-424b-9868-57a2d4851a1d" />
    <TestEntry testId="852b5e0e-9762-784e-5557-e2cf4ea73784" executionId="0dc76c7c-6111-46d2-848a-56423e9ab9a9" testListId="8c84fa94-04c1-424b-9868-57a2d4851a1d" />
    <TestEntry testId="5aba6d27-4c6f-ae2f-cf75-baaf7277a3aa" executionId="8c71f654-a712-412a-991b-331592338347" testListId="8c84fa94-04c1-424b-9868-57a2d4851a1d" />
    <TestEntry testId="c6b41802-25fd-66eb-f1c3-47cfda11148b" executionId="c429ee97-5bc0-428c-805f-8a86b6235cf7" testListId="8c84fa94-04c1-424b-9868-57a2d4851a1d" />
    <TestEntry testId="387dafbc-f6b1-0e58-56ab-e371f4acda38" executionId="6c550ad2-08eb-4889-9bb9-bf5de8de6fe5" testListId="8c84fa94-04c1-424b-9868-57a2d4851a1d" />
    <TestEntry testId="24b81133-6183-4881-a72c-c0d4de113274" executionId="c613981a-1608-400c-b925-33cb7980a246" testListId="8c84fa94-04c1-424b-9868-57a2d4851a1d" />
    <TestEntry testId="d7ac1929-9b02-b83c-c131-e7b03e1000aa" executionId="495426b8-67d8-4472-8920-2ccd1e46e39e" testListId="8c84fa94-04c1-424b-9868-57a2d4851a1d" />
    <TestEntry testId="277f52da-2282-9c65-51fe-2a9bdc6748b7" executionId="26412116-3a27-4608-84e9-0164504432b7" testListId="8c84fa94-04c1-424b-9868-57a2d4851a1d" />
    <TestEntry testId="cdaa95b4-0c6d-1e27-93cc-3d0e0a68a8ea" executionId="07e5d3b1-8258-4b28-b838-a5b0fdd6213a" testListId="8c84fa94-04c1-424b-9868-57a2d4851a1d" />
    <TestEntry testId="f81baf0f-ead9-5f35-fa39-b734665fe9b1" executionId="de1b08af-de9d-4f07-b09a-525cfa794954" testListId="8c84fa94-04c1-424b-9868-57a2d4851a1d" />
    <TestEntry testId="9681c4d5-bb9b-2329-b528-bc4805c08192" executionId="2def1548-b28f-4cbc-81c2-95b55101db49" testListId="8c84fa94-04c1-424b-9868-57a2d4851a1d" />
    <TestEntry testId="fdaaee40-d5ec-3d57-52e3-ba061dbf8ab8" executionId="09b3658c-ac90-4fea-8167-2440aadbf4c3" testListId="8c84fa94-04c1-424b-9868-57a2d4851a1d" />
    <TestEntry testId="b7fd9400-1bb5-081c-d5a3-25a6c282dcbe" executionId="d34bc9ae-37c9-4b51-aa0c-16dff0282aa8" testListId="8c84fa94-04c1-424b-9868-57a2d4851a1d" />
    <TestEntry testId="c0cf0641-dce5-3e52-e867-94fa19192895" executionId="8f8cfc7d-f5b3-4e96-bb57-0b193fda3ede" testListId="8c84fa94-04c1-424b-9868-57a2d4851a1d" />
    <TestEntry testId="9cc3315d-ab2d-0d5c-5fc9-8503edd24a84" executionId="89228eb3-2612-41f1-9f54-79c08e4da31f" testListId="8c84fa94-04c1-424b-9868-57a2d4851a1d" />
    <TestEntry testId="22652439-3c67-dfff-4ce3-b173308c9356" executionId="13397d8a-db32-4b11-9c79-aea8af1c67da" testListId="8c84fa94-04c1-424b-9868-57a2d4851a1d" />
    <TestEntry testId="d69bd21c-4887-795d-066d-a5d448489d31" executionId="8c2b884e-1be5-42e8-b620-f6a86fce3012" testListId="8c84fa94-04c1-424b-9868-57a2d4851a1d" />
    <TestEntry testId="461167f4-f83d-dfb6-f998-4b01ff39fbbb" executionId="ed39c0a6-1c25-487c-99ec-3005e3fb3bf9" testListId="8c84fa94-04c1-424b-9868-57a2d4851a1d" />
    <TestEntry testId="94d95040-3698-185d-5d6f-562ab37711a4" executionId="8eb9715a-ea74-49e5-b70a-ae36c2e87b43" testListId="8c84fa94-04c1-424b-9868-57a2d4851a1d" />
    <TestEntry testId="bf726271-d726-9654-3c3e-7309912ba13e" executionId="8dd88827-500e-4d99-93b8-fe0e79a75169" testListId="8c84fa94-04c1-424b-9868-57a2d4851a1d" />
    <TestEntry testId="db9e6235-a824-dde8-0052-9868cf8e7d1a" executionId="33b12d10-29d4-4eae-83ee-ebde4e06fe34" testListId="8c84fa94-04c1-424b-9868-57a2d4851a1d" />
    <TestEntry testId="57c0ae3c-c55a-4a36-bc50-46b8e916c8ec" executionId="65a31f48-6dfb-4184-95d3-7f3ece74438b" testListId="8c84fa94-04c1-424b-9868-57a2d4851a1d" />
    <TestEntry testId="dc2e53b3-b4b5-d431-a2a2-41dcd332c80c" executionId="86aaf90f-6396-4601-9f44-5e1295d91798" testListId="8c84fa94-04c1-424b-9868-57a2d4851a1d" />
    <TestEntry testId="6d33e4a5-ae74-c82a-5d2b-0a3770f1919a" executionId="d393f67f-9590-45be-ab50-fa0b5548f10b" testListId="8c84fa94-04c1-424b-9868-57a2d4851a1d" />
    <TestEntry testId="02fb1555-b786-4aa2-7007-ec43c1c9fbe1" executionId="1345e9f3-f482-423d-be2a-eb5e87ca03d1" testListId="8c84fa94-04c1-424b-9868-57a2d4851a1d" />
    <TestEntry testId="06962d28-4767-08b4-f374-8a5f6998b67f" executionId="e44c6efd-87dc-439b-9491-abedb126ca5c" testListId="8c84fa94-04c1-424b-9868-57a2d4851a1d" />
    <TestEntry testId="520722aa-6a80-b3d5-b800-d9703ed85ffc" executionId="4acc7545-e1d1-4bfc-95b3-d15dff5a0527" testListId="8c84fa94-04c1-424b-9868-57a2d4851a1d" />
    <TestEntry testId="0d5e9659-8752-ad65-3659-a1154060e2e0" executionId="4eab6965-de77-4dfc-bd00-61d8854a3b6a" testListId="8c84fa94-04c1-424b-9868-57a2d4851a1d" />
    <TestEntry testId="320b5630-864f-a352-1987-972112f06fc2" executionId="ef1efc7d-4174-4ec2-9945-a18ffb2de43b" testListId="8c84fa94-04c1-424b-9868-57a2d4851a1d" />
    <TestEntry testId="4f7bdc50-58ea-1837-577f-74ef6cb0ffb7" executionId="2d49900b-6d24-4ff3-841d-65cd552baa19" testListId="8c84fa94-04c1-424b-9868-57a2d4851a1d" />
    <TestEntry testId="27c0e446-fbb2-fa76-7f01-7a27a4208aca" executionId="fbef332e-b8ab-41da-a027-6f689b33441e" testListId="8c84fa94-04c1-424b-9868-57a2d4851a1d" />
    <TestEntry testId="843772ee-7171-937b-ee83-555f894077cb" executionId="b59ef13b-7eac-4254-9390-ecc0ba917636" testListId="8c84fa94-04c1-424b-9868-57a2d4851a1d" />
    <TestEntry testId="08fa8c0b-a89b-568b-783e-bb49d811f5cb" executionId="42f28368-7d4e-4a79-8f5c-fc7c4c8b4e9c" testListId="8c84fa94-04c1-424b-9868-57a2d4851a1d" />
    <TestEntry testId="ba867f1f-710b-a6f5-4ace-b54486edaddc" executionId="18cee19d-c4d3-40fc-bc8a-f6714edab33e" testListId="8c84fa94-04c1-424b-9868-57a2d4851a1d" />
    <TestEntry testId="d344b394-6cc8-3bd8-7dae-88c5607a157d" executionId="c375e09c-7ae7-4ed8-8b07-573fb2ed3cb1" testListId="8c84fa94-04c1-424b-9868-57a2d4851a1d" />
    <TestEntry testId="e63e97dd-9e6c-4645-bf1f-6cbc1114526d" executionId="3fb19342-8ac1-4de7-9c7e-7a5e3984ea06" testListId="8c84fa94-04c1-424b-9868-57a2d4851a1d" />
    <TestEntry testId="bd93227b-c515-27be-ca4c-f543b843cc7e" executionId="71eef89b-d472-4276-9107-e18cce7fef79" testListId="8c84fa94-04c1-424b-9868-57a2d4851a1d" />
    <TestEntry testId="18ddabc1-b1c8-c549-5717-a273d4ac0a3e" executionId="816da749-7a20-4d83-b78d-861c37126d45" testListId="8c84fa94-04c1-424b-9868-57a2d4851a1d" />
    <TestEntry testId="a7854dd3-8d20-6641-2e3e-29ad46bbb531" executionId="0d3fdf3a-29ff-4eee-97cc-31e829178aa9" testListId="8c84fa94-04c1-424b-9868-57a2d4851a1d" />
    <TestEntry testId="913bcb3f-29bc-fd1f-7c98-c387d71227d4" executionId="0b1b2455-58fb-412b-b936-02bd0ce039d3" testListId="8c84fa94-04c1-424b-9868-57a2d4851a1d" />
    <TestEntry testId="df372fc8-3c99-3f47-21be-b6b55c400ba1" executionId="d8acbaec-e4d1-4eb7-b905-889aa6ba2f13" testListId="8c84fa94-04c1-424b-9868-57a2d4851a1d" />
    <TestEntry testId="c0e373ae-3e15-775d-5f9d-a8c872e8b285" executionId="6b70667b-28c3-4105-a6f7-70ddcd025bb8" testListId="8c84fa94-04c1-424b-9868-57a2d4851a1d" />
    <TestEntry testId="8eee559b-f88d-5f49-738c-7ba028df49b7" executionId="71979611-d4b4-4379-9038-1d2c713dc947" testListId="8c84fa94-04c1-424b-9868-57a2d4851a1d" />
    <TestEntry testId="ef16af07-a0ec-96c0-1d10-e96fe005892e" executionId="3560d4de-5a57-45b3-995f-fe2bea97bd96" testListId="8c84fa94-04c1-424b-9868-57a2d4851a1d" />
    <TestEntry testId="a01cf621-ca79-9bae-641f-945046dfdf90" executionId="29ac78da-39c0-4450-8ea1-7fb7d53aeb3d" testListId="8c84fa94-04c1-424b-9868-57a2d4851a1d" />
    <TestEntry testId="87a46580-854b-14e6-9b30-6edf24aae711" executionId="80c68cac-984a-4bae-afb6-aba374d2c739" testListId="8c84fa94-04c1-424b-9868-57a2d4851a1d" />
    <TestEntry testId="b7eb0c33-690a-f384-4720-26ede54cd459" executionId="d83c64f3-f8a7-4378-92e1-1ad6a4ed1ad3" testListId="8c84fa94-04c1-424b-9868-57a2d4851a1d" />
    <TestEntry testId="a6d0eb97-9095-37a6-7ebf-53f8881d60f0" executionId="286d594b-6303-4ab8-8f3e-2326f9eb5c6d" testListId="8c84fa94-04c1-424b-9868-57a2d4851a1d" />
    <TestEntry testId="66c7aa12-2df2-fe1f-0f30-30b43cfdd6b4" executionId="88ba0f7d-f6da-4b99-8521-bf1f2fc1d460" testListId="8c84fa94-04c1-424b-9868-57a2d4851a1d" />
    <TestEntry testId="297e934f-7145-7b72-115d-3787b6d62aa4" executionId="9d91ed1e-4f61-4d36-8910-c07cf1e1e599" testListId="8c84fa94-04c1-424b-9868-57a2d4851a1d" />
    <TestEntry testId="6ec026f1-46c9-6133-cbd4-a87c07ad774c" executionId="1d38b2b5-4de8-4201-87eb-b56410b87e52" testListId="8c84fa94-04c1-424b-9868-57a2d4851a1d" />
    <TestEntry testId="8b7b35e7-42f3-7119-a9bd-fd9bc70bdd46" executionId="cb4b79cc-46b1-42b4-a71e-a666502c1d56" testListId="8c84fa94-04c1-424b-9868-57a2d4851a1d" />
    <TestEntry testId="82c42f6e-956e-b76d-5149-62245c80f145" executionId="166acaf7-e8c9-4a74-9be2-f4fc11f8b7b2" testListId="8c84fa94-04c1-424b-9868-57a2d4851a1d" />
    <TestEntry testId="af40adc3-6ce4-fbdb-f50c-26697781469d" executionId="9015f45b-2699-4998-936f-cc5d5d9093ba" testListId="8c84fa94-04c1-424b-9868-57a2d4851a1d" />
    <TestEntry testId="f27ecf69-9c6a-7512-245c-df2210246910" executionId="52f1c681-db05-4ed4-856c-38b49630d4f7" testListId="8c84fa94-04c1-424b-9868-57a2d4851a1d" />
    <TestEntry testId="5086e7e5-6679-888c-406b-de1ba0a5028e" executionId="5f295c85-020c-4e97-8a5b-853af501d9fe" testListId="8c84fa94-04c1-424b-9868-57a2d4851a1d" />
    <TestEntry testId="3a15d223-5377-905d-8b73-e96a8942d8f8" executionId="76cf8177-2715-4574-9cc2-0227011c6606" testListId="8c84fa94-04c1-424b-9868-57a2d4851a1d" />
    <TestEntry testId="3007bb0c-41a6-c578-20f7-6fe2cf8444cb" executionId="cd4380f6-df1e-4293-b247-d9505d40924f" testListId="8c84fa94-04c1-424b-9868-57a2d4851a1d" />
    <TestEntry testId="639b760f-d73b-dd9e-184b-d4fba82810a2" executionId="2114e3f6-33b4-42f4-9f63-d69c2ec4258c" testListId="8c84fa94-04c1-424b-9868-57a2d4851a1d" />
    <TestEntry testId="082e2fa9-eb0e-43b2-8e14-8ef9bd55403d" executionId="05dcd7f4-bbb6-44bb-95ca-f59fb2be302a" testListId="8c84fa94-04c1-424b-9868-57a2d4851a1d" />
    <TestEntry testId="e8822ed9-c52a-6461-1cf0-248853538bf9" executionId="55ddb887-2f26-45d5-9dc0-88e2bd0ca6df" testListId="8c84fa94-04c1-424b-9868-57a2d4851a1d" />
    <TestEntry testId="31911a88-751c-bf36-b733-4c5fb543e8b3" executionId="15d84a9a-3217-4e5b-995c-96f080f5fe35" testListId="8c84fa94-04c1-424b-9868-57a2d4851a1d" />
    <TestEntry testId="718f5161-c183-d605-d2c2-6292afd3ca09" executionId="737b52df-e79b-4d3e-931a-4d52a98bb558" testListId="8c84fa94-04c1-424b-9868-57a2d4851a1d" />
    <TestEntry testId="10e2acea-9f1a-44dc-fcd2-d1496a18cd1a" executionId="dffa6bbf-a45d-4db2-82c1-72bf95a429a9" testListId="8c84fa94-04c1-424b-9868-57a2d4851a1d" />
    <TestEntry testId="0d59dc87-668a-e439-20c3-2f6fcc18afb6" executionId="95825c0c-5164-482f-a3cb-a136ea31eefa" testListId="8c84fa94-04c1-424b-9868-57a2d4851a1d" />
    <TestEntry testId="14bf11d8-cd56-b03e-b93b-91e02f6e5782" executionId="f5ef6f72-581b-4580-9056-31c2d6f760db" testListId="8c84fa94-04c1-424b-9868-57a2d4851a1d" />
    <TestEntry testId="8e853ee6-04cd-709e-3b10-3f4dc0ff936d" executionId="ac121621-494c-496f-b8d0-c57b1ffea9a8" testListId="8c84fa94-04c1-424b-9868-57a2d4851a1d" />
    <TestEntry testId="1b0e12dd-7d88-c49c-b42d-b67339dc24f6" executionId="9e6a7c4a-65a3-4b89-a76a-b5d1028a4ba1" testListId="8c84fa94-04c1-424b-9868-57a2d4851a1d" />
    <TestEntry testId="6edbc781-4e0b-a9f7-1870-a384b19f1879" executionId="1dcd24e5-1e75-4de8-ac79-ec4be5855d96" testListId="8c84fa94-04c1-424b-9868-57a2d4851a1d" />
    <TestEntry testId="300838be-4f51-a4d3-86e3-26fa36f90ffb" executionId="9bd3cb32-a02e-4395-a97c-89541f04e11d" testListId="8c84fa94-04c1-424b-9868-57a2d4851a1d" />
    <TestEntry testId="800df5e6-2778-4289-fb38-2692d926e438" executionId="df4aa9b6-bc17-424f-bb00-b6f67601693d" testListId="8c84fa94-04c1-424b-9868-57a2d4851a1d" />
    <TestEntry testId="cbd08089-7dfa-f39a-6544-f54af436e9b1" executionId="f61385a4-0510-4555-a127-b0799079613e" testListId="8c84fa94-04c1-424b-9868-57a2d4851a1d" />
    <TestEntry testId="b5d74e53-26e8-fd8a-6e3c-c86cfe8ea12c" executionId="564a6023-4a4a-4d3f-bd35-c122592191bf" testListId="8c84fa94-04c1-424b-9868-57a2d4851a1d" />
    <TestEntry testId="39d5ff9a-2a80-e32f-8c48-31ef5543d04d" executionId="89ea8fbd-1c06-4919-a772-a997f105453d" testListId="8c84fa94-04c1-424b-9868-57a2d4851a1d" />
    <TestEntry testId="17fa2bb9-6058-ffa9-3803-d58553ec74eb" executionId="7c10a986-0c7e-4d41-9062-ada08c6666ef" testListId="8c84fa94-04c1-424b-9868-57a2d4851a1d" />
    <TestEntry testId="5652ce59-b2d8-d716-cc63-db9d5225d1de" executionId="8db535b4-bc87-477b-b7fd-55eac80554d0" testListId="8c84fa94-04c1-424b-9868-57a2d4851a1d" />
    <TestEntry testId="a696fe85-6892-5787-2988-b6dc32a7eaae" executionId="aa06c85b-5b06-4c0a-b16a-620c33602367" testListId="8c84fa94-04c1-424b-9868-57a2d4851a1d" />
    <TestEntry testId="82d4c515-f9fe-5c04-4ba8-723b5ff21f55" executionId="49b8af71-fb49-4aca-af49-aa71d4404b3f" testListId="8c84fa94-04c1-424b-9868-57a2d4851a1d" />
    <TestEntry testId="635a9c0c-0703-a7fe-f188-0e7aded18217" executionId="a955afca-a2ae-4f20-b992-71226e42f682" testListId="8c84fa94-04c1-424b-9868-57a2d4851a1d" />
    <TestEntry testId="8d0615a4-0a37-112e-879e-4003daa62f87" executionId="67950282-a834-443b-95c2-43b5c2df86ac" testListId="8c84fa94-04c1-424b-9868-57a2d4851a1d" />
    <TestEntry testId="c04c0fe5-1f6b-bd7f-47e1-2cbe0022b400" executionId="bdfb23e5-ac09-468a-86ac-1e8f8c111b7d" testListId="8c84fa94-04c1-424b-9868-57a2d4851a1d" />
    <TestEntry testId="c2ca0d7d-68c1-9a10-64d5-38b811f1c187" executionId="926a3153-9cab-49ad-bc43-498b403c6a22" testListId="8c84fa94-04c1-424b-9868-57a2d4851a1d" />
    <TestEntry testId="a4113738-4c26-f7ce-6619-a550a359b6d4" executionId="20b78e3a-7e64-442d-8ada-32d1850eb396" testListId="8c84fa94-04c1-424b-9868-57a2d4851a1d" />
    <TestEntry testId="09021642-119b-2b6e-4751-93eb7ddbf929" executionId="05347da0-fbb1-4d0b-9a07-51fe0730d697" testListId="8c84fa94-04c1-424b-9868-57a2d4851a1d" />
    <TestEntry testId="03900516-35b4-a3f2-ee8e-53c1d537ca19" executionId="dcbd8ffd-43ec-4891-aa3f-ab2494c51182" testListId="8c84fa94-04c1-424b-9868-57a2d4851a1d" />
    <TestEntry testId="4974b841-fe50-bc17-3fa6-12c238970853" executionId="7bf15b50-61bd-4048-914a-7b47c76519a9" testListId="8c84fa94-04c1-424b-9868-57a2d4851a1d" />
    <TestEntry testId="c78e9722-6d02-3845-ccf5-7d0c55504ab1" executionId="a112e291-b0d6-4d41-8e88-bf7d0f9bd07b" testListId="8c84fa94-04c1-424b-9868-57a2d4851a1d" />
    <TestEntry testId="7d5bc078-3ad1-6704-ebfc-1890dbc9df71" executionId="114a4b5d-e0cf-4c06-be60-005933d5bde9" testListId="8c84fa94-04c1-424b-9868-57a2d4851a1d" />
    <TestEntry testId="ff9a04ff-fa9e-340b-3ecc-b843a9161f2d" executionId="e6a79d1e-beea-4dc5-8960-34a0a3907259" testListId="8c84fa94-04c1-424b-9868-57a2d4851a1d" />
    <TestEntry testId="d281a02d-385b-cf02-8059-643dcf52507d" executionId="46e7a0dc-c926-4daa-8ffd-5cd069523fbb" testListId="8c84fa94-04c1-424b-9868-57a2d4851a1d" />
    <TestEntry testId="13c9576e-1060-3a96-db24-b3da48519d05" executionId="3e4d1ed8-688d-4754-b9d4-125b4184bddb" testListId="8c84fa94-04c1-424b-9868-57a2d4851a1d" />
    <TestEntry testId="a350e347-16d8-e1df-3789-caee1e50cb04" executionId="c93d3a69-1ec8-48c0-afa4-857900e2112c" testListId="8c84fa94-04c1-424b-9868-57a2d4851a1d" />
    <TestEntry testId="d92b4795-1b5e-a5e3-4306-d72267a0cfd6" executionId="25cefb3c-d559-4ace-a8fe-a9de39f5a586" testListId="8c84fa94-04c1-424b-9868-57a2d4851a1d" />
    <TestEntry testId="7ac342f5-d941-880c-3a41-9a214f71d826" executionId="38f09420-d622-44f6-9d94-0de8eef8f4e3" testListId="8c84fa94-04c1-424b-9868-57a2d4851a1d" />
    <TestEntry testId="34dfc2c1-12c5-e35a-2da9-15862f421a1f" executionId="f0fe84a0-4d0e-4cb5-a113-7673304cb353" testListId="8c84fa94-04c1-424b-9868-57a2d4851a1d" />
    <TestEntry testId="433c7d56-6fb5-d8f0-a9cc-eacc667c0a6b" executionId="4027bab1-9a58-402f-ad2c-49953d6174a3" testListId="8c84fa94-04c1-424b-9868-57a2d4851a1d" />
    <TestEntry testId="8d86425c-9966-faa7-aa49-ad14ec445516" executionId="481d4292-531e-41b9-a891-3885b189a44c" testListId="8c84fa94-04c1-424b-9868-57a2d4851a1d" />
    <TestEntry testId="c09a9465-f15f-2431-e3ef-062999b6d76e" executionId="f177178b-efbd-48da-b944-45be3d89e32a" testListId="8c84fa94-04c1-424b-9868-57a2d4851a1d" />
    <TestEntry testId="8c69b9b6-1758-6875-02cf-0ad701b0c4d3" executionId="ecb770bd-2c38-4743-aeaf-a78204c6ca0f" testListId="8c84fa94-04c1-424b-9868-57a2d4851a1d" />
    <TestEntry testId="4131df9f-9d50-eb51-fb6f-119ab1926039" executionId="2391a39e-e44a-4aab-8c0a-e684144a7b00" testListId="8c84fa94-04c1-424b-9868-57a2d4851a1d" />
    <TestEntry testId="0df30c92-10e5-04f8-7ba8-ad81df080036" executionId="cfb815d9-0938-491c-856d-a6ae4de02e1f" testListId="8c84fa94-04c1-424b-9868-57a2d4851a1d" />
    <TestEntry testId="7a04701a-199d-8dcd-efe9-bb7e5f52c2c3" executionId="594174f5-650b-43d3-8b77-59bf4619b949" testListId="8c84fa94-04c1-424b-9868-57a2d4851a1d" />
    <TestEntry testId="1d410506-c13a-9a12-e32f-3b0fb711ffd3" executionId="096e54ee-5c85-4eac-a660-9cf45808fbd6" testListId="8c84fa94-04c1-424b-9868-57a2d4851a1d" />
    <TestEntry testId="4316b1a0-3df5-84d3-9052-82615cd59e81" executionId="428676c5-b9fc-4035-9aa4-874dd6d0621e" testListId="8c84fa94-04c1-424b-9868-57a2d4851a1d" />
    <TestEntry testId="a16102ef-fcf8-a9c6-d66a-7b006e4ea6c9" executionId="b65c392b-e7b8-465a-af69-c53cb5828406" testListId="8c84fa94-04c1-424b-9868-57a2d4851a1d" />
    <TestEntry testId="fd067bbf-348e-1b3b-3bb2-93d8b6657abe" executionId="b2ace58f-2d29-4295-ad19-3f46c831c8d2" testListId="8c84fa94-04c1-424b-9868-57a2d4851a1d" />
    <TestEntry testId="b6c7b137-6c12-aa0e-37c0-885b1840aaf2" executionId="e1a2cdd9-183f-4e6a-9c6b-550f97ddd37f" testListId="8c84fa94-04c1-424b-9868-57a2d4851a1d" />
    <TestEntry testId="f3e08194-d050-86f4-49c6-9c623a6c25ea" executionId="eb5823ad-aed2-457b-b124-368831b050b1" testListId="8c84fa94-04c1-424b-9868-57a2d4851a1d" />
    <TestEntry testId="3f8dfde8-2658-03a7-336d-cc519ac91c3e" executionId="7a8d9a80-8396-41c5-b4c8-144143e612cb" testListId="8c84fa94-04c1-424b-9868-57a2d4851a1d" />
    <TestEntry testId="bdd6414d-53bc-cce6-3e9b-7c3b1b2abd5f" executionId="cab2343c-b934-4d0b-9caf-6f895e115f0f" testListId="8c84fa94-04c1-424b-9868-57a2d4851a1d" />
    <TestEntry testId="6c6cc584-dae2-c9a7-15dc-6a0756b39c6c" executionId="f6014de2-c0aa-4450-a080-442ad5e05aa4" testListId="8c84fa94-04c1-424b-9868-57a2d4851a1d" />
    <TestEntry testId="cb66aab4-74da-9d22-4f63-1827d111c973" executionId="c0aad408-ab86-43dc-a872-aa3af8b67504" testListId="8c84fa94-04c1-424b-9868-57a2d4851a1d" />
    <TestEntry testId="897e23d8-e677-fcfc-c803-4657c2ba83e9" executionId="d59d076c-78e2-45f5-b6d6-bb66cb92cf71" testListId="8c84fa94-04c1-424b-9868-57a2d4851a1d" />
    <TestEntry testId="aa4e9518-8a0d-c4b5-88b9-4da429c58985" executionId="2a479678-4ef6-4e64-8c8b-6570f2568e7f" testListId="8c84fa94-04c1-424b-9868-57a2d4851a1d" />
    <TestEntry testId="8783796f-a651-a81b-ada6-5919643ee00e" executionId="51493355-2291-42bf-9341-11a0011dc604" testListId="8c84fa94-04c1-424b-9868-57a2d4851a1d" />
    <TestEntry testId="40b95933-2c83-039d-2a88-0479b1ded531" executionId="76d8ceac-6076-4006-b783-6c3544dc1d60" testListId="8c84fa94-04c1-424b-9868-57a2d4851a1d" />
    <TestEntry testId="53148e8e-938e-3bc8-e604-5f8120442e76" executionId="342b4f02-30e8-407f-8b18-9bb4d4c9e90f" testListId="8c84fa94-04c1-424b-9868-57a2d4851a1d" />
    <TestEntry testId="546e2195-b0fd-c5a9-fb2f-7840d4c86cb8" executionId="4af2a0ed-1cb6-4e0f-9fc1-ebc856145b46" testListId="8c84fa94-04c1-424b-9868-57a2d4851a1d" />
    <TestEntry testId="cbc3900a-27ac-f663-84c1-2e81fe605582" executionId="53043b5c-3eb8-4d3b-afab-a504332b06cc" testListId="8c84fa94-04c1-424b-9868-57a2d4851a1d" />
    <TestEntry testId="ec81a422-56dc-8438-8278-26703789eecf" executionId="7b7e957e-2ce1-42e9-8f27-1a1042a92c61" testListId="8c84fa94-04c1-424b-9868-57a2d4851a1d" />
    <TestEntry testId="eae78d03-0df3-6019-5f3a-2a4efab1df85" executionId="d2c349b4-3792-45e9-b4b0-3454247442e1" testListId="8c84fa94-04c1-424b-9868-57a2d4851a1d" />
    <TestEntry testId="f7156c87-b8b9-0e61-1608-47647affb3d9" executionId="7ab0861e-b209-43eb-815a-c66e84a7f99b" testListId="8c84fa94-04c1-424b-9868-57a2d4851a1d" />
    <TestEntry testId="3f7ea52d-8fbc-14ce-b76b-689a6ecb938b" executionId="48591b8c-7446-4392-9ccb-6c09c2727a36" testListId="8c84fa94-04c1-424b-9868-57a2d4851a1d" />
    <TestEntry testId="37281614-9f75-45d7-e1f5-a19213212db8" executionId="47c3f790-2f93-4104-9d64-337c54b82cf9" testListId="8c84fa94-04c1-424b-9868-57a2d4851a1d" />
    <TestEntry testId="a659b756-6e9d-b19a-f709-878e64441c5e" executionId="81f9a304-199f-45d4-b375-6b899c5a23fd" testListId="8c84fa94-04c1-424b-9868-57a2d4851a1d" />
    <TestEntry testId="0bc18307-cfdc-0782-2c49-73e26dab37df" executionId="626932d4-8569-4a0f-8bdc-5866331c8d19" testListId="8c84fa94-04c1-424b-9868-57a2d4851a1d" />
    <TestEntry testId="5da37516-dacb-d422-fbee-12efa0638ad9" executionId="0610dbfa-68a4-406b-bdc5-83499ff08931" testListId="8c84fa94-04c1-424b-9868-57a2d4851a1d" />
    <TestEntry testId="90bdca97-8eb4-c877-3c7b-3164b6f624b6" executionId="213b6223-7955-4ccf-87dc-2489d3bd09bd" testListId="8c84fa94-04c1-424b-9868-57a2d4851a1d" />
    <TestEntry testId="b65dd040-cffc-7925-78a1-ceba0c7979b8" executionId="a896f5a8-e0c8-446b-8556-9d925572370b" testListId="8c84fa94-04c1-424b-9868-57a2d4851a1d" />
    <TestEntry testId="864940c8-b53d-5e0a-9ab8-2ad580ee97c1" executionId="73a5b50f-0ee5-4413-b865-59485a3bab6a" testListId="8c84fa94-04c1-424b-9868-57a2d4851a1d" />
    <TestEntry testId="308c0503-5aa8-3cad-0410-698b5f3745ae" executionId="fca05874-8d88-4a92-9fa9-ce6f049acd43" testListId="8c84fa94-04c1-424b-9868-57a2d4851a1d" />
    <TestEntry testId="79e155a0-4a41-3695-7dd9-360fb50ae27a" executionId="7d3f89fe-b2db-4eb9-a346-0b656feeb9e9" testListId="8c84fa94-04c1-424b-9868-57a2d4851a1d" />
    <TestEntry testId="e7c41882-0f2b-10a3-a41f-5cb13aefcf02" executionId="a37a7c60-6384-44ca-a5e6-9efebeef3b54" testListId="8c84fa94-04c1-424b-9868-57a2d4851a1d" />
    <TestEntry testId="2a5400f7-59f9-282c-1900-944ef8ecb847" executionId="09a73b8e-08c4-4f28-be9a-a47d935e33ce" testListId="8c84fa94-04c1-424b-9868-57a2d4851a1d" />
    <TestEntry testId="2451296b-865e-f1ac-6397-248629b7319a" executionId="062e4522-01d2-4f30-b612-a9af8fdb3be0" testListId="8c84fa94-04c1-424b-9868-57a2d4851a1d" />
    <TestEntry testId="cf536672-6dbb-41a2-84f9-ab59c52d810f" executionId="02ceefd3-714a-4dac-a874-3b4e956efd8e" testListId="8c84fa94-04c1-424b-9868-57a2d4851a1d" />
    <TestEntry testId="6682c8f3-9c28-94a7-d656-217500880b94" executionId="880c5aee-924e-48cc-821f-d55b7164f122" testListId="8c84fa94-04c1-424b-9868-57a2d4851a1d" />
    <TestEntry testId="14b24806-a082-47eb-f4a4-0872c3c59611" executionId="43af75ce-e4d9-4639-a484-893ab542f3c5" testListId="8c84fa94-04c1-424b-9868-57a2d4851a1d" />
    <TestEntry testId="d0f6acef-cfad-0d05-742a-6ff2e1b06efb" executionId="9032ab88-0fc6-42fb-bf4b-18e1d8a767c7" testListId="8c84fa94-04c1-424b-9868-57a2d4851a1d" />
    <TestEntry testId="91027327-45ed-f0e3-a55e-e86b5bcdf8a3" executionId="f7e34dc5-0cf2-48aa-a52e-c15a2812f694" testListId="8c84fa94-04c1-424b-9868-57a2d4851a1d" />
    <TestEntry testId="372c9fce-3145-adc3-8977-856762fa7aac" executionId="ec3133f6-e642-456f-9b34-598c7625b025" testListId="8c84fa94-04c1-424b-9868-57a2d4851a1d" />
    <TestEntry testId="c417f526-f617-d89a-9e27-2a222a15bac0" executionId="0bb2e264-2dcf-4371-aa12-3a2ea9f9b76e" testListId="8c84fa94-04c1-424b-9868-57a2d4851a1d" />
    <TestEntry testId="30591759-8bfa-94ac-8ed2-5b8e57e7d2b3" executionId="cd65ce9b-c229-4116-b3ea-a48760e758ba" testListId="8c84fa94-04c1-424b-9868-57a2d4851a1d" />
    <TestEntry testId="6da6330c-b6fa-01a4-6fe8-ff39b10cad90" executionId="48f019b1-c077-4ae5-9269-9fab2ea7ae67" testListId="8c84fa94-04c1-424b-9868-57a2d4851a1d" />
    <TestEntry testId="13dadd02-cded-047c-5edf-08e7f9cf5113" executionId="14aed3a6-bb8f-46a9-9912-73d2e88c61aa" testListId="8c84fa94-04c1-424b-9868-57a2d4851a1d" />
    <TestEntry testId="29bfe808-3bba-cdc2-53ed-a6509a64d330" executionId="9444d52e-3815-474a-8787-cb13a61b2627" testListId="8c84fa94-04c1-424b-9868-57a2d4851a1d" />
    <TestEntry testId="3e643ea4-f7b6-f967-c41d-29aace04110b" executionId="8409a528-9039-4aba-b65e-d6a19ef62502" testListId="8c84fa94-04c1-424b-9868-57a2d4851a1d" />
    <TestEntry testId="dc96a1db-064c-82c9-b5a0-e3b7d110c702" executionId="f478be70-abac-4d3c-a65d-d35a025e10f9" testListId="8c84fa94-04c1-424b-9868-57a2d4851a1d" />
    <TestEntry testId="97595e50-425c-1bd9-270d-ac32868fdf2d" executionId="c7a34482-82b9-464b-a430-196ffcd88e34" testListId="8c84fa94-04c1-424b-9868-57a2d4851a1d" />
    <TestEntry testId="0965358b-a03e-2e11-275b-12bdaaddc9f6" executionId="beedf6a4-e841-4483-b26b-fc87412e5346" testListId="8c84fa94-04c1-424b-9868-57a2d4851a1d" />
    <TestEntry testId="9d43c9dd-9ed0-37ad-3810-cd0fa27c1b3a" executionId="d8bccb88-59eb-4aba-afa3-d75048d90f9c" testListId="8c84fa94-04c1-424b-9868-57a2d4851a1d" />
    <TestEntry testId="f1c5443e-e0a7-e961-fdae-6f316e6bdffa" executionId="bc551823-46a8-4a29-8d8d-d5248cf0670d" testListId="8c84fa94-04c1-424b-9868-57a2d4851a1d" />
    <TestEntry testId="e5d47529-6859-840c-851a-4907cc409f71" executionId="0d57b36a-bf25-41a1-92ed-3daa715c2c86" testListId="8c84fa94-04c1-424b-9868-57a2d4851a1d" />
    <TestEntry testId="757b9a3e-991f-064f-0f95-6721183441ff" executionId="5d435063-25ac-4c60-911e-56ba5855b487" testListId="8c84fa94-04c1-424b-9868-57a2d4851a1d" />
    <TestEntry testId="0a22ca3f-5f04-a30c-0bdf-f2fda48d9002" executionId="61bb66aa-d97f-4473-b1e4-f73ff1c01fdb" testListId="8c84fa94-04c1-424b-9868-57a2d4851a1d" />
    <TestEntry testId="2fcfa690-0061-2be9-893e-b95e28348722" executionId="391057ed-832a-4ef6-9916-5a22185244ae" testListId="8c84fa94-04c1-424b-9868-57a2d4851a1d" />
    <TestEntry testId="188b81ef-d6d5-d5db-9dda-ab27251848f9" executionId="11df691c-f406-4977-bf7e-f01ce33ed252" testListId="8c84fa94-04c1-424b-9868-57a2d4851a1d" />
    <TestEntry testId="b514154e-fcf9-e8b7-b0ab-c1233ec7970b" executionId="8e5b3b26-a8c2-49fa-ad60-5e0abdf642f4" testListId="8c84fa94-04c1-424b-9868-57a2d4851a1d" />
    <TestEntry testId="29f4eefb-fddf-c444-6e0a-5e03485d543c" executionId="64a8c186-8dc4-416b-9f81-e5eecc047318" testListId="8c84fa94-04c1-424b-9868-57a2d4851a1d" />
    <TestEntry testId="292b8184-3595-15f3-6608-17958c811f3c" executionId="7ca091e5-d1c9-4163-a61f-e9e9dde0ce54" testListId="8c84fa94-04c1-424b-9868-57a2d4851a1d" />
    <TestEntry testId="5ca64586-df96-c4e0-6cbd-c37e2176547b" executionId="13776908-7b26-4da9-a4c3-87a4bde4c231" testListId="8c84fa94-04c1-424b-9868-57a2d4851a1d" />
    <TestEntry testId="0e065e73-d47f-3a00-98d6-e8eb7ca6357c" executionId="884ead40-e203-496f-af7e-cded2f6b7cdd" testListId="8c84fa94-04c1-424b-9868-57a2d4851a1d" />
    <TestEntry testId="83e5bca1-3234-f540-991c-2f3a40248a15" executionId="44dad338-8ea5-4461-80ff-497279418d2c" testListId="8c84fa94-04c1-424b-9868-57a2d4851a1d" />
    <TestEntry testId="094b11a6-0532-7a03-8d14-df586e014bf7" executionId="d68dbeab-9587-4e02-9512-7e1b0bc0cbbb" testListId="8c84fa94-04c1-424b-9868-57a2d4851a1d" />
    <TestEntry testId="d85db656-22e2-d893-8495-ecfd404d4e9f" executionId="31e04998-4317-4a57-8e07-8696c92d42d9" testListId="8c84fa94-04c1-424b-9868-57a2d4851a1d" />
    <TestEntry testId="124081ca-aa16-41ac-de1c-68bb2cb38e0b" executionId="eb51dca0-3fd2-4594-aef9-f20b6dca57f1" testListId="8c84fa94-04c1-424b-9868-57a2d4851a1d" />
    <TestEntry testId="828833e5-ad1d-39c6-9465-e9a534d931b4" executionId="536424a2-8b83-4169-a325-518d4c87d355" testListId="8c84fa94-04c1-424b-9868-57a2d4851a1d" />
    <TestEntry testId="d77ecc1e-9bc2-799a-79b3-b2ffe8608f4b" executionId="99eccd01-e890-4be2-baf2-2c51304d0eaf" testListId="8c84fa94-04c1-424b-9868-57a2d4851a1d" />
    <TestEntry testId="2d85f549-8828-c240-c852-fbc1c3d942b1" executionId="75a91c7b-9788-492c-987b-b556365fdacd" testListId="8c84fa94-04c1-424b-9868-57a2d4851a1d" />
    <TestEntry testId="231edfdb-78fe-7971-98f1-f1ed15c7b9ce" executionId="a1b66f02-ffa7-4957-83c7-8990fc59751a" testListId="8c84fa94-04c1-424b-9868-57a2d4851a1d" />
  </TestEntries>
  <TestLists>
    <TestList name="Results Not in a List" id="8c84fa94-04c1-424b-9868-57a2d4851a1d" />
    <TestList name="All Loaded Results" id="19431567-8539-422a-85d7-44ee4e166bda" />
  </TestLists>
  <ResultSummary outcome="Completed">
    <Counters total="206" executed="205" passed="205" failed="0" error="0" timeout="0" aborted="0" inconclusive="0" passedButRunAborted="0" notRunnable="0" notExecuted="0" disconnected="0" warning="0" completed="0" inProgress="0" pending="0" />
    <Output>
      <StdOut>NUnit Adapter 3.9.0.0: Test execution started
Running all tests in /home/p.buczynski/git/code/juvo-player/JuvoPlayer.Tests/bin/Debug/netcoreapp2.0/JuvoPlayer.Tests.dll
NUnit3TestExecutor converted 206 of 206 NUnit test cases
Test 'DEBUG_MpdParser' was skipped in the test run.
NUnit Adapter 3.9.0.0: Test execution complete
</StdOut>
    </Output>
  </ResultSummary>
</TestRun>