<?xml version="1.0" encoding="utf-8"?>
<TestRun id="b2755d86-8ac1-4a02-b53c-d3f353d08955" name="p.buczynski@AVDC760 2020-06-23 13:51:49" runUser="CORP\p.buczynski" xmlns="http://microsoft.com/schemas/VisualStudio/TeamTest/2010">
  <Times creation="2020-06-23T13:51:49.5362396+02:00" queuing="2020-06-23T13:51:49.5362396+02:00" start="2020-06-23T13:51:45.7874822+02:00" finish="2020-06-23T13:51:51.9497778+02:00" />
  <TestSettings name="default" id="4a8341db-0a04-4c2a-bff5-be4725f68dc7">
    <Deployment runDeploymentRoot="p.buczynski_AVDC760_2020-06-23_13_51_49" />
  </TestSettings>
  <Results>
    <UnitTestResult executionId="b1ce872c-a2ab-42c8-ad22-207f71151e5d" testId="3a15d223-5377-905d-8b73-e96a8942d8f8" testName="OnChangeActiveStream_UnknownSubtitles_ThrowsArgumentException" computerName="AVDC760" duration="00:00:00.0010000" startTime="2020-06-23T13:51:50.0000000+02:00" endTime="2020-06-23T13:51:50.0000000+02:00" testType="13cdc9d9-ddb5-4fa4-a97d-d965ccfc6d4b" outcome="Passed" testListId="8c84fa94-04c1-424b-9868-57a2d4851a1d" relativeResultsDirectory="b1ce872c-a2ab-42c8-ad22-207f71151e5d" />
    <UnitTestResult executionId="f64a5190-8dff-4c59-9afc-b4ddcf749766" testId="fdaaee40-d5ec-3d57-52e3-ba061dbf8ab8" testName="Parse_DifferentEncodings_ParsesSuccessfully(&quot;JuvoPlayer.Tests.res.subtitles.subtitles_en.vtt&quot;,&quot;utf-8&quot;,&quot;A dangerous quest for a lone hunter.&quot;)" computerName="AVDC760" duration="00:00:00.0010000" startTime="2020-06-23T13:51:49.0000000+02:00" endTime="2020-06-23T13:51:49.0000000+02:00" testType="13cdc9d9-ddb5-4fa4-a97d-d965ccfc6d4b" outcome="Passed" testListId="8c84fa94-04c1-424b-9868-57a2d4851a1d" relativeResultsDirectory="f64a5190-8dff-4c59-9afc-b4ddcf749766" />
    <UnitTestResult executionId="c3c1ed14-aad5-40f4-8a89-c584a0be40e5" testId="14bf11d8-cd56-b03e-b93b-91e02f6e5782" testName="ParseTimeLine_WhenLineIsInvalid_ThrowsFormatException(&quot;00:02:17,440 --&gt;&quot;)" computerName="AVDC760" duration="00:00:00.0000001" startTime="2020-06-23T13:51:51.0000000+02:00" endTime="2020-06-23T13:51:51.0000000+02:00" testType="13cdc9d9-ddb5-4fa4-a97d-d965ccfc6d4b" outcome="Passed" testListId="8c84fa94-04c1-424b-9868-57a2d4851a1d" relativeResultsDirectory="c3c1ed14-aad5-40f4-8a89-c584a0be40e5" />
    <UnitTestResult executionId="d4428f46-0c81-45e8-8222-dd10b596556d" testId="af40adc3-6ce4-fbdb-f50c-26697781469d" testName="Start_PacketsDemuxed_PublishesPackets(StartForEs)" computerName="AVDC760" duration="00:00:00.0190000" startTime="2020-06-23T13:51:50.0000000+02:00" endTime="2020-06-23T13:51:50.0000000+02:00" testType="13cdc9d9-ddb5-4fa4-a97d-d965ccfc6d4b" outcome="Passed" testListId="8c84fa94-04c1-424b-9868-57a2d4851a1d" relativeResultsDirectory="d4428f46-0c81-45e8-8222-dd10b596556d" />
    <UnitTestResult executionId="ed476eb1-42c6-4622-b18e-ef7885dcd4fd" testId="94d95040-3698-185d-5d6f-562ab37711a4" testName="Init_CalledSecondTime_ThrowsInvalidOperationException(ForEs)" computerName="AVDC760" duration="00:00:00.0690000" startTime="2020-06-23T13:51:50.0000000+02:00" endTime="2020-06-23T13:51:50.0000000+02:00" testType="13cdc9d9-ddb5-4fa4-a97d-d965ccfc6d4b" outcome="Passed" testListId="8c84fa94-04c1-424b-9868-57a2d4851a1d" relativeResultsDirectory="ed476eb1-42c6-4622-b18e-ef7885dcd4fd" />
    <UnitTestResult executionId="f07096f7-bd83-40df-a9a1-f449cbc2b934" testId="cdaa95b4-0c6d-1e27-93cc-3d0e0a68a8ea" testName="Start_ClipDurationFound_PublishesClipDuration(StartForUrl)" computerName="AVDC760" duration="00:00:00.0010000" startTime="2020-06-23T13:51:50.0000000+02:00" endTime="2020-06-23T13:51:50.0000000+02:00" testType="13cdc9d9-ddb5-4fa4-a97d-d965ccfc6d4b" outcome="Passed" testListId="8c84fa94-04c1-424b-9868-57a2d4851a1d" relativeResultsDirectory="f07096f7-bd83-40df-a9a1-f449cbc2b934" />
    <UnitTestResult executionId="885c7749-48bf-47fd-a012-e00142d9dd18" testId="094b11a6-0532-7a03-8d14-df586e014bf7" testName="SupportsType_InvalidType_ReturnsFalse" computerName="AVDC760" duration="00:00:00.0010000" startTime="2020-06-23T13:51:49.0000000+02:00" endTime="2020-06-23T13:51:49.0000000+02:00" testType="13cdc9d9-ddb5-4fa4-a97d-d965ccfc6d4b" outcome="Passed" testListId="8c84fa94-04c1-424b-9868-57a2d4851a1d" relativeResultsDirectory="885c7749-48bf-47fd-a012-e00142d9dd18" />
    <UnitTestResult executionId="1e5399d9-c366-4a28-bf66-e2476b6f1f23" testId="292b8184-3595-15f3-6608-17958c811f3c" testName="Parse_DifferentEncodings_ParsesSuccessfully(&quot;JuvoPlayer.Tests.res.subtitles.media_player_subs_cp-949.srt&quot;,&quot;euc-kr&quot;,&quot;[Korean] 3.5: 그녀는 고양이가. 고양이 모피를 가지고&quot;)" computerName="AVDC760" duration="00:00:00.0030000" startTime="2020-06-23T13:51:49.0000000+02:00" endTime="2020-06-23T13:51:49.0000000+02:00" testType="13cdc9d9-ddb5-4fa4-a97d-d965ccfc6d4b" outcome="Passed" testListId="8c84fa94-04c1-424b-9868-57a2d4851a1d" relativeResultsDirectory="1e5399d9-c366-4a28-bf66-e2476b6f1f23" />
    <UnitTestResult executionId="27a2f126-bf20-467e-8945-54a8d4aa86ef" testId="5aba6d27-4c6f-ae2f-cf75-baaf7277a3aa" testName="Init_CalledSecondTime_ThrowsInvalidOperationException(ForUrl)" computerName="AVDC760" duration="00:00:00.0040000" startTime="2020-06-23T13:51:50.0000000+02:00" endTime="2020-06-23T13:51:50.0000000+02:00" testType="13cdc9d9-ddb5-4fa4-a97d-d965ccfc6d4b" outcome="Passed" testListId="8c84fa94-04c1-424b-9868-57a2d4851a1d" relativeResultsDirectory="27a2f126-bf20-467e-8945-54a8d4aa86ef" />
    <UnitTestResult executionId="a1f16818-707b-42a5-a64e-a7a400321aaf" testId="5b212d48-3586-21cd-2d5d-74feb2deb816" testName="MoveToTimeLine_WebVttHasTwoTimeLines_ReturnsBoth" computerName="AVDC760" duration="00:00:00.0000001" startTime="2020-06-23T13:51:51.0000000+02:00" endTime="2020-06-23T13:51:51.0000000+02:00" testType="13cdc9d9-ddb5-4fa4-a97d-d965ccfc6d4b" outcome="Passed" testListId="8c84fa94-04c1-424b-9868-57a2d4851a1d" relativeResultsDirectory="a1f16818-707b-42a5-a64e-a7a400321aaf" />
    <UnitTestResult executionId="67077af7-b84f-4773-a8b0-35d1a80e7c96" testId="e1d59afc-ceae-0c1b-0769-05528c3d5bcc" testName="ParseTime_TimeFormatIsInvalid_ThrowsFormatException(&quot;&quot;)" computerName="AVDC760" duration="00:00:00.0000001" startTime="2020-06-23T13:51:51.0000000+02:00" endTime="2020-06-23T13:51:51.0000000+02:00" testType="13cdc9d9-ddb5-4fa4-a97d-d965ccfc6d4b" outcome="Passed" testListId="8c84fa94-04c1-424b-9868-57a2d4851a1d" relativeResultsDirectory="67077af7-b84f-4773-a8b0-35d1a80e7c96" />
    <UnitTestResult executionId="1471e725-b08d-49b4-87ab-f0a43471f452" testId="a4113738-4c26-f7ce-6619-a550a359b6d4" testName="ResolveByMimeType_InvalidMimeType_ReturnsInvalidFormat" computerName="AVDC760" duration="00:00:00.0000001" startTime="2020-06-23T13:51:51.0000000+02:00" endTime="2020-06-23T13:51:51.0000000+02:00" testType="13cdc9d9-ddb5-4fa4-a97d-d965ccfc6d4b" outcome="Passed" testListId="8c84fa94-04c1-424b-9868-57a2d4851a1d" relativeResultsDirectory="1471e725-b08d-49b4-87ab-f0a43471f452" />
    <UnitTestResult executionId="d3dcbd80-e1e9-4acf-99f6-2a70974e721f" testId="188b81ef-d6d5-d5db-9dda-ab27251848f9" testName="Parse_DifferentEncodings_ParsesSuccessfully(&quot;JuvoPlayer.Tests.res.subtitles.media_player_subs_windows-1253.srt&quot;,&quot;windows-1253&quot;,&quot;[Greek] 3.5: Άά Αα Ββ Γγ Δδ Εε Ζζ Ηη Θθ Ιι Κκ Λλ Ξξ Ψψ Ωω ώ&quot;)" computerName="AVDC760" duration="00:00:00.0000001" startTime="2020-06-23T13:51:49.0000000+02:00" endTime="2020-06-23T13:51:49.0000000+02:00" testType="13cdc9d9-ddb5-4fa4-a97d-d965ccfc6d4b" outcome="Passed" testListId="8c84fa94-04c1-424b-9868-57a2d4851a1d" relativeResultsDirectory="d3dcbd80-e1e9-4acf-99f6-2a70974e721f" />
    <UnitTestResult executionId="bbb5ae8b-5421-4e4e-9ebd-67f3aa7d64d2" testId="cb66aab4-74da-9d22-4f63-1827d111c973" testName="TimeToNextFrame_CalledBeforeFirstPacket_ThrowsInvalidOperationException" computerName="AVDC760" duration="00:00:00.0010000" startTime="2020-06-23T13:51:51.0000000+02:00" endTime="2020-06-23T13:51:51.0000000+02:00" testType="13cdc9d9-ddb5-4fa4-a97d-d965ccfc6d4b" outcome="Passed" testListId="8c84fa94-04c1-424b-9868-57a2d4851a1d" relativeResultsDirectory="bbb5ae8b-5421-4e4e-9ebd-67f3aa7d64d2" />
    <UnitTestResult executionId="f0e52b70-3368-419b-b901-d8ba3f8012ed" testId="66c7aa12-2df2-fe1f-0f30-30b43cfdd6b4" testName="Pause_Called_DoesntRetrieveNextPacket(StartForUrl)" computerName="AVDC760" duration="00:00:00.0020000" startTime="2020-06-23T13:51:50.0000000+02:00" endTime="2020-06-23T13:51:50.0000000+02:00" testType="13cdc9d9-ddb5-4fa4-a97d-d965ccfc6d4b" outcome="Passed" testListId="8c84fa94-04c1-424b-9868-57a2d4851a1d" relativeResultsDirectory="f0e52b70-3368-419b-b901-d8ba3f8012ed" />
    <UnitTestResult executionId="df1b5108-5090-41ab-aa67-e97ce327119f" testId="22652439-3c67-dfff-4ce3-b173308c9356" testName="Get_TwoAdjacentCuesAndGetInBetween_ReturnsSecondOne" computerName="AVDC760" duration="00:00:00.0000001" startTime="2020-06-23T13:51:49.0000000+02:00" endTime="2020-06-23T13:51:49.0000000+02:00" testType="13cdc9d9-ddb5-4fa4-a97d-d965ccfc6d4b" outcome="Passed" testListId="8c84fa94-04c1-424b-9868-57a2d4851a1d" relativeResultsDirectory="df1b5108-5090-41ab-aa67-e97ce327119f" />
    <UnitTestResult executionId="e8c7c8ea-80b6-4200-a570-6286b4b1a07d" testId="1d410506-c13a-9a12-e32f-3b0fb711ffd3" testName="Serialization_OperationSerialized_DeserializedProperly(JuvoPlayer.Tests.Utils.PrepareOperation)" computerName="AVDC760" duration="00:00:00.0010000" startTime="2020-06-23T13:51:49.0000000+02:00" endTime="2020-06-23T13:51:49.0000000+02:00" testType="13cdc9d9-ddb5-4fa4-a97d-d965ccfc6d4b" outcome="Passed" testListId="8c84fa94-04c1-424b-9868-57a2d4851a1d" relativeResultsDirectory="e8c7c8ea-80b6-4200-a570-6286b4b1a07d" />
    <UnitTestResult executionId="2257192f-5811-4d69-baa3-a48138524377" testId="eae78d03-0df3-6019-5f3a-2a4efab1df85" testName="ParseTime_TimeFormatIsValid_ParsesSuccessfully(&quot;00:01:18.171&quot;,0,1,18,171)" computerName="AVDC760" duration="00:00:00.0000001" startTime="2020-06-23T13:51:51.0000000+02:00" endTime="2020-06-23T13:51:51.0000000+02:00" testType="13cdc9d9-ddb5-4fa4-a97d-d965ccfc6d4b" outcome="Passed" testListId="8c84fa94-04c1-424b-9868-57a2d4851a1d" relativeResultsDirectory="2257192f-5811-4d69-baa3-a48138524377" />
    <UnitTestResult executionId="d9c06643-fc99-4333-a501-83c27f6066b3" testId="4f7bdc50-58ea-1837-577f-74ef6cb0ffb7" testName="TestInvalidLogLevel" computerName="AVDC760" duration="00:00:00.0010000" startTime="2020-06-23T13:51:50.0000000+02:00" endTime="2020-06-23T13:51:50.0000000+02:00" testType="13cdc9d9-ddb5-4fa4-a97d-d965ccfc6d4b" outcome="Passed" testListId="8c84fa94-04c1-424b-9868-57a2d4851a1d" relativeResultsDirectory="d9c06643-fc99-4333-a501-83c27f6066b3" />
    <UnitTestResult executionId="4d160fdf-0e8d-4d87-89da-2b6c9ceb55da" testId="b65dd040-cffc-7925-78a1-ceba0c7979b8" testName="Init_DrmInitDataAvailable_ReturnsDrmInitData(ForUrl)" computerName="AVDC760" duration="00:00:00.0010000" startTime="2020-06-23T13:51:50.0000000+02:00" endTime="2020-06-23T13:51:50.0000000+02:00" testType="13cdc9d9-ddb5-4fa4-a97d-d965ccfc6d4b" outcome="Passed" testListId="8c84fa94-04c1-424b-9868-57a2d4851a1d" relativeResultsDirectory="4d160fdf-0e8d-4d87-89da-2b6c9ceb55da" />
    <UnitTestResult executionId="f5e9af60-61a8-4ac8-afc9-030a3e985bd7" testId="f3e08194-d050-86f4-49c6-9c623a6c25ea" testName="ParseTimeLine_WhenLineIsInvalid_ThrowsFormatException(&quot;&quot;)" computerName="AVDC760" duration="00:00:00.0000001" startTime="2020-06-23T13:51:51.0000000+02:00" endTime="2020-06-23T13:51:51.0000000+02:00" testType="13cdc9d9-ddb5-4fa4-a97d-d965ccfc6d4b" outcome="Passed" testListId="8c84fa94-04c1-424b-9868-57a2d4851a1d" relativeResultsDirectory="f5e9af60-61a8-4ac8-afc9-030a3e985bd7" />
    <UnitTestResult executionId="1b55c744-c9ff-4608-a25b-f6c4d3154320" testId="0a22ca3f-5f04-a30c-0bdf-f2fda48d9002" testName="CreateDataProvider_ThrowsNull" computerName="AVDC760" duration="00:00:00.0010000" startTime="2020-06-23T13:51:49.0000000+02:00" endTime="2020-06-23T13:51:49.0000000+02:00" testType="13cdc9d9-ddb5-4fa4-a97d-d965ccfc6d4b" outcome="Passed" testListId="8c84fa94-04c1-424b-9868-57a2d4851a1d" relativeResultsDirectory="1b55c744-c9ff-4608-a25b-f6c4d3154320" />
    <UnitTestResult executionId="8c3e4a98-bf80-4d47-9a91-38cef594089b" testId="82d4c515-f9fe-5c04-4ba8-723b5ff21f55" testName="SchemeIdUriToSystemId_InvalidSchemeId_ReturnsNull" computerName="AVDC760" duration="00:00:00.0010000" startTime="2020-06-23T13:51:49.0000000+02:00" endTime="2020-06-23T13:51:49.0000000+02:00" testType="13cdc9d9-ddb5-4fa4-a97d-d965ccfc6d4b" outcome="Passed" testListId="8c84fa94-04c1-424b-9868-57a2d4851a1d" relativeResultsDirectory="8c3e4a98-bf80-4d47-9a91-38cef594089b" />
    <UnitTestResult executionId="fe2b9e21-5b34-4fad-bf77-f0155a1c5075" testId="c6b41802-25fd-66eb-f1c3-47cfda11148b" testName="Parse_DifferentEncodings_ParsesSuccessfully(&quot;JuvoPlayer.Tests.res.subtitles.media_player_subs_windows-1250.srt&quot;,&quot;windows-1250&quot;,&quot;[Central Europe] 2.5: Ąą Ćć Ęę Łł Ńń Óó Śś Źź Żż&quot;)" computerName="AVDC760" duration="00:00:00.0690000" startTime="2020-06-23T13:51:49.0000000+02:00" endTime="2020-06-23T13:51:49.0000000+02:00" testType="13cdc9d9-ddb5-4fa4-a97d-d965ccfc6d4b" outcome="Passed" testListId="8c84fa94-04c1-424b-9868-57a2d4851a1d" relativeResultsDirectory="fe2b9e21-5b34-4fad-bf77-f0155a1c5075" />
    <UnitTestResult executionId="4615f4f1-7f9e-4d79-b19b-078b029bfc52" testId="3accf9e4-664b-d25c-8a3f-c716b44b5888" testName="SupportsType_ValidType_ReturnsTrue(&quot;widevine&quot;)" computerName="AVDC760" duration="00:00:00.0000001" startTime="2020-06-23T13:51:49.0000000+02:00" endTime="2020-06-23T13:51:49.0000000+02:00" testType="13cdc9d9-ddb5-4fa4-a97d-d965ccfc6d4b" outcome="Passed" testListId="8c84fa94-04c1-424b-9868-57a2d4851a1d" relativeResultsDirectory="4615f4f1-7f9e-4d79-b19b-078b029bfc52" />
    <UnitTestResult executionId="3f5c5e9b-5696-43ae-ab12-ce3d35767155" testId="17fa2bb9-6058-ffa9-3803-d58553ec74eb" testName="End_LessThanBegin_ThrowsArgumentException" computerName="AVDC760" duration="00:00:00.0000001" startTime="2020-06-23T13:51:49.0000000+02:00" endTime="2020-06-23T13:51:49.0000000+02:00" testType="13cdc9d9-ddb5-4fa4-a97d-d965ccfc6d4b" outcome="Passed" testListId="8c84fa94-04c1-424b-9868-57a2d4851a1d" relativeResultsDirectory="3f5c5e9b-5696-43ae-ab12-ce3d35767155" />
    <UnitTestResult executionId="155cdb33-7bc8-41dd-a6c1-66e1a496350d" testId="8e853ee6-04cd-709e-3b10-3f4dc0ff936d" testName="Start_ClipDurationFound_PublishesClipDuration(StartForEs)" computerName="AVDC760" duration="00:00:00.0140000" startTime="2020-06-23T13:51:50.0000000+02:00" endTime="2020-06-23T13:51:50.0000000+02:00" testType="13cdc9d9-ddb5-4fa4-a97d-d965ccfc6d4b" outcome="Passed" testListId="8c84fa94-04c1-424b-9868-57a2d4851a1d" relativeResultsDirectory="155cdb33-7bc8-41dd-a6c1-66e1a496350d" />
    <UnitTestResult executionId="dcf3f13f-2886-49f0-a40e-8814e2d10ca4" testId="297e934f-7145-7b72-115d-3787b6d62aa4" testName="ParseTimeLine_WhenLineIsInvalid_ThrowsFormatException(&quot;--&gt;  00:02:17,440&quot;)" computerName="AVDC760" duration="00:00:00.0000001" startTime="2020-06-23T13:51:51.0000000+02:00" endTime="2020-06-23T13:51:51.0000000+02:00" testType="13cdc9d9-ddb5-4fa4-a97d-d965ccfc6d4b" outcome="Passed" testListId="8c84fa94-04c1-424b-9868-57a2d4851a1d" relativeResultsDirectory="dcf3f13f-2886-49f0-a40e-8814e2d10ca4" />
    <UnitTestResult executionId="1eb63a1e-4bc0-477e-b52b-b89713df00b6" testId="598bfb59-b210-6d51-5dff-24428bdd49a7" testName="RegisterDataProviderFactory_OK" computerName="AVDC760" duration="00:00:00.0010000" startTime="2020-06-23T13:51:49.0000000+02:00" endTime="2020-06-23T13:51:49.0000000+02:00" testType="13cdc9d9-ddb5-4fa4-a97d-d965ccfc6d4b" outcome="Passed" testListId="8c84fa94-04c1-424b-9868-57a2d4851a1d" relativeResultsDirectory="1eb63a1e-4bc0-477e-b52b-b89713df00b6" />
    <UnitTestResult executionId="54314408-4541-437a-bc8d-3d6cced1dfd9" testId="635a9c0c-0703-a7fe-f188-0e7aded18217" testName="SetDataSource_DataSourceCompletes_SignalsEos" computerName="AVDC760" duration="00:00:00.0120000" startTime="2020-06-23T13:51:50.0000000+02:00" endTime="2020-06-23T13:51:50.0000000+02:00" testType="13cdc9d9-ddb5-4fa4-a97d-d965ccfc6d4b" outcome="Passed" testListId="8c84fa94-04c1-424b-9868-57a2d4851a1d" relativeResultsDirectory="54314408-4541-437a-bc8d-3d6cced1dfd9" />
    <UnitTestResult executionId="7843b50d-8ea2-4742-9582-a6bf8cf4cda0" testId="5652ce59-b2d8-d716-cc63-db9d5225d1de" testName="Start_PacketsDemuxed_PublishesPackets(StartForUrl)" computerName="AVDC760" duration="00:00:00.0010000" startTime="2020-06-23T13:51:50.0000000+02:00" endTime="2020-06-23T13:51:50.0000000+02:00" testType="13cdc9d9-ddb5-4fa4-a97d-d965ccfc6d4b" outcome="Passed" testListId="8c84fa94-04c1-424b-9868-57a2d4851a1d" relativeResultsDirectory="7843b50d-8ea2-4742-9582-a6bf8cf4cda0" />
    <UnitTestResult executionId="8c3035ba-1f85-4950-afa4-73e899c80a39" testId="ec81a422-56dc-8438-8278-26703789eecf" testName="ReadPacket_InvokedWithSizeLessThanBufferSize_ReturnsTrimmedData" computerName="AVDC760" duration="00:00:00.0020000" startTime="2020-06-23T13:51:50.0000000+02:00" endTime="2020-06-23T13:51:50.0000000+02:00" testType="13cdc9d9-ddb5-4fa4-a97d-d965ccfc6d4b" outcome="Passed" testListId="8c84fa94-04c1-424b-9868-57a2d4851a1d" relativeResultsDirectory="8c3035ba-1f85-4950-afa4-73e899c80a39" />
    <UnitTestResult executionId="b1e36c22-0b77-41d7-b42c-a90abed5b005" testId="7d1053d3-3965-5046-05f3-5d8a55de4e4c" testName="Serialization_OperationSerialized_DeserializedProperly(JuvoPlayer.Tests.Utils.StartOperation)" computerName="AVDC760" duration="00:00:00.0010000" startTime="2020-06-23T13:51:49.0000000+02:00" endTime="2020-06-23T13:51:49.0000000+02:00" testType="13cdc9d9-ddb5-4fa4-a97d-d965ccfc6d4b" outcome="Passed" testListId="8c84fa94-04c1-424b-9868-57a2d4851a1d" relativeResultsDirectory="b1e36c22-0b77-41d7-b42c-a90abed5b005" />
    <UnitTestResult executionId="84fce072-6152-4a01-8e0c-192b230e1be1" testId="3f7ea52d-8fbc-14ce-b76b-689a6ecb938b" testName="ParseTime_WhenTimeFormatIsInvalid_ThrowsFormatException(&quot;&quot;)" computerName="AVDC760" duration="00:00:00.0000001" startTime="2020-06-23T13:51:51.0000000+02:00" endTime="2020-06-23T13:51:51.0000000+02:00" testType="13cdc9d9-ddb5-4fa4-a97d-d965ccfc6d4b" outcome="Passed" testListId="8c84fa94-04c1-424b-9868-57a2d4851a1d" relativeResultsDirectory="84fce072-6152-4a01-8e0c-192b230e1be1" />
    <UnitTestResult executionId="e07a6039-9605-4c1b-9157-cad69e002fa5" testId="29bfe808-3bba-cdc2-53ed-a6509a64d330" testName="Start_DemuxerInitFails_PublishesDemuxerError(StartForUrl)" computerName="AVDC760" duration="00:00:00.0000001" startTime="2020-06-23T13:51:50.0000000+02:00" endTime="2020-06-23T13:51:50.0000000+02:00" testType="13cdc9d9-ddb5-4fa4-a97d-d965ccfc6d4b" outcome="Passed" testListId="8c84fa94-04c1-424b-9868-57a2d4851a1d" relativeResultsDirectory="e07a6039-9605-4c1b-9157-cad69e002fa5" />
    <UnitTestResult executionId="0532e4b4-ee7c-458f-a989-9cdec333a9ae" testId="387dafbc-f6b1-0e58-56ab-e371f4acda38" testName="Start_PacketDemuxed_PublishesPacket(StartForUrl)" computerName="AVDC760" duration="00:00:00.0000001" startTime="2020-06-23T13:51:50.0000000+02:00" endTime="2020-06-23T13:51:50.0000000+02:00" testType="13cdc9d9-ddb5-4fa4-a97d-d965ccfc6d4b" outcome="Passed" testListId="8c84fa94-04c1-424b-9868-57a2d4851a1d" relativeResultsDirectory="0532e4b4-ee7c-458f-a989-9cdec333a9ae" />
    <UnitTestResult executionId="7ecff617-51fc-40d0-a39a-1c0a8daa32d6" testId="03900516-35b4-a3f2-ee8e-53c1d537ca19" testName="SupportsSystemId_PlayReadySystemId_ReturnsTrue" computerName="AVDC760" duration="00:00:00.0000001" startTime="2020-06-23T13:51:49.0000000+02:00" endTime="2020-06-23T13:51:49.0000000+02:00" testType="13cdc9d9-ddb5-4fa4-a97d-d965ccfc6d4b" outcome="Passed" testListId="8c84fa94-04c1-424b-9868-57a2d4851a1d" relativeResultsDirectory="7ecff617-51fc-40d0-a39a-1c0a8daa32d6" />
    <UnitTestResult executionId="3f845030-ed43-494c-b111-eed4cbd8b755" testId="3bb9e6bd-fed8-b1b2-1da9-9ab8e55f2013" testName="RegisterDataProviderFactory_ThrowsNull" computerName="AVDC760" duration="00:00:00.0000001" startTime="2020-06-23T13:51:49.0000000+02:00" endTime="2020-06-23T13:51:49.0000000+02:00" testType="13cdc9d9-ddb5-4fa4-a97d-d965ccfc6d4b" outcome="Passed" testListId="8c84fa94-04c1-424b-9868-57a2d4851a1d" relativeResultsDirectory="3f845030-ed43-494c-b111-eed4cbd8b755" />
    <UnitTestResult executionId="a3e4d087-2d0a-4167-acee-66cd6d9df4df" testId="7a04701a-199d-8dcd-efe9-bb7e5f52c2c3" testName="Parse_DifferentEncodings_ParsesSuccessfully(&quot;JuvoPlayer.Tests.res.subtitles.media_player_subs_gb2312.srt&quot;,&quot;gb2312&quot;,&quot;[Chinese Simplified] 4.5: 她有一只猫.猫的皮毛有&quot;)" computerName="AVDC760" duration="00:00:00.0010000" startTime="2020-06-23T13:51:49.0000000+02:00" endTime="2020-06-23T13:51:49.0000000+02:00" testType="13cdc9d9-ddb5-4fa4-a97d-d965ccfc6d4b" outcome="Passed" testListId="8c84fa94-04c1-424b-9868-57a2d4851a1d" relativeResultsDirectory="a3e4d087-2d0a-4167-acee-66cd6d9df4df" />
    <UnitTestResult executionId="1cb1420a-548c-4fd2-b7fa-7b838319a3e1" testId="7f654377-f7ad-ac97-076c-9956054067df" testName="Compare_VariousTimes_ReturnsExpectedValues(5,-1)" computerName="AVDC760" duration="00:00:00.0000001" startTime="2020-06-23T13:51:49.0000000+02:00" endTime="2020-06-23T13:51:49.0000000+02:00" testType="13cdc9d9-ddb5-4fa4-a97d-d965ccfc6d4b" outcome="Passed" testListId="8c84fa94-04c1-424b-9868-57a2d4851a1d" relativeResultsDirectory="1cb1420a-548c-4fd2-b7fa-7b838319a3e1" />
    <UnitTestResult executionId="68169257-fc4b-44d9-a62d-9ee772da9fa8" testId="2a5400f7-59f9-282c-1900-944ef8ecb847" testName="SupportsSchemeIdUri_PlayReadySchemeIdUri_ReturnsTrue" computerName="AVDC760" duration="00:00:00.0000001" startTime="2020-06-23T13:51:49.0000000+02:00" endTime="2020-06-23T13:51:49.0000000+02:00" testType="13cdc9d9-ddb5-4fa4-a97d-d965ccfc6d4b" outcome="Passed" testListId="8c84fa94-04c1-424b-9868-57a2d4851a1d" relativeResultsDirectory="68169257-fc4b-44d9-a62d-9ee772da9fa8" />
    <UnitTestResult executionId="b919c730-a1e8-4998-a72d-f19e3b837829" testId="06962d28-4767-08b4-f374-8a5f6998b67f" testName="RegisterDataProviderFactory_Unsupported" computerName="AVDC760" duration="00:00:00.0010000" startTime="2020-06-23T13:51:49.0000000+02:00" endTime="2020-06-23T13:51:49.0000000+02:00" testType="13cdc9d9-ddb5-4fa4-a97d-d965ccfc6d4b" outcome="Passed" testListId="8c84fa94-04c1-424b-9868-57a2d4851a1d" relativeResultsDirectory="b919c730-a1e8-4998-a72d-f19e3b837829" />
    <UnitTestResult executionId="2070b2c9-f892-44ab-abb6-f03ecf2b631b" testId="cca65208-0adf-48f2-82bf-43699d9e9051" testName="PushChunk_CalledBeforeInitForEs_ThrowsException" computerName="AVDC760" duration="00:00:00.0010000" startTime="2020-06-23T13:51:50.0000000+02:00" endTime="2020-06-23T13:51:50.0000000+02:00" testType="13cdc9d9-ddb5-4fa4-a97d-d965ccfc6d4b" outcome="Passed" testListId="8c84fa94-04c1-424b-9868-57a2d4851a1d" relativeResultsDirectory="2070b2c9-f892-44ab-abb6-f03ecf2b631b" />
    <UnitTestResult executionId="f42f5260-bbef-46a2-88f4-2f56d799f77c" testId="1f7bba7b-44c7-d415-228c-13d53a0e097d" testName="ResolveByPath_InvalidPath_ReturnInvalidFormat" computerName="AVDC760" duration="00:00:00.0000001" startTime="2020-06-23T13:51:51.0000000+02:00" endTime="2020-06-23T13:51:51.0000000+02:00" testType="13cdc9d9-ddb5-4fa4-a97d-d965ccfc6d4b" outcome="Passed" testListId="8c84fa94-04c1-424b-9868-57a2d4851a1d" relativeResultsDirectory="f42f5260-bbef-46a2-88f4-2f56d799f77c" />
    <UnitTestResult executionId="a227b9be-413a-4567-a9b3-3261b5f5876d" testId="ff9a04ff-fa9e-340b-3ecc-b843a9161f2d" testName="ParseTimeLine_TimeLineIsInvalid_ThrowsFormatException(&quot;01:18.171 -&gt; 01:20.171&quot;)" computerName="AVDC760" duration="00:00:00.0000001" startTime="2020-06-23T13:51:51.0000000+02:00" endTime="2020-06-23T13:51:51.0000000+02:00" testType="13cdc9d9-ddb5-4fa4-a97d-d965ccfc6d4b" outcome="Passed" testListId="8c84fa94-04c1-424b-9868-57a2d4851a1d" relativeResultsDirectory="a227b9be-413a-4567-a9b3-3261b5f5876d" />
    <UnitTestResult executionId="8a10f9cf-9ec0-4565-916d-6270db5ed543" testId="32a4594b-b1ea-44dc-9f50-e88fff32aca7" testName="LoadAsNetworkResource_UrlIsValid_LoadsResource" computerName="AVDC760" duration="00:00:00.0090000" startTime="2020-06-23T13:51:51.0000000+02:00" endTime="2020-06-23T13:51:51.0000000+02:00" testType="13cdc9d9-ddb5-4fa4-a97d-d965ccfc6d4b" outcome="Passed" testListId="8c84fa94-04c1-424b-9868-57a2d4851a1d" relativeResultsDirectory="8a10f9cf-9ec0-4565-916d-6270db5ed543" />
    <UnitTestResult executionId="a153e41f-9743-4e5f-b955-cc148745f5fa" testId="4131df9f-9d50-eb51-fb6f-119ab1926039" testName="TakeAsync_TokenCancelled_ThrowsTaskCanceledException" computerName="AVDC760" duration="00:00:00.0040000" startTime="2020-06-23T13:51:49.0000000+02:00" endTime="2020-06-23T13:51:49.0000000+02:00" testType="13cdc9d9-ddb5-4fa4-a97d-d965ccfc6d4b" outcome="Passed" testListId="8c84fa94-04c1-424b-9868-57a2d4851a1d" relativeResultsDirectory="a153e41f-9743-4e5f-b955-cc148745f5fa" />
    <UnitTestResult executionId="1941a7fe-4707-458a-8b09-e7cbaab156e9" testId="a6d0eb97-9095-37a6-7ebf-53f8881d60f0" testName="GetDrmType_ValidType_ReturnsValid(&quot;playready&quot;,PlayReady)" computerName="AVDC760" duration="00:00:00.0000001" startTime="2020-06-23T13:51:49.0000000+02:00" endTime="2020-06-23T13:51:49.0000000+02:00" testType="13cdc9d9-ddb5-4fa4-a97d-d965ccfc6d4b" outcome="Passed" testListId="8c84fa94-04c1-424b-9868-57a2d4851a1d" relativeResultsDirectory="1941a7fe-4707-458a-8b09-e7cbaab156e9" />
    <UnitTestResult executionId="4a05486d-d7a4-48f7-8336-86ae7fac44c2" testId="897e23d8-e677-fcfc-c803-4657c2ba83e9" testName="Parse_DifferentEncodings_ParsesSuccessfully(&quot;JuvoPlayer.Tests.res.subtitles.subtitles_de.vtt&quot;,&quot;utf-8&quot;,&quot;Stellen Sie beste Streaming Performance zur Verfügung,&quot;)" computerName="AVDC760" duration="00:00:00.0030000" startTime="2020-06-23T13:51:49.0000000+02:00" endTime="2020-06-23T13:51:49.0000000+02:00" testType="13cdc9d9-ddb5-4fa4-a97d-d965ccfc6d4b" outcome="Passed" testListId="8c84fa94-04c1-424b-9868-57a2d4851a1d" relativeResultsDirectory="4a05486d-d7a4-48f7-8336-86ae7fac44c2" />
    <UnitTestResult executionId="79e6761e-afa5-4c20-903e-ae20f2572e8c" testId="c1b0f31a-ea5a-298b-bdf9-e1d1cecd60bb" testName="ReadPacket_InvokedWithSizeGreaterThanBufferSize_ReturnsAllData" computerName="AVDC760" duration="00:00:00.0050000" startTime="2020-06-23T13:51:50.0000000+02:00" endTime="2020-06-23T13:51:50.0000000+02:00" testType="13cdc9d9-ddb5-4fa4-a97d-d965ccfc6d4b" outcome="Passed" testListId="8c84fa94-04c1-424b-9868-57a2d4851a1d" relativeResultsDirectory="79e6761e-afa5-4c20-903e-ae20f2572e8c" />
    <UnitTestResult executionId="fb1d0312-6aca-4af8-9e8d-09bf17dfb5f3" testId="24b81133-6183-4881-a72c-c0d4de113274" testName="ParseTime_TimeFormatIsInvalid_ThrowsFormatException(null)" computerName="AVDC760" duration="00:00:00.0010000" startTime="2020-06-23T13:51:51.0000000+02:00" endTime="2020-06-23T13:51:51.0000000+02:00" testType="13cdc9d9-ddb5-4fa4-a97d-d965ccfc6d4b" outcome="Passed" testListId="8c84fa94-04c1-424b-9868-57a2d4851a1d" relativeResultsDirectory="fb1d0312-6aca-4af8-9e8d-09bf17dfb5f3" />
    <UnitTestResult executionId="6aeb476c-cd8b-465b-b6f4-40feac44efd8" testId="ce01ebcc-a3b9-cf57-b548-3aec0795ebd5" testName="Reached_CalledBeforeFirstPacket_ThrowsInvalidOperationException" computerName="AVDC760" duration="00:00:00.0000001" startTime="2020-06-23T13:51:51.0000000+02:00" endTime="2020-06-23T13:51:51.0000000+02:00" testType="13cdc9d9-ddb5-4fa4-a97d-d965ccfc6d4b" outcome="Passed" testListId="8c84fa94-04c1-424b-9868-57a2d4851a1d" relativeResultsDirectory="6aeb476c-cd8b-465b-b6f4-40feac44efd8" />
    <UnitTestResult executionId="c72cc6a0-7296-4841-8f0c-41ba043a58e8" testId="124081ca-aa16-41ac-de1c-68bb2cb38e0b" testName="Parse_DifferentEncodings_ParsesSuccessfully(&quot;JuvoPlayer.Tests.res.subtitles.media_player_subs_windows-1252.srt&quot;,&quot;windows-1252&quot;,&quot;[Western Europe] 4.5: Àà Áá Ââ Ææ Çç Èè Ïï Ðð Ññ Õõ Øø Ýý Þþ £ €&quot;)" computerName="AVDC760" duration="00:00:00.0010000" startTime="2020-06-23T13:51:49.0000000+02:00" endTime="2020-06-23T13:51:49.0000000+02:00" testType="13cdc9d9-ddb5-4fa4-a97d-d965ccfc6d4b" outcome="Passed" testListId="8c84fa94-04c1-424b-9868-57a2d4851a1d" relativeResultsDirectory="c72cc6a0-7296-4841-8f0c-41ba043a58e8" />
    <UnitTestResult executionId="fb4f844e-48c9-44b5-9276-37c7092e95e6" testId="3e643ea4-f7b6-f967-c41d-29aace04110b" testName="OnAppendPacket_WhenNotConfigured_ThrowsInvalidOperationException" computerName="AVDC760" duration="00:00:00.0010000" startTime="2020-06-23T13:51:51.0000000+02:00" endTime="2020-06-23T13:51:51.0000000+02:00" testType="13cdc9d9-ddb5-4fa4-a97d-d965ccfc6d4b" outcome="Passed" testListId="8c84fa94-04c1-424b-9868-57a2d4851a1d" relativeResultsDirectory="fb4f844e-48c9-44b5-9276-37c7092e95e6" />
    <UnitTestResult executionId="a763fbb0-62a8-427c-95f7-d852572d3032" testId="c78e9722-6d02-3845-ccf5-7d0c55504ab1" testName="DEBUG_MpdParser" computerName="AVDC760" duration="00:00:00.0090000" startTime="2020-06-23T13:51:49.0000000+02:00" endTime="2020-06-23T13:51:49.0000000+02:00" testType="13cdc9d9-ddb5-4fa4-a97d-d965ccfc6d4b" outcome="NotExecuted" testListId="8c84fa94-04c1-424b-9868-57a2d4851a1d" relativeResultsDirectory="a763fbb0-62a8-427c-95f7-d852572d3032">
      <Output>
        <ErrorInfo>
          <Message>Disabled temporarily</Message>
        </ErrorInfo>
      </Output>
    </UnitTestResult>
    <UnitTestResult executionId="6744d312-2b0c-4253-a232-0ddca8ce4f72" testId="df372fc8-3c99-3f47-21be-b6b55c400ba1" testName="GetKeySystemName_InvalidSystemId_ReturnsNull" computerName="AVDC760" duration="00:00:00.0030000" startTime="2020-06-23T13:51:49.0000000+02:00" endTime="2020-06-23T13:51:49.0000000+02:00" testType="13cdc9d9-ddb5-4fa4-a97d-d965ccfc6d4b" outcome="Passed" testListId="8c84fa94-04c1-424b-9868-57a2d4851a1d" relativeResultsDirectory="6744d312-2b0c-4253-a232-0ddca8ce4f72" />
    <UnitTestResult executionId="5ed6984c-d2db-4c04-8819-4612c8e443ba" testId="34dfc2c1-12c5-e35a-2da9-15862f421a1f" testName="TestConfigureWithDefaultLevels" computerName="AVDC760" duration="00:00:00.0000001" startTime="2020-06-23T13:51:50.0000000+02:00" endTime="2020-06-23T13:51:50.0000000+02:00" testType="13cdc9d9-ddb5-4fa4-a97d-d965ccfc6d4b" outcome="Passed" testListId="8c84fa94-04c1-424b-9868-57a2d4851a1d" relativeResultsDirectory="5ed6984c-d2db-4c04-8819-4612c8e443ba" />
    <UnitTestResult executionId="9e19fab5-273b-4975-a1d0-f5e1a783fca8" testId="6da6330c-b6fa-01a4-6fe8-ff39b10cad90" testName="Init_ClipDurationAvailable_ReturnsDuration(ForUrl)" computerName="AVDC760" duration="00:00:00.0010000" startTime="2020-06-23T13:51:50.0000000+02:00" endTime="2020-06-23T13:51:50.0000000+02:00" testType="13cdc9d9-ddb5-4fa4-a97d-d965ccfc6d4b" outcome="Passed" testListId="8c84fa94-04c1-424b-9868-57a2d4851a1d" relativeResultsDirectory="9e19fab5-273b-4975-a1d0-f5e1a783fca8" />
    <UnitTestResult executionId="ca2a86ed-fd7a-49dc-a6c9-6c6b8a049216" testId="82c42f6e-956e-b76d-5149-62245c80f145" testName="Flush_CalledWhileChunkIsPending_ChunkIsDeliveredToDemuxer" computerName="AVDC760" duration="00:00:00.0370000" startTime="2020-06-23T13:51:49.0000000+02:00" endTime="2020-06-23T13:51:50.0000000+02:00" testType="13cdc9d9-ddb5-4fa4-a97d-d965ccfc6d4b" outcome="Passed" testListId="8c84fa94-04c1-424b-9868-57a2d4851a1d" relativeResultsDirectory="ca2a86ed-fd7a-49dc-a6c9-6c6b8a049216" />
    <UnitTestResult executionId="d9540e24-381e-4629-9502-f8b5615b4b32" testId="08fa8c0b-a89b-568b-783e-bb49d811f5cb" testName="HasAVMedia_OK" computerName="AVDC760" duration="00:00:00.0020000" startTime="2020-06-23T13:51:50.0000000+02:00" endTime="2020-06-23T13:51:50.0000000+02:00" testType="13cdc9d9-ddb5-4fa4-a97d-d965ccfc6d4b" outcome="Passed" testListId="8c84fa94-04c1-424b-9868-57a2d4851a1d" relativeResultsDirectory="d9540e24-381e-4629-9502-f8b5615b4b32" />
    <UnitTestResult executionId="c9fd3bfc-7b76-4efd-a2dd-391a8f8af4b0" testId="8d0615a4-0a37-112e-879e-4003daa62f87" testName="GetKeySystemName_PlayReadySystemId_ReturnsValid" computerName="AVDC760" duration="00:00:00.0000001" startTime="2020-06-23T13:51:49.0000000+02:00" endTime="2020-06-23T13:51:49.0000000+02:00" testType="13cdc9d9-ddb5-4fa4-a97d-d965ccfc6d4b" outcome="Passed" testListId="8c84fa94-04c1-424b-9868-57a2d4851a1d" relativeResultsDirectory="c9fd3bfc-7b76-4efd-a2dd-391a8f8af4b0" />
    <UnitTestResult executionId="9c448a59-167d-4234-a824-9a09dbf43ecd" testId="37281614-9f75-45d7-e1f5-a19213212db8" testName="Serialization_OperationSerialized_DeserializedProperly(JuvoPlayer.Tests.Utils.SeekOperation)" computerName="AVDC760" duration="00:00:00.0010000" startTime="2020-06-23T13:51:49.0000000+02:00" endTime="2020-06-23T13:51:49.0000000+02:00" testType="13cdc9d9-ddb5-4fa4-a97d-d965ccfc6d4b" outcome="Passed" testListId="8c84fa94-04c1-424b-9868-57a2d4851a1d" relativeResultsDirectory="9c448a59-167d-4234-a824-9a09dbf43ecd" />
    <UnitTestResult executionId="c7cbb425-ec0a-4e2e-8e4e-0bb08f3927d1" testId="828833e5-ad1d-39c6-9465-e9a534d931b4" testName="ParseTimeLine_TimeLineIsInvalid_ThrowsFormatException(null)" computerName="AVDC760" duration="00:00:00.0010000" startTime="2020-06-23T13:51:51.0000000+02:00" endTime="2020-06-23T13:51:51.0000000+02:00" testType="13cdc9d9-ddb5-4fa4-a97d-d965ccfc6d4b" outcome="Passed" testListId="8c84fa94-04c1-424b-9868-57a2d4851a1d" relativeResultsDirectory="c7cbb425-ec0a-4e2e-8e4e-0bb08f3927d1" />
    <UnitTestResult executionId="7d2c49ef-28fc-4b5e-aac4-a74482e68f7d" testId="02fb1555-b786-4aa2-7007-ec43c1c9fbe1" testName="ParseTime_WhenTimeFormatIsInvalid_ThrowsFormatException(null)" computerName="AVDC760" duration="00:00:00.0010000" startTime="2020-06-23T13:51:51.0000000+02:00" endTime="2020-06-23T13:51:51.0000000+02:00" testType="13cdc9d9-ddb5-4fa4-a97d-d965ccfc6d4b" outcome="Passed" testListId="8c84fa94-04c1-424b-9868-57a2d4851a1d" relativeResultsDirectory="7d2c49ef-28fc-4b5e-aac4-a74482e68f7d" />
    <UnitTestResult executionId="e7bb91e9-6b41-4198-bc44-85ceb74c8647" testId="91027327-45ed-f0e3-a55e-e86b5bcdf8a3" testName="ParseText_ContainsEscapeSequence_DecodesSuccessfully(&quot;begin &amp;gt; end&quot;,&quot;begin &gt; end&quot;)" computerName="AVDC760" duration="00:00:00.0000001" startTime="2020-06-23T13:51:51.0000000+02:00" endTime="2020-06-23T13:51:51.0000000+02:00" testType="13cdc9d9-ddb5-4fa4-a97d-d965ccfc6d4b" outcome="Passed" testListId="8c84fa94-04c1-424b-9868-57a2d4851a1d" relativeResultsDirectory="e7bb91e9-6b41-4198-bc44-85ceb74c8647" />
    <UnitTestResult executionId="81296328-b287-4f59-980f-0eb02c91689f" testId="433c7d56-6fb5-d8f0-a9cc-eacc667c0a6b" testName="Get_KeyForSecondCue_ReturnsSecondCue" computerName="AVDC760" duration="00:00:00.0010000" startTime="2020-06-23T13:51:49.0000000+02:00" endTime="2020-06-23T13:51:49.0000000+02:00" testType="13cdc9d9-ddb5-4fa4-a97d-d965ccfc6d4b" outcome="Passed" testListId="8c84fa94-04c1-424b-9868-57a2d4851a1d" relativeResultsDirectory="81296328-b287-4f59-980f-0eb02c91689f" />
    <UnitTestResult executionId="5073ac36-3bec-4fd8-8c19-690441035eb7" testId="231edfdb-78fe-7971-98f1-f1ed15c7b9ce" testName="Parse_DifferentEncodings_ParsesSuccessfully(&quot;JuvoPlayer.Tests.res.subtitles.media_player_subs_windows-1255.srt&quot;,&quot;windows-1255&quot;,&quot;[Herbrew] 3.0: ₪ װױ  אבג דהוז חטיכ ל ר ¡ ¿ § µ ¾ ¥&quot;)" computerName="AVDC760" duration="00:00:00.0000001" startTime="2020-06-23T13:51:49.0000000+02:00" endTime="2020-06-23T13:51:49.0000000+02:00" testType="13cdc9d9-ddb5-4fa4-a97d-d965ccfc6d4b" outcome="Passed" testListId="8c84fa94-04c1-424b-9868-57a2d4851a1d" relativeResultsDirectory="5073ac36-3bec-4fd8-8c19-690441035eb7" />
    <UnitTestResult executionId="cf46f300-0883-4a50-b50c-66916f8b196c" testId="913bcb3f-29bc-fd1f-7c98-c387d71227d4" testName="Start_StreamConfigFound_PublishesStreamConfig(StartForUrl)" computerName="AVDC760" duration="00:00:00.0010000" startTime="2020-06-23T13:51:50.0000000+02:00" endTime="2020-06-23T13:51:50.0000000+02:00" testType="13cdc9d9-ddb5-4fa4-a97d-d965ccfc6d4b" outcome="Passed" testListId="8c84fa94-04c1-424b-9868-57a2d4851a1d" relativeResultsDirectory="cf46f300-0883-4a50-b50c-66916f8b196c" />
    <UnitTestResult executionId="ff51b046-c3f4-45ce-b5d0-6c561bc6c41f" testId="0965358b-a03e-2e11-275b-12bdaaddc9f6" testName="Take_SizeGreaterThanBufferSize_ReturnsSizeEqualToBufferSize" computerName="AVDC760" duration="00:00:00.0010000" startTime="2020-06-23T13:51:49.0000000+02:00" endTime="2020-06-23T13:51:49.0000000+02:00" testType="13cdc9d9-ddb5-4fa4-a97d-d965ccfc6d4b" outcome="Passed" testListId="8c84fa94-04c1-424b-9868-57a2d4851a1d" relativeResultsDirectory="ff51b046-c3f4-45ce-b5d0-6c561bc6c41f" />
    <UnitTestResult executionId="a73a3ed9-1286-4019-aba7-8f847d12ba12" testId="d77ecc1e-9bc2-799a-79b3-b2ffe8608f4b" testName="ParseTime_TimeFormatIsInvalid_ThrowsFormatException(&quot;00.0&quot;)" computerName="AVDC760" duration="00:00:00.0000001" startTime="2020-06-23T13:51:51.0000000+02:00" endTime="2020-06-23T13:51:51.0000000+02:00" testType="13cdc9d9-ddb5-4fa4-a97d-d965ccfc6d4b" outcome="Passed" testListId="8c84fa94-04c1-424b-9868-57a2d4851a1d" relativeResultsDirectory="a73a3ed9-1286-4019-aba7-8f847d12ba12" />
    <UnitTestResult executionId="61014b8e-60c9-416a-8b3a-b3861afd4771" testId="30591759-8bfa-94ac-8ed2-5b8e57e7d2b3" testName="Resolve_SrtSubtitleInfo_ReturnsSrtFormat" computerName="AVDC760" duration="00:00:00.0010000" startTime="2020-06-23T13:51:51.0000000+02:00" endTime="2020-06-23T13:51:51.0000000+02:00" testType="13cdc9d9-ddb5-4fa4-a97d-d965ccfc6d4b" outcome="Passed" testListId="8c84fa94-04c1-424b-9868-57a2d4851a1d" relativeResultsDirectory="61014b8e-60c9-416a-8b3a-b3861afd4771" />
    <UnitTestResult executionId="d14de589-146b-469e-862f-1119fb4eddd0" testId="e8822ed9-c52a-6461-1cf0-248853538bf9" testName="Start_PacketDemuxed_PublishesPacket(StartForEs)" computerName="AVDC760" duration="00:00:00.0020000" startTime="2020-06-23T13:51:50.0000000+02:00" endTime="2020-06-23T13:51:50.0000000+02:00" testType="13cdc9d9-ddb5-4fa4-a97d-d965ccfc6d4b" outcome="Passed" testListId="8c84fa94-04c1-424b-9868-57a2d4851a1d" relativeResultsDirectory="d14de589-146b-469e-862f-1119fb4eddd0" />
    <UnitTestResult executionId="8a0fd254-b9e3-4d42-855d-93afeeba0527" testId="88dd71ef-8824-feb9-a45c-d465619740f7" testName="Serialization_OperationSerialized_DeserializedProperly(JuvoPlayer.Tests.Utils.DelayOperation)" computerName="AVDC760" duration="00:00:00.0010000" startTime="2020-06-23T13:51:49.0000000+02:00" endTime="2020-06-23T13:51:49.0000000+02:00" testType="13cdc9d9-ddb5-4fa4-a97d-d965ccfc6d4b" outcome="Passed" testListId="8c84fa94-04c1-424b-9868-57a2d4851a1d" relativeResultsDirectory="8a0fd254-b9e3-4d42-855d-93afeeba0527" />
    <UnitTestResult executionId="6ee40b6e-15df-4a7e-ae30-41eb25826037" testId="a350e347-16d8-e1df-3789-caee1e50cb04" testName="Parse_DifferentEncodings_ParsesSuccessfully(&quot;JuvoPlayer.Tests.res.subtitles.media_player_subs_big5.srt&quot;,&quot;big5&quot;,&quot;[Chinese Traditional] 3.0: 她有一隻貓。貓有皮毛&quot;)" computerName="AVDC760" duration="00:00:00.0050000" startTime="2020-06-23T13:51:49.0000000+02:00" endTime="2020-06-23T13:51:49.0000000+02:00" testType="13cdc9d9-ddb5-4fa4-a97d-d965ccfc6d4b" outcome="Passed" testListId="8c84fa94-04c1-424b-9868-57a2d4851a1d" relativeResultsDirectory="6ee40b6e-15df-4a7e-ae30-41eb25826037" />
    <UnitTestResult executionId="9247d215-52a5-4169-bd8b-4e95ee1f3770" testId="88bc5129-e7aa-8963-c140-f3fd33a92044" testName="Parse_DifferentEncodings_ParsesSuccessfully(&quot;JuvoPlayer.Tests.res.subtitles.media_player_subs_windows-1256.srt&quot;,&quot;windows-1256&quot;,&quot;[Arabic] 3.0: علاء ديه القط، والقط هو علاء&quot;)" computerName="AVDC760" duration="00:00:00.0000001" startTime="2020-06-23T13:51:49.0000000+02:00" endTime="2020-06-23T13:51:49.0000000+02:00" testType="13cdc9d9-ddb5-4fa4-a97d-d965ccfc6d4b" outcome="Passed" testListId="8c84fa94-04c1-424b-9868-57a2d4851a1d" relativeResultsDirectory="9247d215-52a5-4169-bd8b-4e95ee1f3770" />
    <UnitTestResult executionId="2e9c71c8-f0df-4966-a4d5-b7397f89f7c2" testId="852b5e0e-9762-784e-5557-e2cf4ea73784" testName="Reached_SecondPacketReachesBarrier_BarrierIsReached" computerName="AVDC760" duration="00:00:00.0000001" startTime="2020-06-23T13:51:51.0000000+02:00" endTime="2020-06-23T13:51:51.0000000+02:00" testType="13cdc9d9-ddb5-4fa4-a97d-d965ccfc6d4b" outcome="Passed" testListId="8c84fa94-04c1-424b-9868-57a2d4851a1d" relativeResultsDirectory="2e9c71c8-f0df-4966-a4d5-b7397f89f7c2" />
    <UnitTestResult executionId="0451dbb7-373e-4ff2-a5d0-0dc89a156512" testId="2d85f549-8828-c240-c852-fbc1c3d942b1" testName="OnStreamConfigChanged_WhenStreamConfigIsValid_CallsContextExtraDataHandler" computerName="AVDC760" duration="00:00:00.0010000" startTime="2020-06-23T13:51:51.0000000+02:00" endTime="2020-06-23T13:51:51.0000000+02:00" testType="13cdc9d9-ddb5-4fa4-a97d-d965ccfc6d4b" outcome="Passed" testListId="8c84fa94-04c1-424b-9868-57a2d4851a1d" relativeResultsDirectory="0451dbb7-373e-4ff2-a5d0-0dc89a156512" />
    <UnitTestResult executionId="00c87ae8-85ec-4086-b924-c38803e6ef96" testId="c09a9465-f15f-2431-e3ef-062999b6d76e" testName="GetScheme_PlayReadySystemId_ReturnsValid" computerName="AVDC760" duration="00:00:00.0000001" startTime="2020-06-23T13:51:49.0000000+02:00" endTime="2020-06-23T13:51:49.0000000+02:00" testType="13cdc9d9-ddb5-4fa4-a97d-d965ccfc6d4b" outcome="Passed" testListId="8c84fa94-04c1-424b-9868-57a2d4851a1d" relativeResultsDirectory="00c87ae8-85ec-4086-b924-c38803e6ef96" />
    <UnitTestResult executionId="8383cfb1-0b88-4f32-91b7-c4c8765d865e" testId="09021642-119b-2b6e-4751-93eb7ddbf929" testName="GetDrmType_InvalidType_ReturnsUnknown" computerName="AVDC760" duration="00:00:00.0040000" startTime="2020-06-23T13:51:49.0000000+02:00" endTime="2020-06-23T13:51:49.0000000+02:00" testType="13cdc9d9-ddb5-4fa4-a97d-d965ccfc6d4b" outcome="Passed" testListId="8c84fa94-04c1-424b-9868-57a2d4851a1d" relativeResultsDirectory="8383cfb1-0b88-4f32-91b7-c4c8765d865e" />
    <UnitTestResult executionId="3ad0fab1-73de-4351-97e5-34a44f05c982" testId="3007bb0c-41a6-c578-20f7-6fe2cf8444cb" testName="GetDrmType_ValidType_ReturnsValid(&quot;widevine&quot;,Widevine)" computerName="AVDC760" duration="00:00:00.0000001" startTime="2020-06-23T13:51:49.0000000+02:00" endTime="2020-06-23T13:51:49.0000000+02:00" testType="13cdc9d9-ddb5-4fa4-a97d-d965ccfc6d4b" outcome="Passed" testListId="8c84fa94-04c1-424b-9868-57a2d4851a1d" relativeResultsDirectory="3ad0fab1-73de-4351-97e5-34a44f05c982" />
    <UnitTestResult executionId="8d20550b-3f82-4a69-b6e4-851315593137" testId="c04c0fe5-1f6b-bd7f-47e1-2cbe0022b400" testName="Begin_EqualsEnd_ThrowsArgumentException" computerName="AVDC760" duration="00:00:00.0000001" startTime="2020-06-23T13:51:49.0000000+02:00" endTime="2020-06-23T13:51:49.0000000+02:00" testType="13cdc9d9-ddb5-4fa4-a97d-d965ccfc6d4b" outcome="Passed" testListId="8c84fa94-04c1-424b-9868-57a2d4851a1d" relativeResultsDirectory="8d20550b-3f82-4a69-b6e4-851315593137" />
    <UnitTestResult executionId="6f123d86-40f7-42a1-ab58-db36b8edfd89" testId="082e2fa9-eb0e-43b2-8e14-8ef9bd55403d" testName="OnAppendPacket_WhenPacketTypeIsInvalid_ThrowsArgumentException" computerName="AVDC760" duration="00:00:00.0010000" startTime="2020-06-23T13:51:51.0000000+02:00" endTime="2020-06-23T13:51:51.0000000+02:00" testType="13cdc9d9-ddb5-4fa4-a97d-d965ccfc6d4b" outcome="Passed" testListId="8c84fa94-04c1-424b-9868-57a2d4851a1d" relativeResultsDirectory="6f123d86-40f7-42a1-ab58-db36b8edfd89" />
    <UnitTestResult executionId="f6e13465-896f-4c4d-b98e-41684425889d" testId="0e065e73-d47f-3a00-98d6-e8eb7ca6357c" testName="Init_StreamConfigAvailable_ReturnsStreamConfig(ForUrl)" computerName="AVDC760" duration="00:00:00.0010000" startTime="2020-06-23T13:51:50.0000000+02:00" endTime="2020-06-23T13:51:50.0000000+02:00" testType="13cdc9d9-ddb5-4fa4-a97d-d965ccfc6d4b" outcome="Passed" testListId="8c84fa94-04c1-424b-9868-57a2d4851a1d" relativeResultsDirectory="f6e13465-896f-4c4d-b98e-41684425889d" />
    <UnitTestResult executionId="dbcd0ef6-fad9-4a9a-b0b7-d33575c41899" testId="29f4eefb-fddf-c444-6e0a-5e03485d543c" testName="TakeAsync_SizeLessThanBufferSize_ReturnsRequestedSize" computerName="AVDC760" duration="00:00:00.0110000" startTime="2020-06-23T13:51:49.0000000+02:00" endTime="2020-06-23T13:51:49.0000000+02:00" testType="13cdc9d9-ddb5-4fa4-a97d-d965ccfc6d4b" outcome="Passed" testListId="8c84fa94-04c1-424b-9868-57a2d4851a1d" relativeResultsDirectory="dbcd0ef6-fad9-4a9a-b0b7-d33575c41899" />
    <UnitTestResult executionId="32a52cad-7d10-4baf-8768-db31eb3898f4" testId="8783796f-a651-a81b-ada6-5919643ee00e" testName="Reset_CalledAfterBarrierIsReached_ResetsBarrier" computerName="AVDC760" duration="00:00:00.0000001" startTime="2020-06-23T13:51:51.0000000+02:00" endTime="2020-06-23T13:51:51.0000000+02:00" testType="13cdc9d9-ddb5-4fa4-a97d-d965ccfc6d4b" outcome="Passed" testListId="8c84fa94-04c1-424b-9868-57a2d4851a1d" relativeResultsDirectory="32a52cad-7d10-4baf-8768-db31eb3898f4" />
    <UnitTestResult executionId="04cb8f83-b51e-4c2d-a4be-cfc4fe8dafaa" testId="0d59dc87-668a-e439-20c3-2f6fcc18afb6" testName="Reached_SecondPacketIsNonDataPacket_BarrierIsNotReached" computerName="AVDC760" duration="00:00:00.0000001" startTime="2020-06-23T13:51:51.0000000+02:00" endTime="2020-06-23T13:51:51.0000000+02:00" testType="13cdc9d9-ddb5-4fa4-a97d-d965ccfc6d4b" outcome="Passed" testListId="8c84fa94-04c1-424b-9868-57a2d4851a1d" relativeResultsDirectory="04cb8f83-b51e-4c2d-a4be-cfc4fe8dafaa" />
    <UnitTestResult executionId="12d700b5-c429-4c61-865e-d6f7681a84bc" testId="300838be-4f51-a4d3-86e3-26fa36f90ffb" testName="DeserializeJsonFile_ThrowsNull" computerName="AVDC760" duration="00:00:00.0010000" startTime="2020-06-23T13:51:49.0000000+02:00" endTime="2020-06-23T13:51:49.0000000+02:00" testType="13cdc9d9-ddb5-4fa4-a97d-d965ccfc6d4b" outcome="Passed" testListId="8c84fa94-04c1-424b-9868-57a2d4851a1d" relativeResultsDirectory="12d700b5-c429-4c61-865e-d6f7681a84bc" />
    <UnitTestResult executionId="0fd01fb1-d542-41d6-8878-6b3927ec8c64" testId="d281a02d-385b-cf02-8059-643dcf52507d" testName="ParseTime_WhenTimeFormatIsInvalid_ThrowsFormatException(&quot;25:02:17&quot;)" computerName="AVDC760" duration="00:00:00.0000001" startTime="2020-06-23T13:51:51.0000000+02:00" endTime="2020-06-23T13:51:51.0000000+02:00" testType="13cdc9d9-ddb5-4fa4-a97d-d965ccfc6d4b" outcome="Passed" testListId="8c84fa94-04c1-424b-9868-57a2d4851a1d" relativeResultsDirectory="0fd01fb1-d542-41d6-8878-6b3927ec8c64" />
    <UnitTestResult executionId="77131525-d463-4ddc-a211-f53362b9650b" testId="f81baf0f-ead9-5f35-fa39-b734665fe9b1" testName="Reached_SecondPacketDoesntReachBarrier_BarrierIsNotReached" computerName="AVDC760" duration="00:00:00.0000001" startTime="2020-06-23T13:51:51.0000000+02:00" endTime="2020-06-23T13:51:51.0000000+02:00" testType="13cdc9d9-ddb5-4fa4-a97d-d965ccfc6d4b" outcome="Passed" testListId="8c84fa94-04c1-424b-9868-57a2d4851a1d" relativeResultsDirectory="77131525-d463-4ddc-a211-f53362b9650b" />
    <UnitTestResult executionId="a62d3f8f-e648-419d-b3da-d9fd41db0979" testId="461167f4-f83d-dfb6-f998-4b01ff39fbbb" testName="ParseText_ContainsEscapeSequence_DecodesSuccessfully(&quot;begin &amp;lt; end&quot;,&quot;begin &lt; end&quot;)" computerName="AVDC760" duration="00:00:00.0000001" startTime="2020-06-23T13:51:51.0000000+02:00" endTime="2020-06-23T13:51:51.0000000+02:00" testType="13cdc9d9-ddb5-4fa4-a97d-d965ccfc6d4b" outcome="Passed" testListId="8c84fa94-04c1-424b-9868-57a2d4851a1d" relativeResultsDirectory="a62d3f8f-e648-419d-b3da-d9fd41db0979" />
    <UnitTestResult executionId="bc3b35d8-b5b6-4591-ab50-c1e0c595c931" testId="8d86425c-9966-faa7-aa49-ad14ec445516" testName="ParseTime_WhenTimeFormatIsInvalid_ThrowsFormatException(&quot;25.02.17.440&quot;)" computerName="AVDC760" duration="00:00:00.0000001" startTime="2020-06-23T13:51:51.0000000+02:00" endTime="2020-06-23T13:51:51.0000000+02:00" testType="13cdc9d9-ddb5-4fa4-a97d-d965ccfc6d4b" outcome="Passed" testListId="8c84fa94-04c1-424b-9868-57a2d4851a1d" relativeResultsDirectory="bc3b35d8-b5b6-4591-ab50-c1e0c595c931" />
    <UnitTestResult executionId="dce79fa4-c194-4149-8f31-3aee42a19cf5" testId="e627cd52-2378-d6fc-2ff2-c4c49c512a76" testName="SupportsSchemeIdUri_InvalidSchemeIdUri_ReturnsFalse" computerName="AVDC760" duration="00:00:00.0030000" startTime="2020-06-23T13:51:49.0000000+02:00" endTime="2020-06-23T13:51:49.0000000+02:00" testType="13cdc9d9-ddb5-4fa4-a97d-d965ccfc6d4b" outcome="Passed" testListId="8c84fa94-04c1-424b-9868-57a2d4851a1d" relativeResultsDirectory="dce79fa4-c194-4149-8f31-3aee42a19cf5" />
    <UnitTestResult executionId="bf802068-5bb1-45a5-8edc-92b2b8184ba0" testId="ecb58899-c328-f985-2c0b-ed632069fc86" testName="ParseTime_TimeFormatIsInvalid_ThrowsFormatException(&quot;0,0,0.0&quot;)" computerName="AVDC760" duration="00:00:00.0000001" startTime="2020-06-23T13:51:51.0000000+02:00" endTime="2020-06-23T13:51:51.0000000+02:00" testType="13cdc9d9-ddb5-4fa4-a97d-d965ccfc6d4b" outcome="Passed" testListId="8c84fa94-04c1-424b-9868-57a2d4851a1d" relativeResultsDirectory="bf802068-5bb1-45a5-8edc-92b2b8184ba0" />
    <UnitTestResult executionId="bf6d2b2a-5447-48da-868f-d34331bef39b" testId="d0f6acef-cfad-0d05-742a-6ff2e1b06efb" testName="GetStreamsDescription_ClipWithNoSubtitles_ReturnsEmptyList" computerName="AVDC760" duration="00:00:00.0070000" startTime="2020-06-23T13:51:50.0000000+02:00" endTime="2020-06-23T13:51:50.0000000+02:00" testType="13cdc9d9-ddb5-4fa4-a97d-d965ccfc6d4b" outcome="Passed" testListId="8c84fa94-04c1-424b-9868-57a2d4851a1d" relativeResultsDirectory="bf6d2b2a-5447-48da-868f-d34331bef39b" />
    <UnitTestResult executionId="be6e8eeb-3e6e-47b0-af33-0adca61fbd52" testId="da5a75b7-aa19-0293-49b5-3bd5a004ec15" testName="Reset_Called_DeallocsAVIOFormatContext" computerName="AVDC760" duration="00:00:00.0020000" startTime="2020-06-23T13:51:50.0000000+02:00" endTime="2020-06-23T13:51:50.0000000+02:00" testType="13cdc9d9-ddb5-4fa4-a97d-d965ccfc6d4b" outcome="Passed" testListId="8c84fa94-04c1-424b-9868-57a2d4851a1d" relativeResultsDirectory="be6e8eeb-3e6e-47b0-af33-0adca61fbd52" />
    <UnitTestResult executionId="0913f30c-847b-476a-8eac-51fc0be1fb18" testId="934d902b-af41-a86f-d0cb-6e5ba6785975" testName="ParseTime_TimeFormatIsValid_ParsesSuccessfully(&quot;01:18.171&quot;,0,1,18,171)" computerName="AVDC760" duration="00:00:00.0000001" startTime="2020-06-23T13:51:51.0000000+02:00" endTime="2020-06-23T13:51:51.0000000+02:00" testType="13cdc9d9-ddb5-4fa4-a97d-d965ccfc6d4b" outcome="Passed" testListId="8c84fa94-04c1-424b-9868-57a2d4851a1d" relativeResultsDirectory="0913f30c-847b-476a-8eac-51fc0be1fb18" />
    <UnitTestResult executionId="c8e62736-d912-425f-84a2-b5a4c24ec6c1" testId="1456f546-2b4f-74af-fce2-a2145100c175" testName="OnStreamConfigChanged_WhenStreamConfigIsUnsupported_ThrowsArgumentException" computerName="AVDC760" duration="00:00:00.0010000" startTime="2020-06-23T13:51:51.0000000+02:00" endTime="2020-06-23T13:51:51.0000000+02:00" testType="13cdc9d9-ddb5-4fa4-a97d-d965ccfc6d4b" outcome="Passed" testListId="8c84fa94-04c1-424b-9868-57a2d4851a1d" relativeResultsDirectory="c8e62736-d912-425f-84a2-b5a4c24ec6c1" />
    <UnitTestResult executionId="f4b1b847-b4b4-4bdb-bba3-e07cd3cffa8a" testId="0b3f14e6-954c-5a2d-85d5-9644a0e349e2" testName="TestConsoleLogger" computerName="AVDC760" duration="00:00:00.0020000" startTime="2020-06-23T13:51:50.0000000+02:00" endTime="2020-06-23T13:51:50.0000000+02:00" testType="13cdc9d9-ddb5-4fa4-a97d-d965ccfc6d4b" outcome="Passed" testListId="8c84fa94-04c1-424b-9868-57a2d4851a1d" relativeResultsDirectory="f4b1b847-b4b4-4bdb-bba3-e07cd3cffa8a">
      <Output>
        <StdOut>[Fatal] LoggerClient.cs: Func:40 &gt; message&#xD;
[Error] LoggerClient.cs: Func:41 &gt; message&#xD;
[Warn] LoggerClient.cs: Func:42 &gt; message&#xD;
[Info] LoggerClient.cs: Func:43 &gt; message&#xD;
[Debug] LoggerClient.cs: Func:44 &gt; message&#xD;
[Verbose] LoggerClient.cs: Func:45 &gt; message</StdOut>
      </Output>
    </UnitTestResult>
    <UnitTestResult executionId="195a3edd-2e92-4fac-b711-2ab6dcf3f279" testId="ef16af07-a0ec-96c0-1d10-e96fe005892e" testName="Seek_Called_DemuxesNextPacket" computerName="AVDC760" duration="00:00:00.0130000" startTime="2020-06-23T13:51:50.0000000+02:00" endTime="2020-06-23T13:51:50.0000000+02:00" testType="13cdc9d9-ddb5-4fa4-a97d-d965ccfc6d4b" outcome="Passed" testListId="8c84fa94-04c1-424b-9868-57a2d4851a1d" relativeResultsDirectory="195a3edd-2e92-4fac-b711-2ab6dcf3f279" />
    <UnitTestResult executionId="41d794c9-720a-4744-bebd-015c8659e37c" testId="dc96a1db-064c-82c9-b5a0-e3b7d110c702" testName="ParseTimeLine_TimeLineIsInvalid_ThrowsFormatException(&quot;&quot;)" computerName="AVDC760" duration="00:00:00.0000001" startTime="2020-06-23T13:51:51.0000000+02:00" endTime="2020-06-23T13:51:51.0000000+02:00" testType="13cdc9d9-ddb5-4fa4-a97d-d965ccfc6d4b" outcome="Passed" testListId="8c84fa94-04c1-424b-9868-57a2d4851a1d" relativeResultsDirectory="41d794c9-720a-4744-bebd-015c8659e37c" />
    <UnitTestResult executionId="7c9678c3-6100-4570-9d8b-df0a37f700c4" testId="8c69b9b6-1758-6875-02cf-0ad701b0c4d3" testName="ParseTimeLine_WhenLineIsInvalid_ThrowsFormatException(&quot;00:02:17,440 - 00:02:20,375&quot;)" computerName="AVDC760" duration="00:00:00.0000001" startTime="2020-06-23T13:51:51.0000000+02:00" endTime="2020-06-23T13:51:51.0000000+02:00" testType="13cdc9d9-ddb5-4fa4-a97d-d965ccfc6d4b" outcome="Passed" testListId="8c84fa94-04c1-424b-9868-57a2d4851a1d" relativeResultsDirectory="7c9678c3-6100-4570-9d8b-df0a37f700c4" />
    <UnitTestResult executionId="454c9a43-f043-4e89-8064-e5a7b0285644" testId="bf726271-d726-9654-3c3e-7309912ba13e" testName="DeserializeJsonFile_ThrowsEmpty" computerName="AVDC760" duration="00:00:00.0160000" startTime="2020-06-23T13:51:49.0000000+02:00" endTime="2020-06-23T13:51:49.0000000+02:00" testType="13cdc9d9-ddb5-4fa4-a97d-d965ccfc6d4b" outcome="Passed" testListId="8c84fa94-04c1-424b-9868-57a2d4851a1d" relativeResultsDirectory="454c9a43-f043-4e89-8064-e5a7b0285644" />
    <UnitTestResult executionId="4a72084e-2b52-4a5d-81c8-24543dfc0923" testId="0bc18307-cfdc-0782-2c49-73e26dab37df" testName="Seek_Called_ResumesDemuxer" computerName="AVDC760" duration="00:00:00.0030000" startTime="2020-06-23T13:51:50.0000000+02:00" endTime="2020-06-23T13:51:50.0000000+02:00" testType="13cdc9d9-ddb5-4fa4-a97d-d965ccfc6d4b" outcome="Passed" testListId="8c84fa94-04c1-424b-9868-57a2d4851a1d" relativeResultsDirectory="4a72084e-2b52-4a5d-81c8-24543dfc0923" />
    <UnitTestResult executionId="16fca0a4-cc2c-462c-b97e-09f52db20783" testId="320b5630-864f-a352-1987-972112f06fc2" testName="XMLData_AppParserSysParser_same_OK" computerName="AVDC760" duration="00:00:00.4890000" startTime="2020-06-23T13:51:50.0000000+02:00" endTime="2020-06-23T13:51:51.0000000+02:00" testType="13cdc9d9-ddb5-4fa4-a97d-d965ccfc6d4b" outcome="Passed" testListId="8c84fa94-04c1-424b-9868-57a2d4851a1d" relativeResultsDirectory="16fca0a4-cc2c-462c-b97e-09f52db20783" />
    <UnitTestResult executionId="849ace06-5de8-42a3-8d57-65718a1e4504" testId="57c0ae3c-c55a-4a36-bc50-46b8e916c8ec" testName="Compare_VariousTimes_ReturnsExpectedValues(10,0)" computerName="AVDC760" duration="00:00:00.0000001" startTime="2020-06-23T13:51:49.0000000+02:00" endTime="2020-06-23T13:51:49.0000000+02:00" testType="13cdc9d9-ddb5-4fa4-a97d-d965ccfc6d4b" outcome="Passed" testListId="8c84fa94-04c1-424b-9868-57a2d4851a1d" relativeResultsDirectory="849ace06-5de8-42a3-8d57-65718a1e4504" />
    <UnitTestResult executionId="264edd53-bf42-4269-ae37-2077642c1364" testId="a7854dd3-8d20-6641-2e3e-29ad46bbb531" testName="ParseTime_WhenTimeExceedsADay_ParsesSuccessfully" computerName="AVDC760" duration="00:00:00.0000001" startTime="2020-06-23T13:51:51.0000000+02:00" endTime="2020-06-23T13:51:51.0000000+02:00" testType="13cdc9d9-ddb5-4fa4-a97d-d965ccfc6d4b" outcome="Passed" testListId="8c84fa94-04c1-424b-9868-57a2d4851a1d" relativeResultsDirectory="264edd53-bf42-4269-ae37-2077642c1364" />
    <UnitTestResult executionId="bb358bc7-4017-4acf-9cff-c5765e9700f9" testId="bd93227b-c515-27be-ca4c-f543b843cc7e" testName="Parse_DifferentEncodings_ParsesSuccessfully(&quot;JuvoPlayer.Tests.res.subtitles.media_player_subs_windows-1254.srt&quot;,&quot;windows-1254&quot;,&quot;[Turkish] 3.5: Çç Ğğ Öö Üü Şş ¡ ¿ § µ ¾&quot;)" computerName="AVDC760" duration="00:00:00.0000001" startTime="2020-06-23T13:51:49.0000000+02:00" endTime="2020-06-23T13:51:49.0000000+02:00" testType="13cdc9d9-ddb5-4fa4-a97d-d965ccfc6d4b" outcome="Passed" testListId="8c84fa94-04c1-424b-9868-57a2d4851a1d" relativeResultsDirectory="bb358bc7-4017-4acf-9cff-c5765e9700f9" />
    <UnitTestResult executionId="f74a9b4b-a4ba-4d4c-9ed4-42f9896a02c7" testId="6c6cc584-dae2-c9a7-15dc-6a0756b39c6c" testName="NextPacket_CalledBeforeInit_ThrowsInvalidOperationException" computerName="AVDC760" duration="00:00:00.0030000" startTime="2020-06-23T13:51:50.0000000+02:00" endTime="2020-06-23T13:51:50.0000000+02:00" testType="13cdc9d9-ddb5-4fa4-a97d-d965ccfc6d4b" outcome="Passed" testListId="8c84fa94-04c1-424b-9868-57a2d4851a1d" relativeResultsDirectory="f74a9b4b-a4ba-4d4c-9ed4-42f9896a02c7" />
    <UnitTestResult executionId="f75e42df-073b-4850-b859-6325e2420db5" testId="372c9fce-3145-adc3-8977-856762fa7aac" testName="CreateDataProvider_NotSupported" computerName="AVDC760" duration="00:00:00.1770000" startTime="2020-06-23T13:51:49.0000000+02:00" endTime="2020-06-23T13:51:49.0000000+02:00" testType="13cdc9d9-ddb5-4fa4-a97d-d965ccfc6d4b" outcome="Passed" testListId="8c84fa94-04c1-424b-9868-57a2d4851a1d" relativeResultsDirectory="f75e42df-073b-4850-b859-6325e2420db5" />
    <UnitTestResult executionId="3d36ec45-47bf-4a36-890f-33ff678e54c7" testId="0d5e9659-8752-ad65-3659-a1154060e2e0" testName="Start_StreamConfigFound_PublishesStreamConfig(StartForEs)" computerName="AVDC760" duration="00:00:00.0060000" startTime="2020-06-23T13:51:50.0000000+02:00" endTime="2020-06-23T13:51:50.0000000+02:00" testType="13cdc9d9-ddb5-4fa4-a97d-d965ccfc6d4b" outcome="Passed" testListId="8c84fa94-04c1-424b-9868-57a2d4851a1d" relativeResultsDirectory="3d36ec45-47bf-4a36-890f-33ff678e54c7" />
    <UnitTestResult executionId="863ef99e-f794-421a-ad8d-21d6a040ac08" testId="db9e6235-a824-dde8-0052-9868cf8e7d1a" testName="Reached_FirstPacketPushed_BarrierIsNotReached" computerName="AVDC760" duration="00:00:00.0010000" startTime="2020-06-23T13:51:51.0000000+02:00" endTime="2020-06-23T13:51:51.0000000+02:00" testType="13cdc9d9-ddb5-4fa4-a97d-d965ccfc6d4b" outcome="Passed" testListId="8c84fa94-04c1-424b-9868-57a2d4851a1d" relativeResultsDirectory="863ef99e-f794-421a-ad8d-21d6a040ac08" />
    <UnitTestResult executionId="894a4315-38a4-4422-b1aa-b9b096fc6aa8" testId="800df5e6-2778-4289-fb38-2692d926e438" testName="Take_MultipleTakes_ProperlyReturnsData" computerName="AVDC760" duration="00:00:00.0000001" startTime="2020-06-23T13:51:49.0000000+02:00" endTime="2020-06-23T13:51:49.0000000+02:00" testType="13cdc9d9-ddb5-4fa4-a97d-d965ccfc6d4b" outcome="Passed" testListId="8c84fa94-04c1-424b-9868-57a2d4851a1d" relativeResultsDirectory="894a4315-38a4-4422-b1aa-b9b096fc6aa8" />
    <UnitTestResult executionId="ac3c1701-8dd9-4f83-9746-b827d1fe66c3" testId="308c0503-5aa8-3cad-0410-698b5f3745ae" testName="Compare_VariousTimes_ReturnsExpectedValues(20,1)" computerName="AVDC760" duration="00:00:00.0000001" startTime="2020-06-23T13:51:49.0000000+02:00" endTime="2020-06-23T13:51:49.0000000+02:00" testType="13cdc9d9-ddb5-4fa4-a97d-d965ccfc6d4b" outcome="Passed" testListId="8c84fa94-04c1-424b-9868-57a2d4851a1d" relativeResultsDirectory="ac3c1701-8dd9-4f83-9746-b827d1fe66c3" />
    <UnitTestResult executionId="01d2450e-8f7c-41d4-a416-2538a0a7a6ed" testId="6edbc781-4e0b-a9f7-1870-a384b19f1879" testName="ParseTime_TimeFormatIsInvalid_ThrowsFormatException(&quot;0.0.0.0&quot;)" computerName="AVDC760" duration="00:00:00.0000001" startTime="2020-06-23T13:51:51.0000000+02:00" endTime="2020-06-23T13:51:51.0000000+02:00" testType="13cdc9d9-ddb5-4fa4-a97d-d965ccfc6d4b" outcome="Passed" testListId="8c84fa94-04c1-424b-9868-57a2d4851a1d" relativeResultsDirectory="01d2450e-8f7c-41d4-a416-2538a0a7a6ed" />
    <UnitTestResult executionId="6550eeae-2d67-4c5b-902f-5a8ede15eb80" testId="bfa7b9c5-0d1c-484d-ffb4-16f6680e082d" testName="ParseTimeLine_WhenLineIsInvalid_ThrowsFormatException(null)" computerName="AVDC760" duration="00:00:00.0010000" startTime="2020-06-23T13:51:51.0000000+02:00" endTime="2020-06-23T13:51:51.0000000+02:00" testType="13cdc9d9-ddb5-4fa4-a97d-d965ccfc6d4b" outcome="Passed" testListId="8c84fa94-04c1-424b-9868-57a2d4851a1d" relativeResultsDirectory="6550eeae-2d67-4c5b-902f-5a8ede15eb80" />
    <UnitTestResult executionId="79b579bc-0c2d-4ea3-b9b4-1c1dac977e57" testId="b7eb0c33-690a-f384-4720-26ede54cd459" testName="GetScheme_InvalidSystemId_ReturnsUnknown" computerName="AVDC760" duration="00:00:00.0010000" startTime="2020-06-23T13:51:49.0000000+02:00" endTime="2020-06-23T13:51:49.0000000+02:00" testType="13cdc9d9-ddb5-4fa4-a97d-d965ccfc6d4b" outcome="Passed" testListId="8c84fa94-04c1-424b-9868-57a2d4851a1d" relativeResultsDirectory="79b579bc-0c2d-4ea3-b9b4-1c1dac977e57" />
    <UnitTestResult executionId="a491c3bb-2aba-45d1-b7b1-39e0cd75a22c" testId="31911a88-751c-bf36-b733-4c5fb543e8b3" testName="Serialization_OperationSerialized_DeserializedProperly(JuvoPlayer.Tests.Utils.ChangeRepresentationOperation)" computerName="AVDC760" duration="00:00:00.0010000" startTime="2020-06-23T13:51:49.0000000+02:00" endTime="2020-06-23T13:51:49.0000000+02:00" testType="13cdc9d9-ddb5-4fa4-a97d-d965ccfc6d4b" outcome="Passed" testListId="8c84fa94-04c1-424b-9868-57a2d4851a1d" relativeResultsDirectory="a491c3bb-2aba-45d1-b7b1-39e0cd75a22c" />
    <UnitTestResult executionId="895bf7cb-ddee-4c30-9582-ca502c44e0ed" testId="c417f526-f617-d89a-9e27-2a222a15bac0" testName="TestConfigureWithNull" computerName="AVDC760" duration="00:00:00.0020000" startTime="2020-06-23T13:51:50.0000000+02:00" endTime="2020-06-23T13:51:50.0000000+02:00" testType="13cdc9d9-ddb5-4fa4-a97d-d965ccfc6d4b" outcome="Passed" testListId="8c84fa94-04c1-424b-9868-57a2d4851a1d" relativeResultsDirectory="895bf7cb-ddee-4c30-9582-ca502c44e0ed" />
    <UnitTestResult executionId="8ef3d0d1-b96d-430a-9b47-78b7c8d35119" testId="fd067bbf-348e-1b3b-3bb2-93d8b6657abe" testName="ParseTimeLine_TimeLineIsValid_ParsesSuccessfully(&quot;01:18.171 --&gt; 01:20.171 position:10%,line-left align:left size:35%&quot;)" computerName="AVDC760" duration="00:00:00.0010000" startTime="2020-06-23T13:51:51.0000000+02:00" endTime="2020-06-23T13:51:51.0000000+02:00" testType="13cdc9d9-ddb5-4fa4-a97d-d965ccfc6d4b" outcome="Passed" testListId="8c84fa94-04c1-424b-9868-57a2d4851a1d" relativeResultsDirectory="8ef3d0d1-b96d-430a-9b47-78b7c8d35119" />
    <UnitTestResult executionId="e112c201-f194-4023-924f-9cf03e24571e" testId="39d5ff9a-2a80-e32f-8c48-31ef5543d04d" testName="Get_KeyBetweenTwoCues_ReturnsNull" computerName="AVDC760" duration="00:00:00.0010000" startTime="2020-06-23T13:51:49.0000000+02:00" endTime="2020-06-23T13:51:49.0000000+02:00" testType="13cdc9d9-ddb5-4fa4-a97d-d965ccfc6d4b" outcome="Passed" testListId="8c84fa94-04c1-424b-9868-57a2d4851a1d" relativeResultsDirectory="e112c201-f194-4023-924f-9cf03e24571e" />
    <UnitTestResult executionId="ec1f3b42-af8e-4e97-b490-3775e1862ae7" testId="4974b841-fe50-bc17-3fa6-12c238970853" testName="MoveToTimeLine_WebVttHasNoTimeLine_ReturnsNull" computerName="AVDC760" duration="00:00:00.0000001" startTime="2020-06-23T13:51:51.0000000+02:00" endTime="2020-06-23T13:51:51.0000000+02:00" testType="13cdc9d9-ddb5-4fa4-a97d-d965ccfc6d4b" outcome="Passed" testListId="8c84fa94-04c1-424b-9868-57a2d4851a1d" relativeResultsDirectory="ec1f3b42-af8e-4e97-b490-3775e1862ae7" />
    <UnitTestResult executionId="77000009-00b6-41c6-ab5b-164f50a3ae40" testId="bdd6414d-53bc-cce6-3e9b-7c3b1b2abd5f" testName="ParseTimeLine_TimeLineIsInvalid_ThrowsFormatException(&quot;01:18.171 01:20.171 --&gt;&quot;)" computerName="AVDC760" duration="00:00:00.0000001" startTime="2020-06-23T13:51:51.0000000+02:00" endTime="2020-06-23T13:51:51.0000000+02:00" testType="13cdc9d9-ddb5-4fa4-a97d-d965ccfc6d4b" outcome="Passed" testListId="8c84fa94-04c1-424b-9868-57a2d4851a1d" relativeResultsDirectory="77000009-00b6-41c6-ab5b-164f50a3ae40" />
    <UnitTestResult executionId="82dcda44-3766-4647-97a7-90c73f44b432" testId="d344b394-6cc8-3bd8-7dae-88c5607a157d" testName="Parse_DifferentEncodings_ParsesSuccessfully(&quot;JuvoPlayer.Tests.res.subtitles.media_player_subs_windows-1258.srt&quot;,&quot;windows-1258&quot;,&quot;[Vietnamese] 0.5: Àà Áá Ââ Ææ Çç Đđ Èè Ïï Ăă Ññ Ơơ Øø Ưư ₫ £ €&quot;)" computerName="AVDC760" duration="00:00:00.0000001" startTime="2020-06-23T13:51:49.0000000+02:00" endTime="2020-06-23T13:51:49.0000000+02:00" testType="13cdc9d9-ddb5-4fa4-a97d-d965ccfc6d4b" outcome="Passed" testListId="8c84fa94-04c1-424b-9868-57a2d4851a1d" relativeResultsDirectory="82dcda44-3766-4647-97a7-90c73f44b432" />
    <UnitTestResult executionId="2ec68b9e-358d-4f70-a68a-5b4fdcee6a5f" testId="757b9a3e-991f-064f-0f95-6721183441ff" testName="Get_ValidKey_ReturnsCue" computerName="AVDC760" duration="00:00:00.0010000" startTime="2020-06-23T13:51:49.0000000+02:00" endTime="2020-06-23T13:51:49.0000000+02:00" testType="13cdc9d9-ddb5-4fa4-a97d-d965ccfc6d4b" outcome="Passed" testListId="8c84fa94-04c1-424b-9868-57a2d4851a1d" relativeResultsDirectory="2ec68b9e-358d-4f70-a68a-5b4fdcee6a5f" />
    <UnitTestResult executionId="d222662b-1dc5-4175-a0d3-db8338c2d717" testId="10e2acea-9f1a-44dc-fcd2-d1496a18cd1a" testName="SupportsType_ValidType_ReturnsTrue(&quot;playready&quot;)" computerName="AVDC760" duration="00:00:00.0000001" startTime="2020-06-23T13:51:49.0000000+02:00" endTime="2020-06-23T13:51:49.0000000+02:00" testType="13cdc9d9-ddb5-4fa4-a97d-d965ccfc6d4b" outcome="Passed" testListId="8c84fa94-04c1-424b-9868-57a2d4851a1d" relativeResultsDirectory="d222662b-1dc5-4175-a0d3-db8338c2d717" />
    <UnitTestResult executionId="a642af18-3986-47b2-891d-c7c08d512ea0" testId="87a46580-854b-14e6-9b30-6edf24aae711" testName="Resume_Called_CallsNextPacket(StartForUrl)" computerName="AVDC760" duration="00:00:00.0000001" startTime="2020-06-23T13:51:50.0000000+02:00" endTime="2020-06-23T13:51:50.0000000+02:00" testType="13cdc9d9-ddb5-4fa4-a97d-d965ccfc6d4b" outcome="Passed" testListId="8c84fa94-04c1-424b-9868-57a2d4851a1d" relativeResultsDirectory="a642af18-3986-47b2-891d-c7c08d512ea0" />
    <UnitTestResult executionId="dcfb890f-ce04-4f6b-befd-5b44e8190de6" testId="864940c8-b53d-5e0a-9ab8-2ad580ee97c1" testName="Serialization_OperationSerialized_DeserializedProperly(JuvoPlayer.Tests.Utils.PauseOperation)" computerName="AVDC760" duration="00:00:00.0000001" startTime="2020-06-23T13:51:49.0000000+02:00" endTime="2020-06-23T13:51:49.0000000+02:00" testType="13cdc9d9-ddb5-4fa4-a97d-d965ccfc6d4b" outcome="Passed" testListId="8c84fa94-04c1-424b-9868-57a2d4851a1d" relativeResultsDirectory="dcfb890f-ce04-4f6b-befd-5b44e8190de6" />
    <UnitTestResult executionId="a6a14473-d234-4a8d-b9b1-9d6f91dc3104" testId="f87db683-3a8e-4544-d4a4-bec956bf3b3f" testName="ParseTimeLine_WhenTimeIsValid_ReturnsExpectedBeginAndEnd" computerName="AVDC760" duration="00:00:00.0000001" startTime="2020-06-23T13:51:51.0000000+02:00" endTime="2020-06-23T13:51:51.0000000+02:00" testType="13cdc9d9-ddb5-4fa4-a97d-d965ccfc6d4b" outcome="Passed" testListId="8c84fa94-04c1-424b-9868-57a2d4851a1d" relativeResultsDirectory="a6a14473-d234-4a8d-b9b1-9d6f91dc3104" />
    <UnitTestResult executionId="e2a9f1d8-4ee8-47b2-9d7f-1d50c9caeaa7" testId="c0cf0641-dce5-3e52-e867-94fa19192895" testName="Start_DemuxerInitFails_PublishesDemuxerError(StartForEs)" computerName="AVDC760" duration="00:00:00.0040000" startTime="2020-06-23T13:51:50.0000000+02:00" endTime="2020-06-23T13:51:50.0000000+02:00" testType="13cdc9d9-ddb5-4fa4-a97d-d965ccfc6d4b" outcome="Passed" testListId="8c84fa94-04c1-424b-9868-57a2d4851a1d" relativeResultsDirectory="e2a9f1d8-4ee8-47b2-9d7f-1d50c9caeaa7" />
    <UnitTestResult executionId="37b954ce-7291-45ae-936f-8f2dffe51046" testId="5ca64586-df96-c4e0-6cbd-c37e2176547b" testName="DeserializeJsonText_ThrowsInvalid" computerName="AVDC760" duration="00:00:00.0040000" startTime="2020-06-23T13:51:49.0000000+02:00" endTime="2020-06-23T13:51:49.0000000+02:00" testType="13cdc9d9-ddb5-4fa4-a97d-d965ccfc6d4b" outcome="Passed" testListId="8c84fa94-04c1-424b-9868-57a2d4851a1d" relativeResultsDirectory="37b954ce-7291-45ae-936f-8f2dffe51046" />
    <UnitTestResult executionId="07c9e773-7cdf-4bd5-841e-29eb6f999ae8" testId="d69bd21c-4887-795d-066d-a5d448489d31" testName="ParseTime_WhenTimeFormatIsInvalid_ThrowsFormatException(&quot;a.b.c.d&quot;)" computerName="AVDC760" duration="00:00:00.0000001" startTime="2020-06-23T13:51:51.0000000+02:00" endTime="2020-06-23T13:51:51.0000000+02:00" testType="13cdc9d9-ddb5-4fa4-a97d-d965ccfc6d4b" outcome="Passed" testListId="8c84fa94-04c1-424b-9868-57a2d4851a1d" relativeResultsDirectory="07c9e773-7cdf-4bd5-841e-29eb6f999ae8" />
    <UnitTestResult executionId="5eaedfed-695e-4a50-b711-f735e00c8476" testId="9bf965f4-b07a-9f83-7d3c-04862d018a76" testName="TestLoggerBase" computerName="AVDC760" duration="00:00:00.0020000" startTime="2020-06-23T13:51:50.0000000+02:00" endTime="2020-06-23T13:51:50.0000000+02:00" testType="13cdc9d9-ddb5-4fa4-a97d-d965ccfc6d4b" outcome="Passed" testListId="8c84fa94-04c1-424b-9868-57a2d4851a1d" relativeResultsDirectory="5eaedfed-695e-4a50-b711-f735e00c8476" />
    <UnitTestResult executionId="37f63b48-73a9-4e95-8062-230161e798f4" testId="2fcfa690-0061-2be9-893e-b95e28348722" testName="TestGetInstanceBeforeConfigure" computerName="AVDC760" duration="00:00:00.0000001" startTime="2020-06-23T13:51:50.0000000+02:00" endTime="2020-06-23T13:51:50.0000000+02:00" testType="13cdc9d9-ddb5-4fa4-a97d-d965ccfc6d4b" outcome="Passed" testListId="8c84fa94-04c1-424b-9868-57a2d4851a1d" relativeResultsDirectory="37f63b48-73a9-4e95-8062-230161e798f4" />
    <UnitTestResult executionId="bffff0f1-5086-4dd9-9c76-3f753c761928" testId="8eee559b-f88d-5f49-738c-7ba028df49b7" testName="ParseText_TextHasOneLine_ParsesSuccessfullyWithoutNewLine" computerName="AVDC760" duration="00:00:00.0000001" startTime="2020-06-23T13:51:51.0000000+02:00" endTime="2020-06-23T13:51:51.0000000+02:00" testType="13cdc9d9-ddb5-4fa4-a97d-d965ccfc6d4b" outcome="Passed" testListId="8c84fa94-04c1-424b-9868-57a2d4851a1d" relativeResultsDirectory="bffff0f1-5086-4dd9-9c76-3f753c761928" />
    <UnitTestResult executionId="bf817da0-036a-4718-ba54-16686f101b1b" testId="14b24806-a082-47eb-f4a4-0872c3c59611" testName="Start_DRMInitDataFound_PublishesDRMInitData(StartForEs)" computerName="AVDC760" duration="00:00:00.0030000" startTime="2020-06-23T13:51:50.0000000+02:00" endTime="2020-06-23T13:51:50.0000000+02:00" testType="13cdc9d9-ddb5-4fa4-a97d-d965ccfc6d4b" outcome="Passed" testListId="8c84fa94-04c1-424b-9868-57a2d4851a1d" relativeResultsDirectory="bf817da0-036a-4718-ba54-16686f101b1b" />
    <UnitTestResult executionId="ec15c55f-a7e3-49bb-bd0e-5f062ab6735c" testId="90bdca97-8eb4-c877-3c7b-3164b6f624b6" testName="TimeToNextFrame_CalledWhenBarrierIsReached_ReturnsPositiveTime" computerName="AVDC760" duration="00:00:00.0030000" startTime="2020-06-23T13:51:51.0000000+02:00" endTime="2020-06-23T13:51:51.0000000+02:00" testType="13cdc9d9-ddb5-4fa4-a97d-d965ccfc6d4b" outcome="Passed" testListId="8c84fa94-04c1-424b-9868-57a2d4851a1d" relativeResultsDirectory="ec15c55f-a7e3-49bb-bd0e-5f062ab6735c" />
    <UnitTestResult executionId="da57afd1-e9e5-43ff-9b6d-33bda74d9398" testId="3f8dfde8-2658-03a7-336d-cc519ac91c3e" testName="Pause_Called_DoesntRetrieveNextPacket(StartForEs)" computerName="AVDC760" duration="00:00:00.0090000" startTime="2020-06-23T13:51:50.0000000+02:00" endTime="2020-06-23T13:51:50.0000000+02:00" testType="13cdc9d9-ddb5-4fa4-a97d-d965ccfc6d4b" outcome="Passed" testListId="8c84fa94-04c1-424b-9868-57a2d4851a1d" relativeResultsDirectory="da57afd1-e9e5-43ff-9b6d-33bda74d9398" />
    <UnitTestResult executionId="8a85bb04-9432-4bc1-b782-35a3333a98b9" testId="6ec026f1-46c9-6133-cbd4-a87c07ad774c" testName="TestConfigureMultipleTimes" computerName="AVDC760" duration="00:00:00.0020000" startTime="2020-06-23T13:51:50.0000000+02:00" endTime="2020-06-23T13:51:50.0000000+02:00" testType="13cdc9d9-ddb5-4fa4-a97d-d965ccfc6d4b" outcome="Passed" testListId="8c84fa94-04c1-424b-9868-57a2d4851a1d" relativeResultsDirectory="8a85bb04-9432-4bc1-b782-35a3333a98b9" />
    <UnitTestResult executionId="d02f5591-cfdc-4351-b15f-01f36adf43ff" testId="27c0e446-fbb2-fa76-7f01-7a27a4208aca" testName="ResolveByMimeType_WebVttMimeType_ReturnsWebVttFormat" computerName="AVDC760" duration="00:00:00.0000001" startTime="2020-06-23T13:51:51.0000000+02:00" endTime="2020-06-23T13:51:51.0000000+02:00" testType="13cdc9d9-ddb5-4fa4-a97d-d965ccfc6d4b" outcome="Passed" testListId="8c84fa94-04c1-424b-9868-57a2d4851a1d" relativeResultsDirectory="d02f5591-cfdc-4351-b15f-01f36adf43ff" />
    <UnitTestResult executionId="507574bb-752b-40c4-a74e-a2eafba415d0" testId="dcf10506-16c1-f65b-62cc-54c81f3d69fc" testName="Load_PathPointsToNetworkResource_LoadsAsNetworkResource(&quot;https://valid_https_uri&quot;)" computerName="AVDC760" duration="00:00:00.0000001" startTime="2020-06-23T13:51:51.0000000+02:00" endTime="2020-06-23T13:51:51.0000000+02:00" testType="13cdc9d9-ddb5-4fa4-a97d-d965ccfc6d4b" outcome="Passed" testListId="8c84fa94-04c1-424b-9868-57a2d4851a1d" relativeResultsDirectory="507574bb-752b-40c4-a74e-a2eafba415d0" />
    <UnitTestResult executionId="85f580a4-cacf-4498-9995-474a05c2b46b" testId="b6c7b137-6c12-aa0e-37c0-885b1840aaf2" testName="Reset_CalledWhileDataSourcePublishedChunk_SkipsPublishedChunk" computerName="AVDC760" duration="00:00:00.0020000" startTime="2020-06-23T13:51:50.0000000+02:00" endTime="2020-06-23T13:51:50.0000000+02:00" testType="13cdc9d9-ddb5-4fa4-a97d-d965ccfc6d4b" outcome="Passed" testListId="8c84fa94-04c1-424b-9868-57a2d4851a1d" relativeResultsDirectory="85f580a4-cacf-4498-9995-474a05c2b46b" />
    <UnitTestResult executionId="788d7502-5217-4b2e-9d7e-f9c34a92daa4" testId="79e155a0-4a41-3695-7dd9-360fb50ae27a" testName="ParseTime_TimeFormatIsInvalid_ThrowsFormatException(&quot;00:00:00:00.0&quot;)" computerName="AVDC760" duration="00:00:00.0000001" startTime="2020-06-23T13:51:51.0000000+02:00" endTime="2020-06-23T13:51:51.0000000+02:00" testType="13cdc9d9-ddb5-4fa4-a97d-d965ccfc6d4b" outcome="Passed" testListId="8c84fa94-04c1-424b-9868-57a2d4851a1d" relativeResultsDirectory="788d7502-5217-4b2e-9d7e-f9c34a92daa4" />
    <UnitTestResult executionId="4c92c52c-86ac-4022-a11d-a7236e860ebf" testId="13c9576e-1060-3a96-db24-b3da48519d05" testName="Reset_Called_ResetsDemuxer" computerName="AVDC760" duration="00:00:00.0000001" startTime="2020-06-23T13:51:50.0000000+02:00" endTime="2020-06-23T13:51:50.0000000+02:00" testType="13cdc9d9-ddb5-4fa4-a97d-d965ccfc6d4b" outcome="Passed" testListId="8c84fa94-04c1-424b-9868-57a2d4851a1d" relativeResultsDirectory="4c92c52c-86ac-4022-a11d-a7236e860ebf" />
    <UnitTestResult executionId="53ac1604-f34f-49a2-b4cd-46cc602589f7" testId="97595e50-425c-1bd9-270d-ac32868fdf2d" testName="Init_StreamConfigAvailable_ReturnsStreamConfig(ForEs)" computerName="AVDC760" duration="00:00:00.0040000" startTime="2020-06-23T13:51:50.0000000+02:00" endTime="2020-06-23T13:51:50.0000000+02:00" testType="13cdc9d9-ddb5-4fa4-a97d-d965ccfc6d4b" outcome="Passed" testListId="8c84fa94-04c1-424b-9868-57a2d4851a1d" relativeResultsDirectory="53ac1604-f34f-49a2-b4cd-46cc602589f7" />
    <UnitTestResult executionId="f0fff59b-a015-4318-9a93-5b3ade11f684" testId="e63e97dd-9e6c-4645-bf1f-6cbc1114526d" testName="Reset_CalledWhileFlushIsInProgress_CancelsFlush" computerName="AVDC760" duration="00:00:00.0020000" startTime="2020-06-23T13:51:50.0000000+02:00" endTime="2020-06-23T13:51:50.0000000+02:00" testType="13cdc9d9-ddb5-4fa4-a97d-d965ccfc6d4b" outcome="Passed" testListId="8c84fa94-04c1-424b-9868-57a2d4851a1d" relativeResultsDirectory="f0fff59b-a015-4318-9a93-5b3ade11f684" />
    <UnitTestResult executionId="61b9f8d4-5a52-4472-9f22-0da62f77d8cc" testId="63887502-2290-59ec-06c5-74675818419c" testName="OnStreamConfigChanged_WhenStreamConfigIsNull_ThrowsArgumentNullException" computerName="AVDC760" duration="00:00:00.0010000" startTime="2020-06-23T13:51:51.0000000+02:00" endTime="2020-06-23T13:51:51.0000000+02:00" testType="13cdc9d9-ddb5-4fa4-a97d-d965ccfc6d4b" outcome="Passed" testListId="8c84fa94-04c1-424b-9868-57a2d4851a1d" relativeResultsDirectory="61b9f8d4-5a52-4472-9f22-0da62f77d8cc" />
    <UnitTestResult executionId="3ce1e9d4-471d-4dab-80e8-2e89cc72f605" testId="5ab273b4-d5f1-2abf-3a88-3bfeef20ebf5" testName="TestInvalidConfig" computerName="AVDC760" duration="00:00:00.0050000" startTime="2020-06-23T13:51:49.0000000+02:00" endTime="2020-06-23T13:51:49.0000000+02:00" testType="13cdc9d9-ddb5-4fa4-a97d-d965ccfc6d4b" outcome="Passed" testListId="8c84fa94-04c1-424b-9868-57a2d4851a1d" relativeResultsDirectory="3ce1e9d4-471d-4dab-80e8-2e89cc72f605" />
    <UnitTestResult executionId="da9e502c-153e-4988-abf5-be13dc00f22a" testId="e7c41882-0f2b-10a3-a41f-5cb13aefcf02" testName="Get_MapIsEmpty_ReturnsNull" computerName="AVDC760" duration="00:00:00.0000001" startTime="2020-06-23T13:51:49.0000000+02:00" endTime="2020-06-23T13:51:49.0000000+02:00" testType="13cdc9d9-ddb5-4fa4-a97d-d965ccfc6d4b" outcome="Passed" testListId="8c84fa94-04c1-424b-9868-57a2d4851a1d" relativeResultsDirectory="da9e502c-153e-4988-abf5-be13dc00f22a" />
    <UnitTestResult executionId="fc814995-6e15-4574-822f-9982a53123de" testId="7ac342f5-d941-880c-3a41-9a214f71d826" testName="Parse_DifferentEncodings_ParsesSuccessfully(&quot;JuvoPlayer.Tests.res.subtitles.media_player_subs_windows-1257.srt&quot;,&quot;windows-1257&quot;,&quot;[Baltic] 1.5: Ąą Įį Āā Ćć Čč Ģģ Ķķ Ļļ Ńń Ņņ Õõ Ųų Øø Ææ µ ß&quot;)" computerName="AVDC760" duration="00:00:00.0000001" startTime="2020-06-23T13:51:49.0000000+02:00" endTime="2020-06-23T13:51:49.0000000+02:00" testType="13cdc9d9-ddb5-4fa4-a97d-d965ccfc6d4b" outcome="Passed" testListId="8c84fa94-04c1-424b-9868-57a2d4851a1d" relativeResultsDirectory="fc814995-6e15-4574-822f-9982a53123de" />
    <UnitTestResult executionId="d9b2b241-50db-448a-91ee-1fe349916d82" testId="639b760f-d73b-dd9e-184b-d4fba82810a2" testName="Get_TwoAdjacentCuesAndGetForFirst_ReturnsFirstOne" computerName="AVDC760" duration="00:00:00.0000001" startTime="2020-06-23T13:51:49.0000000+02:00" endTime="2020-06-23T13:51:49.0000000+02:00" testType="13cdc9d9-ddb5-4fa4-a97d-d965ccfc6d4b" outcome="Passed" testListId="8c84fa94-04c1-424b-9868-57a2d4851a1d" relativeResultsDirectory="d9b2b241-50db-448a-91ee-1fe349916d82" />
    <UnitTestResult executionId="957ea51e-cd72-4976-99bd-689aeecd7d2c" testId="9d43c9dd-9ed0-37ad-3810-cd0fa27c1b3a" testName="Compare_VariousTimes_ReturnsExpectedValues(25,1)" computerName="AVDC760" duration="00:00:00.0000001" startTime="2020-06-23T13:51:49.0000000+02:00" endTime="2020-06-23T13:51:49.0000000+02:00" testType="13cdc9d9-ddb5-4fa4-a97d-d965ccfc6d4b" outcome="Passed" testListId="8c84fa94-04c1-424b-9868-57a2d4851a1d" relativeResultsDirectory="957ea51e-cd72-4976-99bd-689aeecd7d2c" />
    <UnitTestResult executionId="97465435-d81e-46e5-b589-37e915dcba36" testId="c08a0c23-7b43-812c-9f19-03172b742d8a" testName="SupportsSystemId_InvalidSystemId_ReturnsFalse" computerName="AVDC760" duration="00:00:00.0010000" startTime="2020-06-23T13:51:49.0000000+02:00" endTime="2020-06-23T13:51:49.0000000+02:00" testType="13cdc9d9-ddb5-4fa4-a97d-d965ccfc6d4b" outcome="Passed" testListId="8c84fa94-04c1-424b-9868-57a2d4851a1d" relativeResultsDirectory="97465435-d81e-46e5-b589-37e915dcba36" />
    <UnitTestResult executionId="18724ab7-b81d-459b-80b8-d38b2b8fec96" testId="0e5a7d31-b50f-e2fa-db2d-75f9677650eb" testName="Reset_Called_NextPacketNotCalledAfter(StartForUrl)" computerName="AVDC760" duration="00:00:00.0000001" startTime="2020-06-23T13:51:50.0000000+02:00" endTime="2020-06-23T13:51:50.0000000+02:00" testType="13cdc9d9-ddb5-4fa4-a97d-d965ccfc6d4b" outcome="Passed" testListId="8c84fa94-04c1-424b-9868-57a2d4851a1d" relativeResultsDirectory="18724ab7-b81d-459b-80b8-d38b2b8fec96" />
    <UnitTestResult executionId="be57c9fc-a2b0-4a9b-a3e5-f972be8fa8d2" testId="cbd08089-7dfa-f39a-6544-f54af436e9b1" testName="Take_MultipleAdds_ProperlyReturnsData" computerName="AVDC760" duration="00:00:00.0030000" startTime="2020-06-23T13:51:49.0000000+02:00" endTime="2020-06-23T13:51:49.0000000+02:00" testType="13cdc9d9-ddb5-4fa4-a97d-d965ccfc6d4b" outcome="Passed" testListId="8c84fa94-04c1-424b-9868-57a2d4851a1d" relativeResultsDirectory="be57c9fc-a2b0-4a9b-a3e5-f972be8fa8d2" />
    <UnitTestResult executionId="53ceb428-18cd-405f-b308-232d2eb6c004" testId="6d33e4a5-ae74-c82a-5d2b-0a3770f1919a" testName="DeserializeJsonText_ThrowsNull" computerName="AVDC760" duration="00:00:00.0000001" startTime="2020-06-23T13:51:49.0000000+02:00" endTime="2020-06-23T13:51:49.0000000+02:00" testType="13cdc9d9-ddb5-4fa4-a97d-d965ccfc6d4b" outcome="Passed" testListId="8c84fa94-04c1-424b-9868-57a2d4851a1d" relativeResultsDirectory="53ceb428-18cd-405f-b308-232d2eb6c004" />
    <UnitTestResult executionId="225fafe3-b6d3-4814-bf1b-65b395e910cf" testId="8b7b35e7-42f3-7119-a9bd-fd9bc70bdd46" testName="Flush_Called_ResetsDemuxer" computerName="AVDC760" duration="00:00:00.0500000" startTime="2020-06-23T13:51:49.0000000+02:00" endTime="2020-06-23T13:51:49.0000000+02:00" testType="13cdc9d9-ddb5-4fa4-a97d-d965ccfc6d4b" outcome="Passed" testListId="8c84fa94-04c1-424b-9868-57a2d4851a1d" relativeResultsDirectory="225fafe3-b6d3-4814-bf1b-65b395e910cf" />
    <UnitTestResult executionId="7ff6196d-4301-4999-a621-356095f07085" testId="2451296b-865e-f1ac-6397-248629b7319a" testName="Reset_Called_DeallocsAVFormatContext(ForUrl)" computerName="AVDC760" duration="00:00:00.0010000" startTime="2020-06-23T13:51:50.0000000+02:00" endTime="2020-06-23T13:51:50.0000000+02:00" testType="13cdc9d9-ddb5-4fa4-a97d-d965ccfc6d4b" outcome="Passed" testListId="8c84fa94-04c1-424b-9868-57a2d4851a1d" relativeResultsDirectory="7ff6196d-4301-4999-a621-356095f07085" />
    <UnitTestResult executionId="4353800a-4b57-4ce6-95a1-23c73f638a1f" testId="0df30c92-10e5-04f8-7ba8-ad81df080036" testName="Init_DrmInitDataAvailable_ReturnsDrmInitData(ForEs)" computerName="AVDC760" duration="00:00:00.0030000" startTime="2020-06-23T13:51:50.0000000+02:00" endTime="2020-06-23T13:51:50.0000000+02:00" testType="13cdc9d9-ddb5-4fa4-a97d-d965ccfc6d4b" outcome="Passed" testListId="8c84fa94-04c1-424b-9868-57a2d4851a1d" relativeResultsDirectory="4353800a-4b57-4ce6-95a1-23c73f638a1f" />
    <UnitTestResult executionId="aabad418-4c46-46a9-806c-f9845635f73c" testId="4316b1a0-3df5-84d3-9052-82615cd59e81" testName="PushChunk_CalledAfterReset_ThrowsException" computerName="AVDC760" duration="00:00:00.0020000" startTime="2020-06-23T13:51:50.0000000+02:00" endTime="2020-06-23T13:51:50.0000000+02:00" testType="13cdc9d9-ddb5-4fa4-a97d-d965ccfc6d4b" outcome="Passed" testListId="8c84fa94-04c1-424b-9868-57a2d4851a1d" relativeResultsDirectory="aabad418-4c46-46a9-806c-f9845635f73c" />
    <UnitTestResult executionId="9f7f7200-febf-494a-abec-26d3e3eee8d4" testId="e5d47529-6859-840c-851a-4907cc409f71" testName="Begin_GreaterThanEnd_ThrowsArgumentException" computerName="AVDC760" duration="00:00:00.0000001" startTime="2020-06-23T13:51:49.0000000+02:00" endTime="2020-06-23T13:51:49.0000000+02:00" testType="13cdc9d9-ddb5-4fa4-a97d-d965ccfc6d4b" outcome="Passed" testListId="8c84fa94-04c1-424b-9868-57a2d4851a1d" relativeResultsDirectory="9f7f7200-febf-494a-abec-26d3e3eee8d4" />
    <UnitTestResult executionId="9a129366-15c3-467c-903d-2932a35482f8" testId="f7156c87-b8b9-0e61-1608-47647affb3d9" testName="Serialization_AllOperationsSerialized_DeserializedProperly" computerName="AVDC760" duration="00:00:00.1090000" startTime="2020-06-23T13:51:49.0000000+02:00" endTime="2020-06-23T13:51:49.0000000+02:00" testType="13cdc9d9-ddb5-4fa4-a97d-d965ccfc6d4b" outcome="Passed" testListId="8c84fa94-04c1-424b-9868-57a2d4851a1d" relativeResultsDirectory="9a129366-15c3-467c-903d-2932a35482f8" />
    <UnitTestResult executionId="37b8a73f-494e-4e5d-bfec-127b1c742b42" testId="c2da144b-378e-b165-a41b-7b65e6d54970" testName="DeserializeJsonText_OK" computerName="AVDC760" duration="00:00:00.0360000" startTime="2020-06-23T13:51:49.0000000+02:00" endTime="2020-06-23T13:51:49.0000000+02:00" testType="13cdc9d9-ddb5-4fa4-a97d-d965ccfc6d4b" outcome="Passed" testListId="8c84fa94-04c1-424b-9868-57a2d4851a1d" relativeResultsDirectory="37b8a73f-494e-4e5d-bfec-127b1c742b42" />
    <UnitTestResult executionId="351145c6-6c9b-4770-972e-f3d8729a6cb5" testId="941c0021-a8fe-25b1-de50-c1e94e8c1fd9" testName="Serialization_OperationSerialized_DeserializedProperly(JuvoPlayer.Tests.Utils.RandomDelayOperation)" computerName="AVDC760" duration="00:00:00.0010000" startTime="2020-06-23T13:51:49.0000000+02:00" endTime="2020-06-23T13:51:49.0000000+02:00" testType="13cdc9d9-ddb5-4fa4-a97d-d965ccfc6d4b" outcome="Passed" testListId="8c84fa94-04c1-424b-9868-57a2d4851a1d" relativeResultsDirectory="351145c6-6c9b-4770-972e-f3d8729a6cb5" />
    <UnitTestResult executionId="33afa438-e745-448d-9c36-899128ea435f" testId="d85db656-22e2-d893-8495-ecfd404d4e9f" testName="TestConstructorWithNull" computerName="AVDC760" duration="00:00:00.0010000" startTime="2020-06-23T13:51:49.0000000+02:00" endTime="2020-06-23T13:51:49.0000000+02:00" testType="13cdc9d9-ddb5-4fa4-a97d-d965ccfc6d4b" outcome="Passed" testListId="8c84fa94-04c1-424b-9868-57a2d4851a1d" relativeResultsDirectory="33afa438-e745-448d-9c36-899128ea435f" />
    <UnitTestResult executionId="b1682f64-4d56-4b07-96b8-759199c10931" testId="13dadd02-cded-047c-5edf-08e7f9cf5113" testName="OnAppendPacket_WhenConfigured_CallsPlayerAdapter" computerName="AVDC760" duration="00:00:00.0010000" startTime="2020-06-23T13:51:51.0000000+02:00" endTime="2020-06-23T13:51:51.0000000+02:00" testType="13cdc9d9-ddb5-4fa4-a97d-d965ccfc6d4b" outcome="Passed" testListId="8c84fa94-04c1-424b-9868-57a2d4851a1d" relativeResultsDirectory="b1682f64-4d56-4b07-96b8-759199c10931" />
    <UnitTestResult executionId="8aa2d848-2da2-4d9d-991c-f1ab230820e7" testId="d7ac1929-9b02-b83c-c131-e7b03e1000aa" testName="Start_DRMInitDataFound_PublishesDRMInitData(StartForUrl)" computerName="AVDC760" duration="00:00:00.0020000" startTime="2020-06-23T13:51:50.0000000+02:00" endTime="2020-06-23T13:51:50.0000000+02:00" testType="13cdc9d9-ddb5-4fa4-a97d-d965ccfc6d4b" outcome="Passed" testListId="8c84fa94-04c1-424b-9868-57a2d4851a1d" relativeResultsDirectory="8aa2d848-2da2-4d9d-991c-f1ab230820e7" />
    <UnitTestResult executionId="3c015982-128f-4916-a192-417fd1d0f2df" testId="c0e373ae-3e15-775d-5f9d-a8c872e8b285" testName="Seek_CalledWhenPaused_DoesntDemuxNextPacket" computerName="AVDC760" duration="00:00:00.0020000" startTime="2020-06-23T13:51:50.0000000+02:00" endTime="2020-06-23T13:51:50.0000000+02:00" testType="13cdc9d9-ddb5-4fa4-a97d-d965ccfc6d4b" outcome="Passed" testListId="8c84fa94-04c1-424b-9868-57a2d4851a1d" relativeResultsDirectory="3c015982-128f-4916-a192-417fd1d0f2df" />
    <UnitTestResult executionId="f5c2ad73-a4b2-4c1f-a0be-14818294b49a" testId="520722aa-6a80-b3d5-b800-d9703ed85ffc" testName="ParseTimeLine_TimeLineIsValid_ParsesSuccessfully(&quot;01:18.171  --&gt;   01:20.171&quot;)" computerName="AVDC760" duration="00:00:00.0010000" startTime="2020-06-23T13:51:51.0000000+02:00" endTime="2020-06-23T13:51:51.0000000+02:00" testType="13cdc9d9-ddb5-4fa4-a97d-d965ccfc6d4b" outcome="Passed" testListId="8c84fa94-04c1-424b-9868-57a2d4851a1d" relativeResultsDirectory="f5c2ad73-a4b2-4c1f-a0be-14818294b49a" />
    <UnitTestResult executionId="4f0a797f-1781-43a1-a322-2c789b3ff833" testId="a01cf621-ca79-9bae-641f-945046dfdf90" testName="CompleteAdding_AddAsyncCalled_ThrowsInvalidOperationException" computerName="AVDC760" duration="00:00:00.0450000" startTime="2020-06-23T13:51:49.0000000+02:00" endTime="2020-06-23T13:51:49.0000000+02:00" testType="13cdc9d9-ddb5-4fa4-a97d-d965ccfc6d4b" outcome="Passed" testListId="8c84fa94-04c1-424b-9868-57a2d4851a1d" relativeResultsDirectory="4f0a797f-1781-43a1-a322-2c789b3ff833" />
    <UnitTestResult executionId="3d05406d-4788-4b27-8088-8f59266a607a" testId="cf536672-6dbb-41a2-84f9-ab59c52d810f" testName="OnAppendPacket_WhenConfigured_CallsContextExtraDataHandler" computerName="AVDC760" duration="00:00:00.0160000" startTime="2020-06-23T13:51:51.0000000+02:00" endTime="2020-06-23T13:51:51.0000000+02:00" testType="13cdc9d9-ddb5-4fa4-a97d-d965ccfc6d4b" outcome="Passed" testListId="8c84fa94-04c1-424b-9868-57a2d4851a1d" relativeResultsDirectory="3d05406d-4788-4b27-8088-8f59266a607a" />
    <UnitTestResult executionId="13a47ccf-a774-48dd-beac-43595faa84ee" testId="f1c5443e-e0a7-e961-fdae-6f316e6bdffa" testName="CompleteAdding_TakeAsyncCalled_ThrowsInvalidOperationException" computerName="AVDC760" duration="00:00:00.0130000" startTime="2020-06-23T13:51:49.0000000+02:00" endTime="2020-06-23T13:51:49.0000000+02:00" testType="13cdc9d9-ddb5-4fa4-a97d-d965ccfc6d4b" outcome="Passed" testListId="8c84fa94-04c1-424b-9868-57a2d4851a1d" relativeResultsDirectory="13a47ccf-a774-48dd-beac-43595faa84ee" />
    <UnitTestResult executionId="d4ed56e8-7224-479c-aca5-a893dd12e5b0" testId="277f52da-2282-9c65-51fe-2a9bdc6748b7" testName="Begin_LessThanEnd_SetsSuccessfully" computerName="AVDC760" duration="00:00:00.0020000" startTime="2020-06-23T13:51:49.0000000+02:00" endTime="2020-06-23T13:51:49.0000000+02:00" testType="13cdc9d9-ddb5-4fa4-a97d-d965ccfc6d4b" outcome="Passed" testListId="8c84fa94-04c1-424b-9868-57a2d4851a1d" relativeResultsDirectory="d4ed56e8-7224-479c-aca5-a893dd12e5b0" />
    <UnitTestResult executionId="f6ab284d-a538-4828-8038-b4598451aa57" testId="5da37516-dacb-d422-fbee-12efa0638ad9" testName="TestValidConfig" computerName="AVDC760" duration="00:00:00.0050000" startTime="2020-06-23T13:51:49.0000000+02:00" endTime="2020-06-23T13:51:49.0000000+02:00" testType="13cdc9d9-ddb5-4fa4-a97d-d965ccfc6d4b" outcome="Passed" testListId="8c84fa94-04c1-424b-9868-57a2d4851a1d" relativeResultsDirectory="f6ab284d-a538-4828-8038-b4598451aa57" />
    <UnitTestResult executionId="bce9a208-01b0-4e46-9999-73c29ac6f04c" testId="a16102ef-fcf8-a9c6-d66a-7b006e4ea6c9" testName="Reset_Called_NextPacketNotCalledAfter(StartForEs)" computerName="AVDC760" duration="00:00:00.0030000" startTime="2020-06-23T13:51:50.0000000+02:00" endTime="2020-06-23T13:51:50.0000000+02:00" testType="13cdc9d9-ddb5-4fa4-a97d-d965ccfc6d4b" outcome="Passed" testListId="8c84fa94-04c1-424b-9868-57a2d4851a1d" relativeResultsDirectory="bce9a208-01b0-4e46-9999-73c29ac6f04c" />
    <UnitTestResult executionId="0d7fac63-7f45-4a3d-9bae-fd8846eee657" testId="546e2195-b0fd-c5a9-fb2f-7840d4c86cb8" testName="LoadAsEmbeddedAssembly_AssemblyContainsExceptedResource_LoadsResource" computerName="AVDC760" duration="00:00:00.0290000" startTime="2020-06-23T13:51:51.0000000+02:00" endTime="2020-06-23T13:51:51.0000000+02:00" testType="13cdc9d9-ddb5-4fa4-a97d-d965ccfc6d4b" outcome="Passed" testListId="8c84fa94-04c1-424b-9868-57a2d4851a1d" relativeResultsDirectory="0d7fac63-7f45-4a3d-9bae-fd8846eee657" />
    <UnitTestResult executionId="bde6e97f-3440-479f-8259-5a9c4d962ec6" testId="dc2e53b3-b4b5-d431-a2a2-41dcd332c80c" testName="OnAppendPacket_WhenDrmSessionIsConfigured_CallsPlayerAdapter" computerName="AVDC760" duration="00:00:00.0050000" startTime="2020-06-23T13:51:51.0000000+02:00" endTime="2020-06-23T13:51:51.0000000+02:00" testType="13cdc9d9-ddb5-4fa4-a97d-d965ccfc6d4b" outcome="Passed" testListId="8c84fa94-04c1-424b-9868-57a2d4851a1d" relativeResultsDirectory="bde6e97f-3440-479f-8259-5a9c4d962ec6" />
    <UnitTestResult executionId="7ba1cbbd-6e40-417a-b6a0-1ffba0df1ee2" testId="40b95933-2c83-039d-2a88-0479b1ded531" testName="Compare_VariousTimes_ReturnsExpectedValues(15,0)" computerName="AVDC760" duration="00:00:00.0000001" startTime="2020-06-23T13:51:49.0000000+02:00" endTime="2020-06-23T13:51:49.0000000+02:00" testType="13cdc9d9-ddb5-4fa4-a97d-d965ccfc6d4b" outcome="Passed" testListId="8c84fa94-04c1-424b-9868-57a2d4851a1d" relativeResultsDirectory="7ba1cbbd-6e40-417a-b6a0-1ffba0df1ee2" />
    <UnitTestResult executionId="2daf657c-4056-4433-84bc-96c33686705f" testId="b514154e-fcf9-e8b7-b0ab-c1233ec7970b" testName="End_EqualsBegin_ThrowsArgumentException" computerName="AVDC760" duration="00:00:00.0010000" startTime="2020-06-23T13:51:49.0000000+02:00" endTime="2020-06-23T13:51:49.0000000+02:00" testType="13cdc9d9-ddb5-4fa4-a97d-d965ccfc6d4b" outcome="Passed" testListId="8c84fa94-04c1-424b-9868-57a2d4851a1d" relativeResultsDirectory="2daf657c-4056-4433-84bc-96c33686705f" />
    <UnitTestResult executionId="3e00fd61-1d32-42ff-90e7-d6120a553c46" testId="9a9661dd-36b6-16db-2f09-bd73c6ac6d68" testName="ParseText_TextHasTwoLines_ReturnsTextWithTwoSeparatedLines" computerName="AVDC760" duration="00:00:00.0000001" startTime="2020-06-23T13:51:51.0000000+02:00" endTime="2020-06-23T13:51:51.0000000+02:00" testType="13cdc9d9-ddb5-4fa4-a97d-d965ccfc6d4b" outcome="Passed" testListId="8c84fa94-04c1-424b-9868-57a2d4851a1d" relativeResultsDirectory="3e00fd61-1d32-42ff-90e7-d6120a553c46" />
    <UnitTestResult executionId="afedca6b-a8b8-4dc8-8461-d21e319a3438" testId="843772ee-7171-937b-ee83-555f894077cb" testName="PacketReady_DemuxerSendsNullPacket_ProducesEOSPackets" computerName="AVDC760" duration="00:00:00.0350000" startTime="2020-06-23T13:51:50.0000000+02:00" endTime="2020-06-23T13:51:50.0000000+02:00" testType="13cdc9d9-ddb5-4fa4-a97d-d965ccfc6d4b" outcome="Passed" testListId="8c84fa94-04c1-424b-9868-57a2d4851a1d" relativeResultsDirectory="afedca6b-a8b8-4dc8-8461-d21e319a3438" />
    <UnitTestResult executionId="44ed1ce7-cfc1-4935-8f42-f30c1077196d" testId="a696fe85-6892-5787-2988-b6dc32a7eaae" testName="Parse_DifferentEncodings_ParsesSuccessfully(&quot;JuvoPlayer.Tests.res.subtitles.media_player_subs_windows-1251.srt&quot;,&quot;windows-1251&quot;,&quot;[Cyrylic] 5.0: Жж Зз Кк Лл Ыы Чч Щщ Ъъ Ыы Юю Яя&quot;)" computerName="AVDC760" duration="00:00:00.0010000" startTime="2020-06-23T13:51:49.0000000+02:00" endTime="2020-06-23T13:51:49.0000000+02:00" testType="13cdc9d9-ddb5-4fa4-a97d-d965ccfc6d4b" outcome="Passed" testListId="8c84fa94-04c1-424b-9868-57a2d4851a1d" relativeResultsDirectory="44ed1ce7-cfc1-4935-8f42-f30c1077196d" />
    <UnitTestResult executionId="31d98b11-19d6-4312-accd-fc2530e91f28" testId="53148e8e-938e-3bc8-e604-5f8120442e76" testName="ResolveByPath_SrtPath_ReturnSrtFormat" computerName="AVDC760" duration="00:00:00.0000001" startTime="2020-06-23T13:51:51.0000000+02:00" endTime="2020-06-23T13:51:51.0000000+02:00" testType="13cdc9d9-ddb5-4fa4-a97d-d965ccfc6d4b" outcome="Passed" testListId="8c84fa94-04c1-424b-9868-57a2d4851a1d" relativeResultsDirectory="31d98b11-19d6-4312-accd-fc2530e91f28" />
    <UnitTestResult executionId="ee987fc0-02ce-4461-aaa9-f2ecb91c2100" testId="a659b756-6e9d-b19a-f709-878e64441c5e" testName="ParseTime_TimeFormatIsValid_ParsesSuccessfully(&quot;9999:01:18.171&quot;,9999,1,18,171)" computerName="AVDC760" duration="00:00:00.0000001" startTime="2020-06-23T13:51:51.0000000+02:00" endTime="2020-06-23T13:51:51.0000000+02:00" testType="13cdc9d9-ddb5-4fa4-a97d-d965ccfc6d4b" outcome="Passed" testListId="8c84fa94-04c1-424b-9868-57a2d4851a1d" relativeResultsDirectory="ee987fc0-02ce-4461-aaa9-f2ecb91c2100" />
    <UnitTestResult executionId="f00f4395-f1f4-4605-b5e5-6a127fdbceec" testId="5086e7e5-6679-888c-406b-de1ba0a5028e" testName="Parse_DifferentEncodings_ParsesSuccessfully(&quot;JuvoPlayer.Tests.res.subtitles.media_player_subs_utf8.srt&quot;,&quot;utf-8&quot;,&quot;[UTF-8] 3.0: 고양이. Чч Щщ Ъъ. Óó Śś Źź. Ýý Ţţ Ł €. 猫.&quot;)" computerName="AVDC760" duration="00:00:00.0010000" startTime="2020-06-23T13:51:49.0000000+02:00" endTime="2020-06-23T13:51:49.0000000+02:00" testType="13cdc9d9-ddb5-4fa4-a97d-d965ccfc6d4b" outcome="Passed" testListId="8c84fa94-04c1-424b-9868-57a2d4851a1d" relativeResultsDirectory="f00f4395-f1f4-4605-b5e5-6a127fdbceec" />
    <UnitTestResult executionId="2a5670a7-61ff-4bf2-9c80-4ed1c564be92" testId="65fdcfa3-e586-80fb-25e9-f3179ce3d17c" testName="Init_ClipDurationAvailable_ReturnsDuration(ForEs)" computerName="AVDC760" duration="00:00:00.0030000" startTime="2020-06-23T13:51:50.0000000+02:00" endTime="2020-06-23T13:51:50.0000000+02:00" testType="13cdc9d9-ddb5-4fa4-a97d-d965ccfc6d4b" outcome="Passed" testListId="8c84fa94-04c1-424b-9868-57a2d4851a1d" relativeResultsDirectory="2a5670a7-61ff-4bf2-9c80-4ed1c564be92" />
    <UnitTestResult executionId="8df2a82a-4b10-42c2-bd36-865a090fda31" testId="f27ecf69-9c6a-7512-245c-df2210246910" testName="AppParser_OK" computerName="AVDC760" duration="00:00:00.1940000" startTime="2020-06-23T13:51:50.0000000+02:00" endTime="2020-06-23T13:51:50.0000000+02:00" testType="13cdc9d9-ddb5-4fa4-a97d-d965ccfc6d4b" outcome="Passed" testListId="8c84fa94-04c1-424b-9868-57a2d4851a1d" relativeResultsDirectory="8df2a82a-4b10-42c2-bd36-865a090fda31" />
    <UnitTestResult executionId="4da94e55-987f-4fab-8b30-2b9b3734dc1d" testId="1401be64-9b1a-fe9c-cbe7-91ee817fac69" testName="Serialization_OperationSerialized_DeserializedProperly(JuvoPlayer.Tests.Utils.StopOperation)" computerName="AVDC760" duration="00:00:00.0010000" startTime="2020-06-23T13:51:49.0000000+02:00" endTime="2020-06-23T13:51:49.0000000+02:00" testType="13cdc9d9-ddb5-4fa4-a97d-d965ccfc6d4b" outcome="Passed" testListId="8c84fa94-04c1-424b-9868-57a2d4851a1d" relativeResultsDirectory="4da94e55-987f-4fab-8b30-2b9b3734dc1d" />
    <UnitTestResult executionId="4ad21d73-ec34-4dec-b4f1-cbb00712d78f" testId="c2ca0d7d-68c1-9a10-64d5-38b811f1c187" testName="Resume_Called_CallsNextPacket(StartForEs)" computerName="AVDC760" duration="00:00:00.0020000" startTime="2020-06-23T13:51:50.0000000+02:00" endTime="2020-06-23T13:51:50.0000000+02:00" testType="13cdc9d9-ddb5-4fa4-a97d-d965ccfc6d4b" outcome="Passed" testListId="8c84fa94-04c1-424b-9868-57a2d4851a1d" relativeResultsDirectory="4ad21d73-ec34-4dec-b4f1-cbb00712d78f" />
    <UnitTestResult executionId="7faf9f3f-fbd1-452e-a2cf-f0824f877b0c" testId="b4eee26d-24ec-582f-e097-1f57b7e85dcb" testName="ParseText_ContainsEscapeSequence_DecodesSuccessfully(&quot;begin &amp;amp; end&quot;,&quot;begin &amp; end&quot;)" computerName="AVDC760" duration="00:00:00.0010000" startTime="2020-06-23T13:51:51.0000000+02:00" endTime="2020-06-23T13:51:51.0000000+02:00" testType="13cdc9d9-ddb5-4fa4-a97d-d965ccfc6d4b" outcome="Passed" testListId="8c84fa94-04c1-424b-9868-57a2d4851a1d" relativeResultsDirectory="7faf9f3f-fbd1-452e-a2cf-f0824f877b0c" />
    <UnitTestResult executionId="12960f7a-1758-4934-bfef-137521033098" testId="8b5ade29-f79f-4071-809a-b5dffc281389" testName="ParseTimeLine_TimeLineIsInvalid_ThrowsFormatException(&quot;01:18.171 -- 01:20.171&quot;)" computerName="AVDC760" duration="00:00:00.0000001" startTime="2020-06-23T13:51:51.0000000+02:00" endTime="2020-06-23T13:51:51.0000000+02:00" testType="13cdc9d9-ddb5-4fa4-a97d-d965ccfc6d4b" outcome="Passed" testListId="8c84fa94-04c1-424b-9868-57a2d4851a1d" relativeResultsDirectory="12960f7a-1758-4934-bfef-137521033098" />
    <UnitTestResult executionId="37713d83-ba57-4ee1-b888-2ff3b3745e80" testId="d92b4795-1b5e-a5e3-4306-d72267a0cfd6" testName="ParseTimeLine_TimeLineIsValid_ParsesSuccessfully(&quot;01:18.171 --&gt; 01:20.171&quot;)" computerName="AVDC760" duration="00:00:00.0090000" startTime="2020-06-23T13:51:51.0000000+02:00" endTime="2020-06-23T13:51:51.0000000+02:00" testType="13cdc9d9-ddb5-4fa4-a97d-d965ccfc6d4b" outcome="Passed" testListId="8c84fa94-04c1-424b-9868-57a2d4851a1d" relativeResultsDirectory="37713d83-ba57-4ee1-b888-2ff3b3745e80" />
    <UnitTestResult executionId="eceea8d0-7397-48a6-bddc-6b2bb2970aff" testId="aa4e9518-8a0d-c4b5-88b9-4da429c58985" testName="Parse_DifferentEncodings_ParsesSuccessfully(&quot;JuvoPlayer.Tests.res.subtitles.subtitles_es.vtt&quot;,&quot;utf-8&quot;,&quot;Éstas son tierras de dragones, Sintel.&quot;)" computerName="AVDC760" duration="00:00:00.0010000" startTime="2020-06-23T13:51:49.0000000+02:00" endTime="2020-06-23T13:51:49.0000000+02:00" testType="13cdc9d9-ddb5-4fa4-a97d-d965ccfc6d4b" outcome="Passed" testListId="8c84fa94-04c1-424b-9868-57a2d4851a1d" relativeResultsDirectory="eceea8d0-7397-48a6-bddc-6b2bb2970aff" />
    <UnitTestResult executionId="a199d6fb-2dc1-4610-b2a5-aa0a1dfcb7e9" testId="6fac98b9-fc8f-ded6-86b3-b3150632ee5f" testName="Load_PathPointsToNetworkResource_LoadsAsNetworkResource(&quot;http://valid_http_uri&quot;)" computerName="AVDC760" duration="00:00:00.0110000" startTime="2020-06-23T13:51:51.0000000+02:00" endTime="2020-06-23T13:51:51.0000000+02:00" testType="13cdc9d9-ddb5-4fa4-a97d-d965ccfc6d4b" outcome="Passed" testListId="8c84fa94-04c1-424b-9868-57a2d4851a1d" relativeResultsDirectory="a199d6fb-2dc1-4610-b2a5-aa0a1dfcb7e9" />
    <UnitTestResult executionId="1fd2a2ac-6072-4a45-b97b-f4c17ab0c539" testId="7d5bc078-3ad1-6704-ebfc-1890dbc9df71" testName="TestConfigureWithValidConfigFile" computerName="AVDC760" duration="00:00:00.0000001" startTime="2020-06-23T13:51:50.0000000+02:00" endTime="2020-06-23T13:51:50.0000000+02:00" testType="13cdc9d9-ddb5-4fa4-a97d-d965ccfc6d4b" outcome="Passed" testListId="8c84fa94-04c1-424b-9868-57a2d4851a1d" relativeResultsDirectory="1fd2a2ac-6072-4a45-b97b-f4c17ab0c539" />
    <UnitTestResult executionId="1aede65c-4599-4afa-aff9-0296d7c29cd7" testId="b7fd9400-1bb5-081c-d5a3-25a6c282dcbe" testName="HasRepresentation_OK" computerName="AVDC760" duration="00:00:00.0010000" startTime="2020-06-23T13:51:50.0000000+02:00" endTime="2020-06-23T13:51:50.0000000+02:00" testType="13cdc9d9-ddb5-4fa4-a97d-d965ccfc6d4b" outcome="Passed" testListId="8c84fa94-04c1-424b-9868-57a2d4851a1d" relativeResultsDirectory="1aede65c-4599-4afa-aff9-0296d7c29cd7" />
    <UnitTestResult executionId="fc315f38-763c-4944-924b-707148e59fbf" testId="9cc3315d-ab2d-0d5c-5fc9-8503edd24a84" testName="CreateDataProvider_OK" computerName="AVDC760" duration="00:00:00.0350000" startTime="2020-06-23T13:51:49.0000000+02:00" endTime="2020-06-23T13:51:49.0000000+02:00" testType="13cdc9d9-ddb5-4fa4-a97d-d965ccfc6d4b" outcome="Passed" testListId="8c84fa94-04c1-424b-9868-57a2d4851a1d" relativeResultsDirectory="fc315f38-763c-4944-924b-707148e59fbf" />
    <UnitTestResult executionId="a3d43baf-7b8d-48b2-b1e7-c756e9050950" testId="83e5bca1-3234-f540-991c-2f3a40248a15" testName="ParseTime_WhenTimeIsValid_ParsesSuccessfully" computerName="AVDC760" duration="00:00:00.0000001" startTime="2020-06-23T13:51:51.0000000+02:00" endTime="2020-06-23T13:51:51.0000000+02:00" testType="13cdc9d9-ddb5-4fa4-a97d-d965ccfc6d4b" outcome="Passed" testListId="8c84fa94-04c1-424b-9868-57a2d4851a1d" relativeResultsDirectory="a3d43baf-7b8d-48b2-b1e7-c756e9050950" />
    <UnitTestResult executionId="ed8f6c33-4361-42bf-87e4-72a291b2373a" testId="b5d74e53-26e8-fd8a-6e3c-c86cfe8ea12c" testName="Seek_Called_ListensForEos" computerName="AVDC760" duration="00:00:00.0020000" startTime="2020-06-23T13:51:50.0000000+02:00" endTime="2020-06-23T13:51:50.0000000+02:00" testType="13cdc9d9-ddb5-4fa4-a97d-d965ccfc6d4b" outcome="Passed" testListId="8c84fa94-04c1-424b-9868-57a2d4851a1d" relativeResultsDirectory="ed8f6c33-4361-42bf-87e4-72a291b2373a" />
    <UnitTestResult executionId="f1264616-51be-40fd-9e2b-7d4648a695f5" testId="ba867f1f-710b-a6f5-4ace-b54486edaddc" testName="TestConstructorWithNull" computerName="AVDC760" duration="00:00:00.0010000" startTime="2020-06-23T13:51:50.0000000+02:00" endTime="2020-06-23T13:51:50.0000000+02:00" testType="13cdc9d9-ddb5-4fa4-a97d-d965ccfc6d4b" outcome="Passed" testListId="8c84fa94-04c1-424b-9868-57a2d4851a1d" relativeResultsDirectory="f1264616-51be-40fd-9e2b-7d4648a695f5" />
    <UnitTestResult executionId="f498fc01-e52d-4872-a508-d006c230a32c" testId="6682c8f3-9c28-94a7-d656-217500880b94" testName="SchemeIdUriToSystemId_PlayReadySchemeId_ReturnsSystemId" computerName="AVDC760" duration="00:00:00.0000001" startTime="2020-06-23T13:51:49.0000000+02:00" endTime="2020-06-23T13:51:49.0000000+02:00" testType="13cdc9d9-ddb5-4fa4-a97d-d965ccfc6d4b" outcome="Passed" testListId="8c84fa94-04c1-424b-9868-57a2d4851a1d" relativeResultsDirectory="f498fc01-e52d-4872-a508-d006c230a32c" />
    <UnitTestResult executionId="4b2f0a44-5427-4925-a66e-b18c139c6a35" testId="cbc3900a-27ac-f663-84c1-2e81fe605582" testName="Parse_DifferentEncodings_ParsesSuccessfully(&quot;JuvoPlayer.Tests.res.subtitles.subtitles_fr.vtt&quot;,&quot;utf-8&quot;,&quot;C'est bientôt fini. Chut...&quot;)" computerName="AVDC760" duration="00:00:00.0010000" startTime="2020-06-23T13:51:49.0000000+02:00" endTime="2020-06-23T13:51:49.0000000+02:00" testType="13cdc9d9-ddb5-4fa4-a97d-d965ccfc6d4b" outcome="Passed" testListId="8c84fa94-04c1-424b-9868-57a2d4851a1d" relativeResultsDirectory="4b2f0a44-5427-4925-a66e-b18c139c6a35" />
    <UnitTestResult executionId="500456e1-2c23-4428-bb35-e4185f0a0734" testId="18ddabc1-b1c8-c549-5717-a273d4ac0a3e" testName="Reset_Called_DeallocsAVFormatContext(ForEs)" computerName="AVDC760" duration="00:00:00.0020000" startTime="2020-06-23T13:51:50.0000000+02:00" endTime="2020-06-23T13:51:50.0000000+02:00" testType="13cdc9d9-ddb5-4fa4-a97d-d965ccfc6d4b" outcome="Passed" testListId="8c84fa94-04c1-424b-9868-57a2d4851a1d" relativeResultsDirectory="500456e1-2c23-4428-bb35-e4185f0a0734" />
    <UnitTestResult executionId="3bd7ac91-1120-4685-80a7-174d1dc60866" testId="1b0e12dd-7d88-c49c-b42d-b67339dc24f6" testName="MoveToTimeLine_WebVttHasAllParts_ReturnsFirstTimeLine" computerName="AVDC760" duration="00:00:00.0010000" startTime="2020-06-23T13:51:51.0000000+02:00" endTime="2020-06-23T13:51:51.0000000+02:00" testType="13cdc9d9-ddb5-4fa4-a97d-d965ccfc6d4b" outcome="Passed" testListId="8c84fa94-04c1-424b-9868-57a2d4851a1d" relativeResultsDirectory="3bd7ac91-1120-4685-80a7-174d1dc60866" />
    <UnitTestResult executionId="a591b14c-3906-4724-b314-00f08857ca72" testId="718f5161-c183-d605-d2c2-6292afd3ca09" testName="End_GreaterThanBegin_SetsSuccessfully" computerName="AVDC760" duration="00:00:00.0000001" startTime="2020-06-23T13:51:49.0000000+02:00" endTime="2020-06-23T13:51:49.0000000+02:00" testType="13cdc9d9-ddb5-4fa4-a97d-d965ccfc6d4b" outcome="Passed" testListId="8c84fa94-04c1-424b-9868-57a2d4851a1d" relativeResultsDirectory="a591b14c-3906-4724-b314-00f08857ca72" />
    <UnitTestResult executionId="a2c1082c-8bb6-466e-8346-99ae3c3cf810" testId="f01d921c-ca10-b5d1-27ad-327291be9d87" testName="DeserializeJsonText_ThrowsEmpty" computerName="AVDC760" duration="00:00:00.0000001" startTime="2020-06-23T13:51:49.0000000+02:00" endTime="2020-06-23T13:51:49.0000000+02:00" testType="13cdc9d9-ddb5-4fa4-a97d-d965ccfc6d4b" outcome="Passed" testListId="8c84fa94-04c1-424b-9868-57a2d4851a1d" relativeResultsDirectory="a2c1082c-8bb6-466e-8346-99ae3c3cf810" />
    <UnitTestResult executionId="125eed18-a9a0-4e7d-8359-3215e541a1e3" testId="9681c4d5-bb9b-2329-b528-bc4805c08192" testName="ParseTimeLine_TimeLineIsInvalid_ThrowsFormatException(&quot;01:18.171 01:20.171&quot;)" computerName="AVDC760" duration="00:00:00.0000001" startTime="2020-06-23T13:51:51.0000000+02:00" endTime="2020-06-23T13:51:51.0000000+02:00" testType="13cdc9d9-ddb5-4fa4-a97d-d965ccfc6d4b" outcome="Passed" testListId="8c84fa94-04c1-424b-9868-57a2d4851a1d" relativeResultsDirectory="125eed18-a9a0-4e7d-8359-3215e541a1e3" />
  </Results>
  <TestDefinitions>
    <UnitTest name="NextPacket_CalledBeforeInit_ThrowsInvalidOperationException" storage="g:\code\github\juvo-player\juvoplayer.tests\bin\debug\netcoreapp2.0\juvoplayer.tests.dll" id="6c6cc584-dae2-c9a7-15dc-6a0756b39c6c">
      <Execution id="f74a9b4b-a4ba-4d4c-9ed4-42f9896a02c7" />
      <TestMethod codeBase="G:\CODE\github\juvo-player\JuvoPlayer.Tests\bin\Debug\netcoreapp2.0\JuvoPlayer.Tests.dll" adapterTypeName="executor://nunit3testexecutor/" className="JuvoPlayer.Tests.UnitTests.TSFFmpegDemuxer" name="NextPacket_CalledBeforeInit_ThrowsInvalidOperationException" />
    </UnitTest>
    <UnitTest name="OnAppendPacket_WhenPacketTypeIsInvalid_ThrowsArgumentException" storage="g:\code\github\juvo-player\juvoplayer.tests\bin\debug\netcoreapp2.0\juvoplayer.tests.dll" id="082e2fa9-eb0e-43b2-8e14-8ef9bd55403d">
      <Execution id="6f123d86-40f7-42a1-ab58-db36b8edfd89" />
      <TestMethod codeBase="G:\CODE\github\juvo-player\JuvoPlayer.Tests\bin\Debug\netcoreapp2.0\JuvoPlayer.Tests.dll" adapterTypeName="executor://nunit3testexecutor/" className="JuvoPlayer.Tests.UnitTests.TSPacketStream" name="OnAppendPacket_WhenPacketTypeIsInvalid_ThrowsArgumentException" />
    </UnitTest>
    <UnitTest name="CreateDataProvider_OK" storage="g:\code\github\juvo-player\juvoplayer.tests\bin\debug\netcoreapp2.0\juvoplayer.tests.dll" id="9cc3315d-ab2d-0d5c-5fc9-8503edd24a84">
      <Execution id="fc315f38-763c-4944-924b-707148e59fbf" />
      <TestMethod codeBase="G:\CODE\github\juvo-player\JuvoPlayer.Tests\bin\Debug\netcoreapp2.0\JuvoPlayer.Tests.dll" adapterTypeName="executor://nunit3testexecutor/" className="JuvoPlayer.Tests.UnitTests.DataProviderFactoryManagerTests" name="CreateDataProvider_OK" />
    </UnitTest>
    <UnitTest name="Parse_DifferentEncodings_ParsesSuccessfully(&quot;JuvoPlayer.Tests.res.subtitles.media_player_subs_windows-1252.srt&quot;,&quot;windows-1252&quot;,&quot;[Western Europe] 4.5: Àà Áá Ââ Ææ Çç Èè Ïï Ðð Ññ Õõ Øø Ýý Þþ £ €&quot;)" storage="g:\code\github\juvo-player\juvoplayer.tests\bin\debug\netcoreapp2.0\juvoplayer.tests.dll" id="124081ca-aa16-41ac-de1c-68bb2cb38e0b">
      <Execution id="c72cc6a0-7296-4841-8f0c-41ba043a58e8" />
      <TestMethod codeBase="G:\CODE\github\juvo-player\JuvoPlayer.Tests\bin\Debug\netcoreapp2.0\JuvoPlayer.Tests.dll" adapterTypeName="executor://nunit3testexecutor/" className="JuvoPlayer.Tests.IntegrationTests.TSSubtitleFacade" name="Parse_DifferentEncodings_ParsesSuccessfully(&quot;JuvoPlayer.Tests.res.subtitles.media_player_subs_windows-1252.srt&quot;,&quot;windows-1252&quot;,&quot;[Western Europe] 4.5: Àà Áá Ââ Ææ Çç Èè Ïï Ðð Ññ Õõ Øø Ýý Þþ £ €&quot;)" />
    </UnitTest>
    <UnitTest name="Load_PathPointsToNetworkResource_LoadsAsNetworkResource(&quot;https://valid_https_uri&quot;)" storage="g:\code\github\juvo-player\juvoplayer.tests\bin\debug\netcoreapp2.0\juvoplayer.tests.dll" id="dcf10506-16c1-f65b-62cc-54c81f3d69fc">
      <Execution id="507574bb-752b-40c4-a74e-a2eafba415d0" />
      <TestMethod codeBase="G:\CODE\github\juvo-player\JuvoPlayer.Tests\bin\Debug\netcoreapp2.0\JuvoPlayer.Tests.dll" adapterTypeName="executor://nunit3testexecutor/" className="JuvoPlayer.Tests.UnitTests.TSResourceLoader" name="Load_PathPointsToNetworkResource_LoadsAsNetworkResource(&quot;https://valid_https_uri&quot;)" />
    </UnitTest>
    <UnitTest name="ReadPacket_InvokedWithSizeGreaterThanBufferSize_ReturnsAllData" storage="g:\code\github\juvo-player\juvoplayer.tests\bin\debug\netcoreapp2.0\juvoplayer.tests.dll" id="c1b0f31a-ea5a-298b-bdf9-e1d1cecd60bb">
      <Execution id="79e6761e-afa5-4c20-903e-ae20f2572e8c" />
      <TestMethod codeBase="G:\CODE\github\juvo-player\JuvoPlayer.Tests\bin\Debug\netcoreapp2.0\JuvoPlayer.Tests.dll" adapterTypeName="executor://nunit3testexecutor/" className="JuvoPlayer.Tests.UnitTests.TSFFmpegDemuxer" name="ReadPacket_InvokedWithSizeGreaterThanBufferSize_ReturnsAllData" />
    </UnitTest>
    <UnitTest name="Seek_Called_ListensForEos" storage="g:\code\github\juvo-player\juvoplayer.tests\bin\debug\netcoreapp2.0\juvoplayer.tests.dll" id="b5d74e53-26e8-fd8a-6e3c-c86cfe8ea12c">
      <Execution id="ed8f6c33-4361-42bf-87e4-72a291b2373a" />
      <TestMethod codeBase="G:\CODE\github\juvo-player\JuvoPlayer.Tests\bin\Debug\netcoreapp2.0\JuvoPlayer.Tests.dll" adapterTypeName="executor://nunit3testexecutor/" className="JuvoPlayer.Tests.UnitTests.TSDemuxerController" name="Seek_Called_ListensForEos" />
    </UnitTest>
    <UnitTest name="PushChunk_CalledAfterReset_ThrowsException" storage="g:\code\github\juvo-player\juvoplayer.tests\bin\debug\netcoreapp2.0\juvoplayer.tests.dll" id="4316b1a0-3df5-84d3-9052-82615cd59e81">
      <Execution id="aabad418-4c46-46a9-806c-f9845635f73c" />
      <TestMethod codeBase="G:\CODE\github\juvo-player\JuvoPlayer.Tests\bin\Debug\netcoreapp2.0\JuvoPlayer.Tests.dll" adapterTypeName="executor://nunit3testexecutor/" className="JuvoPlayer.Tests.UnitTests.TSFFmpegDemuxer" name="PushChunk_CalledAfterReset_ThrowsException" />
    </UnitTest>
    <UnitTest name="ParseTimeLine_TimeLineIsInvalid_ThrowsFormatException(&quot;01:18.171 01:20.171 --&gt;&quot;)" storage="g:\code\github\juvo-player\juvoplayer.tests\bin\debug\netcoreapp2.0\juvoplayer.tests.dll" id="bdd6414d-53bc-cce6-3e9b-7c3b1b2abd5f">
      <Execution id="77000009-00b6-41c6-ab5b-164f50a3ae40" />
      <TestMethod codeBase="G:\CODE\github\juvo-player\JuvoPlayer.Tests\bin\Debug\netcoreapp2.0\JuvoPlayer.Tests.dll" adapterTypeName="executor://nunit3testexecutor/" className="JuvoPlayer.Tests.UnitTests.TSWebVttSubtitleParser" name="ParseTimeLine_TimeLineIsInvalid_ThrowsFormatException(&quot;01:18.171 01:20.171 --&gt;&quot;)" />
    </UnitTest>
    <UnitTest name="ResolveByMimeType_InvalidMimeType_ReturnsInvalidFormat" storage="g:\code\github\juvo-player\juvoplayer.tests\bin\debug\netcoreapp2.0\juvoplayer.tests.dll" id="a4113738-4c26-f7ce-6619-a550a359b6d4">
      <Execution id="1471e725-b08d-49b4-87ab-f0a43471f452" />
      <TestMethod codeBase="G:\CODE\github\juvo-player\JuvoPlayer.Tests\bin\Debug\netcoreapp2.0\JuvoPlayer.Tests.dll" adapterTypeName="executor://nunit3testexecutor/" className="JuvoPlayer.Tests.UnitTests.TSSubtitleFormatResolver" name="ResolveByMimeType_InvalidMimeType_ReturnsInvalidFormat" />
    </UnitTest>
    <UnitTest name="Resume_Called_CallsNextPacket(StartForUrl)" storage="g:\code\github\juvo-player\juvoplayer.tests\bin\debug\netcoreapp2.0\juvoplayer.tests.dll" id="87a46580-854b-14e6-9b30-6edf24aae711">
      <Execution id="a642af18-3986-47b2-891d-c7c08d512ea0" />
      <TestMethod codeBase="G:\CODE\github\juvo-player\JuvoPlayer.Tests\bin\Debug\netcoreapp2.0\JuvoPlayer.Tests.dll" adapterTypeName="executor://nunit3testexecutor/" className="JuvoPlayer.Tests.UnitTests.TSDemuxerController" name="Resume_Called_CallsNextPacket(StartForUrl)" />
    </UnitTest>
    <UnitTest name="Start_ClipDurationFound_PublishesClipDuration(StartForUrl)" storage="g:\code\github\juvo-player\juvoplayer.tests\bin\debug\netcoreapp2.0\juvoplayer.tests.dll" id="cdaa95b4-0c6d-1e27-93cc-3d0e0a68a8ea">
      <Execution id="f07096f7-bd83-40df-a9a1-f449cbc2b934" />
      <TestMethod codeBase="G:\CODE\github\juvo-player\JuvoPlayer.Tests\bin\Debug\netcoreapp2.0\JuvoPlayer.Tests.dll" adapterTypeName="executor://nunit3testexecutor/" className="JuvoPlayer.Tests.UnitTests.TSDemuxerController" name="Start_ClipDurationFound_PublishesClipDuration(StartForUrl)" />
    </UnitTest>
    <UnitTest name="End_EqualsBegin_ThrowsArgumentException" storage="g:\code\github\juvo-player\juvoplayer.tests\bin\debug\netcoreapp2.0\juvoplayer.tests.dll" id="b514154e-fcf9-e8b7-b0ab-c1233ec7970b">
      <Execution id="2daf657c-4056-4433-84bc-96c33686705f" />
      <TestMethod codeBase="G:\CODE\github\juvo-player\JuvoPlayer.Tests\bin\Debug\netcoreapp2.0\JuvoPlayer.Tests.dll" adapterTypeName="executor://nunit3testexecutor/" className="JuvoPlayer.Tests.UnitTests.TSCue" name="End_EqualsBegin_ThrowsArgumentException" />
    </UnitTest>
    <UnitTest name="Parse_DifferentEncodings_ParsesSuccessfully(&quot;JuvoPlayer.Tests.res.subtitles.media_player_subs_windows-1257.srt&quot;,&quot;windows-1257&quot;,&quot;[Baltic] 1.5: Ąą Įį Āā Ćć Čč Ģģ Ķķ Ļļ Ńń Ņņ Õõ Ųų Øø Ææ µ ß&quot;)" storage="g:\code\github\juvo-player\juvoplayer.tests\bin\debug\netcoreapp2.0\juvoplayer.tests.dll" id="7ac342f5-d941-880c-3a41-9a214f71d826">
      <Execution id="fc814995-6e15-4574-822f-9982a53123de" />
      <TestMethod codeBase="G:\CODE\github\juvo-player\JuvoPlayer.Tests\bin\Debug\netcoreapp2.0\JuvoPlayer.Tests.dll" adapterTypeName="executor://nunit3testexecutor/" className="JuvoPlayer.Tests.IntegrationTests.TSSubtitleFacade" name="Parse_DifferentEncodings_ParsesSuccessfully(&quot;JuvoPlayer.Tests.res.subtitles.media_player_subs_windows-1257.srt&quot;,&quot;windows-1257&quot;,&quot;[Baltic] 1.5: Ąą Įį Āā Ćć Čč Ģģ Ķķ Ļļ Ńń Ņņ Õõ Ųų Øø Ææ µ ß&quot;)" />
    </UnitTest>
    <UnitTest name="Get_KeyForSecondCue_ReturnsSecondCue" storage="g:\code\github\juvo-player\juvoplayer.tests\bin\debug\netcoreapp2.0\juvoplayer.tests.dll" id="433c7d56-6fb5-d8f0-a9cc-eacc667c0a6b">
      <Execution id="81296328-b287-4f59-980f-0eb02c91689f" />
      <TestMethod codeBase="G:\CODE\github\juvo-player\JuvoPlayer.Tests\bin\Debug\netcoreapp2.0\JuvoPlayer.Tests.dll" adapterTypeName="executor://nunit3testexecutor/" className="JuvoPlayer.Tests.UnitTests.TSCuesMap" name="Get_KeyForSecondCue_ReturnsSecondCue" />
    </UnitTest>
    <UnitTest name="Reached_FirstPacketPushed_BarrierIsNotReached" storage="g:\code\github\juvo-player\juvoplayer.tests\bin\debug\netcoreapp2.0\juvoplayer.tests.dll" id="db9e6235-a824-dde8-0052-9868cf8e7d1a">
      <Execution id="863ef99e-f794-421a-ad8d-21d6a040ac08" />
      <TestMethod codeBase="G:\CODE\github\juvo-player\JuvoPlayer.Tests\bin\Debug\netcoreapp2.0\JuvoPlayer.Tests.dll" adapterTypeName="executor://nunit3testexecutor/" className="JuvoPlayer.Tests.UnitTests.TSPacketBarrier" name="Reached_FirstPacketPushed_BarrierIsNotReached" />
    </UnitTest>
    <UnitTest name="TestInvalidConfig" storage="g:\code\github\juvo-player\juvoplayer.tests\bin\debug\netcoreapp2.0\juvoplayer.tests.dll" id="5ab273b4-d5f1-2abf-3a88-3bfeef20ebf5">
      <Execution id="3ce1e9d4-471d-4dab-80e8-2e89cc72f605" />
      <TestMethod codeBase="G:\CODE\github\juvo-player\JuvoPlayer.Tests\bin\Debug\netcoreapp2.0\JuvoPlayer.Tests.dll" adapterTypeName="executor://nunit3testexecutor/" className="JuvoPlayer.Tests.UnitTests.TSConfigParser" name="TestInvalidConfig" />
    </UnitTest>
    <UnitTest name="Get_TwoAdjacentCuesAndGetInBetween_ReturnsSecondOne" storage="g:\code\github\juvo-player\juvoplayer.tests\bin\debug\netcoreapp2.0\juvoplayer.tests.dll" id="22652439-3c67-dfff-4ce3-b173308c9356">
      <Execution id="df1b5108-5090-41ab-aa67-e97ce327119f" />
      <TestMethod codeBase="G:\CODE\github\juvo-player\JuvoPlayer.Tests\bin\Debug\netcoreapp2.0\JuvoPlayer.Tests.dll" adapterTypeName="executor://nunit3testexecutor/" className="JuvoPlayer.Tests.UnitTests.TSCuesMap" name="Get_TwoAdjacentCuesAndGetInBetween_ReturnsSecondOne" />
    </UnitTest>
    <UnitTest name="MoveToTimeLine_WebVttHasTwoTimeLines_ReturnsBoth" storage="g:\code\github\juvo-player\juvoplayer.tests\bin\debug\netcoreapp2.0\juvoplayer.tests.dll" id="5b212d48-3586-21cd-2d5d-74feb2deb816">
      <Execution id="a1f16818-707b-42a5-a64e-a7a400321aaf" />
      <TestMethod codeBase="G:\CODE\github\juvo-player\JuvoPlayer.Tests\bin\Debug\netcoreapp2.0\JuvoPlayer.Tests.dll" adapterTypeName="executor://nunit3testexecutor/" className="JuvoPlayer.Tests.UnitTests.TSWebVttSubtitleParser" name="MoveToTimeLine_WebVttHasTwoTimeLines_ReturnsBoth" />
    </UnitTest>
    <UnitTest name="ParseTimeLine_WhenLineIsInvalid_ThrowsFormatException(&quot;--&gt;  00:02:17,440&quot;)" storage="g:\code\github\juvo-player\juvoplayer.tests\bin\debug\netcoreapp2.0\juvoplayer.tests.dll" id="297e934f-7145-7b72-115d-3787b6d62aa4">
      <Execution id="dcf3f13f-2886-49f0-a40e-8814e2d10ca4" />
      <TestMethod codeBase="G:\CODE\github\juvo-player\JuvoPlayer.Tests\bin\Debug\netcoreapp2.0\JuvoPlayer.Tests.dll" adapterTypeName="executor://nunit3testexecutor/" className="JuvoPlayer.Tests.UnitTests.TSSrtSubtitleParser" name="ParseTimeLine_WhenLineIsInvalid_ThrowsFormatException(&quot;--&gt;  00:02:17,440&quot;)" />
    </UnitTest>
    <UnitTest name="Init_ClipDurationAvailable_ReturnsDuration(ForEs)" storage="g:\code\github\juvo-player\juvoplayer.tests\bin\debug\netcoreapp2.0\juvoplayer.tests.dll" id="65fdcfa3-e586-80fb-25e9-f3179ce3d17c">
      <Execution id="2a5670a7-61ff-4bf2-9c80-4ed1c564be92" />
      <TestMethod codeBase="G:\CODE\github\juvo-player\JuvoPlayer.Tests\bin\Debug\netcoreapp2.0\JuvoPlayer.Tests.dll" adapterTypeName="executor://nunit3testexecutor/" className="JuvoPlayer.Tests.UnitTests.TSFFmpegDemuxer" name="Init_ClipDurationAvailable_ReturnsDuration(ForEs)" />
    </UnitTest>
    <UnitTest name="Compare_VariousTimes_ReturnsExpectedValues(5,-1)" storage="g:\code\github\juvo-player\juvoplayer.tests\bin\debug\netcoreapp2.0\juvoplayer.tests.dll" id="7f654377-f7ad-ac97-076c-9956054067df">
      <Execution id="1cb1420a-548c-4fd2-b7fa-7b838319a3e1" />
      <TestMethod codeBase="G:\CODE\github\juvo-player\JuvoPlayer.Tests\bin\Debug\netcoreapp2.0\JuvoPlayer.Tests.dll" adapterTypeName="executor://nunit3testexecutor/" className="JuvoPlayer.Tests.UnitTests.TSCue" name="Compare_VariousTimes_ReturnsExpectedValues(5,-1)" />
    </UnitTest>
    <UnitTest name="Pause_Called_DoesntRetrieveNextPacket(StartForUrl)" storage="g:\code\github\juvo-player\juvoplayer.tests\bin\debug\netcoreapp2.0\juvoplayer.tests.dll" id="66c7aa12-2df2-fe1f-0f30-30b43cfdd6b4">
      <Execution id="f0e52b70-3368-419b-b901-d8ba3f8012ed" />
      <TestMethod codeBase="G:\CODE\github\juvo-player\JuvoPlayer.Tests\bin\Debug\netcoreapp2.0\JuvoPlayer.Tests.dll" adapterTypeName="executor://nunit3testexecutor/" className="JuvoPlayer.Tests.UnitTests.TSDemuxerController" name="Pause_Called_DoesntRetrieveNextPacket(StartForUrl)" />
    </UnitTest>
    <UnitTest name="ParseTime_TimeFormatIsInvalid_ThrowsFormatException(&quot;&quot;)" storage="g:\code\github\juvo-player\juvoplayer.tests\bin\debug\netcoreapp2.0\juvoplayer.tests.dll" id="e1d59afc-ceae-0c1b-0769-05528c3d5bcc">
      <Execution id="67077af7-b84f-4773-a8b0-35d1a80e7c96" />
      <TestMethod codeBase="G:\CODE\github\juvo-player\JuvoPlayer.Tests\bin\Debug\netcoreapp2.0\JuvoPlayer.Tests.dll" adapterTypeName="executor://nunit3testexecutor/" className="JuvoPlayer.Tests.UnitTests.TSWebVttSubtitleParser" name="ParseTime_TimeFormatIsInvalid_ThrowsFormatException(&quot;&quot;)" />
    </UnitTest>
    <UnitTest name="ParseText_ContainsEscapeSequence_DecodesSuccessfully(&quot;begin &amp;amp; end&quot;,&quot;begin &amp; end&quot;)" storage="g:\code\github\juvo-player\juvoplayer.tests\bin\debug\netcoreapp2.0\juvoplayer.tests.dll" id="b4eee26d-24ec-582f-e097-1f57b7e85dcb">
      <Execution id="7faf9f3f-fbd1-452e-a2cf-f0824f877b0c" />
      <TestMethod codeBase="G:\CODE\github\juvo-player\JuvoPlayer.Tests\bin\Debug\netcoreapp2.0\JuvoPlayer.Tests.dll" adapterTypeName="executor://nunit3testexecutor/" className="JuvoPlayer.Tests.UnitTests.TSWebVttSubtitleParser" name="ParseText_ContainsEscapeSequence_DecodesSuccessfully(&quot;begin &amp;amp; end&quot;,&quot;begin &amp; end&quot;)" />
    </UnitTest>
    <UnitTest name="Reset_Called_NextPacketNotCalledAfter(StartForUrl)" storage="g:\code\github\juvo-player\juvoplayer.tests\bin\debug\netcoreapp2.0\juvoplayer.tests.dll" id="0e5a7d31-b50f-e2fa-db2d-75f9677650eb">
      <Execution id="18724ab7-b81d-459b-80b8-d38b2b8fec96" />
      <TestMethod codeBase="G:\CODE\github\juvo-player\JuvoPlayer.Tests\bin\Debug\netcoreapp2.0\JuvoPlayer.Tests.dll" adapterTypeName="executor://nunit3testexecutor/" className="JuvoPlayer.Tests.UnitTests.TSDemuxerController" name="Reset_Called_NextPacketNotCalledAfter(StartForUrl)" />
    </UnitTest>
    <UnitTest name="GetKeySystemName_InvalidSystemId_ReturnsNull" storage="g:\code\github\juvo-player\juvoplayer.tests\bin\debug\netcoreapp2.0\juvoplayer.tests.dll" id="df372fc8-3c99-3f47-21be-b6b55c400ba1">
      <Execution id="6744d312-2b0c-4253-a232-0ddca8ce4f72" />
      <TestMethod codeBase="G:\CODE\github\juvo-player\JuvoPlayer.Tests\bin\Debug\netcoreapp2.0\JuvoPlayer.Tests.dll" adapterTypeName="executor://nunit3testexecutor/" className="JuvoPlayer.Tests.UnitTests.TSCencUtils" name="GetKeySystemName_InvalidSystemId_ReturnsNull" />
    </UnitTest>
    <UnitTest name="LoadAsEmbeddedAssembly_AssemblyContainsExceptedResource_LoadsResource" storage="g:\code\github\juvo-player\juvoplayer.tests\bin\debug\netcoreapp2.0\juvoplayer.tests.dll" id="546e2195-b0fd-c5a9-fb2f-7840d4c86cb8">
      <Execution id="0d7fac63-7f45-4a3d-9bae-fd8846eee657" />
      <TestMethod codeBase="G:\CODE\github\juvo-player\JuvoPlayer.Tests\bin\Debug\netcoreapp2.0\JuvoPlayer.Tests.dll" adapterTypeName="executor://nunit3testexecutor/" className="JuvoPlayer.Tests.UnitTests.TSResourceLoader" name="LoadAsEmbeddedAssembly_AssemblyContainsExceptedResource_LoadsResource" />
    </UnitTest>
    <UnitTest name="ParseText_ContainsEscapeSequence_DecodesSuccessfully(&quot;begin &amp;gt; end&quot;,&quot;begin &gt; end&quot;)" storage="g:\code\github\juvo-player\juvoplayer.tests\bin\debug\netcoreapp2.0\juvoplayer.tests.dll" id="91027327-45ed-f0e3-a55e-e86b5bcdf8a3">
      <Execution id="e7bb91e9-6b41-4198-bc44-85ceb74c8647" />
      <TestMethod codeBase="G:\CODE\github\juvo-player\JuvoPlayer.Tests\bin\Debug\netcoreapp2.0\JuvoPlayer.Tests.dll" adapterTypeName="executor://nunit3testexecutor/" className="JuvoPlayer.Tests.UnitTests.TSWebVttSubtitleParser" name="ParseText_ContainsEscapeSequence_DecodesSuccessfully(&quot;begin &amp;gt; end&quot;,&quot;begin &gt; end&quot;)" />
    </UnitTest>
    <UnitTest name="GetKeySystemName_PlayReadySystemId_ReturnsValid" storage="g:\code\github\juvo-player\juvoplayer.tests\bin\debug\netcoreapp2.0\juvoplayer.tests.dll" id="8d0615a4-0a37-112e-879e-4003daa62f87">
      <Execution id="c9fd3bfc-7b76-4efd-a2dd-391a8f8af4b0" />
      <TestMethod codeBase="G:\CODE\github\juvo-player\JuvoPlayer.Tests\bin\Debug\netcoreapp2.0\JuvoPlayer.Tests.dll" adapterTypeName="executor://nunit3testexecutor/" className="JuvoPlayer.Tests.UnitTests.TSCencUtils" name="GetKeySystemName_PlayReadySystemId_ReturnsValid" />
    </UnitTest>
    <UnitTest name="Parse_DifferentEncodings_ParsesSuccessfully(&quot;JuvoPlayer.Tests.res.subtitles.media_player_subs_windows-1255.srt&quot;,&quot;windows-1255&quot;,&quot;[Herbrew] 3.0: ₪ װױ  אבג דהוז חטיכ ל ר ¡ ¿ § µ ¾ ¥&quot;)" storage="g:\code\github\juvo-player\juvoplayer.tests\bin\debug\netcoreapp2.0\juvoplayer.tests.dll" id="231edfdb-78fe-7971-98f1-f1ed15c7b9ce">
      <Execution id="5073ac36-3bec-4fd8-8c19-690441035eb7" />
      <TestMethod codeBase="G:\CODE\github\juvo-player\JuvoPlayer.Tests\bin\Debug\netcoreapp2.0\JuvoPlayer.Tests.dll" adapterTypeName="executor://nunit3testexecutor/" className="JuvoPlayer.Tests.IntegrationTests.TSSubtitleFacade" name="Parse_DifferentEncodings_ParsesSuccessfully(&quot;JuvoPlayer.Tests.res.subtitles.media_player_subs_windows-1255.srt&quot;,&quot;windows-1255&quot;,&quot;[Herbrew] 3.0: ₪ װױ  אבג דהוז חטיכ ל ר ¡ ¿ § µ ¾ ¥&quot;)" />
    </UnitTest>
    <UnitTest name="Parse_DifferentEncodings_ParsesSuccessfully(&quot;JuvoPlayer.Tests.res.subtitles.media_player_subs_gb2312.srt&quot;,&quot;gb2312&quot;,&quot;[Chinese Simplified] 4.5: 她有一只猫.猫的皮毛有&quot;)" storage="g:\code\github\juvo-player\juvoplayer.tests\bin\debug\netcoreapp2.0\juvoplayer.tests.dll" id="7a04701a-199d-8dcd-efe9-bb7e5f52c2c3">
      <Execution id="a3e4d087-2d0a-4167-acee-66cd6d9df4df" />
      <TestMethod codeBase="G:\CODE\github\juvo-player\JuvoPlayer.Tests\bin\Debug\netcoreapp2.0\JuvoPlayer.Tests.dll" adapterTypeName="executor://nunit3testexecutor/" className="JuvoPlayer.Tests.IntegrationTests.TSSubtitleFacade" name="Parse_DifferentEncodings_ParsesSuccessfully(&quot;JuvoPlayer.Tests.res.subtitles.media_player_subs_gb2312.srt&quot;,&quot;gb2312&quot;,&quot;[Chinese Simplified] 4.5: 她有一只猫.猫的皮毛有&quot;)" />
    </UnitTest>
    <UnitTest name="ParseTime_TimeFormatIsInvalid_ThrowsFormatException(&quot;00.0&quot;)" storage="g:\code\github\juvo-player\juvoplayer.tests\bin\debug\netcoreapp2.0\juvoplayer.tests.dll" id="d77ecc1e-9bc2-799a-79b3-b2ffe8608f4b">
      <Execution id="a73a3ed9-1286-4019-aba7-8f847d12ba12" />
      <TestMethod codeBase="G:\CODE\github\juvo-player\JuvoPlayer.Tests\bin\Debug\netcoreapp2.0\JuvoPlayer.Tests.dll" adapterTypeName="executor://nunit3testexecutor/" className="JuvoPlayer.Tests.UnitTests.TSWebVttSubtitleParser" name="ParseTime_TimeFormatIsInvalid_ThrowsFormatException(&quot;00.0&quot;)" />
    </UnitTest>
    <UnitTest name="Resume_Called_CallsNextPacket(StartForEs)" storage="g:\code\github\juvo-player\juvoplayer.tests\bin\debug\netcoreapp2.0\juvoplayer.tests.dll" id="c2ca0d7d-68c1-9a10-64d5-38b811f1c187">
      <Execution id="4ad21d73-ec34-4dec-b4f1-cbb00712d78f" />
      <TestMethod codeBase="G:\CODE\github\juvo-player\JuvoPlayer.Tests\bin\Debug\netcoreapp2.0\JuvoPlayer.Tests.dll" adapterTypeName="executor://nunit3testexecutor/" className="JuvoPlayer.Tests.UnitTests.TSDemuxerController" name="Resume_Called_CallsNextPacket(StartForEs)" />
    </UnitTest>
    <UnitTest name="SupportsSchemeIdUri_InvalidSchemeIdUri_ReturnsFalse" storage="g:\code\github\juvo-player\juvoplayer.tests\bin\debug\netcoreapp2.0\juvoplayer.tests.dll" id="e627cd52-2378-d6fc-2ff2-c4c49c512a76">
      <Execution id="dce79fa4-c194-4149-8f31-3aee42a19cf5" />
      <TestMethod codeBase="G:\CODE\github\juvo-player\JuvoPlayer.Tests\bin\Debug\netcoreapp2.0\JuvoPlayer.Tests.dll" adapterTypeName="executor://nunit3testexecutor/" className="JuvoPlayer.Tests.UnitTests.TSCencUtils" name="SupportsSchemeIdUri_InvalidSchemeIdUri_ReturnsFalse" />
    </UnitTest>
    <UnitTest name="Parse_DifferentEncodings_ParsesSuccessfully(&quot;JuvoPlayer.Tests.res.subtitles.media_player_subs_big5.srt&quot;,&quot;big5&quot;,&quot;[Chinese Traditional] 3.0: 她有一隻貓。貓有皮毛&quot;)" storage="g:\code\github\juvo-player\juvoplayer.tests\bin\debug\netcoreapp2.0\juvoplayer.tests.dll" id="a350e347-16d8-e1df-3789-caee1e50cb04">
      <Execution id="6ee40b6e-15df-4a7e-ae30-41eb25826037" />
      <TestMethod codeBase="G:\CODE\github\juvo-player\JuvoPlayer.Tests\bin\Debug\netcoreapp2.0\JuvoPlayer.Tests.dll" adapterTypeName="executor://nunit3testexecutor/" className="JuvoPlayer.Tests.IntegrationTests.TSSubtitleFacade" name="Parse_DifferentEncodings_ParsesSuccessfully(&quot;JuvoPlayer.Tests.res.subtitles.media_player_subs_big5.srt&quot;,&quot;big5&quot;,&quot;[Chinese Traditional] 3.0: 她有一隻貓。貓有皮毛&quot;)" />
    </UnitTest>
    <UnitTest name="TestConstructorWithNull" storage="g:\code\github\juvo-player\juvoplayer.tests\bin\debug\netcoreapp2.0\juvoplayer.tests.dll" id="d85db656-22e2-d893-8495-ecfd404d4e9f">
      <Execution id="33afa438-e745-448d-9c36-899128ea435f" />
      <TestMethod codeBase="G:\CODE\github\juvo-player\JuvoPlayer.Tests\bin\Debug\netcoreapp2.0\JuvoPlayer.Tests.dll" adapterTypeName="executor://nunit3testexecutor/" className="JuvoPlayer.Tests.UnitTests.TSConfigParser" name="TestConstructorWithNull" />
    </UnitTest>
    <UnitTest name="ParseTimeLine_TimeLineIsInvalid_ThrowsFormatException(&quot;01:18.171 -- 01:20.171&quot;)" storage="g:\code\github\juvo-player\juvoplayer.tests\bin\debug\netcoreapp2.0\juvoplayer.tests.dll" id="8b5ade29-f79f-4071-809a-b5dffc281389">
      <Execution id="12960f7a-1758-4934-bfef-137521033098" />
      <TestMethod codeBase="G:\CODE\github\juvo-player\JuvoPlayer.Tests\bin\Debug\netcoreapp2.0\JuvoPlayer.Tests.dll" adapterTypeName="executor://nunit3testexecutor/" className="JuvoPlayer.Tests.UnitTests.TSWebVttSubtitleParser" name="ParseTimeLine_TimeLineIsInvalid_ThrowsFormatException(&quot;01:18.171 -- 01:20.171&quot;)" />
    </UnitTest>
    <UnitTest name="Begin_GreaterThanEnd_ThrowsArgumentException" storage="g:\code\github\juvo-player\juvoplayer.tests\bin\debug\netcoreapp2.0\juvoplayer.tests.dll" id="e5d47529-6859-840c-851a-4907cc409f71">
      <Execution id="9f7f7200-febf-494a-abec-26d3e3eee8d4" />
      <TestMethod codeBase="G:\CODE\github\juvo-player\JuvoPlayer.Tests\bin\Debug\netcoreapp2.0\JuvoPlayer.Tests.dll" adapterTypeName="executor://nunit3testexecutor/" className="JuvoPlayer.Tests.UnitTests.TSCue" name="Begin_GreaterThanEnd_ThrowsArgumentException" />
    </UnitTest>
    <UnitTest name="Load_PathPointsToNetworkResource_LoadsAsNetworkResource(&quot;http://valid_http_uri&quot;)" storage="g:\code\github\juvo-player\juvoplayer.tests\bin\debug\netcoreapp2.0\juvoplayer.tests.dll" id="6fac98b9-fc8f-ded6-86b3-b3150632ee5f">
      <Execution id="a199d6fb-2dc1-4610-b2a5-aa0a1dfcb7e9" />
      <TestMethod codeBase="G:\CODE\github\juvo-player\JuvoPlayer.Tests\bin\Debug\netcoreapp2.0\JuvoPlayer.Tests.dll" adapterTypeName="executor://nunit3testexecutor/" className="JuvoPlayer.Tests.UnitTests.TSResourceLoader" name="Load_PathPointsToNetworkResource_LoadsAsNetworkResource(&quot;http://valid_http_uri&quot;)" />
    </UnitTest>
    <UnitTest name="SchemeIdUriToSystemId_InvalidSchemeId_ReturnsNull" storage="g:\code\github\juvo-player\juvoplayer.tests\bin\debug\netcoreapp2.0\juvoplayer.tests.dll" id="82d4c515-f9fe-5c04-4ba8-723b5ff21f55">
      <Execution id="8c3e4a98-bf80-4d47-9a91-38cef594089b" />
      <TestMethod codeBase="G:\CODE\github\juvo-player\JuvoPlayer.Tests\bin\Debug\netcoreapp2.0\JuvoPlayer.Tests.dll" adapterTypeName="executor://nunit3testexecutor/" className="JuvoPlayer.Tests.UnitTests.TSCencUtils" name="SchemeIdUriToSystemId_InvalidSchemeId_ReturnsNull" />
    </UnitTest>
    <UnitTest name="GetScheme_InvalidSystemId_ReturnsUnknown" storage="g:\code\github\juvo-player\juvoplayer.tests\bin\debug\netcoreapp2.0\juvoplayer.tests.dll" id="b7eb0c33-690a-f384-4720-26ede54cd459">
      <Execution id="79b579bc-0c2d-4ea3-b9b4-1c1dac977e57" />
      <TestMethod codeBase="G:\CODE\github\juvo-player\JuvoPlayer.Tests\bin\Debug\netcoreapp2.0\JuvoPlayer.Tests.dll" adapterTypeName="executor://nunit3testexecutor/" className="JuvoPlayer.Tests.UnitTests.TSCencUtils" name="GetScheme_InvalidSystemId_ReturnsUnknown" />
    </UnitTest>
    <UnitTest name="OnStreamConfigChanged_WhenStreamConfigIsUnsupported_ThrowsArgumentException" storage="g:\code\github\juvo-player\juvoplayer.tests\bin\debug\netcoreapp2.0\juvoplayer.tests.dll" id="1456f546-2b4f-74af-fce2-a2145100c175">
      <Execution id="c8e62736-d912-425f-84a2-b5a4c24ec6c1" />
      <TestMethod codeBase="G:\CODE\github\juvo-player\JuvoPlayer.Tests\bin\Debug\netcoreapp2.0\JuvoPlayer.Tests.dll" adapterTypeName="executor://nunit3testexecutor/" className="JuvoPlayer.Tests.UnitTests.TSPacketStream" name="OnStreamConfigChanged_WhenStreamConfigIsUnsupported_ThrowsArgumentException" />
    </UnitTest>
    <UnitTest name="ParseTimeLine_TimeLineIsInvalid_ThrowsFormatException(&quot;&quot;)" storage="g:\code\github\juvo-player\juvoplayer.tests\bin\debug\netcoreapp2.0\juvoplayer.tests.dll" id="dc96a1db-064c-82c9-b5a0-e3b7d110c702">
      <Execution id="41d794c9-720a-4744-bebd-015c8659e37c" />
      <TestMethod codeBase="G:\CODE\github\juvo-player\JuvoPlayer.Tests\bin\Debug\netcoreapp2.0\JuvoPlayer.Tests.dll" adapterTypeName="executor://nunit3testexecutor/" className="JuvoPlayer.Tests.UnitTests.TSWebVttSubtitleParser" name="ParseTimeLine_TimeLineIsInvalid_ThrowsFormatException(&quot;&quot;)" />
    </UnitTest>
    <UnitTest name="ParseTime_TimeFormatIsValid_ParsesSuccessfully(&quot;9999:01:18.171&quot;,9999,1,18,171)" storage="g:\code\github\juvo-player\juvoplayer.tests\bin\debug\netcoreapp2.0\juvoplayer.tests.dll" id="a659b756-6e9d-b19a-f709-878e64441c5e">
      <Execution id="ee987fc0-02ce-4461-aaa9-f2ecb91c2100" />
      <TestMethod codeBase="G:\CODE\github\juvo-player\JuvoPlayer.Tests\bin\Debug\netcoreapp2.0\JuvoPlayer.Tests.dll" adapterTypeName="executor://nunit3testexecutor/" className="JuvoPlayer.Tests.UnitTests.TSWebVttSubtitleParser" name="ParseTime_TimeFormatIsValid_ParsesSuccessfully(&quot;9999:01:18.171&quot;,9999,1,18,171)" />
    </UnitTest>
    <UnitTest name="ResolveByPath_SrtPath_ReturnSrtFormat" storage="g:\code\github\juvo-player\juvoplayer.tests\bin\debug\netcoreapp2.0\juvoplayer.tests.dll" id="53148e8e-938e-3bc8-e604-5f8120442e76">
      <Execution id="31d98b11-19d6-4312-accd-fc2530e91f28" />
      <TestMethod codeBase="G:\CODE\github\juvo-player\JuvoPlayer.Tests\bin\Debug\netcoreapp2.0\JuvoPlayer.Tests.dll" adapterTypeName="executor://nunit3testexecutor/" className="JuvoPlayer.Tests.UnitTests.TSSubtitleFormatResolver" name="ResolveByPath_SrtPath_ReturnSrtFormat" />
    </UnitTest>
    <UnitTest name="SupportsType_ValidType_ReturnsTrue(&quot;playready&quot;)" storage="g:\code\github\juvo-player\juvoplayer.tests\bin\debug\netcoreapp2.0\juvoplayer.tests.dll" id="10e2acea-9f1a-44dc-fcd2-d1496a18cd1a">
      <Execution id="d222662b-1dc5-4175-a0d3-db8338c2d717" />
      <TestMethod codeBase="G:\CODE\github\juvo-player\JuvoPlayer.Tests\bin\Debug\netcoreapp2.0\JuvoPlayer.Tests.dll" adapterTypeName="executor://nunit3testexecutor/" className="JuvoPlayer.Tests.UnitTests.TSCencUtils" name="SupportsType_ValidType_ReturnsTrue(&quot;playready&quot;)" />
    </UnitTest>
    <UnitTest name="CreateDataProvider_ThrowsNull" storage="g:\code\github\juvo-player\juvoplayer.tests\bin\debug\netcoreapp2.0\juvoplayer.tests.dll" id="0a22ca3f-5f04-a30c-0bdf-f2fda48d9002">
      <Execution id="1b55c744-c9ff-4608-a25b-f6c4d3154320" />
      <TestMethod codeBase="G:\CODE\github\juvo-player\JuvoPlayer.Tests\bin\Debug\netcoreapp2.0\JuvoPlayer.Tests.dll" adapterTypeName="executor://nunit3testexecutor/" className="JuvoPlayer.Tests.UnitTests.DataProviderFactoryManagerTests" name="CreateDataProvider_ThrowsNull" />
    </UnitTest>
    <UnitTest name="DeserializeJsonFile_ThrowsNull" storage="g:\code\github\juvo-player\juvoplayer.tests\bin\debug\netcoreapp2.0\juvoplayer.tests.dll" id="300838be-4f51-a4d3-86e3-26fa36f90ffb">
      <Execution id="12d700b5-c429-4c61-865e-d6f7681a84bc" />
      <TestMethod codeBase="G:\CODE\github\juvo-player\JuvoPlayer.Tests\bin\Debug\netcoreapp2.0\JuvoPlayer.Tests.dll" adapterTypeName="executor://nunit3testexecutor/" className="JuvoPlayer.Tests.IntegrationTests.JSONFileReaderTests" name="DeserializeJsonFile_ThrowsNull" />
    </UnitTest>
    <UnitTest name="ParseTimeLine_WhenLineIsInvalid_ThrowsFormatException(null)" storage="g:\code\github\juvo-player\juvoplayer.tests\bin\debug\netcoreapp2.0\juvoplayer.tests.dll" id="bfa7b9c5-0d1c-484d-ffb4-16f6680e082d">
      <Execution id="6550eeae-2d67-4c5b-902f-5a8ede15eb80" />
      <TestMethod codeBase="G:\CODE\github\juvo-player\JuvoPlayer.Tests\bin\Debug\netcoreapp2.0\JuvoPlayer.Tests.dll" adapterTypeName="executor://nunit3testexecutor/" className="JuvoPlayer.Tests.UnitTests.TSSrtSubtitleParser" name="ParseTimeLine_WhenLineIsInvalid_ThrowsFormatException(null)" />
    </UnitTest>
    <UnitTest name="Init_DrmInitDataAvailable_ReturnsDrmInitData(ForUrl)" storage="g:\code\github\juvo-player\juvoplayer.tests\bin\debug\netcoreapp2.0\juvoplayer.tests.dll" id="b65dd040-cffc-7925-78a1-ceba0c7979b8">
      <Execution id="4d160fdf-0e8d-4d87-89da-2b6c9ceb55da" />
      <TestMethod codeBase="G:\CODE\github\juvo-player\JuvoPlayer.Tests\bin\Debug\netcoreapp2.0\JuvoPlayer.Tests.dll" adapterTypeName="executor://nunit3testexecutor/" className="JuvoPlayer.Tests.UnitTests.TSFFmpegDemuxer" name="Init_DrmInitDataAvailable_ReturnsDrmInitData(ForUrl)" />
    </UnitTest>
    <UnitTest name="Reset_CalledWhileDataSourcePublishedChunk_SkipsPublishedChunk" storage="g:\code\github\juvo-player\juvoplayer.tests\bin\debug\netcoreapp2.0\juvoplayer.tests.dll" id="b6c7b137-6c12-aa0e-37c0-885b1840aaf2">
      <Execution id="85f580a4-cacf-4498-9995-474a05c2b46b" />
      <TestMethod codeBase="G:\CODE\github\juvo-player\JuvoPlayer.Tests\bin\Debug\netcoreapp2.0\JuvoPlayer.Tests.dll" adapterTypeName="executor://nunit3testexecutor/" className="JuvoPlayer.Tests.UnitTests.TSDemuxerController" name="Reset_CalledWhileDataSourcePublishedChunk_SkipsPublishedChunk" />
    </UnitTest>
    <UnitTest name="SupportsSystemId_InvalidSystemId_ReturnsFalse" storage="g:\code\github\juvo-player\juvoplayer.tests\bin\debug\netcoreapp2.0\juvoplayer.tests.dll" id="c08a0c23-7b43-812c-9f19-03172b742d8a">
      <Execution id="97465435-d81e-46e5-b589-37e915dcba36" />
      <TestMethod codeBase="G:\CODE\github\juvo-player\JuvoPlayer.Tests\bin\Debug\netcoreapp2.0\JuvoPlayer.Tests.dll" adapterTypeName="executor://nunit3testexecutor/" className="JuvoPlayer.Tests.UnitTests.TSCencUtils" name="SupportsSystemId_InvalidSystemId_ReturnsFalse" />
    </UnitTest>
    <UnitTest name="TestInvalidLogLevel" storage="g:\code\github\juvo-player\juvoplayer.tests\bin\debug\netcoreapp2.0\juvoplayer.tests.dll" id="4f7bdc50-58ea-1837-577f-74ef6cb0ffb7">
      <Execution id="d9c06643-fc99-4333-a501-83c27f6066b3" />
      <TestMethod codeBase="G:\CODE\github\juvo-player\JuvoPlayer.Tests\bin\Debug\netcoreapp2.0\JuvoPlayer.Tests.dll" adapterTypeName="executor://nunit3testexecutor/" className="JuvoPlayer.Tests.UnitTests.TSLoggerBase" name="TestInvalidLogLevel" />
    </UnitTest>
    <UnitTest name="Get_ValidKey_ReturnsCue" storage="g:\code\github\juvo-player\juvoplayer.tests\bin\debug\netcoreapp2.0\juvoplayer.tests.dll" id="757b9a3e-991f-064f-0f95-6721183441ff">
      <Execution id="2ec68b9e-358d-4f70-a68a-5b4fdcee6a5f" />
      <TestMethod codeBase="G:\CODE\github\juvo-player\JuvoPlayer.Tests\bin\Debug\netcoreapp2.0\JuvoPlayer.Tests.dll" adapterTypeName="executor://nunit3testexecutor/" className="JuvoPlayer.Tests.UnitTests.TSCuesMap" name="Get_ValidKey_ReturnsCue" />
    </UnitTest>
    <UnitTest name="Reset_CalledWhileFlushIsInProgress_CancelsFlush" storage="g:\code\github\juvo-player\juvoplayer.tests\bin\debug\netcoreapp2.0\juvoplayer.tests.dll" id="e63e97dd-9e6c-4645-bf1f-6cbc1114526d">
      <Execution id="f0fff59b-a015-4318-9a93-5b3ade11f684" />
      <TestMethod codeBase="G:\CODE\github\juvo-player\JuvoPlayer.Tests\bin\Debug\netcoreapp2.0\JuvoPlayer.Tests.dll" adapterTypeName="executor://nunit3testexecutor/" className="JuvoPlayer.Tests.UnitTests.TSDemuxerController" name="Reset_CalledWhileFlushIsInProgress_CancelsFlush" />
    </UnitTest>
    <UnitTest name="Get_MapIsEmpty_ReturnsNull" storage="g:\code\github\juvo-player\juvoplayer.tests\bin\debug\netcoreapp2.0\juvoplayer.tests.dll" id="e7c41882-0f2b-10a3-a41f-5cb13aefcf02">
      <Execution id="da9e502c-153e-4988-abf5-be13dc00f22a" />
      <TestMethod codeBase="G:\CODE\github\juvo-player\JuvoPlayer.Tests\bin\Debug\netcoreapp2.0\JuvoPlayer.Tests.dll" adapterTypeName="executor://nunit3testexecutor/" className="JuvoPlayer.Tests.UnitTests.TSCuesMap" name="Get_MapIsEmpty_ReturnsNull" />
    </UnitTest>
    <UnitTest name="Seek_Called_ResumesDemuxer" storage="g:\code\github\juvo-player\juvoplayer.tests\bin\debug\netcoreapp2.0\juvoplayer.tests.dll" id="0bc18307-cfdc-0782-2c49-73e26dab37df">
      <Execution id="4a72084e-2b52-4a5d-81c8-24543dfc0923" />
      <TestMethod codeBase="G:\CODE\github\juvo-player\JuvoPlayer.Tests\bin\Debug\netcoreapp2.0\JuvoPlayer.Tests.dll" adapterTypeName="executor://nunit3testexecutor/" className="JuvoPlayer.Tests.UnitTests.TSHLSDataProvider" name="Seek_Called_ResumesDemuxer" />
    </UnitTest>
    <UnitTest name="ParseTimeLine_TimeLineIsValid_ParsesSuccessfully(&quot;01:18.171 --&gt; 01:20.171&quot;)" storage="g:\code\github\juvo-player\juvoplayer.tests\bin\debug\netcoreapp2.0\juvoplayer.tests.dll" id="d92b4795-1b5e-a5e3-4306-d72267a0cfd6">
      <Execution id="37713d83-ba57-4ee1-b888-2ff3b3745e80" />
      <TestMethod codeBase="G:\CODE\github\juvo-player\JuvoPlayer.Tests\bin\Debug\netcoreapp2.0\JuvoPlayer.Tests.dll" adapterTypeName="executor://nunit3testexecutor/" className="JuvoPlayer.Tests.UnitTests.TSWebVttSubtitleParser" name="ParseTimeLine_TimeLineIsValid_ParsesSuccessfully(&quot;01:18.171 --&gt; 01:20.171&quot;)" />
    </UnitTest>
    <UnitTest name="Take_MultipleAdds_ProperlyReturnsData" storage="g:\code\github\juvo-player\juvoplayer.tests\bin\debug\netcoreapp2.0\juvoplayer.tests.dll" id="cbd08089-7dfa-f39a-6544-f54af436e9b1">
      <Execution id="be57c9fc-a2b0-4a9b-a3e5-f972be8fa8d2" />
      <TestMethod codeBase="G:\CODE\github\juvo-player\JuvoPlayer.Tests\bin\Debug\netcoreapp2.0\JuvoPlayer.Tests.dll" adapterTypeName="executor://nunit3testexecutor/" className="JuvoPlayer.Tests.UnitTests.TSChunksBuffer" name="Take_MultipleAdds_ProperlyReturnsData" />
    </UnitTest>
    <UnitTest name="TestGetInstanceBeforeConfigure" storage="g:\code\github\juvo-player\juvoplayer.tests\bin\debug\netcoreapp2.0\juvoplayer.tests.dll" id="2fcfa690-0061-2be9-893e-b95e28348722">
      <Execution id="37f63b48-73a9-4e95-8062-230161e798f4" />
      <TestMethod codeBase="G:\CODE\github\juvo-player\JuvoPlayer.Tests\bin\Debug\netcoreapp2.0\JuvoPlayer.Tests.dll" adapterTypeName="executor://nunit3testexecutor/" className="JuvoPlayer.Tests.UnitTests.TSLoggerManager" name="TestGetInstanceBeforeConfigure" />
    </UnitTest>
    <UnitTest name="ParseTime_TimeFormatIsInvalid_ThrowsFormatException(&quot;0,0,0.0&quot;)" storage="g:\code\github\juvo-player\juvoplayer.tests\bin\debug\netcoreapp2.0\juvoplayer.tests.dll" id="ecb58899-c328-f985-2c0b-ed632069fc86">
      <Execution id="bf802068-5bb1-45a5-8edc-92b2b8184ba0" />
      <TestMethod codeBase="G:\CODE\github\juvo-player\JuvoPlayer.Tests\bin\Debug\netcoreapp2.0\JuvoPlayer.Tests.dll" adapterTypeName="executor://nunit3testexecutor/" className="JuvoPlayer.Tests.UnitTests.TSWebVttSubtitleParser" name="ParseTime_TimeFormatIsInvalid_ThrowsFormatException(&quot;0,0,0.0&quot;)" />
    </UnitTest>
    <UnitTest name="ParseTime_WhenTimeFormatIsInvalid_ThrowsFormatException(&quot;25:02:17&quot;)" storage="g:\code\github\juvo-player\juvoplayer.tests\bin\debug\netcoreapp2.0\juvoplayer.tests.dll" id="d281a02d-385b-cf02-8059-643dcf52507d">
      <Execution id="0fd01fb1-d542-41d6-8878-6b3927ec8c64" />
      <TestMethod codeBase="G:\CODE\github\juvo-player\JuvoPlayer.Tests\bin\Debug\netcoreapp2.0\JuvoPlayer.Tests.dll" adapterTypeName="executor://nunit3testexecutor/" className="JuvoPlayer.Tests.UnitTests.TSSrtSubtitleParser" name="ParseTime_WhenTimeFormatIsInvalid_ThrowsFormatException(&quot;25:02:17&quot;)" />
    </UnitTest>
    <UnitTest name="OnStreamConfigChanged_WhenStreamConfigIsValid_CallsContextExtraDataHandler" storage="g:\code\github\juvo-player\juvoplayer.tests\bin\debug\netcoreapp2.0\juvoplayer.tests.dll" id="2d85f549-8828-c240-c852-fbc1c3d942b1">
      <Execution id="0451dbb7-373e-4ff2-a5d0-0dc89a156512" />
      <TestMethod codeBase="G:\CODE\github\juvo-player\JuvoPlayer.Tests\bin\Debug\netcoreapp2.0\JuvoPlayer.Tests.dll" adapterTypeName="executor://nunit3testexecutor/" className="JuvoPlayer.Tests.UnitTests.TSPacketStream" name="OnStreamConfigChanged_WhenStreamConfigIsValid_CallsContextExtraDataHandler" />
    </UnitTest>
    <UnitTest name="OnAppendPacket_WhenConfigured_CallsPlayerAdapter" storage="g:\code\github\juvo-player\juvoplayer.tests\bin\debug\netcoreapp2.0\juvoplayer.tests.dll" id="13dadd02-cded-047c-5edf-08e7f9cf5113">
      <Execution id="b1682f64-4d56-4b07-96b8-759199c10931" />
      <TestMethod codeBase="G:\CODE\github\juvo-player\JuvoPlayer.Tests\bin\Debug\netcoreapp2.0\JuvoPlayer.Tests.dll" adapterTypeName="executor://nunit3testexecutor/" className="JuvoPlayer.Tests.UnitTests.TSPacketStream" name="OnAppendPacket_WhenConfigured_CallsPlayerAdapter" />
    </UnitTest>
    <UnitTest name="Parse_DifferentEncodings_ParsesSuccessfully(&quot;JuvoPlayer.Tests.res.subtitles.media_player_subs_windows-1254.srt&quot;,&quot;windows-1254&quot;,&quot;[Turkish] 3.5: Çç Ğğ Öö Üü Şş ¡ ¿ § µ ¾&quot;)" storage="g:\code\github\juvo-player\juvoplayer.tests\bin\debug\netcoreapp2.0\juvoplayer.tests.dll" id="bd93227b-c515-27be-ca4c-f543b843cc7e">
      <Execution id="bb358bc7-4017-4acf-9cff-c5765e9700f9" />
      <TestMethod codeBase="G:\CODE\github\juvo-player\JuvoPlayer.Tests\bin\Debug\netcoreapp2.0\JuvoPlayer.Tests.dll" adapterTypeName="executor://nunit3testexecutor/" className="JuvoPlayer.Tests.IntegrationTests.TSSubtitleFacade" name="Parse_DifferentEncodings_ParsesSuccessfully(&quot;JuvoPlayer.Tests.res.subtitles.media_player_subs_windows-1254.srt&quot;,&quot;windows-1254&quot;,&quot;[Turkish] 3.5: Çç Ğğ Öö Üü Şş ¡ ¿ § µ ¾&quot;)" />
    </UnitTest>
    <UnitTest name="ParseTime_WhenTimeFormatIsInvalid_ThrowsFormatException(&quot;a.b.c.d&quot;)" storage="g:\code\github\juvo-player\juvoplayer.tests\bin\debug\netcoreapp2.0\juvoplayer.tests.dll" id="d69bd21c-4887-795d-066d-a5d448489d31">
      <Execution id="07c9e773-7cdf-4bd5-841e-29eb6f999ae8" />
      <TestMethod codeBase="G:\CODE\github\juvo-player\JuvoPlayer.Tests\bin\Debug\netcoreapp2.0\JuvoPlayer.Tests.dll" adapterTypeName="executor://nunit3testexecutor/" className="JuvoPlayer.Tests.UnitTests.TSSrtSubtitleParser" name="ParseTime_WhenTimeFormatIsInvalid_ThrowsFormatException(&quot;a.b.c.d&quot;)" />
    </UnitTest>
    <UnitTest name="TakeAsync_TokenCancelled_ThrowsTaskCanceledException" storage="g:\code\github\juvo-player\juvoplayer.tests\bin\debug\netcoreapp2.0\juvoplayer.tests.dll" id="4131df9f-9d50-eb51-fb6f-119ab1926039">
      <Execution id="a153e41f-9743-4e5f-b955-cc148745f5fa" />
      <TestMethod codeBase="G:\CODE\github\juvo-player\JuvoPlayer.Tests\bin\Debug\netcoreapp2.0\JuvoPlayer.Tests.dll" adapterTypeName="executor://nunit3testexecutor/" className="JuvoPlayer.Tests.UnitTests.TSChunksBuffer" name="TakeAsync_TokenCancelled_ThrowsTaskCanceledException" />
    </UnitTest>
    <UnitTest name="ParseTimeLine_WhenLineIsInvalid_ThrowsFormatException(&quot;00:02:17,440 --&gt;&quot;)" storage="g:\code\github\juvo-player\juvoplayer.tests\bin\debug\netcoreapp2.0\juvoplayer.tests.dll" id="14bf11d8-cd56-b03e-b93b-91e02f6e5782">
      <Execution id="c3c1ed14-aad5-40f4-8a89-c584a0be40e5" />
      <TestMethod codeBase="G:\CODE\github\juvo-player\JuvoPlayer.Tests\bin\Debug\netcoreapp2.0\JuvoPlayer.Tests.dll" adapterTypeName="executor://nunit3testexecutor/" className="JuvoPlayer.Tests.UnitTests.TSSrtSubtitleParser" name="ParseTimeLine_WhenLineIsInvalid_ThrowsFormatException(&quot;00:02:17,440 --&gt;&quot;)" />
    </UnitTest>
    <UnitTest name="Init_ClipDurationAvailable_ReturnsDuration(ForUrl)" storage="g:\code\github\juvo-player\juvoplayer.tests\bin\debug\netcoreapp2.0\juvoplayer.tests.dll" id="6da6330c-b6fa-01a4-6fe8-ff39b10cad90">
      <Execution id="9e19fab5-273b-4975-a1d0-f5e1a783fca8" />
      <TestMethod codeBase="G:\CODE\github\juvo-player\JuvoPlayer.Tests\bin\Debug\netcoreapp2.0\JuvoPlayer.Tests.dll" adapterTypeName="executor://nunit3testexecutor/" className="JuvoPlayer.Tests.UnitTests.TSFFmpegDemuxer" name="Init_ClipDurationAvailable_ReturnsDuration(ForUrl)" />
    </UnitTest>
    <UnitTest name="TestLoggerBase" storage="g:\code\github\juvo-player\juvoplayer.tests\bin\debug\netcoreapp2.0\juvoplayer.tests.dll" id="9bf965f4-b07a-9f83-7d3c-04862d018a76">
      <Execution id="5eaedfed-695e-4a50-b711-f735e00c8476" />
      <TestMethod codeBase="G:\CODE\github\juvo-player\JuvoPlayer.Tests\bin\Debug\netcoreapp2.0\JuvoPlayer.Tests.dll" adapterTypeName="executor://nunit3testexecutor/" className="JuvoPlayer.Tests.UnitTests.TSLoggerBase" name="TestLoggerBase" />
    </UnitTest>
    <UnitTest name="Resolve_SrtSubtitleInfo_ReturnsSrtFormat" storage="g:\code\github\juvo-player\juvoplayer.tests\bin\debug\netcoreapp2.0\juvoplayer.tests.dll" id="30591759-8bfa-94ac-8ed2-5b8e57e7d2b3">
      <Execution id="61014b8e-60c9-416a-8b3a-b3861afd4771" />
      <TestMethod codeBase="G:\CODE\github\juvo-player\JuvoPlayer.Tests\bin\Debug\netcoreapp2.0\JuvoPlayer.Tests.dll" adapterTypeName="executor://nunit3testexecutor/" className="JuvoPlayer.Tests.UnitTests.TSSubtitleFormatResolver" name="Resolve_SrtSubtitleInfo_ReturnsSrtFormat" />
    </UnitTest>
    <UnitTest name="OnAppendPacket_WhenDrmSessionIsConfigured_CallsPlayerAdapter" storage="g:\code\github\juvo-player\juvoplayer.tests\bin\debug\netcoreapp2.0\juvoplayer.tests.dll" id="dc2e53b3-b4b5-d431-a2a2-41dcd332c80c">
      <Execution id="bde6e97f-3440-479f-8259-5a9c4d962ec6" />
      <TestMethod codeBase="G:\CODE\github\juvo-player\JuvoPlayer.Tests\bin\Debug\netcoreapp2.0\JuvoPlayer.Tests.dll" adapterTypeName="executor://nunit3testexecutor/" className="JuvoPlayer.Tests.UnitTests.TSPacketStream" name="OnAppendPacket_WhenDrmSessionIsConfigured_CallsPlayerAdapter" />
    </UnitTest>
    <UnitTest name="Flush_Called_ResetsDemuxer" storage="g:\code\github\juvo-player\juvoplayer.tests\bin\debug\netcoreapp2.0\juvoplayer.tests.dll" id="8b7b35e7-42f3-7119-a9bd-fd9bc70bdd46">
      <Execution id="225fafe3-b6d3-4814-bf1b-65b395e910cf" />
      <TestMethod codeBase="G:\CODE\github\juvo-player\JuvoPlayer.Tests\bin\Debug\netcoreapp2.0\JuvoPlayer.Tests.dll" adapterTypeName="executor://nunit3testexecutor/" className="JuvoPlayer.Tests.UnitTests.TSDemuxerController" name="Flush_Called_ResetsDemuxer" />
    </UnitTest>
    <UnitTest name="Compare_VariousTimes_ReturnsExpectedValues(15,0)" storage="g:\code\github\juvo-player\juvoplayer.tests\bin\debug\netcoreapp2.0\juvoplayer.tests.dll" id="40b95933-2c83-039d-2a88-0479b1ded531">
      <Execution id="7ba1cbbd-6e40-417a-b6a0-1ffba0df1ee2" />
      <TestMethod codeBase="G:\CODE\github\juvo-player\JuvoPlayer.Tests\bin\Debug\netcoreapp2.0\JuvoPlayer.Tests.dll" adapterTypeName="executor://nunit3testexecutor/" className="JuvoPlayer.Tests.UnitTests.TSCue" name="Compare_VariousTimes_ReturnsExpectedValues(15,0)" />
    </UnitTest>
    <UnitTest name="Parse_DifferentEncodings_ParsesSuccessfully(&quot;JuvoPlayer.Tests.res.subtitles.media_player_subs_windows-1253.srt&quot;,&quot;windows-1253&quot;,&quot;[Greek] 3.5: Άά Αα Ββ Γγ Δδ Εε Ζζ Ηη Θθ Ιι Κκ Λλ Ξξ Ψψ Ωω ώ&quot;)" storage="g:\code\github\juvo-player\juvoplayer.tests\bin\debug\netcoreapp2.0\juvoplayer.tests.dll" id="188b81ef-d6d5-d5db-9dda-ab27251848f9">
      <Execution id="d3dcbd80-e1e9-4acf-99f6-2a70974e721f" />
      <TestMethod codeBase="G:\CODE\github\juvo-player\JuvoPlayer.Tests\bin\Debug\netcoreapp2.0\JuvoPlayer.Tests.dll" adapterTypeName="executor://nunit3testexecutor/" className="JuvoPlayer.Tests.IntegrationTests.TSSubtitleFacade" name="Parse_DifferentEncodings_ParsesSuccessfully(&quot;JuvoPlayer.Tests.res.subtitles.media_player_subs_windows-1253.srt&quot;,&quot;windows-1253&quot;,&quot;[Greek] 3.5: Άά Αα Ββ Γγ Δδ Εε Ζζ Ηη Θθ Ιι Κκ Λλ Ξξ Ψψ Ωω ώ&quot;)" />
    </UnitTest>
    <UnitTest name="Reached_SecondPacketReachesBarrier_BarrierIsReached" storage="g:\code\github\juvo-player\juvoplayer.tests\bin\debug\netcoreapp2.0\juvoplayer.tests.dll" id="852b5e0e-9762-784e-5557-e2cf4ea73784">
      <Execution id="2e9c71c8-f0df-4966-a4d5-b7397f89f7c2" />
      <TestMethod codeBase="G:\CODE\github\juvo-player\JuvoPlayer.Tests\bin\Debug\netcoreapp2.0\JuvoPlayer.Tests.dll" adapterTypeName="executor://nunit3testexecutor/" className="JuvoPlayer.Tests.UnitTests.TSPacketBarrier" name="Reached_SecondPacketReachesBarrier_BarrierIsReached" />
    </UnitTest>
    <UnitTest name="ParseTimeLine_TimeLineIsValid_ParsesSuccessfully(&quot;01:18.171 --&gt; 01:20.171 position:10%,line-left align:left size:35%&quot;)" storage="g:\code\github\juvo-player\juvoplayer.tests\bin\debug\netcoreapp2.0\juvoplayer.tests.dll" id="fd067bbf-348e-1b3b-3bb2-93d8b6657abe">
      <Execution id="8ef3d0d1-b96d-430a-9b47-78b7c8d35119" />
      <TestMethod codeBase="G:\CODE\github\juvo-player\JuvoPlayer.Tests\bin\Debug\netcoreapp2.0\JuvoPlayer.Tests.dll" adapterTypeName="executor://nunit3testexecutor/" className="JuvoPlayer.Tests.UnitTests.TSWebVttSubtitleParser" name="ParseTimeLine_TimeLineIsValid_ParsesSuccessfully(&quot;01:18.171 --&gt; 01:20.171 position:10%,line-left align:left size:35%&quot;)" />
    </UnitTest>
    <UnitTest name="ParseTime_TimeFormatIsInvalid_ThrowsFormatException(&quot;0.0.0.0&quot;)" storage="g:\code\github\juvo-player\juvoplayer.tests\bin\debug\netcoreapp2.0\juvoplayer.tests.dll" id="6edbc781-4e0b-a9f7-1870-a384b19f1879">
      <Execution id="01d2450e-8f7c-41d4-a416-2538a0a7a6ed" />
      <TestMethod codeBase="G:\CODE\github\juvo-player\JuvoPlayer.Tests\bin\Debug\netcoreapp2.0\JuvoPlayer.Tests.dll" adapterTypeName="executor://nunit3testexecutor/" className="JuvoPlayer.Tests.UnitTests.TSWebVttSubtitleParser" name="ParseTime_TimeFormatIsInvalid_ThrowsFormatException(&quot;0.0.0.0&quot;)" />
    </UnitTest>
    <UnitTest name="Parse_DifferentEncodings_ParsesSuccessfully(&quot;JuvoPlayer.Tests.res.subtitles.media_player_subs_utf8.srt&quot;,&quot;utf-8&quot;,&quot;[UTF-8] 3.0: 고양이. Чч Щщ Ъъ. Óó Śś Źź. Ýý Ţţ Ł €. 猫.&quot;)" storage="g:\code\github\juvo-player\juvoplayer.tests\bin\debug\netcoreapp2.0\juvoplayer.tests.dll" id="5086e7e5-6679-888c-406b-de1ba0a5028e">
      <Execution id="f00f4395-f1f4-4605-b5e5-6a127fdbceec" />
      <TestMethod codeBase="G:\CODE\github\juvo-player\JuvoPlayer.Tests\bin\Debug\netcoreapp2.0\JuvoPlayer.Tests.dll" adapterTypeName="executor://nunit3testexecutor/" className="JuvoPlayer.Tests.IntegrationTests.TSSubtitleFacade" name="Parse_DifferentEncodings_ParsesSuccessfully(&quot;JuvoPlayer.Tests.res.subtitles.media_player_subs_utf8.srt&quot;,&quot;utf-8&quot;,&quot;[UTF-8] 3.0: 고양이. Чч Щщ Ъъ. Óó Śś Źź. Ýý Ţţ Ł €. 猫.&quot;)" />
    </UnitTest>
    <UnitTest name="Start_PacketsDemuxed_PublishesPackets(StartForUrl)" storage="g:\code\github\juvo-player\juvoplayer.tests\bin\debug\netcoreapp2.0\juvoplayer.tests.dll" id="5652ce59-b2d8-d716-cc63-db9d5225d1de">
      <Execution id="7843b50d-8ea2-4742-9582-a6bf8cf4cda0" />
      <TestMethod codeBase="G:\CODE\github\juvo-player\JuvoPlayer.Tests\bin\Debug\netcoreapp2.0\JuvoPlayer.Tests.dll" adapterTypeName="executor://nunit3testexecutor/" className="JuvoPlayer.Tests.UnitTests.TSDemuxerController" name="Start_PacketsDemuxed_PublishesPackets(StartForUrl)" />
    </UnitTest>
    <UnitTest name="Parse_DifferentEncodings_ParsesSuccessfully(&quot;JuvoPlayer.Tests.res.subtitles.media_player_subs_windows-1258.srt&quot;,&quot;windows-1258&quot;,&quot;[Vietnamese] 0.5: Àà Áá Ââ Ææ Çç Đđ Èè Ïï Ăă Ññ Ơơ Øø Ưư ₫ £ €&quot;)" storage="g:\code\github\juvo-player\juvoplayer.tests\bin\debug\netcoreapp2.0\juvoplayer.tests.dll" id="d344b394-6cc8-3bd8-7dae-88c5607a157d">
      <Execution id="82dcda44-3766-4647-97a7-90c73f44b432" />
      <TestMethod codeBase="G:\CODE\github\juvo-player\JuvoPlayer.Tests\bin\Debug\netcoreapp2.0\JuvoPlayer.Tests.dll" adapterTypeName="executor://nunit3testexecutor/" className="JuvoPlayer.Tests.IntegrationTests.TSSubtitleFacade" name="Parse_DifferentEncodings_ParsesSuccessfully(&quot;JuvoPlayer.Tests.res.subtitles.media_player_subs_windows-1258.srt&quot;,&quot;windows-1258&quot;,&quot;[Vietnamese] 0.5: Àà Áá Ââ Ææ Çç Đđ Èè Ïï Ăă Ññ Ơơ Øø Ưư ₫ £ €&quot;)" />
    </UnitTest>
    <UnitTest name="TakeAsync_SizeLessThanBufferSize_ReturnsRequestedSize" storage="g:\code\github\juvo-player\juvoplayer.tests\bin\debug\netcoreapp2.0\juvoplayer.tests.dll" id="29f4eefb-fddf-c444-6e0a-5e03485d543c">
      <Execution id="dbcd0ef6-fad9-4a9a-b0b7-d33575c41899" />
      <TestMethod codeBase="G:\CODE\github\juvo-player\JuvoPlayer.Tests\bin\Debug\netcoreapp2.0\JuvoPlayer.Tests.dll" adapterTypeName="executor://nunit3testexecutor/" className="JuvoPlayer.Tests.UnitTests.TSChunksBuffer" name="TakeAsync_SizeLessThanBufferSize_ReturnsRequestedSize" />
    </UnitTest>
    <UnitTest name="Reset_Called_ResetsDemuxer" storage="g:\code\github\juvo-player\juvoplayer.tests\bin\debug\netcoreapp2.0\juvoplayer.tests.dll" id="13c9576e-1060-3a96-db24-b3da48519d05">
      <Execution id="4c92c52c-86ac-4022-a11d-a7236e860ebf" />
      <TestMethod codeBase="G:\CODE\github\juvo-player\JuvoPlayer.Tests\bin\Debug\netcoreapp2.0\JuvoPlayer.Tests.dll" adapterTypeName="executor://nunit3testexecutor/" className="JuvoPlayer.Tests.UnitTests.TSDemuxerController" name="Reset_Called_ResetsDemuxer" />
    </UnitTest>
    <UnitTest name="Serialization_OperationSerialized_DeserializedProperly(JuvoPlayer.Tests.Utils.ChangeRepresentationOperation)" storage="g:\code\github\juvo-player\juvoplayer.tests\bin\debug\netcoreapp2.0\juvoplayer.tests.dll" id="31911a88-751c-bf36-b733-4c5fb543e8b3">
      <Execution id="a491c3bb-2aba-45d1-b7b1-39e0cd75a22c" />
      <TestMethod codeBase="G:\CODE\github\juvo-player\JuvoPlayer.Tests\bin\Debug\netcoreapp2.0\JuvoPlayer.Tests.dll" adapterTypeName="executor://nunit3testexecutor/" className="JuvoPlayer.Tests.IntegrationTests.TSOperationSerializer" name="Serialization_OperationSerialized_DeserializedProperly(JuvoPlayer.Tests.Utils.ChangeRepresentationOperation)" />
    </UnitTest>
    <UnitTest name="Take_MultipleTakes_ProperlyReturnsData" storage="g:\code\github\juvo-player\juvoplayer.tests\bin\debug\netcoreapp2.0\juvoplayer.tests.dll" id="800df5e6-2778-4289-fb38-2692d926e438">
      <Execution id="894a4315-38a4-4422-b1aa-b9b096fc6aa8" />
      <TestMethod codeBase="G:\CODE\github\juvo-player\JuvoPlayer.Tests\bin\Debug\netcoreapp2.0\JuvoPlayer.Tests.dll" adapterTypeName="executor://nunit3testexecutor/" className="JuvoPlayer.Tests.UnitTests.TSChunksBuffer" name="Take_MultipleTakes_ProperlyReturnsData" />
    </UnitTest>
    <UnitTest name="Parse_DifferentEncodings_ParsesSuccessfully(&quot;JuvoPlayer.Tests.res.subtitles.subtitles_es.vtt&quot;,&quot;utf-8&quot;,&quot;Éstas son tierras de dragones, Sintel.&quot;)" storage="g:\code\github\juvo-player\juvoplayer.tests\bin\debug\netcoreapp2.0\juvoplayer.tests.dll" id="aa4e9518-8a0d-c4b5-88b9-4da429c58985">
      <Execution id="eceea8d0-7397-48a6-bddc-6b2bb2970aff" />
      <TestMethod codeBase="G:\CODE\github\juvo-player\JuvoPlayer.Tests\bin\Debug\netcoreapp2.0\JuvoPlayer.Tests.dll" adapterTypeName="executor://nunit3testexecutor/" className="JuvoPlayer.Tests.IntegrationTests.TSSubtitleFacade" name="Parse_DifferentEncodings_ParsesSuccessfully(&quot;JuvoPlayer.Tests.res.subtitles.subtitles_es.vtt&quot;,&quot;utf-8&quot;,&quot;Éstas son tierras de dragones, Sintel.&quot;)" />
    </UnitTest>
    <UnitTest name="AppParser_OK" storage="g:\code\github\juvo-player\juvoplayer.tests\bin\debug\netcoreapp2.0\juvoplayer.tests.dll" id="f27ecf69-9c6a-7512-245c-df2210246910">
      <Execution id="8df2a82a-4b10-42c2-bd36-865a090fda31" />
      <TestMethod codeBase="G:\CODE\github\juvo-player\JuvoPlayer.Tests\bin\Debug\netcoreapp2.0\JuvoPlayer.Tests.dll" adapterTypeName="executor://nunit3testexecutor/" className="JuvoPlayer.Tests.UnitTests.TSMPDParser" name="AppParser_OK" />
    </UnitTest>
    <UnitTest name="DeserializeJsonFile_ThrowsEmpty" storage="g:\code\github\juvo-player\juvoplayer.tests\bin\debug\netcoreapp2.0\juvoplayer.tests.dll" id="bf726271-d726-9654-3c3e-7309912ba13e">
      <Execution id="454c9a43-f043-4e89-8064-e5a7b0285644" />
      <TestMethod codeBase="G:\CODE\github\juvo-player\JuvoPlayer.Tests\bin\Debug\netcoreapp2.0\JuvoPlayer.Tests.dll" adapterTypeName="executor://nunit3testexecutor/" className="JuvoPlayer.Tests.IntegrationTests.JSONFileReaderTests" name="DeserializeJsonFile_ThrowsEmpty" />
    </UnitTest>
    <UnitTest name="CompleteAdding_AddAsyncCalled_ThrowsInvalidOperationException" storage="g:\code\github\juvo-player\juvoplayer.tests\bin\debug\netcoreapp2.0\juvoplayer.tests.dll" id="a01cf621-ca79-9bae-641f-945046dfdf90">
      <Execution id="4f0a797f-1781-43a1-a322-2c789b3ff833" />
      <TestMethod codeBase="G:\CODE\github\juvo-player\JuvoPlayer.Tests\bin\Debug\netcoreapp2.0\JuvoPlayer.Tests.dll" adapterTypeName="executor://nunit3testexecutor/" className="JuvoPlayer.Tests.UnitTests.TSChunksBuffer" name="CompleteAdding_AddAsyncCalled_ThrowsInvalidOperationException" />
    </UnitTest>
    <UnitTest name="Start_PacketDemuxed_PublishesPacket(StartForUrl)" storage="g:\code\github\juvo-player\juvoplayer.tests\bin\debug\netcoreapp2.0\juvoplayer.tests.dll" id="387dafbc-f6b1-0e58-56ab-e371f4acda38">
      <Execution id="0532e4b4-ee7c-458f-a989-9cdec333a9ae" />
      <TestMethod codeBase="G:\CODE\github\juvo-player\JuvoPlayer.Tests\bin\Debug\netcoreapp2.0\JuvoPlayer.Tests.dll" adapterTypeName="executor://nunit3testexecutor/" className="JuvoPlayer.Tests.UnitTests.TSDemuxerController" name="Start_PacketDemuxed_PublishesPacket(StartForUrl)" />
    </UnitTest>
    <UnitTest name="Parse_DifferentEncodings_ParsesSuccessfully(&quot;JuvoPlayer.Tests.res.subtitles.subtitles_fr.vtt&quot;,&quot;utf-8&quot;,&quot;C'est bientôt fini. Chut...&quot;)" storage="g:\code\github\juvo-player\juvoplayer.tests\bin\debug\netcoreapp2.0\juvoplayer.tests.dll" id="cbc3900a-27ac-f663-84c1-2e81fe605582">
      <Execution id="4b2f0a44-5427-4925-a66e-b18c139c6a35" />
      <TestMethod codeBase="G:\CODE\github\juvo-player\JuvoPlayer.Tests\bin\Debug\netcoreapp2.0\JuvoPlayer.Tests.dll" adapterTypeName="executor://nunit3testexecutor/" className="JuvoPlayer.Tests.IntegrationTests.TSSubtitleFacade" name="Parse_DifferentEncodings_ParsesSuccessfully(&quot;JuvoPlayer.Tests.res.subtitles.subtitles_fr.vtt&quot;,&quot;utf-8&quot;,&quot;C'est bientôt fini. Chut...&quot;)" />
    </UnitTest>
    <UnitTest name="MoveToTimeLine_WebVttHasAllParts_ReturnsFirstTimeLine" storage="g:\code\github\juvo-player\juvoplayer.tests\bin\debug\netcoreapp2.0\juvoplayer.tests.dll" id="1b0e12dd-7d88-c49c-b42d-b67339dc24f6">
      <Execution id="3bd7ac91-1120-4685-80a7-174d1dc60866" />
      <TestMethod codeBase="G:\CODE\github\juvo-player\JuvoPlayer.Tests\bin\Debug\netcoreapp2.0\JuvoPlayer.Tests.dll" adapterTypeName="executor://nunit3testexecutor/" className="JuvoPlayer.Tests.UnitTests.TSWebVttSubtitleParser" name="MoveToTimeLine_WebVttHasAllParts_ReturnsFirstTimeLine" />
    </UnitTest>
    <UnitTest name="Start_StreamConfigFound_PublishesStreamConfig(StartForEs)" storage="g:\code\github\juvo-player\juvoplayer.tests\bin\debug\netcoreapp2.0\juvoplayer.tests.dll" id="0d5e9659-8752-ad65-3659-a1154060e2e0">
      <Execution id="3d36ec45-47bf-4a36-890f-33ff678e54c7" />
      <TestMethod codeBase="G:\CODE\github\juvo-player\JuvoPlayer.Tests\bin\Debug\netcoreapp2.0\JuvoPlayer.Tests.dll" adapterTypeName="executor://nunit3testexecutor/" className="JuvoPlayer.Tests.UnitTests.TSDemuxerController" name="Start_StreamConfigFound_PublishesStreamConfig(StartForEs)" />
    </UnitTest>
    <UnitTest name="Init_StreamConfigAvailable_ReturnsStreamConfig(ForEs)" storage="g:\code\github\juvo-player\juvoplayer.tests\bin\debug\netcoreapp2.0\juvoplayer.tests.dll" id="97595e50-425c-1bd9-270d-ac32868fdf2d">
      <Execution id="53ac1604-f34f-49a2-b4cd-46cc602589f7" />
      <TestMethod codeBase="G:\CODE\github\juvo-player\JuvoPlayer.Tests\bin\Debug\netcoreapp2.0\JuvoPlayer.Tests.dll" adapterTypeName="executor://nunit3testexecutor/" className="JuvoPlayer.Tests.UnitTests.TSFFmpegDemuxer" name="Init_StreamConfigAvailable_ReturnsStreamConfig(ForEs)" />
    </UnitTest>
    <UnitTest name="GetStreamsDescription_ClipWithNoSubtitles_ReturnsEmptyList" storage="g:\code\github\juvo-player\juvoplayer.tests\bin\debug\netcoreapp2.0\juvoplayer.tests.dll" id="d0f6acef-cfad-0d05-742a-6ff2e1b06efb">
      <Execution id="bf6d2b2a-5447-48da-868f-d34331bef39b" />
      <TestMethod codeBase="G:\CODE\github\juvo-player\JuvoPlayer.Tests\bin\Debug\netcoreapp2.0\JuvoPlayer.Tests.dll" adapterTypeName="executor://nunit3testexecutor/" className="JuvoPlayer.Tests.UnitTests.TSHLSDataProvider" name="GetStreamsDescription_ClipWithNoSubtitles_ReturnsEmptyList" />
    </UnitTest>
    <UnitTest name="Reset_CalledAfterBarrierIsReached_ResetsBarrier" storage="g:\code\github\juvo-player\juvoplayer.tests\bin\debug\netcoreapp2.0\juvoplayer.tests.dll" id="8783796f-a651-a81b-ada6-5919643ee00e">
      <Execution id="32a52cad-7d10-4baf-8768-db31eb3898f4" />
      <TestMethod codeBase="G:\CODE\github\juvo-player\JuvoPlayer.Tests\bin\Debug\netcoreapp2.0\JuvoPlayer.Tests.dll" adapterTypeName="executor://nunit3testexecutor/" className="JuvoPlayer.Tests.UnitTests.TSPacketBarrier" name="Reset_CalledAfterBarrierIsReached_ResetsBarrier" />
    </UnitTest>
    <UnitTest name="MoveToTimeLine_WebVttHasNoTimeLine_ReturnsNull" storage="g:\code\github\juvo-player\juvoplayer.tests\bin\debug\netcoreapp2.0\juvoplayer.tests.dll" id="4974b841-fe50-bc17-3fa6-12c238970853">
      <Execution id="ec1f3b42-af8e-4e97-b490-3775e1862ae7" />
      <TestMethod codeBase="G:\CODE\github\juvo-player\JuvoPlayer.Tests\bin\Debug\netcoreapp2.0\JuvoPlayer.Tests.dll" adapterTypeName="executor://nunit3testexecutor/" className="JuvoPlayer.Tests.UnitTests.TSWebVttSubtitleParser" name="MoveToTimeLine_WebVttHasNoTimeLine_ReturnsNull" />
    </UnitTest>
    <UnitTest name="OnChangeActiveStream_UnknownSubtitles_ThrowsArgumentException" storage="g:\code\github\juvo-player\juvoplayer.tests\bin\debug\netcoreapp2.0\juvoplayer.tests.dll" id="3a15d223-5377-905d-8b73-e96a8942d8f8">
      <Execution id="b1ce872c-a2ab-42c8-ad22-207f71151e5d" />
      <TestMethod codeBase="G:\CODE\github\juvo-player\JuvoPlayer.Tests\bin\Debug\netcoreapp2.0\JuvoPlayer.Tests.dll" adapterTypeName="executor://nunit3testexecutor/" className="JuvoPlayer.Tests.UnitTests.TSHLSDataProvider" name="OnChangeActiveStream_UnknownSubtitles_ThrowsArgumentException" />
    </UnitTest>
    <UnitTest name="Start_ClipDurationFound_PublishesClipDuration(StartForEs)" storage="g:\code\github\juvo-player\juvoplayer.tests\bin\debug\netcoreapp2.0\juvoplayer.tests.dll" id="8e853ee6-04cd-709e-3b10-3f4dc0ff936d">
      <Execution id="155cdb33-7bc8-41dd-a6c1-66e1a496350d" />
      <TestMethod codeBase="G:\CODE\github\juvo-player\JuvoPlayer.Tests\bin\Debug\netcoreapp2.0\JuvoPlayer.Tests.dll" adapterTypeName="executor://nunit3testexecutor/" className="JuvoPlayer.Tests.UnitTests.TSDemuxerController" name="Start_ClipDurationFound_PublishesClipDuration(StartForEs)" />
    </UnitTest>
    <UnitTest name="ParseText_TextHasTwoLines_ReturnsTextWithTwoSeparatedLines" storage="g:\code\github\juvo-player\juvoplayer.tests\bin\debug\netcoreapp2.0\juvoplayer.tests.dll" id="9a9661dd-36b6-16db-2f09-bd73c6ac6d68">
      <Execution id="3e00fd61-1d32-42ff-90e7-d6120a553c46" />
      <TestMethod codeBase="G:\CODE\github\juvo-player\JuvoPlayer.Tests\bin\Debug\netcoreapp2.0\JuvoPlayer.Tests.dll" adapterTypeName="executor://nunit3testexecutor/" className="JuvoPlayer.Tests.UnitTests.TSParserUtils" name="ParseText_TextHasTwoLines_ReturnsTextWithTwoSeparatedLines" />
    </UnitTest>
    <UnitTest name="ParseTime_WhenTimeFormatIsInvalid_ThrowsFormatException(null)" storage="g:\code\github\juvo-player\juvoplayer.tests\bin\debug\netcoreapp2.0\juvoplayer.tests.dll" id="02fb1555-b786-4aa2-7007-ec43c1c9fbe1">
      <Execution id="7d2c49ef-28fc-4b5e-aac4-a74482e68f7d" />
      <TestMethod codeBase="G:\CODE\github\juvo-player\JuvoPlayer.Tests\bin\Debug\netcoreapp2.0\JuvoPlayer.Tests.dll" adapterTypeName="executor://nunit3testexecutor/" className="JuvoPlayer.Tests.UnitTests.TSSrtSubtitleParser" name="ParseTime_WhenTimeFormatIsInvalid_ThrowsFormatException(null)" />
    </UnitTest>
    <UnitTest name="CompleteAdding_TakeAsyncCalled_ThrowsInvalidOperationException" storage="g:\code\github\juvo-player\juvoplayer.tests\bin\debug\netcoreapp2.0\juvoplayer.tests.dll" id="f1c5443e-e0a7-e961-fdae-6f316e6bdffa">
      <Execution id="13a47ccf-a774-48dd-beac-43595faa84ee" />
      <TestMethod codeBase="G:\CODE\github\juvo-player\JuvoPlayer.Tests\bin\Debug\netcoreapp2.0\JuvoPlayer.Tests.dll" adapterTypeName="executor://nunit3testexecutor/" className="JuvoPlayer.Tests.UnitTests.TSChunksBuffer" name="CompleteAdding_TakeAsyncCalled_ThrowsInvalidOperationException" />
    </UnitTest>
    <UnitTest name="ParseTimeLine_TimeLineIsValid_ParsesSuccessfully(&quot;01:18.171  --&gt;   01:20.171&quot;)" storage="g:\code\github\juvo-player\juvoplayer.tests\bin\debug\netcoreapp2.0\juvoplayer.tests.dll" id="520722aa-6a80-b3d5-b800-d9703ed85ffc">
      <Execution id="f5c2ad73-a4b2-4c1f-a0be-14818294b49a" />
      <TestMethod codeBase="G:\CODE\github\juvo-player\JuvoPlayer.Tests\bin\Debug\netcoreapp2.0\JuvoPlayer.Tests.dll" adapterTypeName="executor://nunit3testexecutor/" className="JuvoPlayer.Tests.UnitTests.TSWebVttSubtitleParser" name="ParseTimeLine_TimeLineIsValid_ParsesSuccessfully(&quot;01:18.171  --&gt;   01:20.171&quot;)" />
    </UnitTest>
    <UnitTest name="ParseTimeLine_WhenLineIsInvalid_ThrowsFormatException(&quot;00:02:17,440 - 00:02:20,375&quot;)" storage="g:\code\github\juvo-player\juvoplayer.tests\bin\debug\netcoreapp2.0\juvoplayer.tests.dll" id="8c69b9b6-1758-6875-02cf-0ad701b0c4d3">
      <Execution id="7c9678c3-6100-4570-9d8b-df0a37f700c4" />
      <TestMethod codeBase="G:\CODE\github\juvo-player\JuvoPlayer.Tests\bin\Debug\netcoreapp2.0\JuvoPlayer.Tests.dll" adapterTypeName="executor://nunit3testexecutor/" className="JuvoPlayer.Tests.UnitTests.TSSrtSubtitleParser" name="ParseTimeLine_WhenLineIsInvalid_ThrowsFormatException(&quot;00:02:17,440 - 00:02:20,375&quot;)" />
    </UnitTest>
    <UnitTest name="TimeToNextFrame_CalledBeforeFirstPacket_ThrowsInvalidOperationException" storage="g:\code\github\juvo-player\juvoplayer.tests\bin\debug\netcoreapp2.0\juvoplayer.tests.dll" id="cb66aab4-74da-9d22-4f63-1827d111c973">
      <Execution id="bbb5ae8b-5421-4e4e-9ebd-67f3aa7d64d2" />
      <TestMethod codeBase="G:\CODE\github\juvo-player\JuvoPlayer.Tests\bin\Debug\netcoreapp2.0\JuvoPlayer.Tests.dll" adapterTypeName="executor://nunit3testexecutor/" className="JuvoPlayer.Tests.UnitTests.TSPacketBarrier" name="TimeToNextFrame_CalledBeforeFirstPacket_ThrowsInvalidOperationException" />
    </UnitTest>
    <UnitTest name="Start_DRMInitDataFound_PublishesDRMInitData(StartForUrl)" storage="g:\code\github\juvo-player\juvoplayer.tests\bin\debug\netcoreapp2.0\juvoplayer.tests.dll" id="d7ac1929-9b02-b83c-c131-e7b03e1000aa">
      <Execution id="8aa2d848-2da2-4d9d-991c-f1ab230820e7" />
      <TestMethod codeBase="G:\CODE\github\juvo-player\JuvoPlayer.Tests\bin\Debug\netcoreapp2.0\JuvoPlayer.Tests.dll" adapterTypeName="executor://nunit3testexecutor/" className="JuvoPlayer.Tests.UnitTests.TSDemuxerController" name="Start_DRMInitDataFound_PublishesDRMInitData(StartForUrl)" />
    </UnitTest>
    <UnitTest name="ResolveByPath_InvalidPath_ReturnInvalidFormat" storage="g:\code\github\juvo-player\juvoplayer.tests\bin\debug\netcoreapp2.0\juvoplayer.tests.dll" id="1f7bba7b-44c7-d415-228c-13d53a0e097d">
      <Execution id="f42f5260-bbef-46a2-88f4-2f56d799f77c" />
      <TestMethod codeBase="G:\CODE\github\juvo-player\JuvoPlayer.Tests\bin\Debug\netcoreapp2.0\JuvoPlayer.Tests.dll" adapterTypeName="executor://nunit3testexecutor/" className="JuvoPlayer.Tests.UnitTests.TSSubtitleFormatResolver" name="ResolveByPath_InvalidPath_ReturnInvalidFormat" />
    </UnitTest>
    <UnitTest name="Parse_DifferentEncodings_ParsesSuccessfully(&quot;JuvoPlayer.Tests.res.subtitles.subtitles_en.vtt&quot;,&quot;utf-8&quot;,&quot;A dangerous quest for a lone hunter.&quot;)" storage="g:\code\github\juvo-player\juvoplayer.tests\bin\debug\netcoreapp2.0\juvoplayer.tests.dll" id="fdaaee40-d5ec-3d57-52e3-ba061dbf8ab8">
      <Execution id="f64a5190-8dff-4c59-9afc-b4ddcf749766" />
      <TestMethod codeBase="G:\CODE\github\juvo-player\JuvoPlayer.Tests\bin\Debug\netcoreapp2.0\JuvoPlayer.Tests.dll" adapterTypeName="executor://nunit3testexecutor/" className="JuvoPlayer.Tests.IntegrationTests.TSSubtitleFacade" name="Parse_DifferentEncodings_ParsesSuccessfully(&quot;JuvoPlayer.Tests.res.subtitles.subtitles_en.vtt&quot;,&quot;utf-8&quot;,&quot;A dangerous quest for a lone hunter.&quot;)" />
    </UnitTest>
    <UnitTest name="Serialization_AllOperationsSerialized_DeserializedProperly" storage="g:\code\github\juvo-player\juvoplayer.tests\bin\debug\netcoreapp2.0\juvoplayer.tests.dll" id="f7156c87-b8b9-0e61-1608-47647affb3d9">
      <Execution id="9a129366-15c3-467c-903d-2932a35482f8" />
      <TestMethod codeBase="G:\CODE\github\juvo-player\JuvoPlayer.Tests\bin\Debug\netcoreapp2.0\JuvoPlayer.Tests.dll" adapterTypeName="executor://nunit3testexecutor/" className="JuvoPlayer.Tests.IntegrationTests.TSOperationSerializer" name="Serialization_AllOperationsSerialized_DeserializedProperly" />
    </UnitTest>
    <UnitTest name="TestConfigureMultipleTimes" storage="g:\code\github\juvo-player\juvoplayer.tests\bin\debug\netcoreapp2.0\juvoplayer.tests.dll" id="6ec026f1-46c9-6133-cbd4-a87c07ad774c">
      <Execution id="8a85bb04-9432-4bc1-b782-35a3333a98b9" />
      <TestMethod codeBase="G:\CODE\github\juvo-player\JuvoPlayer.Tests\bin\Debug\netcoreapp2.0\JuvoPlayer.Tests.dll" adapterTypeName="executor://nunit3testexecutor/" className="JuvoPlayer.Tests.UnitTests.TSLoggerManager" name="TestConfigureMultipleTimes" />
    </UnitTest>
    <UnitTest name="DeserializeJsonText_ThrowsEmpty" storage="g:\code\github\juvo-player\juvoplayer.tests\bin\debug\netcoreapp2.0\juvoplayer.tests.dll" id="f01d921c-ca10-b5d1-27ad-327291be9d87">
      <Execution id="a2c1082c-8bb6-466e-8346-99ae3c3cf810" />
      <TestMethod codeBase="G:\CODE\github\juvo-player\JuvoPlayer.Tests\bin\Debug\netcoreapp2.0\JuvoPlayer.Tests.dll" adapterTypeName="executor://nunit3testexecutor/" className="JuvoPlayer.Tests.IntegrationTests.JSONFileReaderTests" name="DeserializeJsonText_ThrowsEmpty" />
    </UnitTest>
    <UnitTest name="TestConsoleLogger" storage="g:\code\github\juvo-player\juvoplayer.tests\bin\debug\netcoreapp2.0\juvoplayer.tests.dll" id="0b3f14e6-954c-5a2d-85d5-9644a0e349e2">
      <Execution id="f4b1b847-b4b4-4bdb-bba3-e07cd3cffa8a" />
      <TestMethod codeBase="G:\CODE\github\juvo-player\JuvoPlayer.Tests\bin\Debug\netcoreapp2.0\JuvoPlayer.Tests.dll" adapterTypeName="executor://nunit3testexecutor/" className="JuvoPlayer.Tests.UnitTests.TSLoggerBase" name="TestConsoleLogger" />
    </UnitTest>
    <UnitTest name="GetDrmType_ValidType_ReturnsValid(&quot;playready&quot;,PlayReady)" storage="g:\code\github\juvo-player\juvoplayer.tests\bin\debug\netcoreapp2.0\juvoplayer.tests.dll" id="a6d0eb97-9095-37a6-7ebf-53f8881d60f0">
      <Execution id="1941a7fe-4707-458a-8b09-e7cbaab156e9" />
      <TestMethod codeBase="G:\CODE\github\juvo-player\JuvoPlayer.Tests\bin\Debug\netcoreapp2.0\JuvoPlayer.Tests.dll" adapterTypeName="executor://nunit3testexecutor/" className="JuvoPlayer.Tests.UnitTests.TSCencUtils" name="GetDrmType_ValidType_ReturnsValid(&quot;playready&quot;,PlayReady)" />
    </UnitTest>
    <UnitTest name="OnAppendPacket_WhenConfigured_CallsContextExtraDataHandler" storage="g:\code\github\juvo-player\juvoplayer.tests\bin\debug\netcoreapp2.0\juvoplayer.tests.dll" id="cf536672-6dbb-41a2-84f9-ab59c52d810f">
      <Execution id="3d05406d-4788-4b27-8088-8f59266a607a" />
      <TestMethod codeBase="G:\CODE\github\juvo-player\JuvoPlayer.Tests\bin\Debug\netcoreapp2.0\JuvoPlayer.Tests.dll" adapterTypeName="executor://nunit3testexecutor/" className="JuvoPlayer.Tests.UnitTests.TSPacketStream" name="OnAppendPacket_WhenConfigured_CallsContextExtraDataHandler" />
    </UnitTest>
    <UnitTest name="Reached_SecondPacketIsNonDataPacket_BarrierIsNotReached" storage="g:\code\github\juvo-player\juvoplayer.tests\bin\debug\netcoreapp2.0\juvoplayer.tests.dll" id="0d59dc87-668a-e439-20c3-2f6fcc18afb6">
      <Execution id="04cb8f83-b51e-4c2d-a4be-cfc4fe8dafaa" />
      <TestMethod codeBase="G:\CODE\github\juvo-player\JuvoPlayer.Tests\bin\Debug\netcoreapp2.0\JuvoPlayer.Tests.dll" adapterTypeName="executor://nunit3testexecutor/" className="JuvoPlayer.Tests.UnitTests.TSPacketBarrier" name="Reached_SecondPacketIsNonDataPacket_BarrierIsNotReached" />
    </UnitTest>
    <UnitTest name="Reached_SecondPacketDoesntReachBarrier_BarrierIsNotReached" storage="g:\code\github\juvo-player\juvoplayer.tests\bin\debug\netcoreapp2.0\juvoplayer.tests.dll" id="f81baf0f-ead9-5f35-fa39-b734665fe9b1">
      <Execution id="77131525-d463-4ddc-a211-f53362b9650b" />
      <TestMethod codeBase="G:\CODE\github\juvo-player\JuvoPlayer.Tests\bin\Debug\netcoreapp2.0\JuvoPlayer.Tests.dll" adapterTypeName="executor://nunit3testexecutor/" className="JuvoPlayer.Tests.UnitTests.TSPacketBarrier" name="Reached_SecondPacketDoesntReachBarrier_BarrierIsNotReached" />
    </UnitTest>
    <UnitTest name="Serialization_OperationSerialized_DeserializedProperly(JuvoPlayer.Tests.Utils.DelayOperation)" storage="g:\code\github\juvo-player\juvoplayer.tests\bin\debug\netcoreapp2.0\juvoplayer.tests.dll" id="88dd71ef-8824-feb9-a45c-d465619740f7">
      <Execution id="8a0fd254-b9e3-4d42-855d-93afeeba0527" />
      <TestMethod codeBase="G:\CODE\github\juvo-player\JuvoPlayer.Tests\bin\Debug\netcoreapp2.0\JuvoPlayer.Tests.dll" adapterTypeName="executor://nunit3testexecutor/" className="JuvoPlayer.Tests.IntegrationTests.TSOperationSerializer" name="Serialization_OperationSerialized_DeserializedProperly(JuvoPlayer.Tests.Utils.DelayOperation)" />
    </UnitTest>
    <UnitTest name="TestConfigureWithDefaultLevels" storage="g:\code\github\juvo-player\juvoplayer.tests\bin\debug\netcoreapp2.0\juvoplayer.tests.dll" id="34dfc2c1-12c5-e35a-2da9-15862f421a1f">
      <Execution id="5ed6984c-d2db-4c04-8819-4612c8e443ba" />
      <TestMethod codeBase="G:\CODE\github\juvo-player\JuvoPlayer.Tests\bin\Debug\netcoreapp2.0\JuvoPlayer.Tests.dll" adapterTypeName="executor://nunit3testexecutor/" className="JuvoPlayer.Tests.UnitTests.TSLoggerManager" name="TestConfigureWithDefaultLevels" />
    </UnitTest>
    <UnitTest name="Reset_Called_DeallocsAVFormatContext(ForEs)" storage="g:\code\github\juvo-player\juvoplayer.tests\bin\debug\netcoreapp2.0\juvoplayer.tests.dll" id="18ddabc1-b1c8-c549-5717-a273d4ac0a3e">
      <Execution id="500456e1-2c23-4428-bb35-e4185f0a0734" />
      <TestMethod codeBase="G:\CODE\github\juvo-player\JuvoPlayer.Tests\bin\Debug\netcoreapp2.0\JuvoPlayer.Tests.dll" adapterTypeName="executor://nunit3testexecutor/" className="JuvoPlayer.Tests.UnitTests.TSFFmpegDemuxer" name="Reset_Called_DeallocsAVFormatContext(ForEs)" />
    </UnitTest>
    <UnitTest name="End_LessThanBegin_ThrowsArgumentException" storage="g:\code\github\juvo-player\juvoplayer.tests\bin\debug\netcoreapp2.0\juvoplayer.tests.dll" id="17fa2bb9-6058-ffa9-3803-d58553ec74eb">
      <Execution id="3f5c5e9b-5696-43ae-ab12-ce3d35767155" />
      <TestMethod codeBase="G:\CODE\github\juvo-player\JuvoPlayer.Tests\bin\Debug\netcoreapp2.0\JuvoPlayer.Tests.dll" adapterTypeName="executor://nunit3testexecutor/" className="JuvoPlayer.Tests.UnitTests.TSCue" name="End_LessThanBegin_ThrowsArgumentException" />
    </UnitTest>
    <UnitTest name="Parse_DifferentEncodings_ParsesSuccessfully(&quot;JuvoPlayer.Tests.res.subtitles.media_player_subs_cp-949.srt&quot;,&quot;euc-kr&quot;,&quot;[Korean] 3.5: 그녀는 고양이가. 고양이 모피를 가지고&quot;)" storage="g:\code\github\juvo-player\juvoplayer.tests\bin\debug\netcoreapp2.0\juvoplayer.tests.dll" id="292b8184-3595-15f3-6608-17958c811f3c">
      <Execution id="1e5399d9-c366-4a28-bf66-e2476b6f1f23" />
      <TestMethod codeBase="G:\CODE\github\juvo-player\JuvoPlayer.Tests\bin\Debug\netcoreapp2.0\JuvoPlayer.Tests.dll" adapterTypeName="executor://nunit3testexecutor/" className="JuvoPlayer.Tests.IntegrationTests.TSSubtitleFacade" name="Parse_DifferentEncodings_ParsesSuccessfully(&quot;JuvoPlayer.Tests.res.subtitles.media_player_subs_cp-949.srt&quot;,&quot;euc-kr&quot;,&quot;[Korean] 3.5: 그녀는 고양이가. 고양이 모피를 가지고&quot;)" />
    </UnitTest>
    <UnitTest name="Seek_CalledWhenPaused_DoesntDemuxNextPacket" storage="g:\code\github\juvo-player\juvoplayer.tests\bin\debug\netcoreapp2.0\juvoplayer.tests.dll" id="c0e373ae-3e15-775d-5f9d-a8c872e8b285">
      <Execution id="3c015982-128f-4916-a192-417fd1d0f2df" />
      <TestMethod codeBase="G:\CODE\github\juvo-player\JuvoPlayer.Tests\bin\Debug\netcoreapp2.0\JuvoPlayer.Tests.dll" adapterTypeName="executor://nunit3testexecutor/" className="JuvoPlayer.Tests.UnitTests.TSDemuxerController" name="Seek_CalledWhenPaused_DoesntDemuxNextPacket" />
    </UnitTest>
    <UnitTest name="Start_PacketsDemuxed_PublishesPackets(StartForEs)" storage="g:\code\github\juvo-player\juvoplayer.tests\bin\debug\netcoreapp2.0\juvoplayer.tests.dll" id="af40adc3-6ce4-fbdb-f50c-26697781469d">
      <Execution id="d4428f46-0c81-45e8-8222-dd10b596556d" />
      <TestMethod codeBase="G:\CODE\github\juvo-player\JuvoPlayer.Tests\bin\Debug\netcoreapp2.0\JuvoPlayer.Tests.dll" adapterTypeName="executor://nunit3testexecutor/" className="JuvoPlayer.Tests.UnitTests.TSDemuxerController" name="Start_PacketsDemuxed_PublishesPackets(StartForEs)" />
    </UnitTest>
    <UnitTest name="RegisterDataProviderFactory_OK" storage="g:\code\github\juvo-player\juvoplayer.tests\bin\debug\netcoreapp2.0\juvoplayer.tests.dll" id="598bfb59-b210-6d51-5dff-24428bdd49a7">
      <Execution id="1eb63a1e-4bc0-477e-b52b-b89713df00b6" />
      <TestMethod codeBase="G:\CODE\github\juvo-player\JuvoPlayer.Tests\bin\Debug\netcoreapp2.0\JuvoPlayer.Tests.dll" adapterTypeName="executor://nunit3testexecutor/" className="JuvoPlayer.Tests.UnitTests.DataProviderFactoryManagerTests" name="RegisterDataProviderFactory_OK" />
    </UnitTest>
    <UnitTest name="ParseText_TextHasOneLine_ParsesSuccessfullyWithoutNewLine" storage="g:\code\github\juvo-player\juvoplayer.tests\bin\debug\netcoreapp2.0\juvoplayer.tests.dll" id="8eee559b-f88d-5f49-738c-7ba028df49b7">
      <Execution id="bffff0f1-5086-4dd9-9c76-3f753c761928" />
      <TestMethod codeBase="G:\CODE\github\juvo-player\JuvoPlayer.Tests\bin\Debug\netcoreapp2.0\JuvoPlayer.Tests.dll" adapterTypeName="executor://nunit3testexecutor/" className="JuvoPlayer.Tests.UnitTests.TSParserUtils" name="ParseText_TextHasOneLine_ParsesSuccessfullyWithoutNewLine" />
    </UnitTest>
    <UnitTest name="ParseTimeLine_TimeLineIsInvalid_ThrowsFormatException(&quot;01:18.171 01:20.171&quot;)" storage="g:\code\github\juvo-player\juvoplayer.tests\bin\debug\netcoreapp2.0\juvoplayer.tests.dll" id="9681c4d5-bb9b-2329-b528-bc4805c08192">
      <Execution id="125eed18-a9a0-4e7d-8359-3215e541a1e3" />
      <TestMethod codeBase="G:\CODE\github\juvo-player\JuvoPlayer.Tests\bin\Debug\netcoreapp2.0\JuvoPlayer.Tests.dll" adapterTypeName="executor://nunit3testexecutor/" className="JuvoPlayer.Tests.UnitTests.TSWebVttSubtitleParser" name="ParseTimeLine_TimeLineIsInvalid_ThrowsFormatException(&quot;01:18.171 01:20.171&quot;)" />
    </UnitTest>
    <UnitTest name="Reset_Called_DeallocsAVFormatContext(ForUrl)" storage="g:\code\github\juvo-player\juvoplayer.tests\bin\debug\netcoreapp2.0\juvoplayer.tests.dll" id="2451296b-865e-f1ac-6397-248629b7319a">
      <Execution id="7ff6196d-4301-4999-a621-356095f07085" />
      <TestMethod codeBase="G:\CODE\github\juvo-player\JuvoPlayer.Tests\bin\Debug\netcoreapp2.0\JuvoPlayer.Tests.dll" adapterTypeName="executor://nunit3testexecutor/" className="JuvoPlayer.Tests.UnitTests.TSFFmpegDemuxer" name="Reset_Called_DeallocsAVFormatContext(ForUrl)" />
    </UnitTest>
    <UnitTest name="SchemeIdUriToSystemId_PlayReadySchemeId_ReturnsSystemId" storage="g:\code\github\juvo-player\juvoplayer.tests\bin\debug\netcoreapp2.0\juvoplayer.tests.dll" id="6682c8f3-9c28-94a7-d656-217500880b94">
      <Execution id="f498fc01-e52d-4872-a508-d006c230a32c" />
      <TestMethod codeBase="G:\CODE\github\juvo-player\JuvoPlayer.Tests\bin\Debug\netcoreapp2.0\JuvoPlayer.Tests.dll" adapterTypeName="executor://nunit3testexecutor/" className="JuvoPlayer.Tests.UnitTests.TSCencUtils" name="SchemeIdUriToSystemId_PlayReadySchemeId_ReturnsSystemId" />
    </UnitTest>
    <UnitTest name="Begin_LessThanEnd_SetsSuccessfully" storage="g:\code\github\juvo-player\juvoplayer.tests\bin\debug\netcoreapp2.0\juvoplayer.tests.dll" id="277f52da-2282-9c65-51fe-2a9bdc6748b7">
      <Execution id="d4ed56e8-7224-479c-aca5-a893dd12e5b0" />
      <TestMethod codeBase="G:\CODE\github\juvo-player\JuvoPlayer.Tests\bin\Debug\netcoreapp2.0\JuvoPlayer.Tests.dll" adapterTypeName="executor://nunit3testexecutor/" className="JuvoPlayer.Tests.UnitTests.TSCue" name="Begin_LessThanEnd_SetsSuccessfully" />
    </UnitTest>
    <UnitTest name="ParseTime_WhenTimeFormatIsInvalid_ThrowsFormatException(&quot;&quot;)" storage="g:\code\github\juvo-player\juvoplayer.tests\bin\debug\netcoreapp2.0\juvoplayer.tests.dll" id="3f7ea52d-8fbc-14ce-b76b-689a6ecb938b">
      <Execution id="84fce072-6152-4a01-8e0c-192b230e1be1" />
      <TestMethod codeBase="G:\CODE\github\juvo-player\JuvoPlayer.Tests\bin\Debug\netcoreapp2.0\JuvoPlayer.Tests.dll" adapterTypeName="executor://nunit3testexecutor/" className="JuvoPlayer.Tests.UnitTests.TSSrtSubtitleParser" name="ParseTime_WhenTimeFormatIsInvalid_ThrowsFormatException(&quot;&quot;)" />
    </UnitTest>
    <UnitTest name="ParseTimeLine_TimeLineIsInvalid_ThrowsFormatException(&quot;01:18.171 -&gt; 01:20.171&quot;)" storage="g:\code\github\juvo-player\juvoplayer.tests\bin\debug\netcoreapp2.0\juvoplayer.tests.dll" id="ff9a04ff-fa9e-340b-3ecc-b843a9161f2d">
      <Execution id="a227b9be-413a-4567-a9b3-3261b5f5876d" />
      <TestMethod codeBase="G:\CODE\github\juvo-player\JuvoPlayer.Tests\bin\Debug\netcoreapp2.0\JuvoPlayer.Tests.dll" adapterTypeName="executor://nunit3testexecutor/" className="JuvoPlayer.Tests.UnitTests.TSWebVttSubtitleParser" name="ParseTimeLine_TimeLineIsInvalid_ThrowsFormatException(&quot;01:18.171 -&gt; 01:20.171&quot;)" />
    </UnitTest>
    <UnitTest name="DeserializeJsonText_ThrowsNull" storage="g:\code\github\juvo-player\juvoplayer.tests\bin\debug\netcoreapp2.0\juvoplayer.tests.dll" id="6d33e4a5-ae74-c82a-5d2b-0a3770f1919a">
      <Execution id="53ceb428-18cd-405f-b308-232d2eb6c004" />
      <TestMethod codeBase="G:\CODE\github\juvo-player\JuvoPlayer.Tests\bin\Debug\netcoreapp2.0\JuvoPlayer.Tests.dll" adapterTypeName="executor://nunit3testexecutor/" className="JuvoPlayer.Tests.IntegrationTests.JSONFileReaderTests" name="DeserializeJsonText_ThrowsNull" />
    </UnitTest>
    <UnitTest name="Init_CalledSecondTime_ThrowsInvalidOperationException(ForEs)" storage="g:\code\github\juvo-player\juvoplayer.tests\bin\debug\netcoreapp2.0\juvoplayer.tests.dll" id="94d95040-3698-185d-5d6f-562ab37711a4">
      <Execution id="ed476eb1-42c6-4622-b18e-ef7885dcd4fd" />
      <TestMethod codeBase="G:\CODE\github\juvo-player\JuvoPlayer.Tests\bin\Debug\netcoreapp2.0\JuvoPlayer.Tests.dll" adapterTypeName="executor://nunit3testexecutor/" className="JuvoPlayer.Tests.UnitTests.TSFFmpegDemuxer" name="Init_CalledSecondTime_ThrowsInvalidOperationException(ForEs)" />
    </UnitTest>
    <UnitTest name="ParseTimeLine_WhenTimeIsValid_ReturnsExpectedBeginAndEnd" storage="g:\code\github\juvo-player\juvoplayer.tests\bin\debug\netcoreapp2.0\juvoplayer.tests.dll" id="f87db683-3a8e-4544-d4a4-bec956bf3b3f">
      <Execution id="a6a14473-d234-4a8d-b9b1-9d6f91dc3104" />
      <TestMethod codeBase="G:\CODE\github\juvo-player\JuvoPlayer.Tests\bin\Debug\netcoreapp2.0\JuvoPlayer.Tests.dll" adapterTypeName="executor://nunit3testexecutor/" className="JuvoPlayer.Tests.UnitTests.TSSrtSubtitleParser" name="ParseTimeLine_WhenTimeIsValid_ReturnsExpectedBeginAndEnd" />
    </UnitTest>
    <UnitTest name="GetDrmType_ValidType_ReturnsValid(&quot;widevine&quot;,Widevine)" storage="g:\code\github\juvo-player\juvoplayer.tests\bin\debug\netcoreapp2.0\juvoplayer.tests.dll" id="3007bb0c-41a6-c578-20f7-6fe2cf8444cb">
      <Execution id="3ad0fab1-73de-4351-97e5-34a44f05c982" />
      <TestMethod codeBase="G:\CODE\github\juvo-player\JuvoPlayer.Tests\bin\Debug\netcoreapp2.0\JuvoPlayer.Tests.dll" adapterTypeName="executor://nunit3testexecutor/" className="JuvoPlayer.Tests.UnitTests.TSCencUtils" name="GetDrmType_ValidType_ReturnsValid(&quot;widevine&quot;,Widevine)" />
    </UnitTest>
    <UnitTest name="LoadAsNetworkResource_UrlIsValid_LoadsResource" storage="g:\code\github\juvo-player\juvoplayer.tests\bin\debug\netcoreapp2.0\juvoplayer.tests.dll" id="32a4594b-b1ea-44dc-9f50-e88fff32aca7">
      <Execution id="8a10f9cf-9ec0-4565-916d-6270db5ed543" />
      <TestMethod codeBase="G:\CODE\github\juvo-player\JuvoPlayer.Tests\bin\Debug\netcoreapp2.0\JuvoPlayer.Tests.dll" adapterTypeName="executor://nunit3testexecutor/" className="JuvoPlayer.Tests.UnitTests.TSResourceLoader" name="LoadAsNetworkResource_UrlIsValid_LoadsResource" />
    </UnitTest>
    <UnitTest name="HasAVMedia_OK" storage="g:\code\github\juvo-player\juvoplayer.tests\bin\debug\netcoreapp2.0\juvoplayer.tests.dll" id="08fa8c0b-a89b-568b-783e-bb49d811f5cb">
      <Execution id="d9540e24-381e-4629-9502-f8b5615b4b32" />
      <TestMethod codeBase="G:\CODE\github\juvo-player\JuvoPlayer.Tests\bin\Debug\netcoreapp2.0\JuvoPlayer.Tests.dll" adapterTypeName="executor://nunit3testexecutor/" className="JuvoPlayer.Tests.UnitTests.TSMPDParser" name="HasAVMedia_OK" />
    </UnitTest>
    <UnitTest name="Start_DemuxerInitFails_PublishesDemuxerError(StartForUrl)" storage="g:\code\github\juvo-player\juvoplayer.tests\bin\debug\netcoreapp2.0\juvoplayer.tests.dll" id="29bfe808-3bba-cdc2-53ed-a6509a64d330">
      <Execution id="e07a6039-9605-4c1b-9157-cad69e002fa5" />
      <TestMethod codeBase="G:\CODE\github\juvo-player\JuvoPlayer.Tests\bin\Debug\netcoreapp2.0\JuvoPlayer.Tests.dll" adapterTypeName="executor://nunit3testexecutor/" className="JuvoPlayer.Tests.UnitTests.TSDemuxerController" name="Start_DemuxerInitFails_PublishesDemuxerError(StartForUrl)" />
    </UnitTest>
    <UnitTest name="Init_StreamConfigAvailable_ReturnsStreamConfig(ForUrl)" storage="g:\code\github\juvo-player\juvoplayer.tests\bin\debug\netcoreapp2.0\juvoplayer.tests.dll" id="0e065e73-d47f-3a00-98d6-e8eb7ca6357c">
      <Execution id="f6e13465-896f-4c4d-b98e-41684425889d" />
      <TestMethod codeBase="G:\CODE\github\juvo-player\JuvoPlayer.Tests\bin\Debug\netcoreapp2.0\JuvoPlayer.Tests.dll" adapterTypeName="executor://nunit3testexecutor/" className="JuvoPlayer.Tests.UnitTests.TSFFmpegDemuxer" name="Init_StreamConfigAvailable_ReturnsStreamConfig(ForUrl)" />
    </UnitTest>
    <UnitTest name="Serialization_OperationSerialized_DeserializedProperly(JuvoPlayer.Tests.Utils.PrepareOperation)" storage="g:\code\github\juvo-player\juvoplayer.tests\bin\debug\netcoreapp2.0\juvoplayer.tests.dll" id="1d410506-c13a-9a12-e32f-3b0fb711ffd3">
      <Execution id="e8c7c8ea-80b6-4200-a570-6286b4b1a07d" />
      <TestMethod codeBase="G:\CODE\github\juvo-player\JuvoPlayer.Tests\bin\Debug\netcoreapp2.0\JuvoPlayer.Tests.dll" adapterTypeName="executor://nunit3testexecutor/" className="JuvoPlayer.Tests.IntegrationTests.TSOperationSerializer" name="Serialization_OperationSerialized_DeserializedProperly(JuvoPlayer.Tests.Utils.PrepareOperation)" />
    </UnitTest>
    <UnitTest name="Serialization_OperationSerialized_DeserializedProperly(JuvoPlayer.Tests.Utils.PauseOperation)" storage="g:\code\github\juvo-player\juvoplayer.tests\bin\debug\netcoreapp2.0\juvoplayer.tests.dll" id="864940c8-b53d-5e0a-9ab8-2ad580ee97c1">
      <Execution id="dcfb890f-ce04-4f6b-befd-5b44e8190de6" />
      <TestMethod codeBase="G:\CODE\github\juvo-player\JuvoPlayer.Tests\bin\Debug\netcoreapp2.0\JuvoPlayer.Tests.dll" adapterTypeName="executor://nunit3testexecutor/" className="JuvoPlayer.Tests.IntegrationTests.TSOperationSerializer" name="Serialization_OperationSerialized_DeserializedProperly(JuvoPlayer.Tests.Utils.PauseOperation)" />
    </UnitTest>
    <UnitTest name="ParseTime_TimeFormatIsInvalid_ThrowsFormatException(null)" storage="g:\code\github\juvo-player\juvoplayer.tests\bin\debug\netcoreapp2.0\juvoplayer.tests.dll" id="24b81133-6183-4881-a72c-c0d4de113274">
      <Execution id="fb1d0312-6aca-4af8-9e8d-09bf17dfb5f3" />
      <TestMethod codeBase="G:\CODE\github\juvo-player\JuvoPlayer.Tests\bin\Debug\netcoreapp2.0\JuvoPlayer.Tests.dll" adapterTypeName="executor://nunit3testexecutor/" className="JuvoPlayer.Tests.UnitTests.TSWebVttSubtitleParser" name="ParseTime_TimeFormatIsInvalid_ThrowsFormatException(null)" />
    </UnitTest>
    <UnitTest name="Serialization_OperationSerialized_DeserializedProperly(JuvoPlayer.Tests.Utils.StopOperation)" storage="g:\code\github\juvo-player\juvoplayer.tests\bin\debug\netcoreapp2.0\juvoplayer.tests.dll" id="1401be64-9b1a-fe9c-cbe7-91ee817fac69">
      <Execution id="4da94e55-987f-4fab-8b30-2b9b3734dc1d" />
      <TestMethod codeBase="G:\CODE\github\juvo-player\JuvoPlayer.Tests\bin\Debug\netcoreapp2.0\JuvoPlayer.Tests.dll" adapterTypeName="executor://nunit3testexecutor/" className="JuvoPlayer.Tests.IntegrationTests.TSOperationSerializer" name="Serialization_OperationSerialized_DeserializedProperly(JuvoPlayer.Tests.Utils.StopOperation)" />
    </UnitTest>
    <UnitTest name="Init_CalledSecondTime_ThrowsInvalidOperationException(ForUrl)" storage="g:\code\github\juvo-player\juvoplayer.tests\bin\debug\netcoreapp2.0\juvoplayer.tests.dll" id="5aba6d27-4c6f-ae2f-cf75-baaf7277a3aa">
      <Execution id="27a2f126-bf20-467e-8945-54a8d4aa86ef" />
      <TestMethod codeBase="G:\CODE\github\juvo-player\JuvoPlayer.Tests\bin\Debug\netcoreapp2.0\JuvoPlayer.Tests.dll" adapterTypeName="executor://nunit3testexecutor/" className="JuvoPlayer.Tests.UnitTests.TSFFmpegDemuxer" name="Init_CalledSecondTime_ThrowsInvalidOperationException(ForUrl)" />
    </UnitTest>
    <UnitTest name="TestValidConfig" storage="g:\code\github\juvo-player\juvoplayer.tests\bin\debug\netcoreapp2.0\juvoplayer.tests.dll" id="5da37516-dacb-d422-fbee-12efa0638ad9">
      <Execution id="f6ab284d-a538-4828-8038-b4598451aa57" />
      <TestMethod codeBase="G:\CODE\github\juvo-player\JuvoPlayer.Tests\bin\Debug\netcoreapp2.0\JuvoPlayer.Tests.dll" adapterTypeName="executor://nunit3testexecutor/" className="JuvoPlayer.Tests.UnitTests.TSConfigParser" name="TestValidConfig" />
    </UnitTest>
    <UnitTest name="Parse_DifferentEncodings_ParsesSuccessfully(&quot;JuvoPlayer.Tests.res.subtitles.media_player_subs_windows-1256.srt&quot;,&quot;windows-1256&quot;,&quot;[Arabic] 3.0: علاء ديه القط، والقط هو علاء&quot;)" storage="g:\code\github\juvo-player\juvoplayer.tests\bin\debug\netcoreapp2.0\juvoplayer.tests.dll" id="88bc5129-e7aa-8963-c140-f3fd33a92044">
      <Execution id="9247d215-52a5-4169-bd8b-4e95ee1f3770" />
      <TestMethod codeBase="G:\CODE\github\juvo-player\JuvoPlayer.Tests\bin\Debug\netcoreapp2.0\JuvoPlayer.Tests.dll" adapterTypeName="executor://nunit3testexecutor/" className="JuvoPlayer.Tests.IntegrationTests.TSSubtitleFacade" name="Parse_DifferentEncodings_ParsesSuccessfully(&quot;JuvoPlayer.Tests.res.subtitles.media_player_subs_windows-1256.srt&quot;,&quot;windows-1256&quot;,&quot;[Arabic] 3.0: علاء ديه القط، والقط هو علاء&quot;)" />
    </UnitTest>
    <UnitTest name="ParseTime_WhenTimeExceedsADay_ParsesSuccessfully" storage="g:\code\github\juvo-player\juvoplayer.tests\bin\debug\netcoreapp2.0\juvoplayer.tests.dll" id="a7854dd3-8d20-6641-2e3e-29ad46bbb531">
      <Execution id="264edd53-bf42-4269-ae37-2077642c1364" />
      <TestMethod codeBase="G:\CODE\github\juvo-player\JuvoPlayer.Tests\bin\Debug\netcoreapp2.0\JuvoPlayer.Tests.dll" adapterTypeName="executor://nunit3testexecutor/" className="JuvoPlayer.Tests.UnitTests.TSSrtSubtitleParser" name="ParseTime_WhenTimeExceedsADay_ParsesSuccessfully" />
    </UnitTest>
    <UnitTest name="Get_TwoAdjacentCuesAndGetForFirst_ReturnsFirstOne" storage="g:\code\github\juvo-player\juvoplayer.tests\bin\debug\netcoreapp2.0\juvoplayer.tests.dll" id="639b760f-d73b-dd9e-184b-d4fba82810a2">
      <Execution id="d9b2b241-50db-448a-91ee-1fe349916d82" />
      <TestMethod codeBase="G:\CODE\github\juvo-player\JuvoPlayer.Tests\bin\Debug\netcoreapp2.0\JuvoPlayer.Tests.dll" adapterTypeName="executor://nunit3testexecutor/" className="JuvoPlayer.Tests.UnitTests.TSCuesMap" name="Get_TwoAdjacentCuesAndGetForFirst_ReturnsFirstOne" />
    </UnitTest>
    <UnitTest name="SupportsSystemId_PlayReadySystemId_ReturnsTrue" storage="g:\code\github\juvo-player\juvoplayer.tests\bin\debug\netcoreapp2.0\juvoplayer.tests.dll" id="03900516-35b4-a3f2-ee8e-53c1d537ca19">
      <Execution id="7ecff617-51fc-40d0-a39a-1c0a8daa32d6" />
      <TestMethod codeBase="G:\CODE\github\juvo-player\JuvoPlayer.Tests\bin\Debug\netcoreapp2.0\JuvoPlayer.Tests.dll" adapterTypeName="executor://nunit3testexecutor/" className="JuvoPlayer.Tests.UnitTests.TSCencUtils" name="SupportsSystemId_PlayReadySystemId_ReturnsTrue" />
    </UnitTest>
    <UnitTest name="PacketReady_DemuxerSendsNullPacket_ProducesEOSPackets" storage="g:\code\github\juvo-player\juvoplayer.tests\bin\debug\netcoreapp2.0\juvoplayer.tests.dll" id="843772ee-7171-937b-ee83-555f894077cb">
      <Execution id="afedca6b-a8b8-4dc8-8461-d21e319a3438" />
      <TestMethod codeBase="G:\CODE\github\juvo-player\JuvoPlayer.Tests\bin\Debug\netcoreapp2.0\JuvoPlayer.Tests.dll" adapterTypeName="executor://nunit3testexecutor/" className="JuvoPlayer.Tests.UnitTests.TSHLSDataProvider" name="PacketReady_DemuxerSendsNullPacket_ProducesEOSPackets" />
    </UnitTest>
    <UnitTest name="Reset_Called_DeallocsAVIOFormatContext" storage="g:\code\github\juvo-player\juvoplayer.tests\bin\debug\netcoreapp2.0\juvoplayer.tests.dll" id="da5a75b7-aa19-0293-49b5-3bd5a004ec15">
      <Execution id="be6e8eeb-3e6e-47b0-af33-0adca61fbd52" />
      <TestMethod codeBase="G:\CODE\github\juvo-player\JuvoPlayer.Tests\bin\Debug\netcoreapp2.0\JuvoPlayer.Tests.dll" adapterTypeName="executor://nunit3testexecutor/" className="JuvoPlayer.Tests.UnitTests.TSFFmpegDemuxer" name="Reset_Called_DeallocsAVIOFormatContext" />
    </UnitTest>
    <UnitTest name="Reached_CalledBeforeFirstPacket_ThrowsInvalidOperationException" storage="g:\code\github\juvo-player\juvoplayer.tests\bin\debug\netcoreapp2.0\juvoplayer.tests.dll" id="ce01ebcc-a3b9-cf57-b548-3aec0795ebd5">
      <Execution id="6aeb476c-cd8b-465b-b6f4-40feac44efd8" />
      <TestMethod codeBase="G:\CODE\github\juvo-player\JuvoPlayer.Tests\bin\Debug\netcoreapp2.0\JuvoPlayer.Tests.dll" adapterTypeName="executor://nunit3testexecutor/" className="JuvoPlayer.Tests.UnitTests.TSPacketBarrier" name="Reached_CalledBeforeFirstPacket_ThrowsInvalidOperationException" />
    </UnitTest>
    <UnitTest name="DeserializeJsonText_ThrowsInvalid" storage="g:\code\github\juvo-player\juvoplayer.tests\bin\debug\netcoreapp2.0\juvoplayer.tests.dll" id="5ca64586-df96-c4e0-6cbd-c37e2176547b">
      <Execution id="37b954ce-7291-45ae-936f-8f2dffe51046" />
      <TestMethod codeBase="G:\CODE\github\juvo-player\JuvoPlayer.Tests\bin\Debug\netcoreapp2.0\JuvoPlayer.Tests.dll" adapterTypeName="executor://nunit3testexecutor/" className="JuvoPlayer.Tests.IntegrationTests.JSONFileReaderTests" name="DeserializeJsonText_ThrowsInvalid" />
    </UnitTest>
    <UnitTest name="Serialization_OperationSerialized_DeserializedProperly(JuvoPlayer.Tests.Utils.RandomDelayOperation)" storage="g:\code\github\juvo-player\juvoplayer.tests\bin\debug\netcoreapp2.0\juvoplayer.tests.dll" id="941c0021-a8fe-25b1-de50-c1e94e8c1fd9">
      <Execution id="351145c6-6c9b-4770-972e-f3d8729a6cb5" />
      <TestMethod codeBase="G:\CODE\github\juvo-player\JuvoPlayer.Tests\bin\Debug\netcoreapp2.0\JuvoPlayer.Tests.dll" adapterTypeName="executor://nunit3testexecutor/" className="JuvoPlayer.Tests.IntegrationTests.TSOperationSerializer" name="Serialization_OperationSerialized_DeserializedProperly(JuvoPlayer.Tests.Utils.RandomDelayOperation)" />
    </UnitTest>
    <UnitTest name="ParseTime_TimeFormatIsValid_ParsesSuccessfully(&quot;00:01:18.171&quot;,0,1,18,171)" storage="g:\code\github\juvo-player\juvoplayer.tests\bin\debug\netcoreapp2.0\juvoplayer.tests.dll" id="eae78d03-0df3-6019-5f3a-2a4efab1df85">
      <Execution id="2257192f-5811-4d69-baa3-a48138524377" />
      <TestMethod codeBase="G:\CODE\github\juvo-player\JuvoPlayer.Tests\bin\Debug\netcoreapp2.0\JuvoPlayer.Tests.dll" adapterTypeName="executor://nunit3testexecutor/" className="JuvoPlayer.Tests.UnitTests.TSWebVttSubtitleParser" name="ParseTime_TimeFormatIsValid_ParsesSuccessfully(&quot;00:01:18.171&quot;,0,1,18,171)" />
    </UnitTest>
    <UnitTest name="Pause_Called_DoesntRetrieveNextPacket(StartForEs)" storage="g:\code\github\juvo-player\juvoplayer.tests\bin\debug\netcoreapp2.0\juvoplayer.tests.dll" id="3f8dfde8-2658-03a7-336d-cc519ac91c3e">
      <Execution id="da57afd1-e9e5-43ff-9b6d-33bda74d9398" />
      <TestMethod codeBase="G:\CODE\github\juvo-player\JuvoPlayer.Tests\bin\Debug\netcoreapp2.0\JuvoPlayer.Tests.dll" adapterTypeName="executor://nunit3testexecutor/" className="JuvoPlayer.Tests.UnitTests.TSDemuxerController" name="Pause_Called_DoesntRetrieveNextPacket(StartForEs)" />
    </UnitTest>
    <UnitTest name="Parse_DifferentEncodings_ParsesSuccessfully(&quot;JuvoPlayer.Tests.res.subtitles.media_player_subs_windows-1251.srt&quot;,&quot;windows-1251&quot;,&quot;[Cyrylic] 5.0: Жж Зз Кк Лл Ыы Чч Щщ Ъъ Ыы Юю Яя&quot;)" storage="g:\code\github\juvo-player\juvoplayer.tests\bin\debug\netcoreapp2.0\juvoplayer.tests.dll" id="a696fe85-6892-5787-2988-b6dc32a7eaae">
      <Execution id="44ed1ce7-cfc1-4935-8f42-f30c1077196d" />
      <TestMethod codeBase="G:\CODE\github\juvo-player\JuvoPlayer.Tests\bin\Debug\netcoreapp2.0\JuvoPlayer.Tests.dll" adapterTypeName="executor://nunit3testexecutor/" className="JuvoPlayer.Tests.IntegrationTests.TSSubtitleFacade" name="Parse_DifferentEncodings_ParsesSuccessfully(&quot;JuvoPlayer.Tests.res.subtitles.media_player_subs_windows-1251.srt&quot;,&quot;windows-1251&quot;,&quot;[Cyrylic] 5.0: Жж Зз Кк Лл Ыы Чч Щщ Ъъ Ыы Юю Яя&quot;)" />
    </UnitTest>
    <UnitTest name="ParseTime_TimeFormatIsInvalid_ThrowsFormatException(&quot;00:00:00:00.0&quot;)" storage="g:\code\github\juvo-player\juvoplayer.tests\bin\debug\netcoreapp2.0\juvoplayer.tests.dll" id="79e155a0-4a41-3695-7dd9-360fb50ae27a">
      <Execution id="788d7502-5217-4b2e-9d7e-f9c34a92daa4" />
      <TestMethod codeBase="G:\CODE\github\juvo-player\JuvoPlayer.Tests\bin\Debug\netcoreapp2.0\JuvoPlayer.Tests.dll" adapterTypeName="executor://nunit3testexecutor/" className="JuvoPlayer.Tests.UnitTests.TSWebVttSubtitleParser" name="ParseTime_TimeFormatIsInvalid_ThrowsFormatException(&quot;00:00:00:00.0&quot;)" />
    </UnitTest>
    <UnitTest name="DeserializeJsonText_OK" storage="g:\code\github\juvo-player\juvoplayer.tests\bin\debug\netcoreapp2.0\juvoplayer.tests.dll" id="c2da144b-378e-b165-a41b-7b65e6d54970">
      <Execution id="37b8a73f-494e-4e5d-bfec-127b1c742b42" />
      <TestMethod codeBase="G:\CODE\github\juvo-player\JuvoPlayer.Tests\bin\Debug\netcoreapp2.0\JuvoPlayer.Tests.dll" adapterTypeName="executor://nunit3testexecutor/" className="JuvoPlayer.Tests.IntegrationTests.JSONFileReaderTests" name="DeserializeJsonText_OK" />
    </UnitTest>
    <UnitTest name="Start_StreamConfigFound_PublishesStreamConfig(StartForUrl)" storage="g:\code\github\juvo-player\juvoplayer.tests\bin\debug\netcoreapp2.0\juvoplayer.tests.dll" id="913bcb3f-29bc-fd1f-7c98-c387d71227d4">
      <Execution id="cf46f300-0883-4a50-b50c-66916f8b196c" />
      <TestMethod codeBase="G:\CODE\github\juvo-player\JuvoPlayer.Tests\bin\Debug\netcoreapp2.0\JuvoPlayer.Tests.dll" adapterTypeName="executor://nunit3testexecutor/" className="JuvoPlayer.Tests.UnitTests.TSDemuxerController" name="Start_StreamConfigFound_PublishesStreamConfig(StartForUrl)" />
    </UnitTest>
    <UnitTest name="SetDataSource_DataSourceCompletes_SignalsEos" storage="g:\code\github\juvo-player\juvoplayer.tests\bin\debug\netcoreapp2.0\juvoplayer.tests.dll" id="635a9c0c-0703-a7fe-f188-0e7aded18217">
      <Execution id="54314408-4541-437a-bc8d-3d6cced1dfd9" />
      <TestMethod codeBase="G:\CODE\github\juvo-player\JuvoPlayer.Tests\bin\Debug\netcoreapp2.0\JuvoPlayer.Tests.dll" adapterTypeName="executor://nunit3testexecutor/" className="JuvoPlayer.Tests.UnitTests.TSDemuxerController" name="SetDataSource_DataSourceCompletes_SignalsEos" />
    </UnitTest>
    <UnitTest name="HasRepresentation_OK" storage="g:\code\github\juvo-player\juvoplayer.tests\bin\debug\netcoreapp2.0\juvoplayer.tests.dll" id="b7fd9400-1bb5-081c-d5a3-25a6c282dcbe">
      <Execution id="1aede65c-4599-4afa-aff9-0296d7c29cd7" />
      <TestMethod codeBase="G:\CODE\github\juvo-player\JuvoPlayer.Tests\bin\Debug\netcoreapp2.0\JuvoPlayer.Tests.dll" adapterTypeName="executor://nunit3testexecutor/" className="JuvoPlayer.Tests.UnitTests.TSMPDParser" name="HasRepresentation_OK" />
    </UnitTest>
    <UnitTest name="DEBUG_MpdParser" storage="g:\code\github\juvo-player\juvoplayer.tests\bin\debug\netcoreapp2.0\juvoplayer.tests.dll" id="c78e9722-6d02-3845-ccf5-7d0c55504ab1">
      <Execution id="a763fbb0-62a8-427c-95f7-d852572d3032" />
      <TestMethod codeBase="G:\CODE\github\juvo-player\JuvoPlayer.Tests\bin\Debug\netcoreapp2.0\JuvoPlayer.Tests.dll" adapterTypeName="executor://nunit3testexecutor/" className="JuvoPlayer.Tests.DebugCode.MpdParserDebug" name="DEBUG_MpdParser" />
    </UnitTest>
    <UnitTest name="Compare_VariousTimes_ReturnsExpectedValues(25,1)" storage="g:\code\github\juvo-player\juvoplayer.tests\bin\debug\netcoreapp2.0\juvoplayer.tests.dll" id="9d43c9dd-9ed0-37ad-3810-cd0fa27c1b3a">
      <Execution id="957ea51e-cd72-4976-99bd-689aeecd7d2c" />
      <TestMethod codeBase="G:\CODE\github\juvo-player\JuvoPlayer.Tests\bin\Debug\netcoreapp2.0\JuvoPlayer.Tests.dll" adapterTypeName="executor://nunit3testexecutor/" className="JuvoPlayer.Tests.UnitTests.TSCue" name="Compare_VariousTimes_ReturnsExpectedValues(25,1)" />
    </UnitTest>
    <UnitTest name="Reset_Called_NextPacketNotCalledAfter(StartForEs)" storage="g:\code\github\juvo-player\juvoplayer.tests\bin\debug\netcoreapp2.0\juvoplayer.tests.dll" id="a16102ef-fcf8-a9c6-d66a-7b006e4ea6c9">
      <Execution id="bce9a208-01b0-4e46-9999-73c29ac6f04c" />
      <TestMethod codeBase="G:\CODE\github\juvo-player\JuvoPlayer.Tests\bin\Debug\netcoreapp2.0\JuvoPlayer.Tests.dll" adapterTypeName="executor://nunit3testexecutor/" className="JuvoPlayer.Tests.UnitTests.TSDemuxerController" name="Reset_Called_NextPacketNotCalledAfter(StartForEs)" />
    </UnitTest>
    <UnitTest name="Start_PacketDemuxed_PublishesPacket(StartForEs)" storage="g:\code\github\juvo-player\juvoplayer.tests\bin\debug\netcoreapp2.0\juvoplayer.tests.dll" id="e8822ed9-c52a-6461-1cf0-248853538bf9">
      <Execution id="d14de589-146b-469e-862f-1119fb4eddd0" />
      <TestMethod codeBase="G:\CODE\github\juvo-player\JuvoPlayer.Tests\bin\Debug\netcoreapp2.0\JuvoPlayer.Tests.dll" adapterTypeName="executor://nunit3testexecutor/" className="JuvoPlayer.Tests.UnitTests.TSDemuxerController" name="Start_PacketDemuxed_PublishesPacket(StartForEs)" />
    </UnitTest>
    <UnitTest name="XMLData_AppParserSysParser_same_OK" storage="g:\code\github\juvo-player\juvoplayer.tests\bin\debug\netcoreapp2.0\juvoplayer.tests.dll" id="320b5630-864f-a352-1987-972112f06fc2">
      <Execution id="16fca0a4-cc2c-462c-b97e-09f52db20783" />
      <TestMethod codeBase="G:\CODE\github\juvo-player\JuvoPlayer.Tests\bin\Debug\netcoreapp2.0\JuvoPlayer.Tests.dll" adapterTypeName="executor://nunit3testexecutor/" className="JuvoPlayer.Tests.UnitTests.TSMPDParser" name="XMLData_AppParserSysParser_same_OK" />
    </UnitTest>
    <UnitTest name="Compare_VariousTimes_ReturnsExpectedValues(10,0)" storage="g:\code\github\juvo-player\juvoplayer.tests\bin\debug\netcoreapp2.0\juvoplayer.tests.dll" id="57c0ae3c-c55a-4a36-bc50-46b8e916c8ec">
      <Execution id="849ace06-5de8-42a3-8d57-65718a1e4504" />
      <TestMethod codeBase="G:\CODE\github\juvo-player\JuvoPlayer.Tests\bin\Debug\netcoreapp2.0\JuvoPlayer.Tests.dll" adapterTypeName="executor://nunit3testexecutor/" className="JuvoPlayer.Tests.UnitTests.TSCue" name="Compare_VariousTimes_ReturnsExpectedValues(10,0)" />
    </UnitTest>
    <UnitTest name="TestConfigureWithNull" storage="g:\code\github\juvo-player\juvoplayer.tests\bin\debug\netcoreapp2.0\juvoplayer.tests.dll" id="c417f526-f617-d89a-9e27-2a222a15bac0">
      <Execution id="895bf7cb-ddee-4c30-9582-ca502c44e0ed" />
      <TestMethod codeBase="G:\CODE\github\juvo-player\JuvoPlayer.Tests\bin\Debug\netcoreapp2.0\JuvoPlayer.Tests.dll" adapterTypeName="executor://nunit3testexecutor/" className="JuvoPlayer.Tests.UnitTests.TSLoggerManager" name="TestConfigureWithNull" />
    </UnitTest>
    <UnitTest name="TimeToNextFrame_CalledWhenBarrierIsReached_ReturnsPositiveTime" storage="g:\code\github\juvo-player\juvoplayer.tests\bin\debug\netcoreapp2.0\juvoplayer.tests.dll" id="90bdca97-8eb4-c877-3c7b-3164b6f624b6">
      <Execution id="ec15c55f-a7e3-49bb-bd0e-5f062ab6735c" />
      <TestMethod codeBase="G:\CODE\github\juvo-player\JuvoPlayer.Tests\bin\Debug\netcoreapp2.0\JuvoPlayer.Tests.dll" adapterTypeName="executor://nunit3testexecutor/" className="JuvoPlayer.Tests.UnitTests.TSPacketBarrier" name="TimeToNextFrame_CalledWhenBarrierIsReached_ReturnsPositiveTime" />
    </UnitTest>
    <UnitTest name="GetScheme_PlayReadySystemId_ReturnsValid" storage="g:\code\github\juvo-player\juvoplayer.tests\bin\debug\netcoreapp2.0\juvoplayer.tests.dll" id="c09a9465-f15f-2431-e3ef-062999b6d76e">
      <Execution id="00c87ae8-85ec-4086-b924-c38803e6ef96" />
      <TestMethod codeBase="G:\CODE\github\juvo-player\JuvoPlayer.Tests\bin\Debug\netcoreapp2.0\JuvoPlayer.Tests.dll" adapterTypeName="executor://nunit3testexecutor/" className="JuvoPlayer.Tests.UnitTests.TSCencUtils" name="GetScheme_PlayReadySystemId_ReturnsValid" />
    </UnitTest>
    <UnitTest name="SupportsType_InvalidType_ReturnsFalse" storage="g:\code\github\juvo-player\juvoplayer.tests\bin\debug\netcoreapp2.0\juvoplayer.tests.dll" id="094b11a6-0532-7a03-8d14-df586e014bf7">
      <Execution id="885c7749-48bf-47fd-a012-e00142d9dd18" />
      <TestMethod codeBase="G:\CODE\github\juvo-player\JuvoPlayer.Tests\bin\Debug\netcoreapp2.0\JuvoPlayer.Tests.dll" adapterTypeName="executor://nunit3testexecutor/" className="JuvoPlayer.Tests.UnitTests.TSCencUtils" name="SupportsType_InvalidType_ReturnsFalse" />
    </UnitTest>
    <UnitTest name="Start_DRMInitDataFound_PublishesDRMInitData(StartForEs)" storage="g:\code\github\juvo-player\juvoplayer.tests\bin\debug\netcoreapp2.0\juvoplayer.tests.dll" id="14b24806-a082-47eb-f4a4-0872c3c59611">
      <Execution id="bf817da0-036a-4718-ba54-16686f101b1b" />
      <TestMethod codeBase="G:\CODE\github\juvo-player\JuvoPlayer.Tests\bin\Debug\netcoreapp2.0\JuvoPlayer.Tests.dll" adapterTypeName="executor://nunit3testexecutor/" className="JuvoPlayer.Tests.UnitTests.TSDemuxerController" name="Start_DRMInitDataFound_PublishesDRMInitData(StartForEs)" />
    </UnitTest>
    <UnitTest name="Init_DrmInitDataAvailable_ReturnsDrmInitData(ForEs)" storage="g:\code\github\juvo-player\juvoplayer.tests\bin\debug\netcoreapp2.0\juvoplayer.tests.dll" id="0df30c92-10e5-04f8-7ba8-ad81df080036">
      <Execution id="4353800a-4b57-4ce6-95a1-23c73f638a1f" />
      <TestMethod codeBase="G:\CODE\github\juvo-player\JuvoPlayer.Tests\bin\Debug\netcoreapp2.0\JuvoPlayer.Tests.dll" adapterTypeName="executor://nunit3testexecutor/" className="JuvoPlayer.Tests.UnitTests.TSFFmpegDemuxer" name="Init_DrmInitDataAvailable_ReturnsDrmInitData(ForEs)" />
    </UnitTest>
    <UnitTest name="CreateDataProvider_NotSupported" storage="g:\code\github\juvo-player\juvoplayer.tests\bin\debug\netcoreapp2.0\juvoplayer.tests.dll" id="372c9fce-3145-adc3-8977-856762fa7aac">
      <Execution id="f75e42df-073b-4850-b859-6325e2420db5" />
      <TestMethod codeBase="G:\CODE\github\juvo-player\JuvoPlayer.Tests\bin\Debug\netcoreapp2.0\JuvoPlayer.Tests.dll" adapterTypeName="executor://nunit3testexecutor/" className="JuvoPlayer.Tests.UnitTests.DataProviderFactoryManagerTests" name="CreateDataProvider_NotSupported" />
    </UnitTest>
    <UnitTest name="Get_KeyBetweenTwoCues_ReturnsNull" storage="g:\code\github\juvo-player\juvoplayer.tests\bin\debug\netcoreapp2.0\juvoplayer.tests.dll" id="39d5ff9a-2a80-e32f-8c48-31ef5543d04d">
      <Execution id="e112c201-f194-4023-924f-9cf03e24571e" />
      <TestMethod codeBase="G:\CODE\github\juvo-player\JuvoPlayer.Tests\bin\Debug\netcoreapp2.0\JuvoPlayer.Tests.dll" adapterTypeName="executor://nunit3testexecutor/" className="JuvoPlayer.Tests.UnitTests.TSCuesMap" name="Get_KeyBetweenTwoCues_ReturnsNull" />
    </UnitTest>
    <UnitTest name="RegisterDataProviderFactory_ThrowsNull" storage="g:\code\github\juvo-player\juvoplayer.tests\bin\debug\netcoreapp2.0\juvoplayer.tests.dll" id="3bb9e6bd-fed8-b1b2-1da9-9ab8e55f2013">
      <Execution id="3f845030-ed43-494c-b111-eed4cbd8b755" />
      <TestMethod codeBase="G:\CODE\github\juvo-player\JuvoPlayer.Tests\bin\Debug\netcoreapp2.0\JuvoPlayer.Tests.dll" adapterTypeName="executor://nunit3testexecutor/" className="JuvoPlayer.Tests.UnitTests.DataProviderFactoryManagerTests" name="RegisterDataProviderFactory_ThrowsNull" />
    </UnitTest>
    <UnitTest name="ParseTime_WhenTimeFormatIsInvalid_ThrowsFormatException(&quot;25.02.17.440&quot;)" storage="g:\code\github\juvo-player\juvoplayer.tests\bin\debug\netcoreapp2.0\juvoplayer.tests.dll" id="8d86425c-9966-faa7-aa49-ad14ec445516">
      <Execution id="bc3b35d8-b5b6-4591-ab50-c1e0c595c931" />
      <TestMethod codeBase="G:\CODE\github\juvo-player\JuvoPlayer.Tests\bin\Debug\netcoreapp2.0\JuvoPlayer.Tests.dll" adapterTypeName="executor://nunit3testexecutor/" className="JuvoPlayer.Tests.UnitTests.TSSrtSubtitleParser" name="ParseTime_WhenTimeFormatIsInvalid_ThrowsFormatException(&quot;25.02.17.440&quot;)" />
    </UnitTest>
    <UnitTest name="End_GreaterThanBegin_SetsSuccessfully" storage="g:\code\github\juvo-player\juvoplayer.tests\bin\debug\netcoreapp2.0\juvoplayer.tests.dll" id="718f5161-c183-d605-d2c2-6292afd3ca09">
      <Execution id="a591b14c-3906-4724-b314-00f08857ca72" />
      <TestMethod codeBase="G:\CODE\github\juvo-player\JuvoPlayer.Tests\bin\Debug\netcoreapp2.0\JuvoPlayer.Tests.dll" adapterTypeName="executor://nunit3testexecutor/" className="JuvoPlayer.Tests.UnitTests.TSCue" name="End_GreaterThanBegin_SetsSuccessfully" />
    </UnitTest>
    <UnitTest name="SupportsSchemeIdUri_PlayReadySchemeIdUri_ReturnsTrue" storage="g:\code\github\juvo-player\juvoplayer.tests\bin\debug\netcoreapp2.0\juvoplayer.tests.dll" id="2a5400f7-59f9-282c-1900-944ef8ecb847">
      <Execution id="68169257-fc4b-44d9-a62d-9ee772da9fa8" />
      <TestMethod codeBase="G:\CODE\github\juvo-player\JuvoPlayer.Tests\bin\Debug\netcoreapp2.0\JuvoPlayer.Tests.dll" adapterTypeName="executor://nunit3testexecutor/" className="JuvoPlayer.Tests.UnitTests.TSCencUtils" name="SupportsSchemeIdUri_PlayReadySchemeIdUri_ReturnsTrue" />
    </UnitTest>
    <UnitTest name="ParseTime_TimeFormatIsValid_ParsesSuccessfully(&quot;01:18.171&quot;,0,1,18,171)" storage="g:\code\github\juvo-player\juvoplayer.tests\bin\debug\netcoreapp2.0\juvoplayer.tests.dll" id="934d902b-af41-a86f-d0cb-6e5ba6785975">
      <Execution id="0913f30c-847b-476a-8eac-51fc0be1fb18" />
      <TestMethod codeBase="G:\CODE\github\juvo-player\JuvoPlayer.Tests\bin\Debug\netcoreapp2.0\JuvoPlayer.Tests.dll" adapterTypeName="executor://nunit3testexecutor/" className="JuvoPlayer.Tests.UnitTests.TSWebVttSubtitleParser" name="ParseTime_TimeFormatIsValid_ParsesSuccessfully(&quot;01:18.171&quot;,0,1,18,171)" />
    </UnitTest>
    <UnitTest name="GetDrmType_InvalidType_ReturnsUnknown" storage="g:\code\github\juvo-player\juvoplayer.tests\bin\debug\netcoreapp2.0\juvoplayer.tests.dll" id="09021642-119b-2b6e-4751-93eb7ddbf929">
      <Execution id="8383cfb1-0b88-4f32-91b7-c4c8765d865e" />
      <TestMethod codeBase="G:\CODE\github\juvo-player\JuvoPlayer.Tests\bin\Debug\netcoreapp2.0\JuvoPlayer.Tests.dll" adapterTypeName="executor://nunit3testexecutor/" className="JuvoPlayer.Tests.UnitTests.TSCencUtils" name="GetDrmType_InvalidType_ReturnsUnknown" />
    </UnitTest>
    <UnitTest name="Serialization_OperationSerialized_DeserializedProperly(JuvoPlayer.Tests.Utils.SeekOperation)" storage="g:\code\github\juvo-player\juvoplayer.tests\bin\debug\netcoreapp2.0\juvoplayer.tests.dll" id="37281614-9f75-45d7-e1f5-a19213212db8">
      <Execution id="9c448a59-167d-4234-a824-9a09dbf43ecd" />
      <TestMethod codeBase="G:\CODE\github\juvo-player\JuvoPlayer.Tests\bin\Debug\netcoreapp2.0\JuvoPlayer.Tests.dll" adapterTypeName="executor://nunit3testexecutor/" className="JuvoPlayer.Tests.IntegrationTests.TSOperationSerializer" name="Serialization_OperationSerialized_DeserializedProperly(JuvoPlayer.Tests.Utils.SeekOperation)" />
    </UnitTest>
    <UnitTest name="Compare_VariousTimes_ReturnsExpectedValues(20,1)" storage="g:\code\github\juvo-player\juvoplayer.tests\bin\debug\netcoreapp2.0\juvoplayer.tests.dll" id="308c0503-5aa8-3cad-0410-698b5f3745ae">
      <Execution id="ac3c1701-8dd9-4f83-9746-b827d1fe66c3" />
      <TestMethod codeBase="G:\CODE\github\juvo-player\JuvoPlayer.Tests\bin\Debug\netcoreapp2.0\JuvoPlayer.Tests.dll" adapterTypeName="executor://nunit3testexecutor/" className="JuvoPlayer.Tests.UnitTests.TSCue" name="Compare_VariousTimes_ReturnsExpectedValues(20,1)" />
    </UnitTest>
    <UnitTest name="PushChunk_CalledBeforeInitForEs_ThrowsException" storage="g:\code\github\juvo-player\juvoplayer.tests\bin\debug\netcoreapp2.0\juvoplayer.tests.dll" id="cca65208-0adf-48f2-82bf-43699d9e9051">
      <Execution id="2070b2c9-f892-44ab-abb6-f03ecf2b631b" />
      <TestMethod codeBase="G:\CODE\github\juvo-player\JuvoPlayer.Tests\bin\Debug\netcoreapp2.0\JuvoPlayer.Tests.dll" adapterTypeName="executor://nunit3testexecutor/" className="JuvoPlayer.Tests.UnitTests.TSFFmpegDemuxer" name="PushChunk_CalledBeforeInitForEs_ThrowsException" />
    </UnitTest>
    <UnitTest name="ParseTime_WhenTimeIsValid_ParsesSuccessfully" storage="g:\code\github\juvo-player\juvoplayer.tests\bin\debug\netcoreapp2.0\juvoplayer.tests.dll" id="83e5bca1-3234-f540-991c-2f3a40248a15">
      <Execution id="a3d43baf-7b8d-48b2-b1e7-c756e9050950" />
      <TestMethod codeBase="G:\CODE\github\juvo-player\JuvoPlayer.Tests\bin\Debug\netcoreapp2.0\JuvoPlayer.Tests.dll" adapterTypeName="executor://nunit3testexecutor/" className="JuvoPlayer.Tests.UnitTests.TSSrtSubtitleParser" name="ParseTime_WhenTimeIsValid_ParsesSuccessfully" />
    </UnitTest>
    <UnitTest name="TestConstructorWithNull" storage="g:\code\github\juvo-player\juvoplayer.tests\bin\debug\netcoreapp2.0\juvoplayer.tests.dll" id="ba867f1f-710b-a6f5-4ace-b54486edaddc">
      <Execution id="f1264616-51be-40fd-9e2b-7d4648a695f5" />
      <TestMethod codeBase="G:\CODE\github\juvo-player\JuvoPlayer.Tests\bin\Debug\netcoreapp2.0\JuvoPlayer.Tests.dll" adapterTypeName="executor://nunit3testexecutor/" className="JuvoPlayer.Tests.UnitTests.TSLoggerBase" name="TestConstructorWithNull" />
    </UnitTest>
    <UnitTest name="Parse_DifferentEncodings_ParsesSuccessfully(&quot;JuvoPlayer.Tests.res.subtitles.subtitles_de.vtt&quot;,&quot;utf-8&quot;,&quot;Stellen Sie beste Streaming Performance zur Verfügung,&quot;)" storage="g:\code\github\juvo-player\juvoplayer.tests\bin\debug\netcoreapp2.0\juvoplayer.tests.dll" id="897e23d8-e677-fcfc-c803-4657c2ba83e9">
      <Execution id="4a05486d-d7a4-48f7-8336-86ae7fac44c2" />
      <TestMethod codeBase="G:\CODE\github\juvo-player\JuvoPlayer.Tests\bin\Debug\netcoreapp2.0\JuvoPlayer.Tests.dll" adapterTypeName="executor://nunit3testexecutor/" className="JuvoPlayer.Tests.IntegrationTests.TSSubtitleFacade" name="Parse_DifferentEncodings_ParsesSuccessfully(&quot;JuvoPlayer.Tests.res.subtitles.subtitles_de.vtt&quot;,&quot;utf-8&quot;,&quot;Stellen Sie beste Streaming Performance zur Verfügung,&quot;)" />
    </UnitTest>
    <UnitTest name="Begin_EqualsEnd_ThrowsArgumentException" storage="g:\code\github\juvo-player\juvoplayer.tests\bin\debug\netcoreapp2.0\juvoplayer.tests.dll" id="c04c0fe5-1f6b-bd7f-47e1-2cbe0022b400">
      <Execution id="8d20550b-3f82-4a69-b6e4-851315593137" />
      <TestMethod codeBase="G:\CODE\github\juvo-player\JuvoPlayer.Tests\bin\Debug\netcoreapp2.0\JuvoPlayer.Tests.dll" adapterTypeName="executor://nunit3testexecutor/" className="JuvoPlayer.Tests.UnitTests.TSCue" name="Begin_EqualsEnd_ThrowsArgumentException" />
    </UnitTest>
    <UnitTest name="Take_SizeGreaterThanBufferSize_ReturnsSizeEqualToBufferSize" storage="g:\code\github\juvo-player\juvoplayer.tests\bin\debug\netcoreapp2.0\juvoplayer.tests.dll" id="0965358b-a03e-2e11-275b-12bdaaddc9f6">
      <Execution id="ff51b046-c3f4-45ce-b5d0-6c561bc6c41f" />
      <TestMethod codeBase="G:\CODE\github\juvo-player\JuvoPlayer.Tests\bin\Debug\netcoreapp2.0\JuvoPlayer.Tests.dll" adapterTypeName="executor://nunit3testexecutor/" className="JuvoPlayer.Tests.UnitTests.TSChunksBuffer" name="Take_SizeGreaterThanBufferSize_ReturnsSizeEqualToBufferSize" />
    </UnitTest>
    <UnitTest name="Parse_DifferentEncodings_ParsesSuccessfully(&quot;JuvoPlayer.Tests.res.subtitles.media_player_subs_windows-1250.srt&quot;,&quot;windows-1250&quot;,&quot;[Central Europe] 2.5: Ąą Ćć Ęę Łł Ńń Óó Śś Źź Żż&quot;)" storage="g:\code\github\juvo-player\juvoplayer.tests\bin\debug\netcoreapp2.0\juvoplayer.tests.dll" id="c6b41802-25fd-66eb-f1c3-47cfda11148b">
      <Execution id="fe2b9e21-5b34-4fad-bf77-f0155a1c5075" />
      <TestMethod codeBase="G:\CODE\github\juvo-player\JuvoPlayer.Tests\bin\Debug\netcoreapp2.0\JuvoPlayer.Tests.dll" adapterTypeName="executor://nunit3testexecutor/" className="JuvoPlayer.Tests.IntegrationTests.TSSubtitleFacade" name="Parse_DifferentEncodings_ParsesSuccessfully(&quot;JuvoPlayer.Tests.res.subtitles.media_player_subs_windows-1250.srt&quot;,&quot;windows-1250&quot;,&quot;[Central Europe] 2.5: Ąą Ćć Ęę Łł Ńń Óó Śś Źź Żż&quot;)" />
    </UnitTest>
    <UnitTest name="ResolveByMimeType_WebVttMimeType_ReturnsWebVttFormat" storage="g:\code\github\juvo-player\juvoplayer.tests\bin\debug\netcoreapp2.0\juvoplayer.tests.dll" id="27c0e446-fbb2-fa76-7f01-7a27a4208aca">
      <Execution id="d02f5591-cfdc-4351-b15f-01f36adf43ff" />
      <TestMethod codeBase="G:\CODE\github\juvo-player\JuvoPlayer.Tests\bin\Debug\netcoreapp2.0\JuvoPlayer.Tests.dll" adapterTypeName="executor://nunit3testexecutor/" className="JuvoPlayer.Tests.UnitTests.TSSubtitleFormatResolver" name="ResolveByMimeType_WebVttMimeType_ReturnsWebVttFormat" />
    </UnitTest>
    <UnitTest name="ParseTimeLine_TimeLineIsInvalid_ThrowsFormatException(null)" storage="g:\code\github\juvo-player\juvoplayer.tests\bin\debug\netcoreapp2.0\juvoplayer.tests.dll" id="828833e5-ad1d-39c6-9465-e9a534d931b4">
      <Execution id="c7cbb425-ec0a-4e2e-8e4e-0bb08f3927d1" />
      <TestMethod codeBase="G:\CODE\github\juvo-player\JuvoPlayer.Tests\bin\Debug\netcoreapp2.0\JuvoPlayer.Tests.dll" adapterTypeName="executor://nunit3testexecutor/" className="JuvoPlayer.Tests.UnitTests.TSWebVttSubtitleParser" name="ParseTimeLine_TimeLineIsInvalid_ThrowsFormatException(null)" />
    </UnitTest>
    <UnitTest name="Serialization_OperationSerialized_DeserializedProperly(JuvoPlayer.Tests.Utils.StartOperation)" storage="g:\code\github\juvo-player\juvoplayer.tests\bin\debug\netcoreapp2.0\juvoplayer.tests.dll" id="7d1053d3-3965-5046-05f3-5d8a55de4e4c">
      <Execution id="b1e36c22-0b77-41d7-b42c-a90abed5b005" />
      <TestMethod codeBase="G:\CODE\github\juvo-player\JuvoPlayer.Tests\bin\Debug\netcoreapp2.0\JuvoPlayer.Tests.dll" adapterTypeName="executor://nunit3testexecutor/" className="JuvoPlayer.Tests.IntegrationTests.TSOperationSerializer" name="Serialization_OperationSerialized_DeserializedProperly(JuvoPlayer.Tests.Utils.StartOperation)" />
    </UnitTest>
    <UnitTest name="Start_DemuxerInitFails_PublishesDemuxerError(StartForEs)" storage="g:\code\github\juvo-player\juvoplayer.tests\bin\debug\netcoreapp2.0\juvoplayer.tests.dll" id="c0cf0641-dce5-3e52-e867-94fa19192895">
      <Execution id="e2a9f1d8-4ee8-47b2-9d7f-1d50c9caeaa7" />
      <TestMethod codeBase="G:\CODE\github\juvo-player\JuvoPlayer.Tests\bin\Debug\netcoreapp2.0\JuvoPlayer.Tests.dll" adapterTypeName="executor://nunit3testexecutor/" className="JuvoPlayer.Tests.UnitTests.TSDemuxerController" name="Start_DemuxerInitFails_PublishesDemuxerError(StartForEs)" />
    </UnitTest>
    <UnitTest name="RegisterDataProviderFactory_Unsupported" storage="g:\code\github\juvo-player\juvoplayer.tests\bin\debug\netcoreapp2.0\juvoplayer.tests.dll" id="06962d28-4767-08b4-f374-8a5f6998b67f">
      <Execution id="b919c730-a1e8-4998-a72d-f19e3b837829" />
      <TestMethod codeBase="G:\CODE\github\juvo-player\JuvoPlayer.Tests\bin\Debug\netcoreapp2.0\JuvoPlayer.Tests.dll" adapterTypeName="executor://nunit3testexecutor/" className="JuvoPlayer.Tests.UnitTests.DataProviderFactoryManagerTests" name="RegisterDataProviderFactory_Unsupported" />
    </UnitTest>
    <UnitTest name="ParseText_ContainsEscapeSequence_DecodesSuccessfully(&quot;begin &amp;lt; end&quot;,&quot;begin &lt; end&quot;)" storage="g:\code\github\juvo-player\juvoplayer.tests\bin\debug\netcoreapp2.0\juvoplayer.tests.dll" id="461167f4-f83d-dfb6-f998-4b01ff39fbbb">
      <Execution id="a62d3f8f-e648-419d-b3da-d9fd41db0979" />
      <TestMethod codeBase="G:\CODE\github\juvo-player\JuvoPlayer.Tests\bin\Debug\netcoreapp2.0\JuvoPlayer.Tests.dll" adapterTypeName="executor://nunit3testexecutor/" className="JuvoPlayer.Tests.UnitTests.TSWebVttSubtitleParser" name="ParseText_ContainsEscapeSequence_DecodesSuccessfully(&quot;begin &amp;lt; end&quot;,&quot;begin &lt; end&quot;)" />
    </UnitTest>
    <UnitTest name="SupportsType_ValidType_ReturnsTrue(&quot;widevine&quot;)" storage="g:\code\github\juvo-player\juvoplayer.tests\bin\debug\netcoreapp2.0\juvoplayer.tests.dll" id="3accf9e4-664b-d25c-8a3f-c716b44b5888">
      <Execution id="4615f4f1-7f9e-4d79-b19b-078b029bfc52" />
      <TestMethod codeBase="G:\CODE\github\juvo-player\JuvoPlayer.Tests\bin\Debug\netcoreapp2.0\JuvoPlayer.Tests.dll" adapterTypeName="executor://nunit3testexecutor/" className="JuvoPlayer.Tests.UnitTests.TSCencUtils" name="SupportsType_ValidType_ReturnsTrue(&quot;widevine&quot;)" />
    </UnitTest>
    <UnitTest name="Seek_Called_DemuxesNextPacket" storage="g:\code\github\juvo-player\juvoplayer.tests\bin\debug\netcoreapp2.0\juvoplayer.tests.dll" id="ef16af07-a0ec-96c0-1d10-e96fe005892e">
      <Execution id="195a3edd-2e92-4fac-b711-2ab6dcf3f279" />
      <TestMethod codeBase="G:\CODE\github\juvo-player\JuvoPlayer.Tests\bin\Debug\netcoreapp2.0\JuvoPlayer.Tests.dll" adapterTypeName="executor://nunit3testexecutor/" className="JuvoPlayer.Tests.UnitTests.TSDemuxerController" name="Seek_Called_DemuxesNextPacket" />
    </UnitTest>
    <UnitTest name="ReadPacket_InvokedWithSizeLessThanBufferSize_ReturnsTrimmedData" storage="g:\code\github\juvo-player\juvoplayer.tests\bin\debug\netcoreapp2.0\juvoplayer.tests.dll" id="ec81a422-56dc-8438-8278-26703789eecf">
      <Execution id="8c3035ba-1f85-4950-afa4-73e899c80a39" />
      <TestMethod codeBase="G:\CODE\github\juvo-player\JuvoPlayer.Tests\bin\Debug\netcoreapp2.0\JuvoPlayer.Tests.dll" adapterTypeName="executor://nunit3testexecutor/" className="JuvoPlayer.Tests.UnitTests.TSFFmpegDemuxer" name="ReadPacket_InvokedWithSizeLessThanBufferSize_ReturnsTrimmedData" />
    </UnitTest>
    <UnitTest name="ParseTimeLine_WhenLineIsInvalid_ThrowsFormatException(&quot;&quot;)" storage="g:\code\github\juvo-player\juvoplayer.tests\bin\debug\netcoreapp2.0\juvoplayer.tests.dll" id="f3e08194-d050-86f4-49c6-9c623a6c25ea">
      <Execution id="f5e9af60-61a8-4ac8-afc9-030a3e985bd7" />
      <TestMethod codeBase="G:\CODE\github\juvo-player\JuvoPlayer.Tests\bin\Debug\netcoreapp2.0\JuvoPlayer.Tests.dll" adapterTypeName="executor://nunit3testexecutor/" className="JuvoPlayer.Tests.UnitTests.TSSrtSubtitleParser" name="ParseTimeLine_WhenLineIsInvalid_ThrowsFormatException(&quot;&quot;)" />
    </UnitTest>
    <UnitTest name="OnStreamConfigChanged_WhenStreamConfigIsNull_ThrowsArgumentNullException" storage="g:\code\github\juvo-player\juvoplayer.tests\bin\debug\netcoreapp2.0\juvoplayer.tests.dll" id="63887502-2290-59ec-06c5-74675818419c">
      <Execution id="61b9f8d4-5a52-4472-9f22-0da62f77d8cc" />
      <TestMethod codeBase="G:\CODE\github\juvo-player\JuvoPlayer.Tests\bin\Debug\netcoreapp2.0\JuvoPlayer.Tests.dll" adapterTypeName="executor://nunit3testexecutor/" className="JuvoPlayer.Tests.UnitTests.TSPacketStream" name="OnStreamConfigChanged_WhenStreamConfigIsNull_ThrowsArgumentNullException" />
    </UnitTest>
    <UnitTest name="TestConfigureWithValidConfigFile" storage="g:\code\github\juvo-player\juvoplayer.tests\bin\debug\netcoreapp2.0\juvoplayer.tests.dll" id="7d5bc078-3ad1-6704-ebfc-1890dbc9df71">
      <Execution id="1fd2a2ac-6072-4a45-b97b-f4c17ab0c539" />
      <TestMethod codeBase="G:\CODE\github\juvo-player\JuvoPlayer.Tests\bin\Debug\netcoreapp2.0\JuvoPlayer.Tests.dll" adapterTypeName="executor://nunit3testexecutor/" className="JuvoPlayer.Tests.UnitTests.TSLoggerManager" name="TestConfigureWithValidConfigFile" />
    </UnitTest>
    <UnitTest name="OnAppendPacket_WhenNotConfigured_ThrowsInvalidOperationException" storage="g:\code\github\juvo-player\juvoplayer.tests\bin\debug\netcoreapp2.0\juvoplayer.tests.dll" id="3e643ea4-f7b6-f967-c41d-29aace04110b">
      <Execution id="fb4f844e-48c9-44b5-9276-37c7092e95e6" />
      <TestMethod codeBase="G:\CODE\github\juvo-player\JuvoPlayer.Tests\bin\Debug\netcoreapp2.0\JuvoPlayer.Tests.dll" adapterTypeName="executor://nunit3testexecutor/" className="JuvoPlayer.Tests.UnitTests.TSPacketStream" name="OnAppendPacket_WhenNotConfigured_ThrowsInvalidOperationException" />
    </UnitTest>
    <UnitTest name="Flush_CalledWhileChunkIsPending_ChunkIsDeliveredToDemuxer" storage="g:\code\github\juvo-player\juvoplayer.tests\bin\debug\netcoreapp2.0\juvoplayer.tests.dll" id="82c42f6e-956e-b76d-5149-62245c80f145">
      <Execution id="ca2a86ed-fd7a-49dc-a6c9-6c6b8a049216" />
      <TestMethod codeBase="G:\CODE\github\juvo-player\JuvoPlayer.Tests\bin\Debug\netcoreapp2.0\JuvoPlayer.Tests.dll" adapterTypeName="executor://nunit3testexecutor/" className="JuvoPlayer.Tests.UnitTests.TSDemuxerController" name="Flush_CalledWhileChunkIsPending_ChunkIsDeliveredToDemuxer" />
    </UnitTest>
  </TestDefinitions>
  <TestEntries>
    <TestEntry testId="3a15d223-5377-905d-8b73-e96a8942d8f8" executionId="b1ce872c-a2ab-42c8-ad22-207f71151e5d" testListId="8c84fa94-04c1-424b-9868-57a2d4851a1d" />
    <TestEntry testId="fdaaee40-d5ec-3d57-52e3-ba061dbf8ab8" executionId="f64a5190-8dff-4c59-9afc-b4ddcf749766" testListId="8c84fa94-04c1-424b-9868-57a2d4851a1d" />
    <TestEntry testId="14bf11d8-cd56-b03e-b93b-91e02f6e5782" executionId="c3c1ed14-aad5-40f4-8a89-c584a0be40e5" testListId="8c84fa94-04c1-424b-9868-57a2d4851a1d" />
    <TestEntry testId="af40adc3-6ce4-fbdb-f50c-26697781469d" executionId="d4428f46-0c81-45e8-8222-dd10b596556d" testListId="8c84fa94-04c1-424b-9868-57a2d4851a1d" />
    <TestEntry testId="94d95040-3698-185d-5d6f-562ab37711a4" executionId="ed476eb1-42c6-4622-b18e-ef7885dcd4fd" testListId="8c84fa94-04c1-424b-9868-57a2d4851a1d" />
    <TestEntry testId="cdaa95b4-0c6d-1e27-93cc-3d0e0a68a8ea" executionId="f07096f7-bd83-40df-a9a1-f449cbc2b934" testListId="8c84fa94-04c1-424b-9868-57a2d4851a1d" />
    <TestEntry testId="094b11a6-0532-7a03-8d14-df586e014bf7" executionId="885c7749-48bf-47fd-a012-e00142d9dd18" testListId="8c84fa94-04c1-424b-9868-57a2d4851a1d" />
    <TestEntry testId="292b8184-3595-15f3-6608-17958c811f3c" executionId="1e5399d9-c366-4a28-bf66-e2476b6f1f23" testListId="8c84fa94-04c1-424b-9868-57a2d4851a1d" />
    <TestEntry testId="5aba6d27-4c6f-ae2f-cf75-baaf7277a3aa" executionId="27a2f126-bf20-467e-8945-54a8d4aa86ef" testListId="8c84fa94-04c1-424b-9868-57a2d4851a1d" />
    <TestEntry testId="5b212d48-3586-21cd-2d5d-74feb2deb816" executionId="a1f16818-707b-42a5-a64e-a7a400321aaf" testListId="8c84fa94-04c1-424b-9868-57a2d4851a1d" />
    <TestEntry testId="e1d59afc-ceae-0c1b-0769-05528c3d5bcc" executionId="67077af7-b84f-4773-a8b0-35d1a80e7c96" testListId="8c84fa94-04c1-424b-9868-57a2d4851a1d" />
    <TestEntry testId="a4113738-4c26-f7ce-6619-a550a359b6d4" executionId="1471e725-b08d-49b4-87ab-f0a43471f452" testListId="8c84fa94-04c1-424b-9868-57a2d4851a1d" />
    <TestEntry testId="188b81ef-d6d5-d5db-9dda-ab27251848f9" executionId="d3dcbd80-e1e9-4acf-99f6-2a70974e721f" testListId="8c84fa94-04c1-424b-9868-57a2d4851a1d" />
    <TestEntry testId="cb66aab4-74da-9d22-4f63-1827d111c973" executionId="bbb5ae8b-5421-4e4e-9ebd-67f3aa7d64d2" testListId="8c84fa94-04c1-424b-9868-57a2d4851a1d" />
    <TestEntry testId="66c7aa12-2df2-fe1f-0f30-30b43cfdd6b4" executionId="f0e52b70-3368-419b-b901-d8ba3f8012ed" testListId="8c84fa94-04c1-424b-9868-57a2d4851a1d" />
    <TestEntry testId="22652439-3c67-dfff-4ce3-b173308c9356" executionId="df1b5108-5090-41ab-aa67-e97ce327119f" testListId="8c84fa94-04c1-424b-9868-57a2d4851a1d" />
    <TestEntry testId="1d410506-c13a-9a12-e32f-3b0fb711ffd3" executionId="e8c7c8ea-80b6-4200-a570-6286b4b1a07d" testListId="8c84fa94-04c1-424b-9868-57a2d4851a1d" />
    <TestEntry testId="eae78d03-0df3-6019-5f3a-2a4efab1df85" executionId="2257192f-5811-4d69-baa3-a48138524377" testListId="8c84fa94-04c1-424b-9868-57a2d4851a1d" />
    <TestEntry testId="4f7bdc50-58ea-1837-577f-74ef6cb0ffb7" executionId="d9c06643-fc99-4333-a501-83c27f6066b3" testListId="8c84fa94-04c1-424b-9868-57a2d4851a1d" />
    <TestEntry testId="b65dd040-cffc-7925-78a1-ceba0c7979b8" executionId="4d160fdf-0e8d-4d87-89da-2b6c9ceb55da" testListId="8c84fa94-04c1-424b-9868-57a2d4851a1d" />
    <TestEntry testId="f3e08194-d050-86f4-49c6-9c623a6c25ea" executionId="f5e9af60-61a8-4ac8-afc9-030a3e985bd7" testListId="8c84fa94-04c1-424b-9868-57a2d4851a1d" />
    <TestEntry testId="0a22ca3f-5f04-a30c-0bdf-f2fda48d9002" executionId="1b55c744-c9ff-4608-a25b-f6c4d3154320" testListId="8c84fa94-04c1-424b-9868-57a2d4851a1d" />
    <TestEntry testId="82d4c515-f9fe-5c04-4ba8-723b5ff21f55" executionId="8c3e4a98-bf80-4d47-9a91-38cef594089b" testListId="8c84fa94-04c1-424b-9868-57a2d4851a1d" />
    <TestEntry testId="c6b41802-25fd-66eb-f1c3-47cfda11148b" executionId="fe2b9e21-5b34-4fad-bf77-f0155a1c5075" testListId="8c84fa94-04c1-424b-9868-57a2d4851a1d" />
    <TestEntry testId="3accf9e4-664b-d25c-8a3f-c716b44b5888" executionId="4615f4f1-7f9e-4d79-b19b-078b029bfc52" testListId="8c84fa94-04c1-424b-9868-57a2d4851a1d" />
    <TestEntry testId="17fa2bb9-6058-ffa9-3803-d58553ec74eb" executionId="3f5c5e9b-5696-43ae-ab12-ce3d35767155" testListId="8c84fa94-04c1-424b-9868-57a2d4851a1d" />
    <TestEntry testId="8e853ee6-04cd-709e-3b10-3f4dc0ff936d" executionId="155cdb33-7bc8-41dd-a6c1-66e1a496350d" testListId="8c84fa94-04c1-424b-9868-57a2d4851a1d" />
    <TestEntry testId="297e934f-7145-7b72-115d-3787b6d62aa4" executionId="dcf3f13f-2886-49f0-a40e-8814e2d10ca4" testListId="8c84fa94-04c1-424b-9868-57a2d4851a1d" />
    <TestEntry testId="598bfb59-b210-6d51-5dff-24428bdd49a7" executionId="1eb63a1e-4bc0-477e-b52b-b89713df00b6" testListId="8c84fa94-04c1-424b-9868-57a2d4851a1d" />
    <TestEntry testId="635a9c0c-0703-a7fe-f188-0e7aded18217" executionId="54314408-4541-437a-bc8d-3d6cced1dfd9" testListId="8c84fa94-04c1-424b-9868-57a2d4851a1d" />
    <TestEntry testId="5652ce59-b2d8-d716-cc63-db9d5225d1de" executionId="7843b50d-8ea2-4742-9582-a6bf8cf4cda0" testListId="8c84fa94-04c1-424b-9868-57a2d4851a1d" />
    <TestEntry testId="ec81a422-56dc-8438-8278-26703789eecf" executionId="8c3035ba-1f85-4950-afa4-73e899c80a39" testListId="8c84fa94-04c1-424b-9868-57a2d4851a1d" />
    <TestEntry testId="7d1053d3-3965-5046-05f3-5d8a55de4e4c" executionId="b1e36c22-0b77-41d7-b42c-a90abed5b005" testListId="8c84fa94-04c1-424b-9868-57a2d4851a1d" />
    <TestEntry testId="3f7ea52d-8fbc-14ce-b76b-689a6ecb938b" executionId="84fce072-6152-4a01-8e0c-192b230e1be1" testListId="8c84fa94-04c1-424b-9868-57a2d4851a1d" />
    <TestEntry testId="29bfe808-3bba-cdc2-53ed-a6509a64d330" executionId="e07a6039-9605-4c1b-9157-cad69e002fa5" testListId="8c84fa94-04c1-424b-9868-57a2d4851a1d" />
    <TestEntry testId="387dafbc-f6b1-0e58-56ab-e371f4acda38" executionId="0532e4b4-ee7c-458f-a989-9cdec333a9ae" testListId="8c84fa94-04c1-424b-9868-57a2d4851a1d" />
    <TestEntry testId="03900516-35b4-a3f2-ee8e-53c1d537ca19" executionId="7ecff617-51fc-40d0-a39a-1c0a8daa32d6" testListId="8c84fa94-04c1-424b-9868-57a2d4851a1d" />
    <TestEntry testId="3bb9e6bd-fed8-b1b2-1da9-9ab8e55f2013" executionId="3f845030-ed43-494c-b111-eed4cbd8b755" testListId="8c84fa94-04c1-424b-9868-57a2d4851a1d" />
    <TestEntry testId="7a04701a-199d-8dcd-efe9-bb7e5f52c2c3" executionId="a3e4d087-2d0a-4167-acee-66cd6d9df4df" testListId="8c84fa94-04c1-424b-9868-57a2d4851a1d" />
    <TestEntry testId="7f654377-f7ad-ac97-076c-9956054067df" executionId="1cb1420a-548c-4fd2-b7fa-7b838319a3e1" testListId="8c84fa94-04c1-424b-9868-57a2d4851a1d" />
    <TestEntry testId="2a5400f7-59f9-282c-1900-944ef8ecb847" executionId="68169257-fc4b-44d9-a62d-9ee772da9fa8" testListId="8c84fa94-04c1-424b-9868-57a2d4851a1d" />
    <TestEntry testId="06962d28-4767-08b4-f374-8a5f6998b67f" executionId="b919c730-a1e8-4998-a72d-f19e3b837829" testListId="8c84fa94-04c1-424b-9868-57a2d4851a1d" />
    <TestEntry testId="cca65208-0adf-48f2-82bf-43699d9e9051" executionId="2070b2c9-f892-44ab-abb6-f03ecf2b631b" testListId="8c84fa94-04c1-424b-9868-57a2d4851a1d" />
    <TestEntry testId="1f7bba7b-44c7-d415-228c-13d53a0e097d" executionId="f42f5260-bbef-46a2-88f4-2f56d799f77c" testListId="8c84fa94-04c1-424b-9868-57a2d4851a1d" />
    <TestEntry testId="ff9a04ff-fa9e-340b-3ecc-b843a9161f2d" executionId="a227b9be-413a-4567-a9b3-3261b5f5876d" testListId="8c84fa94-04c1-424b-9868-57a2d4851a1d" />
    <TestEntry testId="32a4594b-b1ea-44dc-9f50-e88fff32aca7" executionId="8a10f9cf-9ec0-4565-916d-6270db5ed543" testListId="8c84fa94-04c1-424b-9868-57a2d4851a1d" />
    <TestEntry testId="4131df9f-9d50-eb51-fb6f-119ab1926039" executionId="a153e41f-9743-4e5f-b955-cc148745f5fa" testListId="8c84fa94-04c1-424b-9868-57a2d4851a1d" />
    <TestEntry testId="a6d0eb97-9095-37a6-7ebf-53f8881d60f0" executionId="1941a7fe-4707-458a-8b09-e7cbaab156e9" testListId="8c84fa94-04c1-424b-9868-57a2d4851a1d" />
    <TestEntry testId="897e23d8-e677-fcfc-c803-4657c2ba83e9" executionId="4a05486d-d7a4-48f7-8336-86ae7fac44c2" testListId="8c84fa94-04c1-424b-9868-57a2d4851a1d" />
    <TestEntry testId="c1b0f31a-ea5a-298b-bdf9-e1d1cecd60bb" executionId="79e6761e-afa5-4c20-903e-ae20f2572e8c" testListId="8c84fa94-04c1-424b-9868-57a2d4851a1d" />
    <TestEntry testId="24b81133-6183-4881-a72c-c0d4de113274" executionId="fb1d0312-6aca-4af8-9e8d-09bf17dfb5f3" testListId="8c84fa94-04c1-424b-9868-57a2d4851a1d" />
    <TestEntry testId="ce01ebcc-a3b9-cf57-b548-3aec0795ebd5" executionId="6aeb476c-cd8b-465b-b6f4-40feac44efd8" testListId="8c84fa94-04c1-424b-9868-57a2d4851a1d" />
    <TestEntry testId="124081ca-aa16-41ac-de1c-68bb2cb38e0b" executionId="c72cc6a0-7296-4841-8f0c-41ba043a58e8" testListId="8c84fa94-04c1-424b-9868-57a2d4851a1d" />
    <TestEntry testId="3e643ea4-f7b6-f967-c41d-29aace04110b" executionId="fb4f844e-48c9-44b5-9276-37c7092e95e6" testListId="8c84fa94-04c1-424b-9868-57a2d4851a1d" />
    <TestEntry testId="c78e9722-6d02-3845-ccf5-7d0c55504ab1" executionId="a763fbb0-62a8-427c-95f7-d852572d3032" testListId="8c84fa94-04c1-424b-9868-57a2d4851a1d" />
    <TestEntry testId="df372fc8-3c99-3f47-21be-b6b55c400ba1" executionId="6744d312-2b0c-4253-a232-0ddca8ce4f72" testListId="8c84fa94-04c1-424b-9868-57a2d4851a1d" />
    <TestEntry testId="34dfc2c1-12c5-e35a-2da9-15862f421a1f" executionId="5ed6984c-d2db-4c04-8819-4612c8e443ba" testListId="8c84fa94-04c1-424b-9868-57a2d4851a1d" />
    <TestEntry testId="6da6330c-b6fa-01a4-6fe8-ff39b10cad90" executionId="9e19fab5-273b-4975-a1d0-f5e1a783fca8" testListId="8c84fa94-04c1-424b-9868-57a2d4851a1d" />
    <TestEntry testId="82c42f6e-956e-b76d-5149-62245c80f145" executionId="ca2a86ed-fd7a-49dc-a6c9-6c6b8a049216" testListId="8c84fa94-04c1-424b-9868-57a2d4851a1d" />
    <TestEntry testId="08fa8c0b-a89b-568b-783e-bb49d811f5cb" executionId="d9540e24-381e-4629-9502-f8b5615b4b32" testListId="8c84fa94-04c1-424b-9868-57a2d4851a1d" />
    <TestEntry testId="8d0615a4-0a37-112e-879e-4003daa62f87" executionId="c9fd3bfc-7b76-4efd-a2dd-391a8f8af4b0" testListId="8c84fa94-04c1-424b-9868-57a2d4851a1d" />
    <TestEntry testId="37281614-9f75-45d7-e1f5-a19213212db8" executionId="9c448a59-167d-4234-a824-9a09dbf43ecd" testListId="8c84fa94-04c1-424b-9868-57a2d4851a1d" />
    <TestEntry testId="828833e5-ad1d-39c6-9465-e9a534d931b4" executionId="c7cbb425-ec0a-4e2e-8e4e-0bb08f3927d1" testListId="8c84fa94-04c1-424b-9868-57a2d4851a1d" />
    <TestEntry testId="02fb1555-b786-4aa2-7007-ec43c1c9fbe1" executionId="7d2c49ef-28fc-4b5e-aac4-a74482e68f7d" testListId="8c84fa94-04c1-424b-9868-57a2d4851a1d" />
    <TestEntry testId="91027327-45ed-f0e3-a55e-e86b5bcdf8a3" executionId="e7bb91e9-6b41-4198-bc44-85ceb74c8647" testListId="8c84fa94-04c1-424b-9868-57a2d4851a1d" />
    <TestEntry testId="433c7d56-6fb5-d8f0-a9cc-eacc667c0a6b" executionId="81296328-b287-4f59-980f-0eb02c91689f" testListId="8c84fa94-04c1-424b-9868-57a2d4851a1d" />
    <TestEntry testId="231edfdb-78fe-7971-98f1-f1ed15c7b9ce" executionId="5073ac36-3bec-4fd8-8c19-690441035eb7" testListId="8c84fa94-04c1-424b-9868-57a2d4851a1d" />
    <TestEntry testId="913bcb3f-29bc-fd1f-7c98-c387d71227d4" executionId="cf46f300-0883-4a50-b50c-66916f8b196c" testListId="8c84fa94-04c1-424b-9868-57a2d4851a1d" />
    <TestEntry testId="0965358b-a03e-2e11-275b-12bdaaddc9f6" executionId="ff51b046-c3f4-45ce-b5d0-6c561bc6c41f" testListId="8c84fa94-04c1-424b-9868-57a2d4851a1d" />
    <TestEntry testId="d77ecc1e-9bc2-799a-79b3-b2ffe8608f4b" executionId="a73a3ed9-1286-4019-aba7-8f847d12ba12" testListId="8c84fa94-04c1-424b-9868-57a2d4851a1d" />
    <TestEntry testId="30591759-8bfa-94ac-8ed2-5b8e57e7d2b3" executionId="61014b8e-60c9-416a-8b3a-b3861afd4771" testListId="8c84fa94-04c1-424b-9868-57a2d4851a1d" />
    <TestEntry testId="e8822ed9-c52a-6461-1cf0-248853538bf9" executionId="d14de589-146b-469e-862f-1119fb4eddd0" testListId="8c84fa94-04c1-424b-9868-57a2d4851a1d" />
    <TestEntry testId="88dd71ef-8824-feb9-a45c-d465619740f7" executionId="8a0fd254-b9e3-4d42-855d-93afeeba0527" testListId="8c84fa94-04c1-424b-9868-57a2d4851a1d" />
    <TestEntry testId="a350e347-16d8-e1df-3789-caee1e50cb04" executionId="6ee40b6e-15df-4a7e-ae30-41eb25826037" testListId="8c84fa94-04c1-424b-9868-57a2d4851a1d" />
    <TestEntry testId="88bc5129-e7aa-8963-c140-f3fd33a92044" executionId="9247d215-52a5-4169-bd8b-4e95ee1f3770" testListId="8c84fa94-04c1-424b-9868-57a2d4851a1d" />
    <TestEntry testId="852b5e0e-9762-784e-5557-e2cf4ea73784" executionId="2e9c71c8-f0df-4966-a4d5-b7397f89f7c2" testListId="8c84fa94-04c1-424b-9868-57a2d4851a1d" />
    <TestEntry testId="2d85f549-8828-c240-c852-fbc1c3d942b1" executionId="0451dbb7-373e-4ff2-a5d0-0dc89a156512" testListId="8c84fa94-04c1-424b-9868-57a2d4851a1d" />
    <TestEntry testId="c09a9465-f15f-2431-e3ef-062999b6d76e" executionId="00c87ae8-85ec-4086-b924-c38803e6ef96" testListId="8c84fa94-04c1-424b-9868-57a2d4851a1d" />
    <TestEntry testId="09021642-119b-2b6e-4751-93eb7ddbf929" executionId="8383cfb1-0b88-4f32-91b7-c4c8765d865e" testListId="8c84fa94-04c1-424b-9868-57a2d4851a1d" />
    <TestEntry testId="3007bb0c-41a6-c578-20f7-6fe2cf8444cb" executionId="3ad0fab1-73de-4351-97e5-34a44f05c982" testListId="8c84fa94-04c1-424b-9868-57a2d4851a1d" />
    <TestEntry testId="c04c0fe5-1f6b-bd7f-47e1-2cbe0022b400" executionId="8d20550b-3f82-4a69-b6e4-851315593137" testListId="8c84fa94-04c1-424b-9868-57a2d4851a1d" />
    <TestEntry testId="082e2fa9-eb0e-43b2-8e14-8ef9bd55403d" executionId="6f123d86-40f7-42a1-ab58-db36b8edfd89" testListId="8c84fa94-04c1-424b-9868-57a2d4851a1d" />
    <TestEntry testId="0e065e73-d47f-3a00-98d6-e8eb7ca6357c" executionId="f6e13465-896f-4c4d-b98e-41684425889d" testListId="8c84fa94-04c1-424b-9868-57a2d4851a1d" />
    <TestEntry testId="29f4eefb-fddf-c444-6e0a-5e03485d543c" executionId="dbcd0ef6-fad9-4a9a-b0b7-d33575c41899" testListId="8c84fa94-04c1-424b-9868-57a2d4851a1d" />
    <TestEntry testId="8783796f-a651-a81b-ada6-5919643ee00e" executionId="32a52cad-7d10-4baf-8768-db31eb3898f4" testListId="8c84fa94-04c1-424b-9868-57a2d4851a1d" />
    <TestEntry testId="0d59dc87-668a-e439-20c3-2f6fcc18afb6" executionId="04cb8f83-b51e-4c2d-a4be-cfc4fe8dafaa" testListId="8c84fa94-04c1-424b-9868-57a2d4851a1d" />
    <TestEntry testId="300838be-4f51-a4d3-86e3-26fa36f90ffb" executionId="12d700b5-c429-4c61-865e-d6f7681a84bc" testListId="8c84fa94-04c1-424b-9868-57a2d4851a1d" />
    <TestEntry testId="d281a02d-385b-cf02-8059-643dcf52507d" executionId="0fd01fb1-d542-41d6-8878-6b3927ec8c64" testListId="8c84fa94-04c1-424b-9868-57a2d4851a1d" />
    <TestEntry testId="f81baf0f-ead9-5f35-fa39-b734665fe9b1" executionId="77131525-d463-4ddc-a211-f53362b9650b" testListId="8c84fa94-04c1-424b-9868-57a2d4851a1d" />
    <TestEntry testId="461167f4-f83d-dfb6-f998-4b01ff39fbbb" executionId="a62d3f8f-e648-419d-b3da-d9fd41db0979" testListId="8c84fa94-04c1-424b-9868-57a2d4851a1d" />
    <TestEntry testId="8d86425c-9966-faa7-aa49-ad14ec445516" executionId="bc3b35d8-b5b6-4591-ab50-c1e0c595c931" testListId="8c84fa94-04c1-424b-9868-57a2d4851a1d" />
    <TestEntry testId="e627cd52-2378-d6fc-2ff2-c4c49c512a76" executionId="dce79fa4-c194-4149-8f31-3aee42a19cf5" testListId="8c84fa94-04c1-424b-9868-57a2d4851a1d" />
    <TestEntry testId="ecb58899-c328-f985-2c0b-ed632069fc86" executionId="bf802068-5bb1-45a5-8edc-92b2b8184ba0" testListId="8c84fa94-04c1-424b-9868-57a2d4851a1d" />
    <TestEntry testId="d0f6acef-cfad-0d05-742a-6ff2e1b06efb" executionId="bf6d2b2a-5447-48da-868f-d34331bef39b" testListId="8c84fa94-04c1-424b-9868-57a2d4851a1d" />
    <TestEntry testId="da5a75b7-aa19-0293-49b5-3bd5a004ec15" executionId="be6e8eeb-3e6e-47b0-af33-0adca61fbd52" testListId="8c84fa94-04c1-424b-9868-57a2d4851a1d" />
    <TestEntry testId="934d902b-af41-a86f-d0cb-6e5ba6785975" executionId="0913f30c-847b-476a-8eac-51fc0be1fb18" testListId="8c84fa94-04c1-424b-9868-57a2d4851a1d" />
    <TestEntry testId="1456f546-2b4f-74af-fce2-a2145100c175" executionId="c8e62736-d912-425f-84a2-b5a4c24ec6c1" testListId="8c84fa94-04c1-424b-9868-57a2d4851a1d" />
    <TestEntry testId="0b3f14e6-954c-5a2d-85d5-9644a0e349e2" executionId="f4b1b847-b4b4-4bdb-bba3-e07cd3cffa8a" testListId="8c84fa94-04c1-424b-9868-57a2d4851a1d" />
    <TestEntry testId="ef16af07-a0ec-96c0-1d10-e96fe005892e" executionId="195a3edd-2e92-4fac-b711-2ab6dcf3f279" testListId="8c84fa94-04c1-424b-9868-57a2d4851a1d" />
    <TestEntry testId="dc96a1db-064c-82c9-b5a0-e3b7d110c702" executionId="41d794c9-720a-4744-bebd-015c8659e37c" testListId="8c84fa94-04c1-424b-9868-57a2d4851a1d" />
    <TestEntry testId="8c69b9b6-1758-6875-02cf-0ad701b0c4d3" executionId="7c9678c3-6100-4570-9d8b-df0a37f700c4" testListId="8c84fa94-04c1-424b-9868-57a2d4851a1d" />
    <TestEntry testId="bf726271-d726-9654-3c3e-7309912ba13e" executionId="454c9a43-f043-4e89-8064-e5a7b0285644" testListId="8c84fa94-04c1-424b-9868-57a2d4851a1d" />
    <TestEntry testId="0bc18307-cfdc-0782-2c49-73e26dab37df" executionId="4a72084e-2b52-4a5d-81c8-24543dfc0923" testListId="8c84fa94-04c1-424b-9868-57a2d4851a1d" />
    <TestEntry testId="320b5630-864f-a352-1987-972112f06fc2" executionId="16fca0a4-cc2c-462c-b97e-09f52db20783" testListId="8c84fa94-04c1-424b-9868-57a2d4851a1d" />
    <TestEntry testId="57c0ae3c-c55a-4a36-bc50-46b8e916c8ec" executionId="849ace06-5de8-42a3-8d57-65718a1e4504" testListId="8c84fa94-04c1-424b-9868-57a2d4851a1d" />
    <TestEntry testId="a7854dd3-8d20-6641-2e3e-29ad46bbb531" executionId="264edd53-bf42-4269-ae37-2077642c1364" testListId="8c84fa94-04c1-424b-9868-57a2d4851a1d" />
    <TestEntry testId="bd93227b-c515-27be-ca4c-f543b843cc7e" executionId="bb358bc7-4017-4acf-9cff-c5765e9700f9" testListId="8c84fa94-04c1-424b-9868-57a2d4851a1d" />
    <TestEntry testId="6c6cc584-dae2-c9a7-15dc-6a0756b39c6c" executionId="f74a9b4b-a4ba-4d4c-9ed4-42f9896a02c7" testListId="8c84fa94-04c1-424b-9868-57a2d4851a1d" />
    <TestEntry testId="372c9fce-3145-adc3-8977-856762fa7aac" executionId="f75e42df-073b-4850-b859-6325e2420db5" testListId="8c84fa94-04c1-424b-9868-57a2d4851a1d" />
    <TestEntry testId="0d5e9659-8752-ad65-3659-a1154060e2e0" executionId="3d36ec45-47bf-4a36-890f-33ff678e54c7" testListId="8c84fa94-04c1-424b-9868-57a2d4851a1d" />
    <TestEntry testId="db9e6235-a824-dde8-0052-9868cf8e7d1a" executionId="863ef99e-f794-421a-ad8d-21d6a040ac08" testListId="8c84fa94-04c1-424b-9868-57a2d4851a1d" />
    <TestEntry testId="800df5e6-2778-4289-fb38-2692d926e438" executionId="894a4315-38a4-4422-b1aa-b9b096fc6aa8" testListId="8c84fa94-04c1-424b-9868-57a2d4851a1d" />
    <TestEntry testId="308c0503-5aa8-3cad-0410-698b5f3745ae" executionId="ac3c1701-8dd9-4f83-9746-b827d1fe66c3" testListId="8c84fa94-04c1-424b-9868-57a2d4851a1d" />
    <TestEntry testId="6edbc781-4e0b-a9f7-1870-a384b19f1879" executionId="01d2450e-8f7c-41d4-a416-2538a0a7a6ed" testListId="8c84fa94-04c1-424b-9868-57a2d4851a1d" />
    <TestEntry testId="bfa7b9c5-0d1c-484d-ffb4-16f6680e082d" executionId="6550eeae-2d67-4c5b-902f-5a8ede15eb80" testListId="8c84fa94-04c1-424b-9868-57a2d4851a1d" />
    <TestEntry testId="b7eb0c33-690a-f384-4720-26ede54cd459" executionId="79b579bc-0c2d-4ea3-b9b4-1c1dac977e57" testListId="8c84fa94-04c1-424b-9868-57a2d4851a1d" />
    <TestEntry testId="31911a88-751c-bf36-b733-4c5fb543e8b3" executionId="a491c3bb-2aba-45d1-b7b1-39e0cd75a22c" testListId="8c84fa94-04c1-424b-9868-57a2d4851a1d" />
    <TestEntry testId="c417f526-f617-d89a-9e27-2a222a15bac0" executionId="895bf7cb-ddee-4c30-9582-ca502c44e0ed" testListId="8c84fa94-04c1-424b-9868-57a2d4851a1d" />
    <TestEntry testId="fd067bbf-348e-1b3b-3bb2-93d8b6657abe" executionId="8ef3d0d1-b96d-430a-9b47-78b7c8d35119" testListId="8c84fa94-04c1-424b-9868-57a2d4851a1d" />
    <TestEntry testId="39d5ff9a-2a80-e32f-8c48-31ef5543d04d" executionId="e112c201-f194-4023-924f-9cf03e24571e" testListId="8c84fa94-04c1-424b-9868-57a2d4851a1d" />
    <TestEntry testId="4974b841-fe50-bc17-3fa6-12c238970853" executionId="ec1f3b42-af8e-4e97-b490-3775e1862ae7" testListId="8c84fa94-04c1-424b-9868-57a2d4851a1d" />
    <TestEntry testId="bdd6414d-53bc-cce6-3e9b-7c3b1b2abd5f" executionId="77000009-00b6-41c6-ab5b-164f50a3ae40" testListId="8c84fa94-04c1-424b-9868-57a2d4851a1d" />
    <TestEntry testId="d344b394-6cc8-3bd8-7dae-88c5607a157d" executionId="82dcda44-3766-4647-97a7-90c73f44b432" testListId="8c84fa94-04c1-424b-9868-57a2d4851a1d" />
    <TestEntry testId="757b9a3e-991f-064f-0f95-6721183441ff" executionId="2ec68b9e-358d-4f70-a68a-5b4fdcee6a5f" testListId="8c84fa94-04c1-424b-9868-57a2d4851a1d" />
    <TestEntry testId="10e2acea-9f1a-44dc-fcd2-d1496a18cd1a" executionId="d222662b-1dc5-4175-a0d3-db8338c2d717" testListId="8c84fa94-04c1-424b-9868-57a2d4851a1d" />
    <TestEntry testId="87a46580-854b-14e6-9b30-6edf24aae711" executionId="a642af18-3986-47b2-891d-c7c08d512ea0" testListId="8c84fa94-04c1-424b-9868-57a2d4851a1d" />
    <TestEntry testId="864940c8-b53d-5e0a-9ab8-2ad580ee97c1" executionId="dcfb890f-ce04-4f6b-befd-5b44e8190de6" testListId="8c84fa94-04c1-424b-9868-57a2d4851a1d" />
    <TestEntry testId="f87db683-3a8e-4544-d4a4-bec956bf3b3f" executionId="a6a14473-d234-4a8d-b9b1-9d6f91dc3104" testListId="8c84fa94-04c1-424b-9868-57a2d4851a1d" />
    <TestEntry testId="c0cf0641-dce5-3e52-e867-94fa19192895" executionId="e2a9f1d8-4ee8-47b2-9d7f-1d50c9caeaa7" testListId="8c84fa94-04c1-424b-9868-57a2d4851a1d" />
    <TestEntry testId="5ca64586-df96-c4e0-6cbd-c37e2176547b" executionId="37b954ce-7291-45ae-936f-8f2dffe51046" testListId="8c84fa94-04c1-424b-9868-57a2d4851a1d" />
    <TestEntry testId="d69bd21c-4887-795d-066d-a5d448489d31" executionId="07c9e773-7cdf-4bd5-841e-29eb6f999ae8" testListId="8c84fa94-04c1-424b-9868-57a2d4851a1d" />
    <TestEntry testId="9bf965f4-b07a-9f83-7d3c-04862d018a76" executionId="5eaedfed-695e-4a50-b711-f735e00c8476" testListId="8c84fa94-04c1-424b-9868-57a2d4851a1d" />
    <TestEntry testId="2fcfa690-0061-2be9-893e-b95e28348722" executionId="37f63b48-73a9-4e95-8062-230161e798f4" testListId="8c84fa94-04c1-424b-9868-57a2d4851a1d" />
    <TestEntry testId="8eee559b-f88d-5f49-738c-7ba028df49b7" executionId="bffff0f1-5086-4dd9-9c76-3f753c761928" testListId="8c84fa94-04c1-424b-9868-57a2d4851a1d" />
    <TestEntry testId="14b24806-a082-47eb-f4a4-0872c3c59611" executionId="bf817da0-036a-4718-ba54-16686f101b1b" testListId="8c84fa94-04c1-424b-9868-57a2d4851a1d" />
    <TestEntry testId="90bdca97-8eb4-c877-3c7b-3164b6f624b6" executionId="ec15c55f-a7e3-49bb-bd0e-5f062ab6735c" testListId="8c84fa94-04c1-424b-9868-57a2d4851a1d" />
    <TestEntry testId="3f8dfde8-2658-03a7-336d-cc519ac91c3e" executionId="da57afd1-e9e5-43ff-9b6d-33bda74d9398" testListId="8c84fa94-04c1-424b-9868-57a2d4851a1d" />
    <TestEntry testId="6ec026f1-46c9-6133-cbd4-a87c07ad774c" executionId="8a85bb04-9432-4bc1-b782-35a3333a98b9" testListId="8c84fa94-04c1-424b-9868-57a2d4851a1d" />
    <TestEntry testId="27c0e446-fbb2-fa76-7f01-7a27a4208aca" executionId="d02f5591-cfdc-4351-b15f-01f36adf43ff" testListId="8c84fa94-04c1-424b-9868-57a2d4851a1d" />
    <TestEntry testId="dcf10506-16c1-f65b-62cc-54c81f3d69fc" executionId="507574bb-752b-40c4-a74e-a2eafba415d0" testListId="8c84fa94-04c1-424b-9868-57a2d4851a1d" />
    <TestEntry testId="b6c7b137-6c12-aa0e-37c0-885b1840aaf2" executionId="85f580a4-cacf-4498-9995-474a05c2b46b" testListId="8c84fa94-04c1-424b-9868-57a2d4851a1d" />
    <TestEntry testId="79e155a0-4a41-3695-7dd9-360fb50ae27a" executionId="788d7502-5217-4b2e-9d7e-f9c34a92daa4" testListId="8c84fa94-04c1-424b-9868-57a2d4851a1d" />
    <TestEntry testId="13c9576e-1060-3a96-db24-b3da48519d05" executionId="4c92c52c-86ac-4022-a11d-a7236e860ebf" testListId="8c84fa94-04c1-424b-9868-57a2d4851a1d" />
    <TestEntry testId="97595e50-425c-1bd9-270d-ac32868fdf2d" executionId="53ac1604-f34f-49a2-b4cd-46cc602589f7" testListId="8c84fa94-04c1-424b-9868-57a2d4851a1d" />
    <TestEntry testId="e63e97dd-9e6c-4645-bf1f-6cbc1114526d" executionId="f0fff59b-a015-4318-9a93-5b3ade11f684" testListId="8c84fa94-04c1-424b-9868-57a2d4851a1d" />
    <TestEntry testId="63887502-2290-59ec-06c5-74675818419c" executionId="61b9f8d4-5a52-4472-9f22-0da62f77d8cc" testListId="8c84fa94-04c1-424b-9868-57a2d4851a1d" />
    <TestEntry testId="5ab273b4-d5f1-2abf-3a88-3bfeef20ebf5" executionId="3ce1e9d4-471d-4dab-80e8-2e89cc72f605" testListId="8c84fa94-04c1-424b-9868-57a2d4851a1d" />
    <TestEntry testId="e7c41882-0f2b-10a3-a41f-5cb13aefcf02" executionId="da9e502c-153e-4988-abf5-be13dc00f22a" testListId="8c84fa94-04c1-424b-9868-57a2d4851a1d" />
    <TestEntry testId="7ac342f5-d941-880c-3a41-9a214f71d826" executionId="fc814995-6e15-4574-822f-9982a53123de" testListId="8c84fa94-04c1-424b-9868-57a2d4851a1d" />
    <TestEntry testId="639b760f-d73b-dd9e-184b-d4fba82810a2" executionId="d9b2b241-50db-448a-91ee-1fe349916d82" testListId="8c84fa94-04c1-424b-9868-57a2d4851a1d" />
    <TestEntry testId="9d43c9dd-9ed0-37ad-3810-cd0fa27c1b3a" executionId="957ea51e-cd72-4976-99bd-689aeecd7d2c" testListId="8c84fa94-04c1-424b-9868-57a2d4851a1d" />
    <TestEntry testId="c08a0c23-7b43-812c-9f19-03172b742d8a" executionId="97465435-d81e-46e5-b589-37e915dcba36" testListId="8c84fa94-04c1-424b-9868-57a2d4851a1d" />
    <TestEntry testId="0e5a7d31-b50f-e2fa-db2d-75f9677650eb" executionId="18724ab7-b81d-459b-80b8-d38b2b8fec96" testListId="8c84fa94-04c1-424b-9868-57a2d4851a1d" />
    <TestEntry testId="cbd08089-7dfa-f39a-6544-f54af436e9b1" executionId="be57c9fc-a2b0-4a9b-a3e5-f972be8fa8d2" testListId="8c84fa94-04c1-424b-9868-57a2d4851a1d" />
    <TestEntry testId="6d33e4a5-ae74-c82a-5d2b-0a3770f1919a" executionId="53ceb428-18cd-405f-b308-232d2eb6c004" testListId="8c84fa94-04c1-424b-9868-57a2d4851a1d" />
    <TestEntry testId="8b7b35e7-42f3-7119-a9bd-fd9bc70bdd46" executionId="225fafe3-b6d3-4814-bf1b-65b395e910cf" testListId="8c84fa94-04c1-424b-9868-57a2d4851a1d" />
    <TestEntry testId="2451296b-865e-f1ac-6397-248629b7319a" executionId="7ff6196d-4301-4999-a621-356095f07085" testListId="8c84fa94-04c1-424b-9868-57a2d4851a1d" />
    <TestEntry testId="0df30c92-10e5-04f8-7ba8-ad81df080036" executionId="4353800a-4b57-4ce6-95a1-23c73f638a1f" testListId="8c84fa94-04c1-424b-9868-57a2d4851a1d" />
    <TestEntry testId="4316b1a0-3df5-84d3-9052-82615cd59e81" executionId="aabad418-4c46-46a9-806c-f9845635f73c" testListId="8c84fa94-04c1-424b-9868-57a2d4851a1d" />
    <TestEntry testId="e5d47529-6859-840c-851a-4907cc409f71" executionId="9f7f7200-febf-494a-abec-26d3e3eee8d4" testListId="8c84fa94-04c1-424b-9868-57a2d4851a1d" />
    <TestEntry testId="f7156c87-b8b9-0e61-1608-47647affb3d9" executionId="9a129366-15c3-467c-903d-2932a35482f8" testListId="8c84fa94-04c1-424b-9868-57a2d4851a1d" />
    <TestEntry testId="c2da144b-378e-b165-a41b-7b65e6d54970" executionId="37b8a73f-494e-4e5d-bfec-127b1c742b42" testListId="8c84fa94-04c1-424b-9868-57a2d4851a1d" />
    <TestEntry testId="941c0021-a8fe-25b1-de50-c1e94e8c1fd9" executionId="351145c6-6c9b-4770-972e-f3d8729a6cb5" testListId="8c84fa94-04c1-424b-9868-57a2d4851a1d" />
    <TestEntry testId="d85db656-22e2-d893-8495-ecfd404d4e9f" executionId="33afa438-e745-448d-9c36-899128ea435f" testListId="8c84fa94-04c1-424b-9868-57a2d4851a1d" />
    <TestEntry testId="13dadd02-cded-047c-5edf-08e7f9cf5113" executionId="b1682f64-4d56-4b07-96b8-759199c10931" testListId="8c84fa94-04c1-424b-9868-57a2d4851a1d" />
    <TestEntry testId="d7ac1929-9b02-b83c-c131-e7b03e1000aa" executionId="8aa2d848-2da2-4d9d-991c-f1ab230820e7" testListId="8c84fa94-04c1-424b-9868-57a2d4851a1d" />
    <TestEntry testId="c0e373ae-3e15-775d-5f9d-a8c872e8b285" executionId="3c015982-128f-4916-a192-417fd1d0f2df" testListId="8c84fa94-04c1-424b-9868-57a2d4851a1d" />
    <TestEntry testId="520722aa-6a80-b3d5-b800-d9703ed85ffc" executionId="f5c2ad73-a4b2-4c1f-a0be-14818294b49a" testListId="8c84fa94-04c1-424b-9868-57a2d4851a1d" />
    <TestEntry testId="a01cf621-ca79-9bae-641f-945046dfdf90" executionId="4f0a797f-1781-43a1-a322-2c789b3ff833" testListId="8c84fa94-04c1-424b-9868-57a2d4851a1d" />
    <TestEntry testId="cf536672-6dbb-41a2-84f9-ab59c52d810f" executionId="3d05406d-4788-4b27-8088-8f59266a607a" testListId="8c84fa94-04c1-424b-9868-57a2d4851a1d" />
    <TestEntry testId="f1c5443e-e0a7-e961-fdae-6f316e6bdffa" executionId="13a47ccf-a774-48dd-beac-43595faa84ee" testListId="8c84fa94-04c1-424b-9868-57a2d4851a1d" />
    <TestEntry testId="277f52da-2282-9c65-51fe-2a9bdc6748b7" executionId="d4ed56e8-7224-479c-aca5-a893dd12e5b0" testListId="8c84fa94-04c1-424b-9868-57a2d4851a1d" />
    <TestEntry testId="5da37516-dacb-d422-fbee-12efa0638ad9" executionId="f6ab284d-a538-4828-8038-b4598451aa57" testListId="8c84fa94-04c1-424b-9868-57a2d4851a1d" />
    <TestEntry testId="a16102ef-fcf8-a9c6-d66a-7b006e4ea6c9" executionId="bce9a208-01b0-4e46-9999-73c29ac6f04c" testListId="8c84fa94-04c1-424b-9868-57a2d4851a1d" />
    <TestEntry testId="546e2195-b0fd-c5a9-fb2f-7840d4c86cb8" executionId="0d7fac63-7f45-4a3d-9bae-fd8846eee657" testListId="8c84fa94-04c1-424b-9868-57a2d4851a1d" />
    <TestEntry testId="dc2e53b3-b4b5-d431-a2a2-41dcd332c80c" executionId="bde6e97f-3440-479f-8259-5a9c4d962ec6" testListId="8c84fa94-04c1-424b-9868-57a2d4851a1d" />
    <TestEntry testId="40b95933-2c83-039d-2a88-0479b1ded531" executionId="7ba1cbbd-6e40-417a-b6a0-1ffba0df1ee2" testListId="8c84fa94-04c1-424b-9868-57a2d4851a1d" />
    <TestEntry testId="b514154e-fcf9-e8b7-b0ab-c1233ec7970b" executionId="2daf657c-4056-4433-84bc-96c33686705f" testListId="8c84fa94-04c1-424b-9868-57a2d4851a1d" />
    <TestEntry testId="9a9661dd-36b6-16db-2f09-bd73c6ac6d68" executionId="3e00fd61-1d32-42ff-90e7-d6120a553c46" testListId="8c84fa94-04c1-424b-9868-57a2d4851a1d" />
    <TestEntry testId="843772ee-7171-937b-ee83-555f894077cb" executionId="afedca6b-a8b8-4dc8-8461-d21e319a3438" testListId="8c84fa94-04c1-424b-9868-57a2d4851a1d" />
    <TestEntry testId="a696fe85-6892-5787-2988-b6dc32a7eaae" executionId="44ed1ce7-cfc1-4935-8f42-f30c1077196d" testListId="8c84fa94-04c1-424b-9868-57a2d4851a1d" />
    <TestEntry testId="53148e8e-938e-3bc8-e604-5f8120442e76" executionId="31d98b11-19d6-4312-accd-fc2530e91f28" testListId="8c84fa94-04c1-424b-9868-57a2d4851a1d" />
    <TestEntry testId="a659b756-6e9d-b19a-f709-878e64441c5e" executionId="ee987fc0-02ce-4461-aaa9-f2ecb91c2100" testListId="8c84fa94-04c1-424b-9868-57a2d4851a1d" />
    <TestEntry testId="5086e7e5-6679-888c-406b-de1ba0a5028e" executionId="f00f4395-f1f4-4605-b5e5-6a127fdbceec" testListId="8c84fa94-04c1-424b-9868-57a2d4851a1d" />
    <TestEntry testId="65fdcfa3-e586-80fb-25e9-f3179ce3d17c" executionId="2a5670a7-61ff-4bf2-9c80-4ed1c564be92" testListId="8c84fa94-04c1-424b-9868-57a2d4851a1d" />
    <TestEntry testId="f27ecf69-9c6a-7512-245c-df2210246910" executionId="8df2a82a-4b10-42c2-bd36-865a090fda31" testListId="8c84fa94-04c1-424b-9868-57a2d4851a1d" />
    <TestEntry testId="1401be64-9b1a-fe9c-cbe7-91ee817fac69" executionId="4da94e55-987f-4fab-8b30-2b9b3734dc1d" testListId="8c84fa94-04c1-424b-9868-57a2d4851a1d" />
    <TestEntry testId="c2ca0d7d-68c1-9a10-64d5-38b811f1c187" executionId="4ad21d73-ec34-4dec-b4f1-cbb00712d78f" testListId="8c84fa94-04c1-424b-9868-57a2d4851a1d" />
    <TestEntry testId="b4eee26d-24ec-582f-e097-1f57b7e85dcb" executionId="7faf9f3f-fbd1-452e-a2cf-f0824f877b0c" testListId="8c84fa94-04c1-424b-9868-57a2d4851a1d" />
    <TestEntry testId="8b5ade29-f79f-4071-809a-b5dffc281389" executionId="12960f7a-1758-4934-bfef-137521033098" testListId="8c84fa94-04c1-424b-9868-57a2d4851a1d" />
    <TestEntry testId="d92b4795-1b5e-a5e3-4306-d72267a0cfd6" executionId="37713d83-ba57-4ee1-b888-2ff3b3745e80" testListId="8c84fa94-04c1-424b-9868-57a2d4851a1d" />
    <TestEntry testId="aa4e9518-8a0d-c4b5-88b9-4da429c58985" executionId="eceea8d0-7397-48a6-bddc-6b2bb2970aff" testListId="8c84fa94-04c1-424b-9868-57a2d4851a1d" />
    <TestEntry testId="6fac98b9-fc8f-ded6-86b3-b3150632ee5f" executionId="a199d6fb-2dc1-4610-b2a5-aa0a1dfcb7e9" testListId="8c84fa94-04c1-424b-9868-57a2d4851a1d" />
    <TestEntry testId="7d5bc078-3ad1-6704-ebfc-1890dbc9df71" executionId="1fd2a2ac-6072-4a45-b97b-f4c17ab0c539" testListId="8c84fa94-04c1-424b-9868-57a2d4851a1d" />
    <TestEntry testId="b7fd9400-1bb5-081c-d5a3-25a6c282dcbe" executionId="1aede65c-4599-4afa-aff9-0296d7c29cd7" testListId="8c84fa94-04c1-424b-9868-57a2d4851a1d" />
    <TestEntry testId="9cc3315d-ab2d-0d5c-5fc9-8503edd24a84" executionId="fc315f38-763c-4944-924b-707148e59fbf" testListId="8c84fa94-04c1-424b-9868-57a2d4851a1d" />
    <TestEntry testId="83e5bca1-3234-f540-991c-2f3a40248a15" executionId="a3d43baf-7b8d-48b2-b1e7-c756e9050950" testListId="8c84fa94-04c1-424b-9868-57a2d4851a1d" />
    <TestEntry testId="b5d74e53-26e8-fd8a-6e3c-c86cfe8ea12c" executionId="ed8f6c33-4361-42bf-87e4-72a291b2373a" testListId="8c84fa94-04c1-424b-9868-57a2d4851a1d" />
    <TestEntry testId="ba867f1f-710b-a6f5-4ace-b54486edaddc" executionId="f1264616-51be-40fd-9e2b-7d4648a695f5" testListId="8c84fa94-04c1-424b-9868-57a2d4851a1d" />
    <TestEntry testId="6682c8f3-9c28-94a7-d656-217500880b94" executionId="f498fc01-e52d-4872-a508-d006c230a32c" testListId="8c84fa94-04c1-424b-9868-57a2d4851a1d" />
    <TestEntry testId="cbc3900a-27ac-f663-84c1-2e81fe605582" executionId="4b2f0a44-5427-4925-a66e-b18c139c6a35" testListId="8c84fa94-04c1-424b-9868-57a2d4851a1d" />
    <TestEntry testId="18ddabc1-b1c8-c549-5717-a273d4ac0a3e" executionId="500456e1-2c23-4428-bb35-e4185f0a0734" testListId="8c84fa94-04c1-424b-9868-57a2d4851a1d" />
    <TestEntry testId="1b0e12dd-7d88-c49c-b42d-b67339dc24f6" executionId="3bd7ac91-1120-4685-80a7-174d1dc60866" testListId="8c84fa94-04c1-424b-9868-57a2d4851a1d" />
    <TestEntry testId="718f5161-c183-d605-d2c2-6292afd3ca09" executionId="a591b14c-3906-4724-b314-00f08857ca72" testListId="8c84fa94-04c1-424b-9868-57a2d4851a1d" />
    <TestEntry testId="f01d921c-ca10-b5d1-27ad-327291be9d87" executionId="a2c1082c-8bb6-466e-8346-99ae3c3cf810" testListId="8c84fa94-04c1-424b-9868-57a2d4851a1d" />
    <TestEntry testId="9681c4d5-bb9b-2329-b528-bc4805c08192" executionId="125eed18-a9a0-4e7d-8359-3215e541a1e3" testListId="8c84fa94-04c1-424b-9868-57a2d4851a1d" />
  </TestEntries>
  <TestLists>
    <TestList name="Results Not in a List" id="8c84fa94-04c1-424b-9868-57a2d4851a1d" />
    <TestList name="All Loaded Results" id="19431567-8539-422a-85d7-44ee4e166bda" />
  </TestLists>
  <ResultSummary outcome="Completed">
    <Counters total="206" executed="205" passed="205" failed="0" error="0" timeout="0" aborted="0" inconclusive="0" passedButRunAborted="0" notRunnable="0" notExecuted="0" disconnected="0" warning="0" completed="0" inProgress="0" pending="0" />
    <Output>
      <StdOut>NUnit Adapter 3.9.0.0: Test execution started&#xD;
Running all tests in G:\CODE\github\juvo-player\JuvoPlayer.Tests\bin\Debug\netcoreapp2.0\JuvoPlayer.Tests.dll&#xD;
NUnit3TestExecutor converted 206 of 206 NUnit test cases&#xD;
Test 'DEBUG_MpdParser' was skipped in the test run.&#xD;
NUnit Adapter 3.9.0.0: Test execution complete&#xD;
</StdOut>
    </Output>
  </ResultSummary>
</TestRun>